;  LST file generated by mikroListExporter - v.2.0 
; Date/Time: 16-Jul-22 02:21:53 PM
;----------------------------------------------

;Address Opcode 	ASM
0x0000	0x0209B0  	LJMP 2480
0x0003	0x02096C  	LJMP 2412
0x0006	0x00      	NOP
0x0007	0x00      	NOP
0x0008	0x00      	NOP
0x0009	0x00      	NOP
0x000A	0x00      	NOP
0x000B	0x020000  	LJMP 0
0x000E	0x00      	NOP
0x000F	0x00      	NOP
0x0010	0x00      	NOP
0x0011	0x00      	NOP
0x0012	0x00      	NOP
0x0013	0x020A36  	LJMP 2614
0x0016	0x00      	NOP
0x0017	0x00      	NOP
0x0018	0x00      	NOP
0x0019	0x00      	NOP
0x001A	0x00      	NOP
0x001B	0x020000  	LJMP 0
0x001E	0x00      	NOP
0x001F	0x00      	NOP
0x0020	0x00      	NOP
0x0021	0x00      	NOP
0x0022	0x00      	NOP
0x0023	0x020000  	LJMP 0
0x0026	0x00      	NOP
0x0027	0x00      	NOP
0x0028	0x00      	NOP
0x0029	0x00      	NOP
0x002A	0x00      	NOP
0x002B	0x020000  	LJMP 0
0x002E	0x00      	NOP
0x002F	0x00      	NOP
0x0030	0x00      	NOP
0x0031	0x00      	NOP
0x0032	0x00      	NOP
0x0033	0x020000  	LJMP 0
0x0036	0x00      	NOP
0x0037	0x00      	NOP
0x0038	0x00      	NOP
0x0039	0x00      	NOP
0x003A	0x00      	NOP
0x003B	0x020000  	LJMP 0
0x003E	0x00      	NOP
0x003F	0x00      	NOP
0x0040	0x00      	NOP
0x0041	0x00      	NOP
0x0042	0x00      	NOP
0x0043	0x020000  	LJMP 0
0x0046	0x00      	NOP
0x0047	0x00      	NOP
0x0048	0x00      	NOP
0x0049	0x00      	NOP
0x004A	0x00      	NOP
0x004B	0x020000  	LJMP 0
0x004E	0x00      	NOP
0x004F	0x00      	NOP
0x0050	0x00      	NOP
0x0051	0x00      	NOP
0x0052	0x00      	NOP
0x0053	0x020000  	LJMP 0
0x0056	0x00      	NOP
0x0057	0x00      	NOP
0x0058	0x00      	NOP
0x0059	0x00      	NOP
0x005A	0x00      	NOP
0x005B	0x020000  	LJMP 0
0x005E	0x00      	NOP
0x005F	0x00      	NOP
0x0060	0x00      	NOP
0x0061	0x00      	NOP
0x0062	0x00      	NOP
0x0063	0x020000  	LJMP 0
0x0066	0x00      	NOP
0x0067	0x00      	NOP
0x0068	0x00      	NOP
0x0069	0x00      	NOP
0x006A	0x00      	NOP
0x006B	0x020000  	LJMP 0
0x006E	0x00      	NOP
0x006F	0x00      	NOP
0x0070	0x00      	NOP
0x0071	0x00      	NOP
0x0072	0x00      	NOP
0x0073	0x020000  	LJMP 0
_Delay_1us:
;__Lib_Delays.c,63 :: 		void Delay_1us() {
;__Lib_Delays.c,64 :: 		Delay_us(1);
0x0076	0x7F03    	MOV R7, 3
0x0078	0xDFFE    	DJNZ R7, PC-2
0x007A	0x00      	NOP
0x007B	0x00      	NOP
;__Lib_Delays.c,65 :: 		}
0x007C	0x22      	RET
; end of _Delay_1us
_Soft_I2C_Write:
;__Lib_SoftI2C.c,144 :: 		
;__Lib_SoftI2C.c,145 :: 		
0x007D	0x752301  	MOV Soft_I2C_Write_result_L0, #1
0x0080	0x752400  	MOV Soft_I2C_Write_result_L0+1, #0
;__Lib_SoftI2C.c,147 :: 		
0x0083	0x752580  	MOV Soft_I2C_Write_temp_L0, #128
0x0086	0x752600  	MOV Soft_I2C_Write_temp_L0+1, #0
;__Lib_SoftI2C.c,149 :: 		
L_Soft_I2C_Write16:
0x0089	0xE525    	MOV A, Soft_I2C_Write_temp_L0
0x008B	0x4526    	ORL A, Soft_I2C_Write_temp_L0+1
0x008D	0x604E    	JZ L_Soft_I2C_Write17
;__Lib_SoftI2C.c,150 :: 		
0x008F	0x1176    	ACALL _Delay_1us
0x0091	0x1176    	ACALL _Delay_1us
;__Lib_SoftI2C.c,151 :: 		
0x0093	0x1176    	ACALL _Delay_1us
0x0095	0x1176    	ACALL _Delay_1us
;__Lib_SoftI2C.c,153 :: 		
0x0097	0xC297    	CLR Soft_I2C_Scl
;__Lib_SoftI2C.c,155 :: 		
0x0099	0x1176    	ACALL _Delay_1us
0x009B	0x1176    	ACALL _Delay_1us
;__Lib_SoftI2C.c,157 :: 		
0x009D	0xE522    	MOV A, FARG_Soft_I2C_Write_data_
0x009F	0x5525    	ANL A, Soft_I2C_Write_temp_L0
0x00A1	0xF8      	MOV R0, A
0x00A2	0xE4      	CLR A
0x00A3	0x5526    	ANL A, Soft_I2C_Write_temp_L0+1
0x00A5	0xF9      	MOV R1, A
0x00A6	0xE8      	MOV A, R0
0x00A7	0x49      	ORL A, R1
0x00A8	0x6004    	JZ L_Soft_I2C_Write18
;__Lib_SoftI2C.c,158 :: 		
0x00AA	0xD296    	SETB Soft_I2C_Sda
;__Lib_SoftI2C.c,159 :: 		
0x00AC	0x8002    	SJMP L_Soft_I2C_Write19
L_Soft_I2C_Write18:
;__Lib_SoftI2C.c,161 :: 		
0x00AE	0xC296    	CLR Soft_I2C_Sda
;__Lib_SoftI2C.c,162 :: 		
L_Soft_I2C_Write19:
;__Lib_SoftI2C.c,164 :: 		
0x00B0	0x1176    	ACALL _Delay_1us
0x00B2	0x1176    	ACALL _Delay_1us
;__Lib_SoftI2C.c,166 :: 		
0x00B4	0xD297    	SETB Soft_I2C_Scl
;__Lib_SoftI2C.c,168 :: 		
0x00B6	0xC3      	CLR C
0x00B7	0xE508    	MOV A, __Lib_SoftI2C___StopWaiting
0x00B9	0x92E0    	MOV #224.B0, C
0x00BB	0xF508    	MOV __Lib_SoftI2C___StopWaiting, A
;__Lib_SoftI2C.c,169 :: 		
L_Soft_I2C_Write20:
0x00BD	0x209709  	JB Soft_I2C_Scl, L_Soft_I2C_Write21
;__Lib_SoftI2C.c,170 :: 		
0x00C0	0xE508    	MOV A, __Lib_SoftI2C___StopWaiting
0x00C2	0x30E002  	JNB ACC, L_Soft_I2C_Write22
;__Lib_SoftI2C.c,171 :: 		
0x00C5	0x8002    	SJMP L_Soft_I2C_Write21
L_Soft_I2C_Write22:
0x00C7	0x80F4    	SJMP L_Soft_I2C_Write20
L_Soft_I2C_Write21:
;__Lib_SoftI2C.c,173 :: 		
0x00C9	0x7801    	MOV R0, #1
0x00CB	0xE526    	MOV A, Soft_I2C_Write_temp_L0+1
0x00CD	0x08      	INC R0
0x00CE	0x8007    	SJMP L__Soft_I2C_Write29
L__Soft_I2C_Write30:
0x00D0	0xC3      	CLR C
0x00D1	0x13      	RRC A
0x00D2	0xC525    	XCH A, Soft_I2C_Write_temp_L0
0x00D4	0x13      	RRC A
0x00D5	0xC525    	XCH A, Soft_I2C_Write_temp_L0
L__Soft_I2C_Write29:
0x00D7	0xD8F7    	DJNZ R0, L__Soft_I2C_Write30
0x00D9	0xF526    	MOV Soft_I2C_Write_temp_L0+1, A
;__Lib_SoftI2C.c,174 :: 		
0x00DB	0x80AC    	SJMP L_Soft_I2C_Write16
L_Soft_I2C_Write17:
;__Lib_SoftI2C.c,176 :: 		
0x00DD	0x752300  	MOV Soft_I2C_Write_result_L0, #0
0x00E0	0x752400  	MOV Soft_I2C_Write_result_L0+1, #0
;__Lib_SoftI2C.c,178 :: 		
0x00E3	0x1176    	ACALL _Delay_1us
0x00E5	0x1176    	ACALL _Delay_1us
;__Lib_SoftI2C.c,180 :: 		
0x00E7	0xC297    	CLR Soft_I2C_Scl
;__Lib_SoftI2C.c,182 :: 		
0x00E9	0x1176    	ACALL _Delay_1us
0x00EB	0x1176    	ACALL _Delay_1us
;__Lib_SoftI2C.c,184 :: 		
0x00ED	0xD296    	SETB Soft_I2C_Sda
;__Lib_SoftI2C.c,186 :: 		
0x00EF	0x1176    	ACALL _Delay_1us
0x00F1	0x1176    	ACALL _Delay_1us
;__Lib_SoftI2C.c,187 :: 		
0x00F3	0x1176    	ACALL _Delay_1us
0x00F5	0x1176    	ACALL _Delay_1us
;__Lib_SoftI2C.c,189 :: 		
0x00F7	0xD297    	SETB Soft_I2C_Scl
;__Lib_SoftI2C.c,191 :: 		
0x00F9	0xC3      	CLR C
0x00FA	0xE508    	MOV A, __Lib_SoftI2C___StopWaiting
0x00FC	0x92E0    	MOV #224.B0, C
0x00FE	0xF508    	MOV __Lib_SoftI2C___StopWaiting, A
;__Lib_SoftI2C.c,192 :: 		
L_Soft_I2C_Write23:
0x0100	0x209709  	JB Soft_I2C_Scl, L_Soft_I2C_Write24
;__Lib_SoftI2C.c,193 :: 		
0x0103	0xE508    	MOV A, __Lib_SoftI2C___StopWaiting
0x0105	0x30E002  	JNB ACC, L_Soft_I2C_Write25
;__Lib_SoftI2C.c,194 :: 		
0x0108	0x8002    	SJMP L_Soft_I2C_Write24
L_Soft_I2C_Write25:
0x010A	0x80F4    	SJMP L_Soft_I2C_Write23
L_Soft_I2C_Write24:
;__Lib_SoftI2C.c,196 :: 		
0x010C	0x752300  	MOV Soft_I2C_Write_result_L0, #0
0x010F	0x752400  	MOV Soft_I2C_Write_result_L0+1, #0
;__Lib_SoftI2C.c,198 :: 		
0x0112	0x1176    	ACALL _Delay_1us
0x0114	0x1176    	ACALL _Delay_1us
;__Lib_SoftI2C.c,200 :: 		
0x0116	0x309606  	JNB Soft_I2C_Sda, L_Soft_I2C_Write26
;__Lib_SoftI2C.c,201 :: 		
0x0119	0x432301  	ORL Soft_I2C_Write_result_L0, #1
0x011C	0x432400  	ORL Soft_I2C_Write_result_L0+1, #0
L_Soft_I2C_Write26:
;__Lib_SoftI2C.c,203 :: 		
0x011F	0x1176    	ACALL _Delay_1us
0x0121	0x1176    	ACALL _Delay_1us
;__Lib_SoftI2C.c,204 :: 		
0x0123	0x1176    	ACALL _Delay_1us
0x0125	0x1176    	ACALL _Delay_1us
;__Lib_SoftI2C.c,205 :: 		
0x0127	0x1176    	ACALL _Delay_1us
0x0129	0x1176    	ACALL _Delay_1us
;__Lib_SoftI2C.c,206 :: 		
0x012B	0x1176    	ACALL _Delay_1us
0x012D	0x1176    	ACALL _Delay_1us
;__Lib_SoftI2C.c,207 :: 		
0x012F	0x1176    	ACALL _Delay_1us
0x0131	0x1176    	ACALL _Delay_1us
;__Lib_SoftI2C.c,208 :: 		
0x0133	0x1176    	ACALL _Delay_1us
0x0135	0x1176    	ACALL _Delay_1us
;__Lib_SoftI2C.c,209 :: 		
0x0137	0x1176    	ACALL _Delay_1us
0x0139	0x1176    	ACALL _Delay_1us
;__Lib_SoftI2C.c,210 :: 		
0x013B	0x1176    	ACALL _Delay_1us
0x013D	0x1176    	ACALL _Delay_1us
;__Lib_SoftI2C.c,213 :: 		
0x013F	0xC297    	CLR Soft_I2C_Scl
;__Lib_SoftI2C.c,214 :: 		
0x0141	0xC296    	CLR Soft_I2C_Sda
;__Lib_SoftI2C.c,216 :: 		
0x0143	0xA823    	MOV R0, Soft_I2C_Write_result_L0
0x0145	0xA924    	MOV R1, Soft_I2C_Write_result_L0+1
;__Lib_SoftI2C.c,217 :: 		
0x0147	0x22      	RET
; end of _Soft_I2C_Write
_Soft_I2C_Start:
;__Lib_SoftI2C.c,101 :: 		
;__Lib_SoftI2C.c,102 :: 		
0x0148	0xD296    	SETB Soft_I2C_Sda
;__Lib_SoftI2C.c,104 :: 		
0x014A	0x1176    	ACALL _Delay_1us
0x014C	0x1176    	ACALL _Delay_1us
;__Lib_SoftI2C.c,106 :: 		
0x014E	0xD297    	SETB Soft_I2C_Scl
;__Lib_SoftI2C.c,108 :: 		
0x0150	0x1176    	ACALL _Delay_1us
0x0152	0x1176    	ACALL _Delay_1us
;__Lib_SoftI2C.c,110 :: 		
0x0154	0xC296    	CLR Soft_I2C_Sda
;__Lib_SoftI2C.c,112 :: 		
0x0156	0x1176    	ACALL _Delay_1us
0x0158	0x1176    	ACALL _Delay_1us
;__Lib_SoftI2C.c,114 :: 		
0x015A	0xC297    	CLR Soft_I2C_Scl
;__Lib_SoftI2C.c,117 :: 		
0x015C	0x22      	RET
; end of _Soft_I2C_Start
_Soft_I2C_Stop:
;__Lib_SoftI2C.c,120 :: 		
;__Lib_SoftI2C.c,121 :: 		
0x015D	0xC296    	CLR Soft_I2C_Sda
;__Lib_SoftI2C.c,123 :: 		
0x015F	0x1176    	ACALL _Delay_1us
0x0161	0x1176    	ACALL _Delay_1us
;__Lib_SoftI2C.c,125 :: 		
0x0163	0xD297    	SETB Soft_I2C_Scl
;__Lib_SoftI2C.c,127 :: 		
0x0165	0xC3      	CLR C
0x0166	0xE508    	MOV A, __Lib_SoftI2C___StopWaiting
0x0168	0x92E0    	MOV #224.B0, C
0x016A	0xF508    	MOV __Lib_SoftI2C___StopWaiting, A
;__Lib_SoftI2C.c,128 :: 		
L_Soft_I2C_Stop13:
0x016C	0x209709  	JB Soft_I2C_Scl, L_Soft_I2C_Stop14
;__Lib_SoftI2C.c,129 :: 		
0x016F	0xE508    	MOV A, __Lib_SoftI2C___StopWaiting
0x0171	0x30E002  	JNB ACC, L_Soft_I2C_Stop15
;__Lib_SoftI2C.c,130 :: 		
0x0174	0x8002    	SJMP L_Soft_I2C_Stop14
L_Soft_I2C_Stop15:
0x0176	0x80F4    	SJMP L_Soft_I2C_Stop13
L_Soft_I2C_Stop14:
;__Lib_SoftI2C.c,132 :: 		
0x0178	0x1176    	ACALL _Delay_1us
0x017A	0x1176    	ACALL _Delay_1us
;__Lib_SoftI2C.c,133 :: 		
0x017C	0x1176    	ACALL _Delay_1us
0x017E	0x1176    	ACALL _Delay_1us
;__Lib_SoftI2C.c,134 :: 		
0x0180	0x1176    	ACALL _Delay_1us
0x0182	0x1176    	ACALL _Delay_1us
;__Lib_SoftI2C.c,135 :: 		
0x0184	0x1176    	ACALL _Delay_1us
0x0186	0x1176    	ACALL _Delay_1us
;__Lib_SoftI2C.c,137 :: 		
0x0188	0xD296    	SETB Soft_I2C_Sda
;__Lib_SoftI2C.c,139 :: 		
0x018A	0x1176    	ACALL _Delay_1us
0x018C	0x1176    	ACALL _Delay_1us
;__Lib_SoftI2C.c,140 :: 		
0x018E	0x22      	RET
; end of _Soft_I2C_Stop
_I2C_bus_write:
;waveshare_rgb_lcd.c,33 :: 		void I2C_bus_write(unsigned char address, unsigned char value_1, unsigned char value_2)
;waveshare_rgb_lcd.c,35 :: 		Soft_I2C_Start();
0x018F	0x3148    	ACALL _Soft_I2C_Start
;waveshare_rgb_lcd.c,36 :: 		Soft_I2C_Write(address);
0x0191	0x851F22  	MOV FARG_Soft_I2C_Write_data_, FARG_I2C_bus_write_address+0
0x0194	0x117D    	ACALL _Soft_I2C_Write
;waveshare_rgb_lcd.c,37 :: 		Soft_I2C_Write(value_1);
0x0196	0x852022  	MOV FARG_Soft_I2C_Write_data_, FARG_I2C_bus_write_value_1+0
0x0199	0x117D    	ACALL _Soft_I2C_Write
;waveshare_rgb_lcd.c,38 :: 		Soft_I2C_Write(value_2);
0x019B	0x852122  	MOV FARG_Soft_I2C_Write_data_, FARG_I2C_bus_write_value_2+0
0x019E	0x117D    	ACALL _Soft_I2C_Write
;waveshare_rgb_lcd.c,39 :: 		Soft_I2C_Stop();
0x01A0	0x315D    	ACALL _Soft_I2C_Stop
;waveshare_rgb_lcd.c,40 :: 		}
0x01A2	0x22      	RET
; end of _I2C_bus_write
_LCD_I2C_write:
;waveshare_rgb_lcd.c,43 :: 		void LCD_I2C_write(unsigned char value, unsigned char mode)
;waveshare_rgb_lcd.c,45 :: 		I2C_bus_write(LCD_I2C_address, mode, value);
0x01A3	0x751F7C  	MOV FARG_I2C_bus_write_address, #124
0x01A6	0x851E20  	MOV FARG_I2C_bus_write_value_1, FARG_LCD_I2C_write_mode+0
0x01A9	0x851D21  	MOV FARG_I2C_bus_write_value_2, FARG_LCD_I2C_write_value+0
0x01AC	0x318F    	ACALL _I2C_bus_write
;waveshare_rgb_lcd.c,46 :: 		}
0x01AE	0x22      	RET
; end of _LCD_I2C_write
_RGB_I2C_write:
;waveshare_rgb_lcd.c,49 :: 		void RGB_I2C_write(unsigned char reg, unsigned char value)
;waveshare_rgb_lcd.c,51 :: 		I2C_bus_write(RGB_I2C_address, reg, value);
0x01AF	0x751FC0  	MOV FARG_I2C_bus_write_address, #192
0x01B2	0x851B20  	MOV FARG_I2C_bus_write_value_1, FARG_RGB_I2C_write_reg+0
0x01B5	0x851C21  	MOV FARG_I2C_bus_write_value_2, FARG_RGB_I2C_write_value+0
0x01B8	0x318F    	ACALL _I2C_bus_write
;waveshare_rgb_lcd.c,52 :: 		}
0x01BA	0x22      	RET
; end of _RGB_I2C_write
_LCD_putchar:
;waveshare_rgb_lcd.c,86 :: 		void LCD_putchar(char chr)
;waveshare_rgb_lcd.c,88 :: 		if((chr >= 0x20) && (chr <= 0x7F))
0x01BB	0xC3      	CLR C
0x01BC	0xE51B    	MOV A, FARG_LCD_putchar_chr
0x01BE	0x9420    	SUBB A, #32
0x01C0	0x400F    	JC L_LCD_putchar4
0x01C2	0xD3      	SETB C
0x01C3	0xE51B    	MOV A, FARG_LCD_putchar_chr
0x01C5	0x947F    	SUBB A, #127
0x01C7	0x5008    	JNC L_LCD_putchar4
L__LCD_putchar65:
;waveshare_rgb_lcd.c,90 :: 		LCD_I2C_write(chr, DAT);
0x01C9	0x851B1D  	MOV FARG_LCD_I2C_write_value, FARG_LCD_putchar_chr+0
0x01CC	0x751E40  	MOV FARG_LCD_I2C_write_mode, #64
0x01CF	0x31A3    	ACALL _LCD_I2C_write
;waveshare_rgb_lcd.c,91 :: 		}
L_LCD_putchar4:
;waveshare_rgb_lcd.c,92 :: 		}
0x01D1	0x22      	RET
; end of _LCD_putchar
_Div_16x16_U:
;__Lib_Math.c,273 :: 		
;__Lib_Math.c,275 :: 		
0x01D2	0xBD000B  	CJNE R5, 0, __op2hi_not_zero
;__Lib_Math.c,276 :: 		
0x01D5	0xB90029  	CJNE R1, 0, __op1hi_not_zero
;__Lib_Math.c,277 :: 		
0x01D8	0xE8      	MOV A, R0
;__Lib_Math.c,278 :: 		
0x01D9	0x8CF0    	MOV B, R4
;__Lib_Math.c,279 :: 		
0x01DB	0x84      	DIV AB
;__Lib_Math.c,280 :: 		
0x01DC	0xF8      	MOV R0, A
;__Lib_Math.c,281 :: 		
0x01DD	0xACF0    	MOV R4, B
;__Lib_Math.c,282 :: 		
0x01DF	0x22      	RET
;__Lib_Math.c,284 :: 		
__op2hi_not_zero:
;__Lib_Math.c,285 :: 		
0x01E0	0xE4      	CLR A
;__Lib_Math.c,286 :: 		
0x01E1	0xCD      	XCH A, R5
;__Lib_Math.c,287 :: 		
0x01E2	0xFF      	MOV R7, A
;__Lib_Math.c,288 :: 		
0x01E3	0x75F008  	MOV B, 8
;__Lib_Math.c,290 :: 		
__Div_16x16_U_Loop1:
;__Lib_Math.c,291 :: 		
0x01E6	0xE8      	MOV A, R0
;__Lib_Math.c,292 :: 		
0x01E7	0x28      	ADD A, R0
;__Lib_Math.c,293 :: 		
0x01E8	0xF8      	MOV R0, A
;__Lib_Math.c,294 :: 		
0x01E9	0xE9      	MOV A, R1
;__Lib_Math.c,295 :: 		
0x01EA	0x33      	RLC A
;__Lib_Math.c,296 :: 		
0x01EB	0xF9      	MOV R1, A
;__Lib_Math.c,297 :: 		
0x01EC	0xED      	MOV A, R5
;__Lib_Math.c,298 :: 		
0x01ED	0x33      	RLC A
;__Lib_Math.c,299 :: 		
0x01EE	0xFD      	MOV R5, A
;__Lib_Math.c,300 :: 		
0x01EF	0xE9      	MOV A, R1
;__Lib_Math.c,301 :: 		
0x01F0	0x9C      	SUBB A, R4
;__Lib_Math.c,302 :: 		
0x01F1	0xED      	MOV A, R5
;__Lib_Math.c,303 :: 		
0x01F2	0x9F      	SUBB A, R7
;__Lib_Math.c,304 :: 		
0x01F3	0x4005    	JC __Div_16x16_U_Lab1
;__Lib_Math.c,305 :: 		
0x01F5	0xFD      	MOV R5, A
;__Lib_Math.c,306 :: 		
0x01F6	0xE9      	MOV A, R1
;__Lib_Math.c,307 :: 		
0x01F7	0x9C      	SUBB A, R4
;__Lib_Math.c,308 :: 		
0x01F8	0xF9      	MOV R1, A
;__Lib_Math.c,309 :: 		
0x01F9	0x08      	INC R0
;__Lib_Math.c,311 :: 		
__Div_16x16_U_Lab1:
;__Lib_Math.c,312 :: 		
0x01FA	0xD5F0E9  	DJNZ B, __Div_16x16_U_Loop1
;__Lib_Math.c,313 :: 		
0x01FD	0xE4      	CLR A
;__Lib_Math.c,314 :: 		
0x01FE	0xC9      	XCH A, R1
;__Lib_Math.c,315 :: 		
0x01FF	0xFC      	MOV R4, A
;__Lib_Math.c,316 :: 		
0x0200	0x22      	RET
;__Lib_Math.c,318 :: 		
__op1hi_not_zero:
;__Lib_Math.c,319 :: 		
0x0201	0xEC      	MOV A, R4
;__Lib_Math.c,320 :: 		
0x0202	0xFF      	MOV R7, A
;__Lib_Math.c,321 :: 		
0x0203	0xF5F0    	MOV B, A
;__Lib_Math.c,322 :: 		
0x0205	0xE9      	MOV A, R1
;__Lib_Math.c,323 :: 		
0x0206	0x84      	DIV AB
;__Lib_Math.c,324 :: 		
0x0207	0x20D21C  	JB OV_bit, __Div_16x16_U_div_ret
;__Lib_Math.c,325 :: 		
0x020A	0xF9      	MOV R1, A
;__Lib_Math.c,326 :: 		
0x020B	0xACF0    	MOV R4, B
;__Lib_Math.c,327 :: 		
0x020D	0x75F008  	MOV B, 8
;__Lib_Math.c,329 :: 		
__Div_16x16_U_Loop2:
;__Lib_Math.c,330 :: 		
0x0210	0xE8      	MOV A, R0
;__Lib_Math.c,331 :: 		
0x0211	0x28      	ADD A, R0
;__Lib_Math.c,332 :: 		
0x0212	0xF8      	MOV R0, A
;__Lib_Math.c,333 :: 		
0x0213	0xEC      	MOV A, R4
;__Lib_Math.c,334 :: 		
0x0214	0x33      	RLC A
;__Lib_Math.c,335 :: 		
0x0215	0xFC      	MOV R4, A
;__Lib_Math.c,336 :: 		
0x0216	0x4007    	JC __Div_16x16_U_Lab2
;__Lib_Math.c,337 :: 		
0x0218	0x9F      	SUBB A, R7
;__Lib_Math.c,338 :: 		
0x0219	0x5006    	JNC __Div_16x16_U_Lab3
;__Lib_Math.c,339 :: 		
0x021B	0xD5F0F2  	DJNZ B, __Div_16x16_U_Loop2
;__Lib_Math.c,340 :: 		
0x021E	0x22      	RET
;__Lib_Math.c,342 :: 		
__Div_16x16_U_Lab2:
;__Lib_Math.c,343 :: 		
0x021F	0xC3      	CLR C
;__Lib_Math.c,344 :: 		
0x0220	0x9F      	SUBB A, R7
;__Lib_Math.c,345 :: 		
__Div_16x16_U_Lab3:
;__Lib_Math.c,346 :: 		
0x0221	0xFC      	MOV R4, A
;__Lib_Math.c,347 :: 		
0x0222	0x08      	INC R0
;__Lib_Math.c,348 :: 		
0x0223	0xD5F0EA  	DJNZ B, __Div_16x16_U_Loop2
;__Lib_Math.c,350 :: 		
__Div_16x16_U_div_ret:
;__Lib_Math.c,352 :: 		
0x0226	0x22      	RET
; end of _Div_16x16_U
_Div_32x32_U:
;__Lib_Math.c,437 :: 		
;__Lib_Math.c,440 :: 		
0x0227	0x803C    	SJMP __Div_32x32_U_start
;__Lib_Math.c,442 :: 		
__Div_32x32_U_aux:
;__Lib_Math.c,443 :: 		
0x0229	0x75F008  	MOV B, 8
;__Lib_Math.c,444 :: 		
0x022C	0x758200  	MOV DPL, 0
;__Lib_Math.c,446 :: 		
__Div_32x32_U_l2:
;__Lib_Math.c,447 :: 		
0x022F	0xE8      	MOV A, R0
;__Lib_Math.c,448 :: 		
0x0230	0x28      	ADD A, R0
;__Lib_Math.c,449 :: 		
0x0231	0xF8      	MOV R0, A
;__Lib_Math.c,450 :: 		
0x0232	0xE9      	MOV A, R1
;__Lib_Math.c,451 :: 		
0x0233	0x33      	RLC A
;__Lib_Math.c,452 :: 		
0x0234	0xF9      	MOV R1, A
;__Lib_Math.c,453 :: 		
0x0235	0xCA      	XCH A, R2
;__Lib_Math.c,454 :: 		
0x0236	0x33      	RLC A
;__Lib_Math.c,455 :: 		
0x0237	0xCA      	XCH A, R2
;__Lib_Math.c,456 :: 		
0x0238	0xCB      	XCH A, R3
;__Lib_Math.c,457 :: 		
0x0239	0x33      	RLC A
;__Lib_Math.c,458 :: 		
0x023A	0xCB      	XCH A, R3
;__Lib_Math.c,459 :: 		
0x023B	0xC582    	XCH A, DPL
;__Lib_Math.c,460 :: 		
0x023D	0x33      	RLC A
;__Lib_Math.c,461 :: 		
0x023E	0xC582    	XCH A, DPL
;__Lib_Math.c,462 :: 		
0x0240	0x9C      	SUBB A, R4
;__Lib_Math.c,463 :: 		
0x0241	0xEA      	MOV A, R2
;__Lib_Math.c,464 :: 		
0x0242	0x9D      	SUBB A, R5
;__Lib_Math.c,465 :: 		
0x0243	0xEB      	MOV A, R3
;__Lib_Math.c,466 :: 		
0x0244	0x9E      	SUBB A, R6
;__Lib_Math.c,467 :: 		
0x0245	0xE582    	MOV A, DPL
;__Lib_Math.c,468 :: 		
0x0247	0x9F      	SUBB A, R7
;__Lib_Math.c,469 :: 		
0x0248	0x400C    	JC __Div_32x32_U_l1
;__Lib_Math.c,470 :: 		
0x024A	0xF582    	MOV DPL, A
;__Lib_Math.c,471 :: 		
0x024C	0xE9      	MOV A, R1
;__Lib_Math.c,472 :: 		
0x024D	0x9C      	SUBB A, R4
;__Lib_Math.c,473 :: 		
0x024E	0xF9      	MOV R1, A
;__Lib_Math.c,474 :: 		
0x024F	0xEA      	MOV A, R2
;__Lib_Math.c,475 :: 		
0x0250	0x9D      	SUBB A, R5
;__Lib_Math.c,476 :: 		
0x0251	0xFA      	MOV R2, A
;__Lib_Math.c,477 :: 		
0x0252	0xEB      	MOV A, R3
;__Lib_Math.c,478 :: 		
0x0253	0x9E      	SUBB A, R6
;__Lib_Math.c,479 :: 		
0x0254	0xFB      	MOV R3, A
;__Lib_Math.c,480 :: 		
0x0255	0x08      	INC R0
;__Lib_Math.c,482 :: 		
__Div_32x32_U_l1:
;__Lib_Math.c,483 :: 		
0x0256	0xD5F0D6  	DJNZ B, __Div_32x32_U_l2
;__Lib_Math.c,484 :: 		
0x0259	0xE4      	CLR A
;__Lib_Math.c,485 :: 		
0x025A	0xC9      	XCH A, R1
;__Lib_Math.c,486 :: 		
0x025B	0xFC      	MOV R4, A
;__Lib_Math.c,487 :: 		
0x025C	0xE4      	CLR A
;__Lib_Math.c,488 :: 		
0x025D	0xCA      	XCH A, R2
;__Lib_Math.c,489 :: 		
0x025E	0xFD      	MOV R5, A
;__Lib_Math.c,490 :: 		
0x025F	0xE4      	CLR A
;__Lib_Math.c,491 :: 		
0x0260	0xCB      	XCH A, R3
;__Lib_Math.c,492 :: 		
0x0261	0xFE      	MOV R6, A
;__Lib_Math.c,493 :: 		
0x0262	0xAF82    	MOV R7, DPL
;__Lib_Math.c,494 :: 		
0x0264	0x22      	RET
;__Lib_Math.c,498 :: 		
__Div_32x32_U_start:
;__Lib_Math.c,500 :: 		
0x0265	0xEF      	MOV A, R7
;__Lib_Math.c,501 :: 		
0x0266	0x6002    	JZ lw_1
;__Lib_Math.c,502 :: 		
0x0268	0x80BF    	SJMP __Div_32x32_U_aux
;__Lib_Math.c,503 :: 		
lw_1:
;__Lib_Math.c,505 :: 		
0x026A	0xEE      	MOV A, R6
;__Lib_Math.c,506 :: 		
0x026B	0x6002    	JZ lw_2
;__Lib_Math.c,507 :: 		
0x026D	0x805B    	SJMP __Div_32x32_U_l3
;__Lib_Math.c,508 :: 		
lw_2:
;__Lib_Math.c,510 :: 		
0x026F	0xED      	MOV A, R5
;__Lib_Math.c,511 :: 		
0x0270	0x6002    	JZ lw_3
;__Lib_Math.c,512 :: 		
0x0272	0x802D    	SJMP __Div_32x32_U_l4
;__Lib_Math.c,513 :: 		
lw_3:
;__Lib_Math.c,514 :: 		
0x0274	0xEB      	MOV A, R3
;__Lib_Math.c,515 :: 		
0x0275	0x8CF0    	MOV B, R4
;__Lib_Math.c,516 :: 		
0x0277	0x84      	DIV AB
;__Lib_Math.c,517 :: 		
0x0278	0xC8      	XCH A, R0
;__Lib_Math.c,518 :: 		
0x0279	0xC9      	XCH A, R1
;__Lib_Math.c,519 :: 		
0x027A	0xCA      	XCH A, R2
;__Lib_Math.c,520 :: 		
0x027B	0xFB      	MOV R3, A
;__Lib_Math.c,521 :: 		
0x027C	0xE5F0    	MOV A, B
;__Lib_Math.c,522 :: 		
0x027E	0xCC      	XCH A, R4
;__Lib_Math.c,523 :: 		
0x027F	0xFE      	MOV R6, A
;__Lib_Math.c,524 :: 		
0x0280	0x7F18    	MOV R7, 24
;__Lib_Math.c,525 :: 		
__Div_32x32_U_IR_l0:
;__Lib_Math.c,526 :: 		
0x0282	0xE8      	MOV A, R0
;__Lib_Math.c,527 :: 		
0x0283	0x28      	ADD A, R0
;__Lib_Math.c,528 :: 		
0x0284	0xF8      	MOV R0, A
;__Lib_Math.c,529 :: 		
0x0285	0xE9      	MOV A, R1
;__Lib_Math.c,530 :: 		
0x0286	0x33      	RLC A
;__Lib_Math.c,531 :: 		
0x0287	0xF9      	MOV R1, A
;__Lib_Math.c,532 :: 		
0x0288	0xEA      	MOV A, R2
;__Lib_Math.c,533 :: 		
0x0289	0x33      	RLC A
;__Lib_Math.c,534 :: 		
0x028A	0xFA      	MOV R2, A
;__Lib_Math.c,535 :: 		
0x028B	0xEB      	MOV A, R3
;__Lib_Math.c,536 :: 		
0x028C	0x33      	RLC A
;__Lib_Math.c,537 :: 		
0x028D	0xFB      	MOV R3, A
;__Lib_Math.c,538 :: 		
0x028E	0xEC      	MOV A, R4
;__Lib_Math.c,539 :: 		
0x028F	0x33      	RLC A
;__Lib_Math.c,540 :: 		
0x0290	0xFC      	MOV R4, A
;__Lib_Math.c,541 :: 		
0x0291	0x10D703  	JBC CY_bit, __Div_32x32_U_l5
;__Lib_Math.c,542 :: 		
0x0294	0x9E      	SUBB A, R6
;__Lib_Math.c,543 :: 		
0x0295	0x4004    	JC __Div_32x32_U_l6
;__Lib_Math.c,545 :: 		
__Div_32x32_U_l5:
;__Lib_Math.c,546 :: 		
0x0297	0xEC      	MOV A, R4
;__Lib_Math.c,547 :: 		
0x0298	0x9E      	SUBB A, R6
;__Lib_Math.c,548 :: 		
0x0299	0xFC      	MOV R4, A
;__Lib_Math.c,549 :: 		
0x029A	0x08      	INC R0
;__Lib_Math.c,551 :: 		
__Div_32x32_U_l6:
;__Lib_Math.c,552 :: 		
0x029B	0xDFE5    	DJNZ R7, __Div_32x32_U_IR_l0
;__Lib_Math.c,553 :: 		
0x029D	0xE4      	CLR A
;__Lib_Math.c,554 :: 		
0x029E	0xFE      	MOV R6, A
;__Lib_Math.c,555 :: 		
0x029F	0xFD      	MOV R5, A
;__Lib_Math.c,556 :: 		
0x02A0	0x22      	RET
;__Lib_Math.c,558 :: 		
__Div_32x32_U_l4:
;__Lib_Math.c,559 :: 		
0x02A1	0x7F18    	MOV R7, 24
;__Lib_Math.c,561 :: 		
__Div_32x32_U_l8:
;__Lib_Math.c,562 :: 		
0x02A3	0xE8      	MOV A, R0
;__Lib_Math.c,563 :: 		
0x02A4	0x28      	ADD A, R0
;__Lib_Math.c,564 :: 		
0x02A5	0xF8      	MOV R0, A
;__Lib_Math.c,565 :: 		
0x02A6	0xE9      	MOV A, R1
;__Lib_Math.c,566 :: 		
0x02A7	0x33      	RLC A
;__Lib_Math.c,567 :: 		
0x02A8	0xF9      	MOV R1, A
;__Lib_Math.c,568 :: 		
0x02A9	0xEA      	MOV A, R2
;__Lib_Math.c,569 :: 		
0x02AA	0x33      	RLC A
;__Lib_Math.c,570 :: 		
0x02AB	0xFA      	MOV R2, A
;__Lib_Math.c,571 :: 		
0x02AC	0xEB      	MOV A, R3
;__Lib_Math.c,572 :: 		
0x02AD	0x33      	RLC A
;__Lib_Math.c,573 :: 		
0x02AE	0xFB      	MOV R3, A
;__Lib_Math.c,574 :: 		
0x02AF	0xCE      	XCH A, R6
;__Lib_Math.c,575 :: 		
0x02B0	0x33      	RLC A
;__Lib_Math.c,576 :: 		
0x02B1	0xCE      	XCH A, R6
;__Lib_Math.c,577 :: 		
0x02B2	0x10D705  	JBC CY_bit, __Div_32x32_U_l7
;__Lib_Math.c,578 :: 		
0x02B5	0x9C      	SUBB A, R4
;__Lib_Math.c,579 :: 		
0x02B6	0xEE      	MOV A, R6
;__Lib_Math.c,580 :: 		
0x02B7	0x9D      	SUBB A, R5
;__Lib_Math.c,581 :: 		
0x02B8	0x4007    	JC __Div_32x32_U_IR_l1
;__Lib_Math.c,583 :: 		
__Div_32x32_U_l7:
;__Lib_Math.c,584 :: 		
0x02BA	0xEB      	MOV A, R3
;__Lib_Math.c,585 :: 		
0x02BB	0x9C      	SUBB A, R4
;__Lib_Math.c,586 :: 		
0x02BC	0xFB      	MOV R3, A
;__Lib_Math.c,587 :: 		
0x02BD	0xEE      	MOV A, R6
;__Lib_Math.c,588 :: 		
0x02BE	0x9D      	SUBB A, R5
;__Lib_Math.c,589 :: 		
0x02BF	0xFE      	MOV R6, A
;__Lib_Math.c,590 :: 		
0x02C0	0x08      	INC R0
;__Lib_Math.c,591 :: 		
__Div_32x32_U_IR_l1:
;__Lib_Math.c,592 :: 		
0x02C1	0xDFE0    	DJNZ R7, __Div_32x32_U_l8
;__Lib_Math.c,593 :: 		
0x02C3	0xE4      	CLR A
;__Lib_Math.c,594 :: 		
0x02C4	0xCE      	XCH A, R6
;__Lib_Math.c,595 :: 		
0x02C5	0xFD      	MOV R5, A
;__Lib_Math.c,596 :: 		
0x02C6	0xE4      	CLR A
;__Lib_Math.c,597 :: 		
0x02C7	0xCB      	XCH A, R3
;__Lib_Math.c,598 :: 		
0x02C8	0xFC      	MOV R4, A
;__Lib_Math.c,599 :: 		
0x02C9	0x22      	RET
;__Lib_Math.c,601 :: 		
__Div_32x32_U_l3:
;__Lib_Math.c,602 :: 		
0x02CA	0x75F010  	MOV B, 16
;__Lib_Math.c,604 :: 		
__Div_32x32_U_l10:
;__Lib_Math.c,605 :: 		
0x02CD	0xE8      	MOV A, R0
;__Lib_Math.c,606 :: 		
0x02CE	0x28      	ADD A, R0
;__Lib_Math.c,607 :: 		
0x02CF	0xF8      	MOV R0, A
;__Lib_Math.c,608 :: 		
0x02D0	0xE9      	MOV A, R1
;__Lib_Math.c,609 :: 		
0x02D1	0x33      	RLC A
;__Lib_Math.c,610 :: 		
0x02D2	0xF9      	MOV R1, A
;__Lib_Math.c,611 :: 		
0x02D3	0xEA      	MOV A, R2
;__Lib_Math.c,612 :: 		
0x02D4	0x33      	RLC A
;__Lib_Math.c,613 :: 		
0x02D5	0xFA      	MOV R2, A
;__Lib_Math.c,614 :: 		
0x02D6	0xCB      	XCH A, R3
;__Lib_Math.c,615 :: 		
0x02D7	0x33      	RLC A
;__Lib_Math.c,616 :: 		
0x02D8	0xCB      	XCH A, R3
;__Lib_Math.c,617 :: 		
0x02D9	0xCF      	XCH A, R7
;__Lib_Math.c,618 :: 		
0x02DA	0x33      	RLC A
;__Lib_Math.c,619 :: 		
0x02DB	0xCF      	XCH A, R7
;__Lib_Math.c,620 :: 		
0x02DC	0x10D707  	JBC CY_bit, __Div_32x32_U_l9
;__Lib_Math.c,621 :: 		
0x02DF	0x9C      	SUBB A, R4
;__Lib_Math.c,622 :: 		
0x02E0	0xEB      	MOV A, R3
;__Lib_Math.c,623 :: 		
0x02E1	0x9D      	SUBB A, R5
;__Lib_Math.c,624 :: 		
0x02E2	0xEF      	MOV A, R7
;__Lib_Math.c,625 :: 		
0x02E3	0x9E      	SUBB A, R6
;__Lib_Math.c,626 :: 		
0x02E4	0x400A    	JC __Div_32x32_U_IR_l2
;__Lib_Math.c,628 :: 		
__Div_32x32_U_l9:
;__Lib_Math.c,629 :: 		
0x02E6	0xEA      	MOV A, R2
;__Lib_Math.c,630 :: 		
0x02E7	0x9C      	SUBB A, R4
;__Lib_Math.c,631 :: 		
0x02E8	0xFA      	MOV R2, A
;__Lib_Math.c,632 :: 		
0x02E9	0xEB      	MOV A, R3
;__Lib_Math.c,633 :: 		
0x02EA	0x9D      	SUBB A, R5
;__Lib_Math.c,634 :: 		
0x02EB	0xFB      	MOV R3, A
;__Lib_Math.c,635 :: 		
0x02EC	0xEF      	MOV A, R7
;__Lib_Math.c,636 :: 		
0x02ED	0x9E      	SUBB A, R6
;__Lib_Math.c,637 :: 		
0x02EE	0xFF      	MOV R7, A
;__Lib_Math.c,638 :: 		
0x02EF	0x08      	INC R0
;__Lib_Math.c,639 :: 		
__Div_32x32_U_IR_l2:
;__Lib_Math.c,640 :: 		
0x02F0	0xD5F0DA  	DJNZ B, __Div_32x32_U_l10
;__Lib_Math.c,641 :: 		
0x02F3	0xE4      	CLR A
;__Lib_Math.c,642 :: 		
0x02F4	0xCA      	XCH A, R2
;__Lib_Math.c,643 :: 		
0x02F5	0xFC      	MOV R4, A
;__Lib_Math.c,644 :: 		
0x02F6	0xE4      	CLR A
;__Lib_Math.c,645 :: 		
0x02F7	0xCB      	XCH A, R3
;__Lib_Math.c,646 :: 		
0x02F8	0xFD      	MOV R5, A
;__Lib_Math.c,647 :: 		
0x02F9	0xE4      	CLR A
;__Lib_Math.c,648 :: 		
0x02FA	0xCF      	XCH A, R7
;__Lib_Math.c,649 :: 		
0x02FB	0xFE      	MOV R6, A
;__Lib_Math.c,651 :: 		
0x02FC	0x22      	RET
; end of _Div_32x32_U
_Oscillator_Init:
;wiegand_26_rfid.c,108 :: 		void Oscillator_Init(void)
;wiegand_26_rfid.c,110 :: 		OSCICN = 0x82;
0x02FD	0x75B282  	MOV OSCICN, #130
;wiegand_26_rfid.c,111 :: 		}
0x0300	0x22      	RET
; end of _Oscillator_Init
_Div_16x16_S:
;__Lib_Math.c,371 :: 		
;__Lib_Math.c,373 :: 		
0x0301	0xC2D5    	CLR F0_bit
;__Lib_Math.c,374 :: 		
0x0303	0xED      	MOV A, R5
;__Lib_Math.c,375 :: 		
0x0304	0x30E709  	JNB 231, __Div_16x16_S_op2hipositive
;__Lib_Math.c,376 :: 		
0x0307	0xB2D5    	CPL F0_bit
;__Lib_Math.c,377 :: 		
0x0309	0xE4      	CLR A
;__Lib_Math.c,378 :: 		
0x030A	0xC3      	CLR C
;__Lib_Math.c,379 :: 		
0x030B	0x9C      	SUBB A, R4
;__Lib_Math.c,380 :: 		
0x030C	0xFC      	MOV R4, A
;__Lib_Math.c,381 :: 		
0x030D	0xE4      	CLR A
;__Lib_Math.c,382 :: 		
0x030E	0x9D      	SUBB A, R5
;__Lib_Math.c,383 :: 		
0x030F	0xFD      	MOV R5, A
;__Lib_Math.c,385 :: 		
__Div_16x16_S_op2hipositive:
;__Lib_Math.c,386 :: 		
0x0310	0xE9      	MOV A, R1
;__Lib_Math.c,387 :: 		
0x0311	0x30E715  	JNB 231, __Div_16x16_S_op1hipositive
;__Lib_Math.c,388 :: 		
0x0314	0xB2D5    	CPL F0_bit
;__Lib_Math.c,389 :: 		
0x0316	0xE4      	CLR A
;__Lib_Math.c,390 :: 		
0x0317	0xC3      	CLR C
;__Lib_Math.c,391 :: 		
0x0318	0x98      	SUBB A, R0
;__Lib_Math.c,392 :: 		
0x0319	0xF8      	MOV R0, A
;__Lib_Math.c,393 :: 		
0x031A	0xE4      	CLR A
;__Lib_Math.c,394 :: 		
0x031B	0x99      	SUBB A, R1
;__Lib_Math.c,395 :: 		
0x031C	0xF9      	MOV R1, A
;__Lib_Math.c,396 :: 		
0x031D	0x1201D2  	LCALL _Div_16x16_U
;__Lib_Math.c,397 :: 		
0x0320	0xC3      	CLR C
;__Lib_Math.c,398 :: 		
0x0321	0xE4      	CLR A
;__Lib_Math.c,399 :: 		
0x0322	0x9C      	SUBB A, R4
;__Lib_Math.c,400 :: 		
0x0323	0xFC      	MOV R4, A
;__Lib_Math.c,401 :: 		
0x0324	0xE4      	CLR A
;__Lib_Math.c,402 :: 		
0x0325	0x9D      	SUBB A, R5
;__Lib_Math.c,403 :: 		
0x0326	0xFD      	MOV R5, A
;__Lib_Math.c,404 :: 		
0x0327	0x8003    	SJMP __Div_16x16_S_Skip_Udiv
;__Lib_Math.c,406 :: 		
__Div_16x16_S_op1hipositive:
;__Lib_Math.c,407 :: 		
0x0329	0x1201D2  	LCALL _Div_16x16_U
;__Lib_Math.c,409 :: 		
__Div_16x16_S_Skip_Udiv:
;__Lib_Math.c,410 :: 		
0x032C	0x30D507  	JNB F0_bit, __Div_16x16_S_div_ret
;__Lib_Math.c,411 :: 		
0x032F	0xC3      	CLR C
;__Lib_Math.c,412 :: 		
0x0330	0xE4      	CLR A
;__Lib_Math.c,413 :: 		
0x0331	0x98      	SUBB A, R0
;__Lib_Math.c,414 :: 		
0x0332	0xF8      	MOV R0, A
;__Lib_Math.c,415 :: 		
0x0333	0xE4      	CLR A
;__Lib_Math.c,416 :: 		
0x0334	0x99      	SUBB A, R1
;__Lib_Math.c,417 :: 		
0x0335	0xF9      	MOV R1, A
;__Lib_Math.c,419 :: 		
__Div_16x16_S_div_ret:
;__Lib_Math.c,421 :: 		
0x0336	0x22      	RET
; end of _Div_16x16_S
_LCD_goto:
;waveshare_rgb_lcd.c,63 :: 		void LCD_goto(unsigned char x_pos, unsigned char y_pos)
;waveshare_rgb_lcd.c,65 :: 		if(y_pos == 0)
0x0337	0xE519    	MOV A, FARG_LCD_goto_y_pos
0x0339	0x7005    	JNZ L_LCD_goto0
;waveshare_rgb_lcd.c,67 :: 		x_pos |= 0x80;
0x033B	0x431880  	ORL FARG_LCD_goto_x_pos, #128
;waveshare_rgb_lcd.c,68 :: 		}
0x033E	0x8003    	SJMP L_LCD_goto1
L_LCD_goto0:
;waveshare_rgb_lcd.c,71 :: 		x_pos |= 0xC0;
0x0340	0x4318C0  	ORL FARG_LCD_goto_x_pos, #192
;waveshare_rgb_lcd.c,72 :: 		}
L_LCD_goto1:
;waveshare_rgb_lcd.c,74 :: 		I2C_bus_write(LCD_I2C_address, 0x80, x_pos);
0x0343	0x751F7C  	MOV FARG_I2C_bus_write_address, #124
0x0346	0x752080  	MOV FARG_I2C_bus_write_value_1, #128
0x0349	0x851821  	MOV FARG_I2C_bus_write_value_2, FARG_LCD_goto_x_pos+0
0x034C	0x318F    	ACALL _I2C_bus_write
;waveshare_rgb_lcd.c,75 :: 		}
0x034E	0x22      	RET
; end of _LCD_goto
_Div_32x32_S:
;__Lib_Math.c,669 :: 		
;__Lib_Math.c,671 :: 		
0x034F	0xC2D5    	CLR F0_bit
;__Lib_Math.c,672 :: 		
0x0351	0xEF      	MOV A, R7
;__Lib_Math.c,673 :: 		
0x0352	0x30E70F  	JNB 231, __Div_32x32_S_l1
;__Lib_Math.c,674 :: 		
0x0355	0xB2D5    	CPL F0_bit
;__Lib_Math.c,675 :: 		
0x0357	0xE4      	CLR A
;__Lib_Math.c,676 :: 		
0x0358	0xC3      	CLR C
;__Lib_Math.c,677 :: 		
0x0359	0x9C      	SUBB A, R4
;__Lib_Math.c,678 :: 		
0x035A	0xFC      	MOV R4, A
;__Lib_Math.c,679 :: 		
0x035B	0xE4      	CLR A
;__Lib_Math.c,680 :: 		
0x035C	0x9D      	SUBB A, R5
;__Lib_Math.c,681 :: 		
0x035D	0xFD      	MOV R5, A
;__Lib_Math.c,682 :: 		
0x035E	0xE4      	CLR A
;__Lib_Math.c,683 :: 		
0x035F	0x9E      	SUBB A, R6
;__Lib_Math.c,684 :: 		
0x0360	0xFE      	MOV R6, A
;__Lib_Math.c,685 :: 		
0x0361	0xE4      	CLR A
;__Lib_Math.c,686 :: 		
0x0362	0x9F      	SUBB A, R7
;__Lib_Math.c,687 :: 		
0x0363	0xFF      	MOV R7, A
;__Lib_Math.c,688 :: 		
__Div_32x32_S_l1:
;__Lib_Math.c,689 :: 		
0x0364	0xEB      	MOV A, R3
;__Lib_Math.c,690 :: 		
0x0365	0x30E717  	JNB 231, __Div_32x32_S_call_uns
;__Lib_Math.c,691 :: 		
0x0368	0xB2D5    	CPL F0_bit
;__Lib_Math.c,692 :: 		
0x036A	0x120385  	LCALL __Div_32x32_S_l2
;__Lib_Math.c,693 :: 		
0x036D	0x120227  	LCALL _Div_32x32_U
;__Lib_Math.c,694 :: 		
0x0370	0xE4      	CLR A
;__Lib_Math.c,695 :: 		
0x0371	0xC3      	CLR C
;__Lib_Math.c,696 :: 		
0x0372	0x9C      	SUBB A, R4
;__Lib_Math.c,697 :: 		
0x0373	0xFC      	MOV R4, A
;__Lib_Math.c,698 :: 		
0x0374	0xE4      	CLR A
;__Lib_Math.c,699 :: 		
0x0375	0x9D      	SUBB A, R5
;__Lib_Math.c,700 :: 		
0x0376	0xFD      	MOV R5, A
;__Lib_Math.c,701 :: 		
0x0377	0xE4      	CLR A
;__Lib_Math.c,702 :: 		
0x0378	0x9E      	SUBB A, R6
;__Lib_Math.c,703 :: 		
0x0379	0xFE      	MOV R6, A
;__Lib_Math.c,704 :: 		
0x037A	0xE4      	CLR A
;__Lib_Math.c,705 :: 		
0x037B	0x9F      	SUBB A, R7
;__Lib_Math.c,706 :: 		
0x037C	0xFF      	MOV R7, A
;__Lib_Math.c,707 :: 		
0x037D	0x8003    	SJMP __Div_32x32_S_l3
;__Lib_Math.c,709 :: 		
__Div_32x32_S_call_uns:
;__Lib_Math.c,710 :: 		
0x037F	0x120227  	LCALL _Div_32x32_U
;__Lib_Math.c,712 :: 		
__Div_32x32_S_l3:
;__Lib_Math.c,713 :: 		
0x0382	0x30D50D  	JNB F0_bit, __Div_32x32_S_div_ret
;__Lib_Math.c,715 :: 		
__Div_32x32_S_l2:
;__Lib_Math.c,716 :: 		
0x0385	0xE4      	CLR A
;__Lib_Math.c,717 :: 		
0x0386	0xC3      	CLR C
;__Lib_Math.c,718 :: 		
0x0387	0x98      	SUBB A, R0
;__Lib_Math.c,719 :: 		
0x0388	0xF8      	MOV R0, A
;__Lib_Math.c,720 :: 		
0x0389	0xE4      	CLR A
;__Lib_Math.c,721 :: 		
0x038A	0x99      	SUBB A, R1
;__Lib_Math.c,722 :: 		
0x038B	0xF9      	MOV R1, A
;__Lib_Math.c,723 :: 		
0x038C	0xE4      	CLR A
;__Lib_Math.c,724 :: 		
0x038D	0x9A      	SUBB A, R2
;__Lib_Math.c,725 :: 		
0x038E	0xFA      	MOV R2, A
;__Lib_Math.c,726 :: 		
0x038F	0xE4      	CLR A
;__Lib_Math.c,727 :: 		
0x0390	0x9B      	SUBB A, R3
;__Lib_Math.c,728 :: 		
0x0391	0xFB      	MOV R3, A
;__Lib_Math.c,730 :: 		
__Div_32x32_S_div_ret:
;__Lib_Math.c,731 :: 		
0x0392	0x22      	RET
;__Lib_Math.c,733 :: 		
0x0393	0x22      	RET
; end of _Div_32x32_S
_Interrupts_Init:
;wiegand_26_rfid.c,114 :: 		void Interrupts_Init(void)
;wiegand_26_rfid.c,116 :: 		IE = 0x85;
0x0394	0x75A885  	MOV IE, #133
;wiegand_26_rfid.c,117 :: 		IP = 0x05;
0x0397	0x75B805  	MOV IP, #5
;wiegand_26_rfid.c,118 :: 		IT01CF = 0x10;
0x039A	0x75E410  	MOV IT01CF, #16
;wiegand_26_rfid.c,119 :: 		}
0x039D	0x22      	RET
; end of _Interrupts_Init
_PCA_Init:
;wiegand_26_rfid.c,68 :: 		void PCA_Init(void)
;wiegand_26_rfid.c,70 :: 		PCA0MD &= ~0x40;
0x039E	0x53D9BF  	ANL PCA0MD, #191
;wiegand_26_rfid.c,71 :: 		PCA0MD = 0x00;
0x03A1	0x75D900  	MOV PCA0MD, #0
;wiegand_26_rfid.c,72 :: 		}
0x03A4	0x22      	RET
; end of _PCA_Init
_Port_IO_Init:
;wiegand_26_rfid.c,81 :: 		void Port_IO_Init()
;wiegand_26_rfid.c,101 :: 		P1MDOUT = 0xC0;
0x03A5	0x75A5C0  	MOV P1MDOUT, #192
;wiegand_26_rfid.c,102 :: 		P0SKIP = 0x03;
0x03A8	0x75D403  	MOV P0SKIP, #3
;wiegand_26_rfid.c,103 :: 		P1SKIP = 0xC0;
0x03AB	0x75D5C0  	MOV P1SKIP, #192
;wiegand_26_rfid.c,104 :: 		XBR1 = 0x40;
0x03AE	0x75E240  	MOV XBR1, #64
;wiegand_26_rfid.c,105 :: 		}
0x03B1	0x22      	RET
; end of _Port_IO_Init
_Timer_Init:
;wiegand_26_rfid.c,75 :: 		void Timer_Init(void)
;wiegand_26_rfid.c,77 :: 		TCON = 0x05;
0x03B2	0x758805  	MOV TCON, #5
;wiegand_26_rfid.c,78 :: 		}
0x03B5	0x22      	RET
; end of _Timer_Init
_LCD_putstr:
;waveshare_rgb_lcd.c,95 :: 		void LCD_putstr(char *lcd_string)
;waveshare_rgb_lcd.c,97 :: 		do
L_LCD_putstr5:
;waveshare_rgb_lcd.c,99 :: 		LCD_putchar(*lcd_string++);
0x03B6	0xA818    	MOV R0, FARG_LCD_putstr_lcd_string
0x03B8	0x861B    	MOV FARG_LCD_putchar_chr, @R0
0x03BA	0x31BB    	ACALL _LCD_putchar
0x03BC	0x0518    	INC FARG_LCD_putstr_lcd_string
;waveshare_rgb_lcd.c,100 :: 		}while(*lcd_string != '\0') ;
0x03BE	0xA818    	MOV R0, FARG_LCD_putstr_lcd_string
0x03C0	0x8601    	MOV R1, @R0
0x03C2	0xE9      	MOV A, R1
0x03C3	0x70F1    	JNZ L_LCD_putstr5
;waveshare_rgb_lcd.c,101 :: 		}
0x03C5	0x22      	RET
; end of _LCD_putstr
_set_RGB:
;waveshare_rgb_lcd.c,55 :: 		void set_RGB(unsigned char R, unsigned char G, unsigned char B)
;waveshare_rgb_lcd.c,57 :: 		RGB_I2C_write(REG_RED, R);
0x03C6	0x751B04  	MOV FARG_RGB_I2C_write_reg, #4
0x03C9	0x85181C  	MOV FARG_RGB_I2C_write_value, FARG_set_RGB_R+0
0x03CC	0x31AF    	ACALL _RGB_I2C_write
;waveshare_rgb_lcd.c,58 :: 		RGB_I2C_write(REG_GREEN, G);
0x03CE	0x751B03  	MOV FARG_RGB_I2C_write_reg, #3
0x03D1	0x85191C  	MOV FARG_RGB_I2C_write_value, FARG_set_RGB_G+0
0x03D4	0x31AF    	ACALL _RGB_I2C_write
;waveshare_rgb_lcd.c,59 :: 		RGB_I2C_write(REG_BLUE, B);
0x03D6	0x751B02  	MOV FARG_RGB_I2C_write_reg, #2
0x03D9	0x851A1C  	MOV FARG_RGB_I2C_write_value, FARG_set_RGB_B+0
0x03DC	0x31AF    	ACALL _RGB_I2C_write
;waveshare_rgb_lcd.c,60 :: 		}
0x03DE	0x22      	RET
; end of _set_RGB
_Soft_I2C_Init:
;__Lib_SoftI2C.c,27 :: 		
;__Lib_SoftI2C.c,29 :: 		
0x03DF	0xD296    	SETB Soft_I2C_Sda
;__Lib_SoftI2C.c,30 :: 		
0x03E1	0xD297    	SETB Soft_I2C_Scl
;__Lib_SoftI2C.c,32 :: 		
0x03E3	0xC3      	CLR C
0x03E4	0xE508    	MOV A, __Lib_SoftI2C___StopWaiting
0x03E6	0x92E0    	MOV #224.B0, C
0x03E8	0xF508    	MOV __Lib_SoftI2C___StopWaiting, A
;__Lib_SoftI2C.c,33 :: 		
L_Soft_I2C_Init0:
0x03EA	0x209709  	JB Soft_I2C_Scl, L_Soft_I2C_Init1
;__Lib_SoftI2C.c,34 :: 		
0x03ED	0xE508    	MOV A, __Lib_SoftI2C___StopWaiting
0x03EF	0x30E002  	JNB ACC, L_Soft_I2C_Init2
;__Lib_SoftI2C.c,35 :: 		
0x03F2	0x8002    	SJMP L_Soft_I2C_Init1
L_Soft_I2C_Init2:
0x03F4	0x80F4    	SJMP L_Soft_I2C_Init0
L_Soft_I2C_Init1:
;__Lib_SoftI2C.c,37 :: 		
0x03F6	0x22      	RET
; end of _Soft_I2C_Init
_LCD_clear_home:
;waveshare_rgb_lcd.c,78 :: 		void LCD_clear_home(void)
;waveshare_rgb_lcd.c,80 :: 		LCD_I2C_write(LCD_CLEAR_DISPLAY, CMD);
0x03F7	0x751D01  	MOV FARG_LCD_I2C_write_value, #1
0x03FA	0x751E80  	MOV FARG_LCD_I2C_write_mode, #128
0x03FD	0x31A3    	ACALL _LCD_I2C_write
;waveshare_rgb_lcd.c,81 :: 		LCD_I2C_write(LCD_RETURN_HOME, CMD);
0x03FF	0x751D02  	MOV FARG_LCD_I2C_write_value, #2
0x0402	0x751E80  	MOV FARG_LCD_I2C_write_mode, #128
0x0405	0x31A3    	ACALL _LCD_I2C_write
;waveshare_rgb_lcd.c,82 :: 		delay_ms(2);
0x0407	0x7E20    	MOV R6, 32
0x0409	0x7FD0    	MOV R7, 208
0x040B	0xDFFE    	DJNZ R7, PC-2
0x040D	0xDEFC    	DJNZ R6, PC-4
0x040F	0x00      	NOP
;waveshare_rgb_lcd.c,83 :: 		}
0x0410	0x22      	RET
; end of _LCD_clear_home
___CC2D:
;__Lib_System.c,13 :: 		
;__Lib_System.c,15 :: 		
_CC2D_Loop1:
;__Lib_System.c,16 :: 		
0x0411	0xE4      	CLR A
;__Lib_System.c,17 :: 		
0x0412	0x93      	MOVC A, @A+DPTR
;__Lib_System.c,18 :: 		
0x0413	0xF6      	MOV @R0, A
;__Lib_System.c,19 :: 		
0x0414	0x08      	INC R0
;__Lib_System.c,20 :: 		
0x0415	0xA3      	INC DPTR
;__Lib_System.c,21 :: 		
0x0416	0xD9F9    	DJNZ R1, _CC2D_Loop1
;__Lib_System.c,23 :: 		
0x0418	0x22      	RET
; end of ___CC2D
_Init_Device:
;wiegand_26_rfid.c,122 :: 		void Init_Device(void)
;wiegand_26_rfid.c,124 :: 		PCA_Init();
0x0419	0x719E    	ACALL _PCA_Init
;wiegand_26_rfid.c,125 :: 		Timer_Init();
0x041B	0x71B2    	ACALL _Timer_Init
;wiegand_26_rfid.c,126 :: 		Port_IO_Init();
0x041D	0x71A5    	ACALL _Port_IO_Init
;wiegand_26_rfid.c,127 :: 		Oscillator_Init();
0x041F	0x51FD    	ACALL _Oscillator_Init
;wiegand_26_rfid.c,128 :: 		Interrupts_Init();
0x0421	0x7194    	ACALL _Interrupts_Init
;wiegand_26_rfid.c,129 :: 		}
0x0423	0x22      	RET
; end of _Init_Device
__shl_long:
;__Lib_Math.c,11 :: 		
;__Lib_Math.c,13 :: 		
0x0424	0xEC      	MOV A, R4
;__Lib_Math.c,14 :: 		
0x0425	0x600F    	JZ lab_end
;__Lib_Math.c,15 :: 		
loop_lab:
;__Lib_Math.c,16 :: 		
0x0427	0xE8      	MOV A, R0
;__Lib_Math.c,17 :: 		
0x0428	0xC3      	CLR C
;__Lib_Math.c,18 :: 		
0x0429	0x33      	RLC A
;__Lib_Math.c,19 :: 		
0x042A	0xF8      	MOV R0, A
;__Lib_Math.c,20 :: 		
0x042B	0xE9      	MOV A, R1
;__Lib_Math.c,21 :: 		
0x042C	0x33      	RLC A
;__Lib_Math.c,22 :: 		
0x042D	0xF9      	MOV R1, A
;__Lib_Math.c,23 :: 		
0x042E	0xEA      	MOV A, R2
;__Lib_Math.c,24 :: 		
0x042F	0x33      	RLC A
;__Lib_Math.c,25 :: 		
0x0430	0xFA      	MOV R2, A
;__Lib_Math.c,26 :: 		
0x0431	0xEB      	MOV A, R3
;__Lib_Math.c,27 :: 		
0x0432	0x33      	RLC A
;__Lib_Math.c,28 :: 		
0x0433	0xFB      	MOV R3, A
;__Lib_Math.c,29 :: 		
0x0434	0xDCF1    	DJNZ R4, loop_lab
;__Lib_Math.c,30 :: 		
lab_end:
;__Lib_Math.c,32 :: 		
0x0436	0x22      	RET
; end of __shl_long
_print_C:
;lcd_print_rgb.c,31 :: 		void print_C(unsigned char x_pos, unsigned char y_pos, signed int value)
;lcd_print_rgb.c,33 :: 		char ch[5] = {0x20, 0x20, 0x20, 0x20, '\0'};
0x0437	0x750F20  	MOV print_C_ch_L0, #32
0x043A	0x751020  	MOV print_C_ch_L0+1, #32
0x043D	0x751120  	MOV print_C_ch_L0+2, #32
0x0440	0x751220  	MOV print_C_ch_L0+3, #32
0x0443	0x751300  	MOV print_C_ch_L0+4, #0
;lcd_print_rgb.c,35 :: 		if(value < 0x00)
0x0446	0xC3      	CLR C
0x0447	0xE50D    	MOV A, FARG_print_C_value
0x0449	0x9400    	SUBB A, #0
0x044B	0x7400    	MOV A, #0
0x044D	0x6480    	XRL A, #128
0x044F	0xF8      	MOV R0, A
0x0450	0xE50E    	MOV A, FARG_print_C_value+1
0x0452	0x6480    	XRL A, #128
0x0454	0x98      	SUBB A, R0
0x0455	0x5012    	JNC L_print_C11
;lcd_print_rgb.c,37 :: 		ch[0] = 0x2D;
0x0457	0x750F2D  	MOV print_C_ch_L0, #45
;lcd_print_rgb.c,38 :: 		value = -value;
0x045A	0xC3      	CLR C
0x045B	0x7400    	MOV A, #0
0x045D	0x950D    	SUBB A, FARG_print_C_value
0x045F	0xF50D    	MOV FARG_print_C_value, A
0x0461	0x7400    	MOV A, #0
0x0463	0x950E    	SUBB A, FARG_print_C_value+1
0x0465	0xF50E    	MOV FARG_print_C_value+1, A
;lcd_print_rgb.c,39 :: 		}
0x0467	0x8003    	SJMP L_print_C12
L_print_C11:
;lcd_print_rgb.c,42 :: 		ch[0] = 0x20;
0x0469	0x750F20  	MOV print_C_ch_L0, #32
;lcd_print_rgb.c,43 :: 		}
L_print_C12:
;lcd_print_rgb.c,45 :: 		if((value > 99) && (value <= 999))
0x046C	0xD3      	SETB C
0x046D	0xE50D    	MOV A, FARG_print_C_value
0x046F	0x9463    	SUBB A, #99
0x0471	0x7400    	MOV A, #0
0x0473	0x6480    	XRL A, #128
0x0475	0xF8      	MOV R0, A
0x0476	0xE50E    	MOV A, FARG_print_C_value+1
0x0478	0x6480    	XRL A, #128
0x047A	0x98      	SUBB A, R0
0x047B	0x404E    	JC L_print_C15
0x047D	0xD3      	SETB C
0x047E	0xE50D    	MOV A, FARG_print_C_value
0x0480	0x94E7    	SUBB A, #231
0x0482	0x7403    	MOV A, #3
0x0484	0x6480    	XRL A, #128
0x0486	0xF8      	MOV R0, A
0x0487	0xE50E    	MOV A, FARG_print_C_value+1
0x0489	0x6480    	XRL A, #128
0x048B	0x98      	SUBB A, R0
0x048C	0x503D    	JNC L_print_C15
L__print_C68:
;lcd_print_rgb.c,47 :: 		ch[1] = ((value / 100) + 0x30);
0x048E	0x7C64    	MOV R4, #100
0x0490	0x7D00    	MOV R5, #0
0x0492	0xA80D    	MOV R0, FARG_print_C_value
0x0494	0xA90E    	MOV R1, FARG_print_C_value+1
0x0496	0x7101    	ACALL _Div_16x16_S
0x0498	0x7430    	MOV A, #48
0x049A	0x28      	ADD A, R0
0x049B	0xF510    	MOV print_C_ch_L0+1, A
;lcd_print_rgb.c,48 :: 		ch[2] = (((value % 100) / 10) + 0x30);
0x049D	0x7C64    	MOV R4, #100
0x049F	0x7D00    	MOV R5, #0
0x04A1	0xA80D    	MOV R0, FARG_print_C_value
0x04A3	0xA90E    	MOV R1, FARG_print_C_value+1
0x04A5	0x7101    	ACALL _Div_16x16_S
0x04A7	0xA804    	MOV R0, R4
0x04A9	0xA905    	MOV R1, R5
0x04AB	0x7C0A    	MOV R4, #10
0x04AD	0x7D00    	MOV R5, #0
0x04AF	0x7101    	ACALL _Div_16x16_S
0x04B1	0x7430    	MOV A, #48
0x04B3	0x28      	ADD A, R0
0x04B4	0xF511    	MOV print_C_ch_L0+2, A
;lcd_print_rgb.c,49 :: 		ch[3] = ((value % 10) + 0x30);
0x04B6	0x7C0A    	MOV R4, #10
0x04B8	0x7D00    	MOV R5, #0
0x04BA	0xA80D    	MOV R0, FARG_print_C_value
0x04BC	0xA90E    	MOV R1, FARG_print_C_value+1
0x04BE	0x7101    	ACALL _Div_16x16_S
0x04C0	0xA804    	MOV R0, R4
0x04C2	0xA905    	MOV R1, R5
0x04C4	0x7430    	MOV A, #48
0x04C6	0x28      	ADD A, R0
0x04C7	0xF512    	MOV print_C_ch_L0+3, A
;lcd_print_rgb.c,50 :: 		}
0x04C9	0xA159    	AJMP L_print_C16
L_print_C15:
;lcd_print_rgb.c,51 :: 		else if((value > 9) && (value <= 99))
0x04CB	0xD3      	SETB C
0x04CC	0xE50D    	MOV A, FARG_print_C_value
0x04CE	0x9409    	SUBB A, #9
0x04D0	0x7400    	MOV A, #0
0x04D2	0x6480    	XRL A, #128
0x04D4	0xF8      	MOV R0, A
0x04D5	0xE50E    	MOV A, FARG_print_C_value+1
0x04D7	0x6480    	XRL A, #128
0x04D9	0x98      	SUBB A, R0
0x04DA	0x4042    	JC L_print_C19
0x04DC	0xD3      	SETB C
0x04DD	0xE50D    	MOV A, FARG_print_C_value
0x04DF	0x9463    	SUBB A, #99
0x04E1	0x7400    	MOV A, #0
0x04E3	0x6480    	XRL A, #128
0x04E5	0xF8      	MOV R0, A
0x04E6	0xE50E    	MOV A, FARG_print_C_value+1
0x04E8	0x6480    	XRL A, #128
0x04EA	0x98      	SUBB A, R0
0x04EB	0x5031    	JNC L_print_C19
L__print_C67:
;lcd_print_rgb.c,53 :: 		ch[1] = (((value % 100) / 10) + 0x30);
0x04ED	0x7C64    	MOV R4, #100
0x04EF	0x7D00    	MOV R5, #0
0x04F1	0xA80D    	MOV R0, FARG_print_C_value
0x04F3	0xA90E    	MOV R1, FARG_print_C_value+1
0x04F5	0x7101    	ACALL _Div_16x16_S
0x04F7	0xA804    	MOV R0, R4
0x04F9	0xA905    	MOV R1, R5
0x04FB	0x7C0A    	MOV R4, #10
0x04FD	0x7D00    	MOV R5, #0
0x04FF	0x7101    	ACALL _Div_16x16_S
0x0501	0x7430    	MOV A, #48
0x0503	0x28      	ADD A, R0
0x0504	0xF510    	MOV print_C_ch_L0+1, A
;lcd_print_rgb.c,54 :: 		ch[2] = ((value % 10) + 0x30);
0x0506	0x7C0A    	MOV R4, #10
0x0508	0x7D00    	MOV R5, #0
0x050A	0xA80D    	MOV R0, FARG_print_C_value
0x050C	0xA90E    	MOV R1, FARG_print_C_value+1
0x050E	0x7101    	ACALL _Div_16x16_S
0x0510	0xA804    	MOV R0, R4
0x0512	0xA905    	MOV R1, R5
0x0514	0x7430    	MOV A, #48
0x0516	0x28      	ADD A, R0
0x0517	0xF511    	MOV print_C_ch_L0+2, A
;lcd_print_rgb.c,55 :: 		ch[3] = 0x20;
0x0519	0x751220  	MOV print_C_ch_L0+3, #32
;lcd_print_rgb.c,56 :: 		}
0x051C	0x803B    	SJMP L_print_C20
L_print_C19:
;lcd_print_rgb.c,57 :: 		else if((value >= 0) && (value <= 9))
0x051E	0xC3      	CLR C
0x051F	0xE50D    	MOV A, FARG_print_C_value
0x0521	0x9400    	SUBB A, #0
0x0523	0x7400    	MOV A, #0
0x0525	0x6480    	XRL A, #128
0x0527	0xF8      	MOV R0, A
0x0528	0xE50E    	MOV A, FARG_print_C_value+1
0x052A	0x6480    	XRL A, #128
0x052C	0x98      	SUBB A, R0
0x052D	0x402A    	JC L_print_C23
0x052F	0xD3      	SETB C
0x0530	0xE50D    	MOV A, FARG_print_C_value
0x0532	0x9409    	SUBB A, #9
0x0534	0x7400    	MOV A, #0
0x0536	0x6480    	XRL A, #128
0x0538	0xF8      	MOV R0, A
0x0539	0xE50E    	MOV A, FARG_print_C_value+1
0x053B	0x6480    	XRL A, #128
0x053D	0x98      	SUBB A, R0
0x053E	0x5019    	JNC L_print_C23
L__print_C66:
;lcd_print_rgb.c,59 :: 		ch[1] = ((value % 10) + 0x30);
0x0540	0x7C0A    	MOV R4, #10
0x0542	0x7D00    	MOV R5, #0
0x0544	0xA80D    	MOV R0, FARG_print_C_value
0x0546	0xA90E    	MOV R1, FARG_print_C_value+1
0x0548	0x7101    	ACALL _Div_16x16_S
0x054A	0xA804    	MOV R0, R4
0x054C	0xA905    	MOV R1, R5
0x054E	0x7430    	MOV A, #48
0x0550	0x28      	ADD A, R0
0x0551	0xF510    	MOV print_C_ch_L0+1, A
;lcd_print_rgb.c,60 :: 		ch[2] = 0x20;
0x0553	0x751120  	MOV print_C_ch_L0+2, #32
;lcd_print_rgb.c,61 :: 		ch[3] = 0x20;
0x0556	0x751220  	MOV print_C_ch_L0+3, #32
;lcd_print_rgb.c,62 :: 		}
L_print_C23:
L_print_C20:
L_print_C16:
;lcd_print_rgb.c,64 :: 		LCD_goto(x_pos, y_pos);
0x0559	0x850B18  	MOV FARG_LCD_goto_x_pos, FARG_print_C_x_pos+0
0x055C	0x850C19  	MOV FARG_LCD_goto_y_pos, FARG_print_C_y_pos+0
0x055F	0x7137    	ACALL _LCD_goto
;lcd_print_rgb.c,65 :: 		LCD_putstr(ch);
0x0561	0x75180F  	MOV FARG_LCD_putstr_lcd_string, lo_addr(print_C_ch_L0)
0x0564	0x71B6    	ACALL _LCD_putstr
;lcd_print_rgb.c,66 :: 		}
0x0566	0x22      	RET
; end of _print_C
_RGB_LCD_init:
;waveshare_rgb_lcd.c,4 :: 		void RGB_LCD_init(void)
;waveshare_rgb_lcd.c,6 :: 		Soft_I2C_Init();
0x0567	0x71DF    	ACALL _Soft_I2C_Init
;waveshare_rgb_lcd.c,7 :: 		delay_ms(20);
0x0569	0x7D02    	MOV R5, 2
0x056B	0x7E3F    	MOV R6, 63
0x056D	0x7F2B    	MOV R7, 43
0x056F	0xDFFE    	DJNZ R7, PC-2
0x0571	0xDEFC    	DJNZ R6, PC-4
0x0573	0xDDFA    	DJNZ R5, PC-6
;waveshare_rgb_lcd.c,9 :: 		LCD_I2C_write((LCD_FUNCTION_SET | LCD_2_LINE), CMD);
0x0575	0x751D28  	MOV FARG_LCD_I2C_write_value, #40
0x0578	0x751E80  	MOV FARG_LCD_I2C_write_mode, #128
0x057B	0x31A3    	ACALL _LCD_I2C_write
;waveshare_rgb_lcd.c,10 :: 		delay_ms(5);
0x057D	0x7E50    	MOV R6, 80
0x057F	0x7F8A    	MOV R7, 138
0x0581	0xDFFE    	DJNZ R7, PC-2
0x0583	0xDEFC    	DJNZ R6, PC-4
0x0585	0x00      	NOP
;waveshare_rgb_lcd.c,12 :: 		LCD_I2C_write((LCD_FUNCTION_SET | LCD_2_LINE), CMD);
0x0586	0x751D28  	MOV FARG_LCD_I2C_write_value, #40
0x0589	0x751E80  	MOV FARG_LCD_I2C_write_mode, #128
0x058C	0x31A3    	ACALL _LCD_I2C_write
;waveshare_rgb_lcd.c,13 :: 		delay_ms(5);
0x058E	0x7E50    	MOV R6, 80
0x0590	0x7F8A    	MOV R7, 138
0x0592	0xDFFE    	DJNZ R7, PC-2
0x0594	0xDEFC    	DJNZ R6, PC-4
0x0596	0x00      	NOP
;waveshare_rgb_lcd.c,15 :: 		LCD_I2C_write((LCD_FUNCTION_SET | LCD_2_LINE), CMD);
0x0597	0x751D28  	MOV FARG_LCD_I2C_write_value, #40
0x059A	0x751E80  	MOV FARG_LCD_I2C_write_mode, #128
0x059D	0x31A3    	ACALL _LCD_I2C_write
;waveshare_rgb_lcd.c,16 :: 		delay_ms(5);
0x059F	0x7E50    	MOV R6, 80
0x05A1	0x7F8A    	MOV R7, 138
0x05A3	0xDFFE    	DJNZ R7, PC-2
0x05A5	0xDEFC    	DJNZ R6, PC-4
0x05A7	0x00      	NOP
;waveshare_rgb_lcd.c,18 :: 		LCD_I2C_write((LCD_FUNCTION_SET | LCD_2_LINE), CMD);
0x05A8	0x751D28  	MOV FARG_LCD_I2C_write_value, #40
0x05AB	0x751E80  	MOV FARG_LCD_I2C_write_mode, #128
0x05AE	0x31A3    	ACALL _LCD_I2C_write
;waveshare_rgb_lcd.c,19 :: 		LCD_I2C_write((LCD_DISPLAY_CONTROL | LCD_DISPLAY_ON | LCD_CURSOR_OFF | LCD_BLINK_OFF), CMD);
0x05B0	0x751D0C  	MOV FARG_LCD_I2C_write_value, #12
0x05B3	0x751E80  	MOV FARG_LCD_I2C_write_mode, #128
0x05B6	0x31A3    	ACALL _LCD_I2C_write
;waveshare_rgb_lcd.c,21 :: 		LCD_clear_home();
0x05B8	0x71F7    	ACALL _LCD_clear_home
;waveshare_rgb_lcd.c,23 :: 		LCD_I2C_write((LCD_ENTRY_MODE_SET | LCD_ENTRY_LEFT | LCD_ENTRY_SHIFT_DECREMENT), CMD);
0x05BA	0x751D06  	MOV FARG_LCD_I2C_write_value, #6
0x05BD	0x751E80  	MOV FARG_LCD_I2C_write_mode, #128
0x05C0	0x31A3    	ACALL _LCD_I2C_write
;waveshare_rgb_lcd.c,25 :: 		RGB_I2C_write(REG_MODE_1, 0x00);
0x05C2	0x751B00  	MOV FARG_RGB_I2C_write_reg, #0
0x05C5	0x751C00  	MOV FARG_RGB_I2C_write_value, #0
0x05C8	0x31AF    	ACALL _RGB_I2C_write
;waveshare_rgb_lcd.c,26 :: 		RGB_I2C_write(REG_OUTPUT, 0xFF);
0x05CA	0x751B08  	MOV FARG_RGB_I2C_write_reg, #8
0x05CD	0x751CFF  	MOV FARG_RGB_I2C_write_value, #255
0x05D0	0x31AF    	ACALL _RGB_I2C_write
;waveshare_rgb_lcd.c,27 :: 		RGB_I2C_write(REG_MODE_2, 0x20);
0x05D2	0x751B01  	MOV FARG_RGB_I2C_write_reg, #1
0x05D5	0x751C20  	MOV FARG_RGB_I2C_write_value, #32
0x05D8	0x31AF    	ACALL _RGB_I2C_write
;waveshare_rgb_lcd.c,29 :: 		set_RGB(127, 127, 127);
0x05DA	0x75187F  	MOV FARG_set_RGB_R, #127
0x05DD	0x75197F  	MOV FARG_set_RGB_G, #127
0x05E0	0x751A7F  	MOV FARG_set_RGB_B, #127
0x05E3	0x71C6    	ACALL _set_RGB
;waveshare_rgb_lcd.c,30 :: 		}
0x05E5	0x22      	RET
; end of _RGB_LCD_init
_print_I:
;lcd_print_rgb.c,69 :: 		void print_I(unsigned char x_pos, unsigned char y_pos, signed long value)
;lcd_print_rgb.c,71 :: 		char ch[7] = {0x20, 0x20, 0x20, 0x20, 0x20, 0x20, '\0'};
0x05E6	0x751120  	MOV print_I_ch_L0, #32
0x05E9	0x751220  	MOV print_I_ch_L0+1, #32
0x05EC	0x751320  	MOV print_I_ch_L0+2, #32
0x05EF	0x751420  	MOV print_I_ch_L0+3, #32
0x05F2	0x751520  	MOV print_I_ch_L0+4, #32
0x05F5	0x751620  	MOV print_I_ch_L0+5, #32
0x05F8	0x751700  	MOV print_I_ch_L0+6, #0
;lcd_print_rgb.c,73 :: 		if(value < 0)
0x05FB	0xC3      	CLR C
0x05FC	0xE50D    	MOV A, FARG_print_I_value
0x05FE	0x9400    	SUBB A, #0
0x0600	0xE50E    	MOV A, FARG_print_I_value+1
0x0602	0x9400    	SUBB A, #0
0x0604	0xE50F    	MOV A, FARG_print_I_value+2
0x0606	0x9400    	SUBB A, #0
0x0608	0x7400    	MOV A, #0
0x060A	0x6480    	XRL A, #128
0x060C	0xF8      	MOV R0, A
0x060D	0xE510    	MOV A, FARG_print_I_value+3
0x060F	0x6480    	XRL A, #128
0x0611	0x98      	SUBB A, R0
0x0612	0x501E    	JNC L_print_I24
;lcd_print_rgb.c,75 :: 		ch[0] = 0x2D;
0x0614	0x75112D  	MOV print_I_ch_L0, #45
;lcd_print_rgb.c,76 :: 		value = -value;
0x0617	0xC3      	CLR C
0x0618	0x7400    	MOV A, #0
0x061A	0x950D    	SUBB A, FARG_print_I_value
0x061C	0xF50D    	MOV FARG_print_I_value, A
0x061E	0x7400    	MOV A, #0
0x0620	0x950E    	SUBB A, FARG_print_I_value+1
0x0622	0xF50E    	MOV FARG_print_I_value+1, A
0x0624	0x7400    	MOV A, #0
0x0626	0x950F    	SUBB A, FARG_print_I_value+2
0x0628	0xF50F    	MOV FARG_print_I_value+2, A
0x062A	0x7400    	MOV A, #0
0x062C	0x9510    	SUBB A, FARG_print_I_value+3
0x062E	0xF510    	MOV FARG_print_I_value+3, A
;lcd_print_rgb.c,77 :: 		}
0x0630	0x8003    	SJMP L_print_I25
L_print_I24:
;lcd_print_rgb.c,80 :: 		ch[0] = 0x20;
0x0632	0x751120  	MOV print_I_ch_L0, #32
;lcd_print_rgb.c,81 :: 		}
L_print_I25:
;lcd_print_rgb.c,83 :: 		if(value > 9999)
0x0635	0xD3      	SETB C
0x0636	0xE50D    	MOV A, FARG_print_I_value
0x0638	0x940F    	SUBB A, #15
0x063A	0xE50E    	MOV A, FARG_print_I_value+1
0x063C	0x9427    	SUBB A, #39
0x063E	0xE50F    	MOV A, FARG_print_I_value+2
0x0640	0x9400    	SUBB A, #0
0x0642	0x7400    	MOV A, #0
0x0644	0x6480    	XRL A, #128
0x0646	0xF8      	MOV R0, A
0x0647	0xE510    	MOV A, FARG_print_I_value+3
0x0649	0x6480    	XRL A, #128
0x064B	0x98      	SUBB A, R0
0x064C	0x5002    	JNC #2
0x064E	0xE10C    	AJMP L_print_I26
;lcd_print_rgb.c,85 :: 		ch[1] = ((value / 10000) + 0x30);
0x0650	0x7C10    	MOV R4, #16
0x0652	0x7D27    	MOV R5, #39
0x0654	0x7E00    	MOV R6, #0
0x0656	0x750700  	MOV R7, #0
0x0659	0xA80D    	MOV R0, FARG_print_I_value
0x065B	0xA90E    	MOV R1, FARG_print_I_value+1
0x065D	0xAA0F    	MOV R2, FARG_print_I_value+2
0x065F	0xAB10    	MOV R3, FARG_print_I_value+3
0x0661	0x714F    	ACALL _Div_32x32_S
0x0663	0x7430    	MOV A, #48
0x0665	0x28      	ADD A, R0
0x0666	0xF512    	MOV print_I_ch_L0+1, A
;lcd_print_rgb.c,86 :: 		ch[2] = (((value % 10000)/ 1000) + 0x30);
0x0668	0x7C10    	MOV R4, #16
0x066A	0x7D27    	MOV R5, #39
0x066C	0x7E00    	MOV R6, #0
0x066E	0x750700  	MOV R7, #0
0x0671	0xA80D    	MOV R0, FARG_print_I_value
0x0673	0xA90E    	MOV R1, FARG_print_I_value+1
0x0675	0xAA0F    	MOV R2, FARG_print_I_value+2
0x0677	0xAB10    	MOV R3, FARG_print_I_value+3
0x0679	0x714F    	ACALL _Div_32x32_S
0x067B	0xA804    	MOV R0, R4
0x067D	0xA905    	MOV R1, R5
0x067F	0xAA06    	MOV R2, R6
0x0681	0xAB07    	MOV R3, R7
0x0683	0x7CE8    	MOV R4, #232
0x0685	0x7D03    	MOV R5, #3
0x0687	0x7E00    	MOV R6, #0
0x0689	0x750700  	MOV R7, #0
0x068C	0x714F    	ACALL _Div_32x32_S
0x068E	0x7430    	MOV A, #48
0x0690	0x28      	ADD A, R0
0x0691	0xF513    	MOV print_I_ch_L0+2, A
;lcd_print_rgb.c,87 :: 		ch[3] = (((value % 1000) / 100) + 0x30);
0x0693	0x7CE8    	MOV R4, #232
0x0695	0x7D03    	MOV R5, #3
0x0697	0x7E00    	MOV R6, #0
0x0699	0x750700  	MOV R7, #0
0x069C	0xA80D    	MOV R0, FARG_print_I_value
0x069E	0xA90E    	MOV R1, FARG_print_I_value+1
0x06A0	0xAA0F    	MOV R2, FARG_print_I_value+2
0x06A2	0xAB10    	MOV R3, FARG_print_I_value+3
0x06A4	0x714F    	ACALL _Div_32x32_S
0x06A6	0xA804    	MOV R0, R4
0x06A8	0xA905    	MOV R1, R5
0x06AA	0xAA06    	MOV R2, R6
0x06AC	0xAB07    	MOV R3, R7
0x06AE	0x7C64    	MOV R4, #100
0x06B0	0x7D00    	MOV R5, #0
0x06B2	0x7E00    	MOV R6, #0
0x06B4	0x750700  	MOV R7, #0
0x06B7	0x714F    	ACALL _Div_32x32_S
0x06B9	0x7430    	MOV A, #48
0x06BB	0x28      	ADD A, R0
0x06BC	0xF514    	MOV print_I_ch_L0+3, A
;lcd_print_rgb.c,88 :: 		ch[4] = (((value % 100) / 10) + 0x30);
0x06BE	0x7C64    	MOV R4, #100
0x06C0	0x7D00    	MOV R5, #0
0x06C2	0x7E00    	MOV R6, #0
0x06C4	0x750700  	MOV R7, #0
0x06C7	0xA80D    	MOV R0, FARG_print_I_value
0x06C9	0xA90E    	MOV R1, FARG_print_I_value+1
0x06CB	0xAA0F    	MOV R2, FARG_print_I_value+2
0x06CD	0xAB10    	MOV R3, FARG_print_I_value+3
0x06CF	0x714F    	ACALL _Div_32x32_S
0x06D1	0xA804    	MOV R0, R4
0x06D3	0xA905    	MOV R1, R5
0x06D5	0xAA06    	MOV R2, R6
0x06D7	0xAB07    	MOV R3, R7
0x06D9	0x7C0A    	MOV R4, #10
0x06DB	0x7D00    	MOV R5, #0
0x06DD	0x7E00    	MOV R6, #0
0x06DF	0x750700  	MOV R7, #0
0x06E2	0x714F    	ACALL _Div_32x32_S
0x06E4	0x7430    	MOV A, #48
0x06E6	0x28      	ADD A, R0
0x06E7	0xF515    	MOV print_I_ch_L0+4, A
;lcd_print_rgb.c,89 :: 		ch[5] = ((value % 10) + 0x30);
0x06E9	0x7C0A    	MOV R4, #10
0x06EB	0x7D00    	MOV R5, #0
0x06ED	0x7E00    	MOV R6, #0
0x06EF	0x750700  	MOV R7, #0
0x06F2	0xA80D    	MOV R0, FARG_print_I_value
0x06F4	0xA90E    	MOV R1, FARG_print_I_value+1
0x06F6	0xAA0F    	MOV R2, FARG_print_I_value+2
0x06F8	0xAB10    	MOV R3, FARG_print_I_value+3
0x06FA	0x714F    	ACALL _Div_32x32_S
0x06FC	0xA804    	MOV R0, R4
0x06FE	0xA905    	MOV R1, R5
0x0700	0xAA06    	MOV R2, R6
0x0702	0xAB07    	MOV R3, R7
0x0704	0x7430    	MOV A, #48
0x0706	0x28      	ADD A, R0
0x0707	0xF516    	MOV print_I_ch_L0+5, A
;lcd_print_rgb.c,90 :: 		}
0x0709	0x02095C  	LJMP L_print_I27
L_print_I26:
;lcd_print_rgb.c,92 :: 		else if((value > 999) && (value <= 9999))
0x070C	0xD3      	SETB C
0x070D	0xE50D    	MOV A, FARG_print_I_value
0x070F	0x94E7    	SUBB A, #231
0x0711	0xE50E    	MOV A, FARG_print_I_value+1
0x0713	0x9403    	SUBB A, #3
0x0715	0xE50F    	MOV A, FARG_print_I_value+2
0x0717	0x9400    	SUBB A, #0
0x0719	0x7400    	MOV A, #0
0x071B	0x6480    	XRL A, #128
0x071D	0xF8      	MOV R0, A
0x071E	0xE510    	MOV A, FARG_print_I_value+3
0x0720	0x6480    	XRL A, #128
0x0722	0x98      	SUBB A, R0
0x0723	0x5002    	JNC #2
0x0725	0xE1E9    	AJMP L_print_I30
0x0727	0xD3      	SETB C
0x0728	0xE50D    	MOV A, FARG_print_I_value
0x072A	0x940F    	SUBB A, #15
0x072C	0xE50E    	MOV A, FARG_print_I_value+1
0x072E	0x9427    	SUBB A, #39
0x0730	0xE50F    	MOV A, FARG_print_I_value+2
0x0732	0x9400    	SUBB A, #0
0x0734	0x7400    	MOV A, #0
0x0736	0x6480    	XRL A, #128
0x0738	0xF8      	MOV R0, A
0x0739	0xE510    	MOV A, FARG_print_I_value+3
0x073B	0x6480    	XRL A, #128
0x073D	0x98      	SUBB A, R0
0x073E	0x4002    	JC #2
0x0740	0xE1E9    	AJMP L_print_I30
L__print_I71:
;lcd_print_rgb.c,94 :: 		ch[1] = (((value % 10000)/ 1000) + 0x30);
0x0742	0x7C10    	MOV R4, #16
0x0744	0x7D27    	MOV R5, #39
0x0746	0x7E00    	MOV R6, #0
0x0748	0x750700  	MOV R7, #0
0x074B	0xA80D    	MOV R0, FARG_print_I_value
0x074D	0xA90E    	MOV R1, FARG_print_I_value+1
0x074F	0xAA0F    	MOV R2, FARG_print_I_value+2
0x0751	0xAB10    	MOV R3, FARG_print_I_value+3
0x0753	0x714F    	ACALL _Div_32x32_S
0x0755	0xA804    	MOV R0, R4
0x0757	0xA905    	MOV R1, R5
0x0759	0xAA06    	MOV R2, R6
0x075B	0xAB07    	MOV R3, R7
0x075D	0x7CE8    	MOV R4, #232
0x075F	0x7D03    	MOV R5, #3
0x0761	0x7E00    	MOV R6, #0
0x0763	0x750700  	MOV R7, #0
0x0766	0x714F    	ACALL _Div_32x32_S
0x0768	0x7430    	MOV A, #48
0x076A	0x28      	ADD A, R0
0x076B	0xF512    	MOV print_I_ch_L0+1, A
;lcd_print_rgb.c,95 :: 		ch[2] = (((value % 1000) / 100) + 0x30);
0x076D	0x7CE8    	MOV R4, #232
0x076F	0x7D03    	MOV R5, #3
0x0771	0x7E00    	MOV R6, #0
0x0773	0x750700  	MOV R7, #0
0x0776	0xA80D    	MOV R0, FARG_print_I_value
0x0778	0xA90E    	MOV R1, FARG_print_I_value+1
0x077A	0xAA0F    	MOV R2, FARG_print_I_value+2
0x077C	0xAB10    	MOV R3, FARG_print_I_value+3
0x077E	0x714F    	ACALL _Div_32x32_S
0x0780	0xA804    	MOV R0, R4
0x0782	0xA905    	MOV R1, R5
0x0784	0xAA06    	MOV R2, R6
0x0786	0xAB07    	MOV R3, R7
0x0788	0x7C64    	MOV R4, #100
0x078A	0x7D00    	MOV R5, #0
0x078C	0x7E00    	MOV R6, #0
0x078E	0x750700  	MOV R7, #0
0x0791	0x714F    	ACALL _Div_32x32_S
0x0793	0x7430    	MOV A, #48
0x0795	0x28      	ADD A, R0
0x0796	0xF513    	MOV print_I_ch_L0+2, A
;lcd_print_rgb.c,96 :: 		ch[3] = (((value % 100) / 10) + 0x30);
0x0798	0x7C64    	MOV R4, #100
0x079A	0x7D00    	MOV R5, #0
0x079C	0x7E00    	MOV R6, #0
0x079E	0x750700  	MOV R7, #0
0x07A1	0xA80D    	MOV R0, FARG_print_I_value
0x07A3	0xA90E    	MOV R1, FARG_print_I_value+1
0x07A5	0xAA0F    	MOV R2, FARG_print_I_value+2
0x07A7	0xAB10    	MOV R3, FARG_print_I_value+3
0x07A9	0x714F    	ACALL _Div_32x32_S
0x07AB	0xA804    	MOV R0, R4
0x07AD	0xA905    	MOV R1, R5
0x07AF	0xAA06    	MOV R2, R6
0x07B1	0xAB07    	MOV R3, R7
0x07B3	0x7C0A    	MOV R4, #10
0x07B5	0x7D00    	MOV R5, #0
0x07B7	0x7E00    	MOV R6, #0
0x07B9	0x750700  	MOV R7, #0
0x07BC	0x714F    	ACALL _Div_32x32_S
0x07BE	0x7430    	MOV A, #48
0x07C0	0x28      	ADD A, R0
0x07C1	0xF514    	MOV print_I_ch_L0+3, A
;lcd_print_rgb.c,97 :: 		ch[4] = ((value % 10) + 0x30);
0x07C3	0x7C0A    	MOV R4, #10
0x07C5	0x7D00    	MOV R5, #0
0x07C7	0x7E00    	MOV R6, #0
0x07C9	0x750700  	MOV R7, #0
0x07CC	0xA80D    	MOV R0, FARG_print_I_value
0x07CE	0xA90E    	MOV R1, FARG_print_I_value+1
0x07D0	0xAA0F    	MOV R2, FARG_print_I_value+2
0x07D2	0xAB10    	MOV R3, FARG_print_I_value+3
0x07D4	0x714F    	ACALL _Div_32x32_S
0x07D6	0xA804    	MOV R0, R4
0x07D8	0xA905    	MOV R1, R5
0x07DA	0xAA06    	MOV R2, R6
0x07DC	0xAB07    	MOV R3, R7
0x07DE	0x7430    	MOV A, #48
0x07E0	0x28      	ADD A, R0
0x07E1	0xF515    	MOV print_I_ch_L0+4, A
;lcd_print_rgb.c,98 :: 		ch[5] = 0x20;
0x07E3	0x751620  	MOV print_I_ch_L0+5, #32
;lcd_print_rgb.c,99 :: 		}
0x07E6	0x02095C  	LJMP L_print_I31
L_print_I30:
;lcd_print_rgb.c,100 :: 		else if((value > 99) && (value <= 999))
0x07E9	0xD3      	SETB C
0x07EA	0xE50D    	MOV A, FARG_print_I_value
0x07EC	0x9463    	SUBB A, #99
0x07EE	0xE50E    	MOV A, FARG_print_I_value+1
0x07F0	0x9400    	SUBB A, #0
0x07F2	0xE50F    	MOV A, FARG_print_I_value+2
0x07F4	0x9400    	SUBB A, #0
0x07F6	0x7400    	MOV A, #0
0x07F8	0x6480    	XRL A, #128
0x07FA	0xF8      	MOV R0, A
0x07FB	0xE510    	MOV A, FARG_print_I_value+3
0x07FD	0x6480    	XRL A, #128
0x07FF	0x98      	SUBB A, R0
0x0800	0x5002    	JNC #2
0x0802	0x01A2    	AJMP L_print_I34
0x0804	0xD3      	SETB C
0x0805	0xE50D    	MOV A, FARG_print_I_value
0x0807	0x94E7    	SUBB A, #231
0x0809	0xE50E    	MOV A, FARG_print_I_value+1
0x080B	0x9403    	SUBB A, #3
0x080D	0xE50F    	MOV A, FARG_print_I_value+2
0x080F	0x9400    	SUBB A, #0
0x0811	0x7400    	MOV A, #0
0x0813	0x6480    	XRL A, #128
0x0815	0xF8      	MOV R0, A
0x0816	0xE510    	MOV A, FARG_print_I_value+3
0x0818	0x6480    	XRL A, #128
0x081A	0x98      	SUBB A, R0
0x081B	0x4002    	JC #2
0x081D	0x01A2    	AJMP L_print_I34
L__print_I70:
;lcd_print_rgb.c,102 :: 		ch[1] = (((value % 1000) / 100) + 0x30);
0x081F	0x7CE8    	MOV R4, #232
0x0821	0x7D03    	MOV R5, #3
0x0823	0x7E00    	MOV R6, #0
0x0825	0x750700  	MOV R7, #0
0x0828	0xA80D    	MOV R0, FARG_print_I_value
0x082A	0xA90E    	MOV R1, FARG_print_I_value+1
0x082C	0xAA0F    	MOV R2, FARG_print_I_value+2
0x082E	0xAB10    	MOV R3, FARG_print_I_value+3
0x0830	0x12034F  	LCALL _Div_32x32_S
0x0833	0xA804    	MOV R0, R4
0x0835	0xA905    	MOV R1, R5
0x0837	0xAA06    	MOV R2, R6
0x0839	0xAB07    	MOV R3, R7
0x083B	0x7C64    	MOV R4, #100
0x083D	0x7D00    	MOV R5, #0
0x083F	0x7E00    	MOV R6, #0
0x0841	0x750700  	MOV R7, #0
0x0844	0x12034F  	LCALL _Div_32x32_S
0x0847	0x7430    	MOV A, #48
0x0849	0x28      	ADD A, R0
0x084A	0xF512    	MOV print_I_ch_L0+1, A
;lcd_print_rgb.c,103 :: 		ch[2] = (((value % 100) / 10) + 0x30);
0x084C	0x7C64    	MOV R4, #100
0x084E	0x7D00    	MOV R5, #0
0x0850	0x7E00    	MOV R6, #0
0x0852	0x750700  	MOV R7, #0
0x0855	0xA80D    	MOV R0, FARG_print_I_value
0x0857	0xA90E    	MOV R1, FARG_print_I_value+1
0x0859	0xAA0F    	MOV R2, FARG_print_I_value+2
0x085B	0xAB10    	MOV R3, FARG_print_I_value+3
0x085D	0x12034F  	LCALL _Div_32x32_S
0x0860	0xA804    	MOV R0, R4
0x0862	0xA905    	MOV R1, R5
0x0864	0xAA06    	MOV R2, R6
0x0866	0xAB07    	MOV R3, R7
0x0868	0x7C0A    	MOV R4, #10
0x086A	0x7D00    	MOV R5, #0
0x086C	0x7E00    	MOV R6, #0
0x086E	0x750700  	MOV R7, #0
0x0871	0x12034F  	LCALL _Div_32x32_S
0x0874	0x7430    	MOV A, #48
0x0876	0x28      	ADD A, R0
0x0877	0xF513    	MOV print_I_ch_L0+2, A
;lcd_print_rgb.c,104 :: 		ch[3] = ((value % 10) + 0x30);
0x0879	0x7C0A    	MOV R4, #10
0x087B	0x7D00    	MOV R5, #0
0x087D	0x7E00    	MOV R6, #0
0x087F	0x750700  	MOV R7, #0
0x0882	0xA80D    	MOV R0, FARG_print_I_value
0x0884	0xA90E    	MOV R1, FARG_print_I_value+1
0x0886	0xAA0F    	MOV R2, FARG_print_I_value+2
0x0888	0xAB10    	MOV R3, FARG_print_I_value+3
0x088A	0x12034F  	LCALL _Div_32x32_S
0x088D	0xA804    	MOV R0, R4
0x088F	0xA905    	MOV R1, R5
0x0891	0xAA06    	MOV R2, R6
0x0893	0xAB07    	MOV R3, R7
0x0895	0x7430    	MOV A, #48
0x0897	0x28      	ADD A, R0
0x0898	0xF514    	MOV print_I_ch_L0+3, A
;lcd_print_rgb.c,105 :: 		ch[4] = 0x20;
0x089A	0x751520  	MOV print_I_ch_L0+4, #32
;lcd_print_rgb.c,106 :: 		ch[5] = 0x20;
0x089D	0x751620  	MOV print_I_ch_L0+5, #32
;lcd_print_rgb.c,107 :: 		}
0x08A0	0x215C    	AJMP L_print_I35
L_print_I34:
;lcd_print_rgb.c,108 :: 		else if((value > 9) && (value <= 99))
0x08A2	0xD3      	SETB C
0x08A3	0xE50D    	MOV A, FARG_print_I_value
0x08A5	0x9409    	SUBB A, #9
0x08A7	0xE50E    	MOV A, FARG_print_I_value+1
0x08A9	0x9400    	SUBB A, #0
0x08AB	0xE50F    	MOV A, FARG_print_I_value+2
0x08AD	0x9400    	SUBB A, #0
0x08AF	0x7400    	MOV A, #0
0x08B1	0x6480    	XRL A, #128
0x08B3	0xF8      	MOV R0, A
0x08B4	0xE510    	MOV A, FARG_print_I_value+3
0x08B6	0x6480    	XRL A, #128
0x08B8	0x98      	SUBB A, R0
0x08B9	0x5002    	JNC #2
0x08BB	0x212F    	AJMP L_print_I38
0x08BD	0xD3      	SETB C
0x08BE	0xE50D    	MOV A, FARG_print_I_value
0x08C0	0x9463    	SUBB A, #99
0x08C2	0xE50E    	MOV A, FARG_print_I_value+1
0x08C4	0x9400    	SUBB A, #0
0x08C6	0xE50F    	MOV A, FARG_print_I_value+2
0x08C8	0x9400    	SUBB A, #0
0x08CA	0x7400    	MOV A, #0
0x08CC	0x6480    	XRL A, #128
0x08CE	0xF8      	MOV R0, A
0x08CF	0xE510    	MOV A, FARG_print_I_value+3
0x08D1	0x6480    	XRL A, #128
0x08D3	0x98      	SUBB A, R0
0x08D4	0x5059    	JNC L_print_I38
L__print_I69:
;lcd_print_rgb.c,110 :: 		ch[1] = (((value % 100) / 10) + 0x30);
0x08D6	0x7C64    	MOV R4, #100
0x08D8	0x7D00    	MOV R5, #0
0x08DA	0x7E00    	MOV R6, #0
0x08DC	0x750700  	MOV R7, #0
0x08DF	0xA80D    	MOV R0, FARG_print_I_value
0x08E1	0xA90E    	MOV R1, FARG_print_I_value+1
0x08E3	0xAA0F    	MOV R2, FARG_print_I_value+2
0x08E5	0xAB10    	MOV R3, FARG_print_I_value+3
0x08E7	0x12034F  	LCALL _Div_32x32_S
0x08EA	0xA804    	MOV R0, R4
0x08EC	0xA905    	MOV R1, R5
0x08EE	0xAA06    	MOV R2, R6
0x08F0	0xAB07    	MOV R3, R7
0x08F2	0x7C0A    	MOV R4, #10
0x08F4	0x7D00    	MOV R5, #0
0x08F6	0x7E00    	MOV R6, #0
0x08F8	0x750700  	MOV R7, #0
0x08FB	0x12034F  	LCALL _Div_32x32_S
0x08FE	0x7430    	MOV A, #48
0x0900	0x28      	ADD A, R0
0x0901	0xF512    	MOV print_I_ch_L0+1, A
;lcd_print_rgb.c,111 :: 		ch[2] = ((value % 10) + 0x30);
0x0903	0x7C0A    	MOV R4, #10
0x0905	0x7D00    	MOV R5, #0
0x0907	0x7E00    	MOV R6, #0
0x0909	0x750700  	MOV R7, #0
0x090C	0xA80D    	MOV R0, FARG_print_I_value
0x090E	0xA90E    	MOV R1, FARG_print_I_value+1
0x0910	0xAA0F    	MOV R2, FARG_print_I_value+2
0x0912	0xAB10    	MOV R3, FARG_print_I_value+3
0x0914	0x12034F  	LCALL _Div_32x32_S
0x0917	0xA804    	MOV R0, R4
0x0919	0xA905    	MOV R1, R5
0x091B	0xAA06    	MOV R2, R6
0x091D	0xAB07    	MOV R3, R7
0x091F	0x7430    	MOV A, #48
0x0921	0x28      	ADD A, R0
0x0922	0xF513    	MOV print_I_ch_L0+2, A
;lcd_print_rgb.c,112 :: 		ch[3] = 0x20;
0x0924	0x751420  	MOV print_I_ch_L0+3, #32
;lcd_print_rgb.c,113 :: 		ch[4] = 0x20;
0x0927	0x751520  	MOV print_I_ch_L0+4, #32
;lcd_print_rgb.c,114 :: 		ch[5] = 0x20;
0x092A	0x751620  	MOV print_I_ch_L0+5, #32
;lcd_print_rgb.c,115 :: 		}
0x092D	0x802D    	SJMP L_print_I39
L_print_I38:
;lcd_print_rgb.c,118 :: 		ch[1] = ((value % 10) + 0x30);
0x092F	0x7C0A    	MOV R4, #10
0x0931	0x7D00    	MOV R5, #0
0x0933	0x7E00    	MOV R6, #0
0x0935	0x750700  	MOV R7, #0
0x0938	0xA80D    	MOV R0, FARG_print_I_value
0x093A	0xA90E    	MOV R1, FARG_print_I_value+1
0x093C	0xAA0F    	MOV R2, FARG_print_I_value+2
0x093E	0xAB10    	MOV R3, FARG_print_I_value+3
0x0940	0x12034F  	LCALL _Div_32x32_S
0x0943	0xA804    	MOV R0, R4
0x0945	0xA905    	MOV R1, R5
0x0947	0xAA06    	MOV R2, R6
0x0949	0xAB07    	MOV R3, R7
0x094B	0x7430    	MOV A, #48
0x094D	0x28      	ADD A, R0
0x094E	0xF512    	MOV print_I_ch_L0+1, A
;lcd_print_rgb.c,119 :: 		ch[2] = 0x20;
0x0950	0x751320  	MOV print_I_ch_L0+2, #32
;lcd_print_rgb.c,120 :: 		ch[3] = 0x20;
0x0953	0x751420  	MOV print_I_ch_L0+3, #32
;lcd_print_rgb.c,121 :: 		ch[4] = 0x20;
0x0956	0x751520  	MOV print_I_ch_L0+4, #32
;lcd_print_rgb.c,122 :: 		ch[5] = 0x20;
0x0959	0x751620  	MOV print_I_ch_L0+5, #32
;lcd_print_rgb.c,123 :: 		}
L_print_I39:
L_print_I35:
L_print_I31:
L_print_I27:
;lcd_print_rgb.c,125 :: 		LCD_goto(x_pos, y_pos);
0x095C	0x850B18  	MOV FARG_LCD_goto_x_pos, FARG_print_I_x_pos+0
0x095F	0x850C19  	MOV FARG_LCD_goto_y_pos, FARG_print_I_y_pos+0
0x0962	0x120337  	LCALL _LCD_goto
;lcd_print_rgb.c,126 :: 		LCD_putstr(ch);
0x0965	0x751811  	MOV FARG_LCD_putstr_lcd_string, lo_addr(print_I_ch_L0)
0x0968	0x1203B6  	LCALL _LCD_putstr
;lcd_print_rgb.c,127 :: 		}
0x096B	0x22      	RET
; end of _print_I
_EXTI_0_ISR:
0x096C	0xC000    	PUSH R0
0x096E	0xC001    	PUSH R1
0x0970	0xC002    	PUSH R2
0x0972	0xC003    	PUSH R3
0x0974	0xC004    	PUSH R4
0x0976	0xC0D0    	PUSH PSW
0x0978	0xC0E0    	PUSH ACC
0x097A	0xC0F0    	PUSH B
0x097C	0xC082    	PUSH DPL
0x097E	0xC083    	PUSH DPH
;wiegand_26_rfid.c,20 :: 		ics ICS_AUTO
;wiegand_26_rfid.c,22 :: 		raw_card_data <<= 1;
0x0980	0x7C01    	MOV R4, #1
0x0982	0xA845    	MOV R0, _raw_card_data
0x0984	0xA946    	MOV R1, _raw_card_data+1
0x0986	0xAA47    	MOV R2, _raw_card_data+2
0x0988	0xAB48    	MOV R3, _raw_card_data+3
0x098A	0x120424  	LCALL __shl_long
0x098D	0x850045  	MOV _raw_card_data, 0
0x0990	0x850146  	MOV _raw_card_data+1, 1
0x0993	0x850247  	MOV _raw_card_data+2, 2
0x0996	0x850348  	MOV _raw_card_data+3, 3
;wiegand_26_rfid.c,23 :: 		count++;
0x0999	0x0544    	INC _count
;wiegand_26_rfid.c,24 :: 		}
0x099B	0xD083    	POP DPH
0x099D	0xD082    	POP DPL
0x099F	0xD0F0    	POP B
0x09A1	0xD0E0    	POP ACC
0x09A3	0xD0D0    	POP PSW
0x09A5	0xD004    	POP R4
0x09A7	0xD003    	POP R3
0x09A9	0xD002    	POP R2
0x09AB	0xD001    	POP R1
0x09AD	0xD000    	POP R0
0x09AF	0x32      	RETI
; end of _EXTI_0_ISR
_main:
0x09B0	0x758180  	MOV SP, #128
0x09B3	0x120AA7  	LCALL 2727
;wiegand_26_rfid.c,38 :: 		void main(void)
;wiegand_26_rfid.c,40 :: 		unsigned char facility_code = 0;
;wiegand_26_rfid.c,41 :: 		unsigned int card_number = 0;
0x09B6	0x750900  	MOV main_card_number_L0, #0
0x09B9	0x750A00  	MOV main_card_number_L0+1, #0
;wiegand_26_rfid.c,43 :: 		Init_Device();
0x09BC	0x120419  	LCALL _Init_Device
;wiegand_26_rfid.c,44 :: 		RGB_LCD_init();
0x09BF	0x120567  	LCALL _RGB_LCD_init
;wiegand_26_rfid.c,45 :: 		LCD_clear_home();
0x09C2	0x1203F7  	LCALL _LCD_clear_home
;wiegand_26_rfid.c,47 :: 		LCD_goto(0, 0);
0x09C5	0x751800  	MOV FARG_LCD_goto_x_pos, #0
0x09C8	0x751900  	MOV FARG_LCD_goto_y_pos, #0
0x09CB	0x120337  	LCALL _LCD_goto
;wiegand_26_rfid.c,48 :: 		LCD_putstr("Facility:");
0x09CE	0x75183A  	MOV FARG_LCD_putstr_lcd_string, lo_addr(?lstr1_wiegand_26_rfid)
0x09D1	0x1203B6  	LCALL _LCD_putstr
;wiegand_26_rfid.c,50 :: 		LCD_goto(0, 1);
0x09D4	0x751800  	MOV FARG_LCD_goto_x_pos, #0
0x09D7	0x751901  	MOV FARG_LCD_goto_y_pos, #1
0x09DA	0x120337  	LCALL _LCD_goto
;wiegand_26_rfid.c,51 :: 		LCD_putstr("Card I.D:");
0x09DD	0x751830  	MOV FARG_LCD_putstr_lcd_string, lo_addr(?lstr2_wiegand_26_rfid)
0x09E0	0x1203B6  	LCALL _LCD_putstr
;wiegand_26_rfid.c,53 :: 		while(1)
L_main62:
;wiegand_26_rfid.c,55 :: 		if(count >= 25)
0x09E3	0xC3      	CLR C
0x09E4	0xE544    	MOV A, _count
0x09E6	0x9419    	SUBB A, #25
0x09E8	0x4048    	JC L_main64
;wiegand_26_rfid.c,57 :: 		card_number = (raw_card_data & 0xFFFF);
0x09EA	0x74FF    	MOV A, #255
0x09EC	0x5545    	ANL A, _raw_card_data
0x09EE	0xF509    	MOV main_card_number_L0, A
0x09F0	0x74FF    	MOV A, #255
0x09F2	0x5546    	ANL A, _raw_card_data+1
0x09F4	0xF50A    	MOV main_card_number_L0+1, A
;wiegand_26_rfid.c,58 :: 		facility_code = (0xFF & (raw_card_data >> 0x10));
0x09F6	0xA847    	MOV R0, _raw_card_data+2
0x09F8	0xA948    	MOV R1, _raw_card_data+3
0x09FA	0x7A00    	MOV R2, #0
0x09FC	0x5300FF  	ANL R0, #255
;wiegand_26_rfid.c,59 :: 		print_C(12, 0, facility_code);
0x09FF	0x750B0C  	MOV FARG_print_C_x_pos, #12
0x0A02	0x750C00  	MOV FARG_print_C_y_pos, #0
0x0A05	0x85000D  	MOV FARG_print_C_value, 0
0x0A08	0xE4      	CLR A
0x0A09	0xF50E    	MOV FARG_print_C_value+1, A
0x0A0B	0x120437  	LCALL _print_C
;wiegand_26_rfid.c,60 :: 		print_I(10, 1, card_number);
0x0A0E	0x750B0A  	MOV FARG_print_I_x_pos, #10
0x0A11	0x750C01  	MOV FARG_print_I_y_pos, #1
0x0A14	0x85090D  	MOV FARG_print_I_value, main_card_number_L0+0
0x0A17	0x850A0E  	MOV FARG_print_I_value+1, main_card_number_L0+1
0x0A1A	0xE4      	CLR A
0x0A1B	0xF50F    	MOV FARG_print_I_value+2, A
0x0A1D	0xE4      	CLR A
0x0A1E	0xF510    	MOV FARG_print_I_value+3, A
0x0A20	0x1205E6  	LCALL _print_I
;wiegand_26_rfid.c,61 :: 		raw_card_data = 0;
0x0A23	0x754500  	MOV _raw_card_data, #0
0x0A26	0x754600  	MOV _raw_card_data+1, #0
0x0A29	0x754700  	MOV _raw_card_data+2, #0
0x0A2C	0x754800  	MOV _raw_card_data+3, #0
;wiegand_26_rfid.c,62 :: 		count = 0;
0x0A2F	0x754400  	MOV _count, #0
;wiegand_26_rfid.c,63 :: 		}
L_main64:
;wiegand_26_rfid.c,64 :: 		};
0x0A32	0x80AF    	SJMP L_main62
;wiegand_26_rfid.c,65 :: 		}
0x0A34	0x80FE    	SJMP #254
; end of _main
_EXTI_1_ISR:
0x0A36	0xC000    	PUSH R0
0x0A38	0xC001    	PUSH R1
0x0A3A	0xC002    	PUSH R2
0x0A3C	0xC003    	PUSH R3
0x0A3E	0xC004    	PUSH R4
0x0A40	0xC0D0    	PUSH PSW
0x0A42	0xC0E0    	PUSH ACC
0x0A44	0xC0F0    	PUSH B
0x0A46	0xC082    	PUSH DPL
0x0A48	0xC083    	PUSH DPH
;wiegand_26_rfid.c,30 :: 		ics ICS_AUTO
;wiegand_26_rfid.c,32 :: 		raw_card_data <<= 1;
0x0A4A	0x7C01    	MOV R4, #1
0x0A4C	0xA845    	MOV R0, _raw_card_data
0x0A4E	0xA946    	MOV R1, _raw_card_data+1
0x0A50	0xAA47    	MOV R2, _raw_card_data+2
0x0A52	0xAB48    	MOV R3, _raw_card_data+3
0x0A54	0x120424  	LCALL __shl_long
0x0A57	0x850045  	MOV _raw_card_data, 0
0x0A5A	0x850146  	MOV _raw_card_data+1, 1
0x0A5D	0x850247  	MOV _raw_card_data+2, 2
0x0A60	0x850348  	MOV _raw_card_data+3, 3
;wiegand_26_rfid.c,33 :: 		raw_card_data |= 1;
0x0A63	0x7401    	MOV A, #1
0x0A65	0x48      	ORL A, R0
0x0A66	0xF545    	MOV _raw_card_data, A
0x0A68	0x7400    	MOV A, #0
0x0A6A	0x49      	ORL A, R1
0x0A6B	0xF546    	MOV _raw_card_data+1, A
0x0A6D	0x7400    	MOV A, #0
0x0A6F	0x4A      	ORL A, R2
0x0A70	0xF547    	MOV _raw_card_data+2, A
0x0A72	0x7400    	MOV A, #0
0x0A74	0x4B      	ORL A, R3
0x0A75	0xF548    	MOV _raw_card_data+3, A
;wiegand_26_rfid.c,34 :: 		count++;
0x0A77	0x0544    	INC _count
;wiegand_26_rfid.c,35 :: 		}
0x0A79	0xD083    	POP DPH
0x0A7B	0xD082    	POP DPL
0x0A7D	0xD0F0    	POP B
0x0A7F	0xD0E0    	POP ACC
0x0A81	0xD0D0    	POP PSW
0x0A83	0xD004    	POP R4
0x0A85	0xD003    	POP R3
0x0A87	0xD002    	POP R2
0x0A89	0xD001    	POP R1
0x0A8B	0xD000    	POP R0
0x0A8D	0x32      	RETI
; end of _EXTI_1_ISR
0x0AA7	0x7830    	MOV R0, 48
0x0AA9	0x7919    	MOV R1, 25
0x0AAB	0x75828E  	MOV DPL, 142
0x0AAE	0x75830A  	MOV DPH, 10
0x0AB1	0x120411  	LCALL 1041
0x0AB4	0x22      	RET
;wiegand_26_rfid.c,0 :: ?ICS?lstr2_wiegand_26_rfid
0x0A8E	0x436172 ;?ICS?lstr2_wiegand_26_rfid+0
0x0A91	0x642049 ;?ICS?lstr2_wiegand_26_rfid+3
0x0A94	0x2E443A ;?ICS?lstr2_wiegand_26_rfid+6
0x0A97	0x00 ;?ICS?lstr2_wiegand_26_rfid+9
; end of ?ICS?lstr2_wiegand_26_rfid
;wiegand_26_rfid.c,0 :: ?ICS?lstr1_wiegand_26_rfid
0x0A98	0x466163 ;?ICS?lstr1_wiegand_26_rfid+0
0x0A9B	0x696C69 ;?ICS?lstr1_wiegand_26_rfid+3
0x0A9E	0x74793A ;?ICS?lstr1_wiegand_26_rfid+6
0x0AA1	0x00 ;?ICS?lstr1_wiegand_26_rfid+9
; end of ?ICS?lstr1_wiegand_26_rfid
;wiegand_26_rfid.c,0 :: ?ICS_count
0x0AA2	0x00 ;?ICS_count+0
; end of ?ICS_count
;wiegand_26_rfid.c,0 :: ?ICS_raw_card_data
0x0AA3	0x000000 ;?ICS_raw_card_data+0
0x0AA6	0x00 ;?ICS_raw_card_data+3
; end of ?ICS_raw_card_data
Symbol List:
//** Routines locations **
//ADDRESS    SIZE    PROCEDURE
//----------------------------------------------
0x0076       [7]    _Delay_1us
0x007D     [203]    _Soft_I2C_Write
0x0148      [21]    _Soft_I2C_Start
0x015D      [50]    _Soft_I2C_Stop
0x018F      [20]    _I2C_bus_write
0x01A3      [12]    _LCD_I2C_write
0x01AF      [12]    _RGB_I2C_write
0x01BB      [23]    _LCD_putchar
0x01D2      [85]    _Div_16x16_U
0x0227     [214]    _Div_32x32_U
0x02FD       [4]    _Oscillator_Init
0x0301      [54]    _Div_16x16_S
0x0337      [24]    _LCD_goto
0x034F      [69]    _Div_32x32_S
0x0394      [10]    _Interrupts_Init
0x039E       [7]    _PCA_Init
0x03A5      [13]    _Port_IO_Init
0x03B2       [4]    _Timer_Init
0x03B6      [16]    _LCD_putstr
0x03C6      [25]    _set_RGB
0x03DF      [24]    _Soft_I2C_Init
0x03F7      [26]    _LCD_clear_home
0x0411       [8]    ___CC2D
0x0419      [11]    _Init_Device
0x0424      [19]    __shl_long
0x0437     [304]    _print_C
0x0567     [127]    _RGB_LCD_init
0x05E6     [902]    _print_I
0x096C      [68]    _EXTI_0_ISR
0x09B0     [134]    _main
0x0A36      [88]    _EXTI_1_ISR
//** Variables locations ** 
//ADDRESS    SIZE    VARIABLE
//----------------------------------------------
0x0000       [1]    R0
0x0001       [1]    R1
0x0002       [1]    R2
0x0003       [1]    R3
0x0004       [1]    R4
0x0005       [1]    R5
0x0006       [1]    R6
0x0007       [1]    R7
0x0008       [0]    __Lib_SoftI2C___StopWaiting
0x0009       [2]    main_card_number_L0
0x000B       [1]    FARG_print_I_x_pos
0x000B       [1]    FARG_print_C_x_pos
0x000C       [1]    FARG_print_C_y_pos
0x000C       [1]    FARG_print_I_y_pos
0x000D       [2]    FARG_print_C_value
0x000D       [4]    FARG_print_I_value
0x000F       [5]    print_C_ch_L0
0x0011       [7]    print_I_ch_L0
0x0018       [1]    FARG_LCD_putstr_lcd_string
0x0018       [1]    FARG_set_RGB_R
0x0018       [1]    FARG_LCD_goto_x_pos
0x0019       [1]    FARG_LCD_goto_y_pos
0x0019       [1]    FARG_set_RGB_G
0x001A       [1]    FARG_set_RGB_B
0x001B       [1]    FARG_RGB_I2C_write_reg
0x001B       [1]    FARG_LCD_putchar_chr
0x001C       [1]    FARG_RGB_I2C_write_value
0x001D       [1]    FARG_LCD_I2C_write_value
0x001E       [1]    FARG_LCD_I2C_write_mode
0x001F       [1]    FARG_I2C_bus_write_address
0x0020       [1]    FARG_I2C_bus_write_value_1
0x0021       [1]    FARG_I2C_bus_write_value_2
0x0022       [1]    FARG_Soft_I2C_Write_data_
0x0023       [2]    Soft_I2C_Write_result_L0
0x0025       [2]    Soft_I2C_Write_temp_L0
0x0030      [10]    ?lstr2_wiegand_26_rfid
0x003A      [10]    ?lstr1_wiegand_26_rfid
0x0044       [1]    _count
0x0045       [4]    _raw_card_data
0x0081       [1]    SP
0x0082       [1]    DPL
0x0083       [1]    DPH
0x0088       [1]    TCON
0x0090       [0]    Soft_I2C_Sda
0x0090       [0]    P1_6_bit
0x0090       [0]    P1_7_bit
0x0090       [0]    Soft_I2C_Scl
0x00A5       [1]    P1MDOUT
0x00A8       [1]    IE
0x00B2       [1]    OSCICN
0x00B8       [1]    IP
0x00D0       [0]    CY_bit
0x00D0       [1]    PSW
0x00D0       [0]    OV_bit
0x00D0       [0]    F0_bit
0x00D4       [1]    P0SKIP
0x00D5       [1]    P1SKIP
0x00D9       [1]    PCA0MD
0x00E0       [1]    ACC
0x00E2       [1]    XBR1
0x00E4       [1]    IT01CF
0x00F0       [1]    B
//** Constants locations ** 
//ADDRESS    SIZE    CONSTANT
//----------------------------------------------
0x0A8E      [10]    ?ICS?lstr2_wiegand_26_rfid
0x0A98      [10]    ?ICS?lstr1_wiegand_26_rfid
0x0AA2       [1]    ?ICS_count
0x0AA3       [4]    ?ICS_raw_card_data
//** Label List: ** 
//----------------------------------------------
  L_LCD_goto0
  L_LCD_goto1
  L_LCD_putchar2
  L_LCD_putchar3
  L_LCD_putchar4
  L_LCD_putstr5
  L_LCD_putstr6
  L_LCD_putstr7
  L_load_custom_symbol8
  L_load_custom_symbol9
  L_load_custom_symbol10
  L_print_C11
  L_print_C12
  L_print_C13
  L_print_C14
  L_print_C15
  L_print_C16
  L_print_C17
  L_print_C18
  L_print_C19
  L_print_C20
  L_print_C21
  L_print_C22
  L_print_C23
  L_print_I24
  L_print_I25
  L_print_I26
  L_print_I27
  L_print_I28
  L_print_I29
  L_print_I30
  L_print_I31
  L_print_I32
  L_print_I33
  L_print_I34
  L_print_I35
  L_print_I36
  L_print_I37
  L_print_I38
  L_print_I39
  L_print_D40
  L_print_D41
  L_print_F42
  L_print_F43
  L_print_F44
  L_print_F45
  L_print_F46
  L_print_F47
  L_print_F48
  L_print_F49
  L_print_F50
  L_print_F51
  L_print_F52
  L_print_F53
  L_print_F54
  L_print_F55
  L_print_F56
  L_print_F57
  L_print_F58
  L_print_F59
  L_print_F60
  L_print_F61
  L_main62
  L_main63
  L_main64
  L__LCD_putchar65
  L__print_C66
  L__print_C67
  L__print_C68
  L__print_I69
  L__print_I70
  L__print_I71
  L__print_F72
  L__print_F73
  L__print_F74
  L__print_F75
  _RGB_LCD_init
  _I2C_bus_write
  _LCD_I2C_write
  _RGB_I2C_write
  _set_RGB
  _LCD_goto
  _LCD_clear_home
  _LCD_putchar
  _LCD_putstr
  _load_custom_symbol
  _print_symbol
  _print_C
  _print_I
  _print_D
  _print_F
  L__print_F76
  L__print_F77
  L__print_F78
  L__print_F79
  L__print_F80
  L__print_F81
  L__print_F82
  L__print_F83
  L__print_F84
  L__print_F85
  L__print_F86
  L__print_F87
  L__print_F88
  L__print_F89
  L__print_F90
  L__print_F91
  L__print_F92
  L__print_F93
  L__print_F94
  L__print_F95
  _EXTI_0_ISR
  _EXTI_1_ISR
  _main
  _PCA_Init
  _Timer_Init
  _Port_IO_Init
  _Oscillator_Init
  _Interrupts_Init
  _Init_Device
  L_Delay_Cyc0
  L_Delay_Cyc1
  L_VDelay_ms2
  L_VDelay_ms3
  L_VDelay_ms4
  L_VDelay_ms5
  _Get_Fosc_kHz
  _Delay_1us
  _Delay_10us
  _Delay_22us
  _Delay_50us
  _Delay_80us
  _Delay_500us
  _Delay_5500us
  _Delay_8ms
  _Delay_10ms
  _Delay_100ms
  _Delay_1sec
  _Delay_Cyc
  _VDelay_ms
  lab_end
  loop_lab
  lab_end1
  lab_loop1
  lab_end2
  lab_loop3
  __Div_8x8_S_Bpositive
  __Div_8x8_S_Apositive
  __Div_8x8_S_Skip_Div
  __Div_8x8_S_div_ret
  __op2hi_not_zero
  __op1hi_not_zero
  __Div_16x16_U_Loop1
  __Div_16x16_U_Lab1
  __Div_16x16_U_div_ret
  __Div_16x16_U_Loop2
  __Div_16x16_U_Lab2
  __Div_16x16_U_Lab3
  __Div_16x16_S_op2hipositive
  __Div_16x16_S_op1hipositive
  __Div_16x16_S_Skip_Udiv
  __Div_16x16_S_div_ret
  __Div_32x32_U_start
  __Div_32x32_U_aux
  __Div_32x32_U_l2
  __Div_32x32_U_l1
  lw_1
  lw_2
  __Div_32x32_U_l3
  lw_3
  __Div_32x32_U_l4
  __Div_32x32_U_IR_l0
  __Div_32x32_U_l5
  __Div_32x32_U_l6
  __Div_32x32_U_l8
  __Div_32x32_U_l7
  __Div_32x32_U_IR_l1
  __Div_32x32_U_l10
  __Div_32x32_U_l9
  __Div_32x32_U_IR_l2
  __Div_32x32_S_l1
  __Div_32x32_S_call_uns
  __Div_32x32_S_l2
  __Div_32x32_S_l3
  __Div_32x32_S_div_ret
  __shl_long
  __shr_longint
  __shr_longword
  _Mul_16x16
  _Mul_32x32
  _Div_8x8_S
  _Div_16x16_U
  _Div_16x16_S
  _Div_32x32_U
  _Div_32x32_S
  L_Soft_I2C_Init0
  L_Soft_I2C_Init1
  L_Soft_I2C_Init2
  L_Soft_I2C_Read3
  L_Soft_I2C_Read4
  L_Soft_I2C_Read5
  L_Soft_I2C_Read6
  L_Soft_I2C_Read7
  L_Soft_I2C_Read8
  L_Soft_I2C_Read9
  L_Soft_I2C_Read10
  L_Soft_I2C_Read11
  L_Soft_I2C_Read12
  L_Soft_I2C_Stop13
  L_Soft_I2C_Stop14
  L_Soft_I2C_Stop15
  L_Soft_I2C_Write16
  L_Soft_I2C_Write17
  L_Soft_I2C_Write18
  L_Soft_I2C_Write19
  L_Soft_I2C_Write20
  L_Soft_I2C_Write21
  L_Soft_I2C_Write22
  L_Soft_I2C_Write23
  L_Soft_I2C_Write24
  L_Soft_I2C_Write25
  L_Soft_I2C_Write26
  _Soft_I2C_Break
  _Soft_I2C_Init
  _Soft_I2C_Read
  L__Soft_I2C_Read27
  L__Soft_I2C_Read28
  _Soft_I2C_Start
  _Soft_I2C_Stop
  _Soft_I2C_Write
  L__Soft_I2C_Write29
  L__Soft_I2C_Write30
  _CC2D_Loop1
  _CC2PD_Loop1
  _CC2XD_Loop1
  ___DoIFC
  ___CC2D
  ___CC2PD
  ___CC2XD
  L_LCD_goto0
  L_LCD_goto1
  L_LCD_putchar2
  L_LCD_putchar3
  L_LCD_putchar4
  L_LCD_putstr5
  L_LCD_putstr6
  L_LCD_putstr7
  L_load_custom_symbol8
  L_load_custom_symbol9
  L_load_custom_symbol10
  L_print_C11
  L_print_C12
  L_print_C13
  L_print_C14
  L_print_C15
  L_print_C16
  L_print_C17
  L_print_C18
  L_print_C19
  L_print_C20
  L_print_C21
  L_print_C22
  L_print_C23
  L_print_I24
  L_print_I25
  L_print_I26
  L_print_I27
  L_print_I28
  L_print_I29
  L_print_I30
  L_print_I31
  L_print_I32
  L_print_I33
  L_print_I34
  L_print_I35
  L_print_I36
  L_print_I37
  L_print_I38
  L_print_I39
  L_print_D40
  L_print_D41
  L_print_F42
  L_print_F43
  L_print_F44
  L_print_F45
  L_print_F46
  L_print_F47
  L_print_F48
  L_print_F49
  L_print_F50
  L_print_F51
  L_print_F52
  L_print_F53
  L_print_F54
  L_print_F55
  L_print_F56
  L_print_F57
  L_print_F58
  L_print_F59
  L_print_F60
  L_print_F61
  L_main62
  L_main63
  L_main64
  L__LCD_putchar65
  L__print_C66
  L__print_C67
  L__print_C68
  L__print_I69
  L__print_I70
  L__print_I71
  L__print_F72
  L__print_F73
  L__print_F74
  L__print_F75
  _RGB_LCD_init
  _I2C_bus_write
  _LCD_I2C_write
  _RGB_I2C_write
  _set_RGB
  _LCD_goto
  _LCD_clear_home
  _LCD_putchar
  _LCD_putstr
  _load_custom_symbol
  _print_symbol
  _print_C
  _print_I
  _print_D
  _print_F
  L__print_F76
  L__print_F77
  L__print_F78
  L__print_F79
  L__print_F80
  L__print_F81
  L__print_F82
  L__print_F83
  L__print_F84
  L__print_F85
  L__print_F86
  L__print_F87
  L__print_F88
  L__print_F89
  L__print_F90
  L__print_F91
  L__print_F92
  L__print_F93
  L__print_F94
  L__print_F95
  _EXTI_0_ISR
  _EXTI_1_ISR
  _main
  _PCA_Init
  _Timer_Init
  _Port_IO_Init
  _Oscillator_Init
  _Interrupts_Init
  _Init_Device
  lab_end
  loop_lab
  lab_end1
  lab_loop1
  lab_end2
  lab_loop3
  __Div_8x8_S_Bpositive
  __Div_8x8_S_Apositive
  __Div_8x8_S_Skip_Div
  __Div_8x8_S_div_ret
  __op2hi_not_zero
  __op1hi_not_zero
  __Div_16x16_U_Loop1
  __Div_16x16_U_Lab1
  __Div_16x16_U_div_ret
  __Div_16x16_U_Loop2
  __Div_16x16_U_Lab2
  __Div_16x16_U_Lab3
  __Div_16x16_S_op2hipositive
  __Div_16x16_S_op1hipositive
  __Div_16x16_S_Skip_Udiv
  __Div_16x16_S_div_ret
  __Div_32x32_U_start
  __Div_32x32_U_aux
  __Div_32x32_U_l2
  __Div_32x32_U_l1
  lw_1
  lw_2
  __Div_32x32_U_l3
  lw_3
  __Div_32x32_U_l4
  __Div_32x32_U_IR_l0
  __Div_32x32_U_l5
  __Div_32x32_U_l6
  __Div_32x32_U_l8
  __Div_32x32_U_l7
  __Div_32x32_U_IR_l1
  __Div_32x32_U_l10
  __Div_32x32_U_l9
  __Div_32x32_U_IR_l2
  __Div_32x32_S_l1
  __Div_32x32_S_call_uns
  __Div_32x32_S_l2
  __Div_32x32_S_l3
  __Div_32x32_S_div_ret
  __shl_long
  __shr_longint
  __shr_longword
  _Mul_16x16
  _Mul_32x32
  _Div_8x8_S
  _Div_16x16_U
  _Div_16x16_S
  _Div_32x32_U
  _Div_32x32_S
  L_LCD_goto0
  L_LCD_goto1
  L_LCD_putchar2
  L_LCD_putchar3
  L_LCD_putchar4
  L_LCD_putstr5
  L_LCD_putstr6
  L_LCD_putstr7
  L_load_custom_symbol8
  L_load_custom_symbol9
  L_load_custom_symbol10
  L_print_C11
  L_print_C12
  L_print_C13
  L_print_C14
  L_print_C15
  L_print_C16
  L_print_C17
  L_print_C18
  L_print_C19
  L_print_C20
  L_print_C21
  L_print_C22
  L_print_C23
  L_print_I24
  L_print_I25
  L_print_I26
  L_print_I27
  L_print_I28
  L_print_I29
  L_print_I30
  L_print_I31
  L_print_I32
  L_print_I33
  L_print_I34
  L_print_I35
  L_print_I36
  L_print_I37
  L_print_I38
  L_print_I39
  L_print_D40
  L_print_D41
  L_print_F42
  L_print_F43
  L_print_F44
  L_print_F45
  L_print_F46
  L_print_F47
  L_print_F48
  L_print_F49
  L_print_F50
  L_print_F51
  L_print_F52
  L_print_F53
  L_print_F54
  L_print_F55
  L_print_F56
  L_print_F57
  L_print_F58
  L_print_F59
  L_print_F60
  L_print_F61
  L_main62
  L_main63
  L_main64
  L__LCD_putchar65
  L__print_C66
  L__print_C67
  L__print_C68
  L__print_I69
  L__print_I70
  L__print_I71
  L__print_F72
  L__print_F73
  L__print_F74
  L__print_F75
  _RGB_LCD_init
  _I2C_bus_write
  _LCD_I2C_write
  _RGB_I2C_write
  _set_RGB
  _LCD_goto
  _LCD_clear_home
  _LCD_putchar
  _LCD_putstr
  _load_custom_symbol
  _print_symbol
  _print_C
  _print_I
  _print_D
  _print_F
  L__print_F76
  L__print_F77
  L__print_F78
  L__print_F79
  L__print_F80
  L__print_F81
  L__print_F82
  L__print_F83
  L__print_F84
  L__print_F85
  L__print_F86
  L__print_F87
  L__print_F88
  L__print_F89
  L__print_F90
  L__print_F91
  L__print_F92
  L__print_F93
  L__print_F94
  L__print_F95
  _EXTI_0_ISR
  _EXTI_1_ISR
  _main
  _PCA_Init
  _Timer_Init
  _Port_IO_Init
  _Oscillator_Init
  _Interrupts_Init
  _Init_Device
