;  LST file generated by mikroListExporter - v.2.0 
; Date/Time: 16-Jul-22 02:16:53 PM
;----------------------------------------------

;Address Opcode 	ASM
0x0000	0x02060A  	LJMP 1546
0x0003	0x020000  	LJMP 0
0x0006	0x00      	NOP
0x0007	0x00      	NOP
0x0008	0x00      	NOP
0x0009	0x00      	NOP
0x000A	0x00      	NOP
0x000B	0x020000  	LJMP 0
0x000E	0x00      	NOP
0x000F	0x00      	NOP
0x0010	0x00      	NOP
0x0011	0x00      	NOP
0x0012	0x00      	NOP
0x0013	0x020000  	LJMP 0
0x0016	0x00      	NOP
0x0017	0x00      	NOP
0x0018	0x00      	NOP
0x0019	0x00      	NOP
0x001A	0x00      	NOP
0x001B	0x020000  	LJMP 0
0x001E	0x00      	NOP
0x001F	0x00      	NOP
0x0020	0x00      	NOP
0x0021	0x00      	NOP
0x0022	0x00      	NOP
0x0023	0x020000  	LJMP 0
0x0026	0x00      	NOP
0x0027	0x00      	NOP
0x0028	0x00      	NOP
0x0029	0x00      	NOP
0x002A	0x00      	NOP
0x002B	0x020000  	LJMP 0
0x002E	0x00      	NOP
0x002F	0x00      	NOP
0x0030	0x00      	NOP
0x0031	0x00      	NOP
0x0032	0x00      	NOP
0x0033	0x020000  	LJMP 0
0x0036	0x00      	NOP
0x0037	0x00      	NOP
0x0038	0x00      	NOP
0x0039	0x00      	NOP
0x003A	0x00      	NOP
0x003B	0x020000  	LJMP 0
0x003E	0x00      	NOP
0x003F	0x00      	NOP
0x0040	0x00      	NOP
0x0041	0x00      	NOP
0x0042	0x00      	NOP
0x0043	0x020000  	LJMP 0
0x0046	0x00      	NOP
0x0047	0x00      	NOP
0x0048	0x00      	NOP
0x0049	0x00      	NOP
0x004A	0x00      	NOP
0x004B	0x020000  	LJMP 0
0x004E	0x00      	NOP
0x004F	0x00      	NOP
0x0050	0x00      	NOP
0x0051	0x00      	NOP
0x0052	0x00      	NOP
0x0053	0x020000  	LJMP 0
0x0056	0x00      	NOP
0x0057	0x00      	NOP
0x0058	0x00      	NOP
0x0059	0x00      	NOP
0x005A	0x00      	NOP
0x005B	0x020000  	LJMP 0
0x005E	0x00      	NOP
0x005F	0x00      	NOP
0x0060	0x00      	NOP
0x0061	0x00      	NOP
0x0062	0x00      	NOP
0x0063	0x020000  	LJMP 0
0x0066	0x00      	NOP
0x0067	0x00      	NOP
0x0068	0x00      	NOP
0x0069	0x00      	NOP
0x006A	0x00      	NOP
0x006B	0x020000  	LJMP 0
0x006E	0x00      	NOP
0x006F	0x00      	NOP
0x0070	0x00      	NOP
0x0071	0x00      	NOP
0x0072	0x00      	NOP
0x0073	0x02069C  	LJMP 1692
_Port_IO_Init:
;ir_tx.c,159 :: 		void Port_IO_Init(void)
;ir_tx.c,179 :: 		P0MDOUT = 0x12;
0x0076	0x75A412  	MOV P0MDOUT, #18
;ir_tx.c,180 :: 		P1MDOUT = 0xE0;
0x0079	0x75A5E0  	MOV P1MDOUT, #224
;ir_tx.c,181 :: 		P1SKIP = 0xE0;
0x007C	0x75D5E0  	MOV P1SKIP, #224
;ir_tx.c,182 :: 		XBR0 = 0x01;
0x007F	0x75E101  	MOV XBR0, #1
;ir_tx.c,183 :: 		XBR1 = 0x42;
0x0082	0x75E242  	MOV XBR1, #66
;ir_tx.c,184 :: 		}
0x0085	0x22      	RET
; end of _Port_IO_Init
_Voltage_Reference_Init:
;ir_tx.c,153 :: 		void Voltage_Reference_Init(void)
;ir_tx.c,155 :: 		REF0CN = 0x0F;
0x0086	0x75D10F  	MOV REF0CN, #15
;ir_tx.c,156 :: 		}
0x0089	0x22      	RET
; end of _Voltage_Reference_Init
_Interrupts_Init:
;ir_tx.c,193 :: 		void Interrupts_Init(void)
;ir_tx.c,195 :: 		IE = 0x80;
0x008A	0x75A880  	MOV IE, #128
;ir_tx.c,196 :: 		EIE1 = 0x80;
0x008D	0x75E680  	MOV EIE1, #128
;ir_tx.c,197 :: 		}
0x0090	0x22      	RET
; end of _Interrupts_Init
_Oscillator_Init:
;ir_tx.c,187 :: 		void Oscillator_Init(void)
;ir_tx.c,189 :: 		OSCICN = 0x81;
0x0091	0x75B281  	MOV OSCICN, #129
;ir_tx.c,190 :: 		}
0x0094	0x22      	RET
; end of _Oscillator_Init
_Timer_Init:
;ir_tx.c,130 :: 		void Timer_Init(void)
;ir_tx.c,132 :: 		TMR3CN = 0x04;
0x0095	0x759104  	MOV TMR3CN, #4
;ir_tx.c,133 :: 		TMR3RLL = 0x01;
0x0098	0x759201  	MOV TMR3RLL, #1
;ir_tx.c,134 :: 		TMR3RLH = 0xFE;
0x009B	0x7593FE  	MOV TMR3RLH, #254
;ir_tx.c,135 :: 		}
0x009E	0x22      	RET
; end of _Timer_Init
_Add_32x32_FP:
;__Lib_MathDouble.c,12 :: 		
;__Lib_MathDouble.c,14 :: 		
0x009F	0x8003    	SJMP __Add_32x32_FP_start
;__Lib_MathDouble.c,16 :: 		
__Add_32x32_FP_ripi_dugo:
;__Lib_MathDouble.c,17 :: 		
0x00A1	0x0201C6  	LJMP __Add_32x32_FP_res_beskonacno
;__Lib_MathDouble.c,19 :: 		
__Add_32x32_FP_start:
;__Lib_MathDouble.c,20 :: 		
0x00A4	0xEE      	MOV A, R6
;__Lib_MathDouble.c,21 :: 		
0x00A5	0x33      	RLC A
;__Lib_MathDouble.c,22 :: 		
0x00A6	0xEF      	MOV A, R7
;__Lib_MathDouble.c,23 :: 		
0x00A7	0x33      	RLC A
;__Lib_MathDouble.c,24 :: 		
0x00A8	0x6011    	JZ __Add_32x32_FP_mant0
;__Lib_MathDouble.c,25 :: 		
0x00AA	0x04      	INC A
;__Lib_MathDouble.c,26 :: 		
0x00AB	0x60F4    	JZ __Add_32x32_FP_ripi_dugo
;__Lib_MathDouble.c,28 :: 		
0x00AD	0xEA      	MOV A, R2
;__Lib_MathDouble.c,29 :: 		
0x00AE	0x33      	RLC A
;__Lib_MathDouble.c,30 :: 		
0x00AF	0xEB      	MOV A, R3
;__Lib_MathDouble.c,31 :: 		
0x00B0	0x33      	RLC A
;__Lib_MathDouble.c,32 :: 		
0x00B1	0x7009    	JNZ __Add_32x32_FP_mant_ne_0
;__Lib_MathDouble.c,34 :: 		
0x00B3	0xEF      	MOV A, R7
;__Lib_MathDouble.c,35 :: 		
0x00B4	0xFB      	MOV R3, A
;__Lib_MathDouble.c,36 :: 		
0x00B5	0xEE      	MOV A, R6
;__Lib_MathDouble.c,37 :: 		
0x00B6	0xFA      	MOV R2, A
;__Lib_MathDouble.c,38 :: 		
0x00B7	0xED      	MOV A, R5
;__Lib_MathDouble.c,39 :: 		
0x00B8	0xF9      	MOV R1, A
;__Lib_MathDouble.c,40 :: 		
0x00B9	0xEC      	MOV A, R4
;__Lib_MathDouble.c,41 :: 		
0x00BA	0xF8      	MOV R0, A
;__Lib_MathDouble.c,43 :: 		
__Add_32x32_FP_mant0:
;__Lib_MathDouble.c,44 :: 		
0x00BB	0x22      	RET
;__Lib_MathDouble.c,46 :: 		
__Add_32x32_FP_mant_ne_0:
;__Lib_MathDouble.c,47 :: 		
0x00BC	0x04      	INC A
;__Lib_MathDouble.c,48 :: 		
0x00BD	0x60E2    	JZ __Add_32x32_FP_ripi_dugo
;__Lib_MathDouble.c,50 :: 		
0x00BF	0xD3      	SETB C
;__Lib_MathDouble.c,51 :: 		
0x00C0	0xEC      	MOV A, R4
;__Lib_MathDouble.c,52 :: 		
0x00C1	0x98      	SUBB A, R0
;__Lib_MathDouble.c,53 :: 		
0x00C2	0xED      	MOV A, R5
;__Lib_MathDouble.c,54 :: 		
0x00C3	0x99      	SUBB A, R1
;__Lib_MathDouble.c,55 :: 		
0x00C4	0xEE      	MOV A, R6
;__Lib_MathDouble.c,56 :: 		
0x00C5	0x9A      	SUBB A, R2
;__Lib_MathDouble.c,57 :: 		
0x00C6	0xEF      	MOV A, R7
;__Lib_MathDouble.c,58 :: 		
0x00C7	0xC2E7    	CLR 231.B0
;__Lib_MathDouble.c,59 :: 		
0x00C9	0x8BF0    	MOV B, R3
;__Lib_MathDouble.c,60 :: 		
0x00CB	0xC2F7    	CLR 247.B0
;__Lib_MathDouble.c,61 :: 		
0x00CD	0x95F0    	SUBB A, B
;__Lib_MathDouble.c,62 :: 		
0x00CF	0x400C    	JC __Add_32x32_FP_l1
;__Lib_MathDouble.c,63 :: 		
0x00D1	0xEF      	MOV A, R7
;__Lib_MathDouble.c,64 :: 		
0x00D2	0xCB      	XCH A, R3
;__Lib_MathDouble.c,65 :: 		
0x00D3	0xFF      	MOV R7, A
;__Lib_MathDouble.c,66 :: 		
0x00D4	0xEE      	MOV A, R6
;__Lib_MathDouble.c,67 :: 		
0x00D5	0xCA      	XCH A, R2
;__Lib_MathDouble.c,68 :: 		
0x00D6	0xFE      	MOV R6, A
;__Lib_MathDouble.c,69 :: 		
0x00D7	0xED      	MOV A, R5
;__Lib_MathDouble.c,70 :: 		
0x00D8	0xC9      	XCH A, R1
;__Lib_MathDouble.c,71 :: 		
0x00D9	0xFD      	MOV R5, A
;__Lib_MathDouble.c,72 :: 		
0x00DA	0xEC      	MOV A, R4
;__Lib_MathDouble.c,73 :: 		
0x00DB	0xC8      	XCH A, R0
;__Lib_MathDouble.c,74 :: 		
0x00DC	0xFC      	MOV R4, A
;__Lib_MathDouble.c,76 :: 		
__Add_32x32_FP_l1:
;__Lib_MathDouble.c,77 :: 		
0x00DD	0x120191  	LCALL __Add_32x32_FP_l2
;__Lib_MathDouble.c,80 :: 		
0x00E0	0x85D0F0  	MOV B, PSW+0
;__Lib_MathDouble.c,81 :: 		
0x00E3	0x5F      	ANL A, R7
;__Lib_MathDouble.c,82 :: 		
0x00E4	0x04      	INC A
;__Lib_MathDouble.c,83 :: 		
0x00E5	0x7003    	JNZ __Add_32x32_FP_l3
;__Lib_MathDouble.c,84 :: 		
0x00E7	0x20D5B7  	JB F0_bit, __Add_32x32_FP_ripi_dugo
;__Lib_MathDouble.c,86 :: 		
__Add_32x32_FP_l3:
;__Lib_MathDouble.c,87 :: 		
0x00EA	0xEF      	MOV A, R7
;__Lib_MathDouble.c,88 :: 		
0x00EB	0x04      	INC A
;__Lib_MathDouble.c,89 :: 		
0x00EC	0x7007    	JNZ __Add_32x32_FP_l5
;__Lib_MathDouble.c,90 :: 		
0x00EE	0x5002    	JNC __Add_32x32_FP_l4
;__Lib_MathDouble.c,91 :: 		
0x00F0	0xB2D5    	CPL F0_bit
;__Lib_MathDouble.c,93 :: 		
__Add_32x32_FP_l4:
;__Lib_MathDouble.c,94 :: 		
0x00F2	0x0201D0  	LJMP __Add_32x32_FP_l6
;__Lib_MathDouble.c,96 :: 		
__Add_32x32_FP_l5:
;__Lib_MathDouble.c,97 :: 		
0x00F5	0x92D5    	MOV F0_bit, C
;__Lib_MathDouble.c,98 :: 		
0x00F7	0xEB      	MOV A, R3
;__Lib_MathDouble.c,99 :: 		
0x00F8	0x04      	INC A
;__Lib_MathDouble.c,100 :: 		
0x00F9	0x60F7    	JZ __Add_32x32_FP_l4
;__Lib_MathDouble.c,101 :: 		
0x00FB	0xE4      	CLR A
;__Lib_MathDouble.c,102 :: 		
0x00FC	0xCB      	XCH A, R3
;__Lib_MathDouble.c,103 :: 		
0x00FD	0xC0E0    	PUSH ACC
;__Lib_MathDouble.c,104 :: 		
0x00FF	0xC3      	CLR C
;__Lib_MathDouble.c,105 :: 		
0x0100	0x9F      	SUBB A, R7
;__Lib_MathDouble.c,106 :: 		
0x0101	0xFF      	MOV R7, A
;__Lib_MathDouble.c,107 :: 		
0x0102	0x603B    	JZ __Add_32x32_FP_l7
;__Lib_MathDouble.c,108 :: 		
0x0104	0x9418    	SUBB A, 24
;__Lib_MathDouble.c,109 :: 		
0x0106	0x6008    	JZ __Add_32x32_FP_l8
;__Lib_MathDouble.c,110 :: 		
0x0108	0x400D    	JC __Add_32x32_FP_l9
;__Lib_MathDouble.c,111 :: 		
0x010A	0xD0E0    	POP ACC
;__Lib_MathDouble.c,112 :: 		
0x010C	0xFC      	MOV R4, A
;__Lib_MathDouble.c,113 :: 		
0x010D	0x0201A8  	LJMP __Add_32x32_FP_l10
;__Lib_MathDouble.c,115 :: 		
__Add_32x32_FP_l8:
;__Lib_MathDouble.c,116 :: 		
0x0110	0xE4      	CLR A
;__Lib_MathDouble.c,117 :: 		
0x0111	0xFC      	MOV R4, A
;__Lib_MathDouble.c,118 :: 		
0x0112	0xFD      	MOV R5, A
;__Lib_MathDouble.c,119 :: 		
0x0113	0xCE      	XCH A, R6
;__Lib_MathDouble.c,120 :: 		
0x0114	0xFB      	MOV R3, A
;__Lib_MathDouble.c,121 :: 		
0x0115	0x8028    	SJMP __Add_32x32_FP_l7
;__Lib_MathDouble.c,123 :: 		
__Add_32x32_FP_l9:
;__Lib_MathDouble.c,124 :: 		
0x0117	0xEF      	MOV A, R7
;__Lib_MathDouble.c,125 :: 		
0x0118	0x30E406  	JNB IT01CF, __Add_32x32_FP_l11
;__Lib_MathDouble.c,126 :: 		
0x011B	0xE4      	CLR A
;__Lib_MathDouble.c,127 :: 		
0x011C	0xCE      	XCH A, R6
;__Lib_MathDouble.c,128 :: 		
0x011D	0xFC      	MOV R4, A
;__Lib_MathDouble.c,129 :: 		
0x011E	0xE4      	CLR A
;__Lib_MathDouble.c,130 :: 		
0x011F	0xCD      	XCH A, R5
;__Lib_MathDouble.c,131 :: 		
0x0120	0xFB      	MOV R3, A
;__Lib_MathDouble.c,133 :: 		
__Add_32x32_FP_l11:
;__Lib_MathDouble.c,134 :: 		
0x0121	0xEF      	MOV A, R7
;__Lib_MathDouble.c,135 :: 		
0x0122	0x30E305  	JNB OSCLCN, __Add_32x32_FP_l12
;__Lib_MathDouble.c,136 :: 		
0x0125	0xE4      	CLR A
;__Lib_MathDouble.c,137 :: 		
0x0126	0xCE      	XCH A, R6
;__Lib_MathDouble.c,138 :: 		
0x0127	0xCD      	XCH A, R5
;__Lib_MathDouble.c,139 :: 		
0x0128	0xCC      	XCH A, R4
;__Lib_MathDouble.c,140 :: 		
0x0129	0xFB      	MOV R3, A
;__Lib_MathDouble.c,142 :: 		
__Add_32x32_FP_l12:
;__Lib_MathDouble.c,143 :: 		
0x012A	0xEF      	MOV A, R7
;__Lib_MathDouble.c,144 :: 		
0x012B	0x5407    	ANL A, 7
;__Lib_MathDouble.c,145 :: 		
0x012D	0x6010    	JZ __Add_32x32_FP_l7
;__Lib_MathDouble.c,146 :: 		
0x012F	0xFF      	MOV R7, A
;__Lib_MathDouble.c,148 :: 		
__Add_32x32_FP_l13:
;__Lib_MathDouble.c,149 :: 		
0x0130	0xC3      	CLR C
;__Lib_MathDouble.c,150 :: 		
0x0131	0xEE      	MOV A, R6
;__Lib_MathDouble.c,151 :: 		
0x0132	0x13      	RRC A
;__Lib_MathDouble.c,152 :: 		
0x0133	0xFE      	MOV R6, A
;__Lib_MathDouble.c,153 :: 		
0x0134	0xED      	MOV A, R5
;__Lib_MathDouble.c,154 :: 		
0x0135	0x13      	RRC A
;__Lib_MathDouble.c,155 :: 		
0x0136	0xFD      	MOV R5, A
;__Lib_MathDouble.c,156 :: 		
0x0137	0xEC      	MOV A, R4
;__Lib_MathDouble.c,157 :: 		
0x0138	0x13      	RRC A
;__Lib_MathDouble.c,158 :: 		
0x0139	0xFC      	MOV R4, A
;__Lib_MathDouble.c,159 :: 		
0x013A	0xEB      	MOV A, R3
;__Lib_MathDouble.c,160 :: 		
0x013B	0x13      	RRC A
;__Lib_MathDouble.c,161 :: 		
0x013C	0xFB      	MOV R3, A
;__Lib_MathDouble.c,162 :: 		
0x013D	0xDFF1    	DJNZ R7, __Add_32x32_FP_l13
;__Lib_MathDouble.c,164 :: 		
__Add_32x32_FP_l7:
;__Lib_MathDouble.c,165 :: 		
0x013F	0x30F52D  	JNB 245, __Add_32x32_FP_l14
;__Lib_MathDouble.c,166 :: 		
0x0142	0xC3      	CLR C
;__Lib_MathDouble.c,167 :: 		
0x0143	0xE4      	CLR A
;__Lib_MathDouble.c,168 :: 		
0x0144	0x9B      	SUBB A, R3
;__Lib_MathDouble.c,169 :: 		
0x0145	0xFB      	MOV R3, A
;__Lib_MathDouble.c,170 :: 		
0x0146	0xE8      	MOV A, R0
;__Lib_MathDouble.c,171 :: 		
0x0147	0x9C      	SUBB A, R4
;__Lib_MathDouble.c,172 :: 		
0x0148	0xF8      	MOV R0, A
;__Lib_MathDouble.c,173 :: 		
0x0149	0xE9      	MOV A, R1
;__Lib_MathDouble.c,174 :: 		
0x014A	0x9D      	SUBB A, R5
;__Lib_MathDouble.c,175 :: 		
0x014B	0xF9      	MOV R1, A
;__Lib_MathDouble.c,176 :: 		
0x014C	0xEA      	MOV A, R2
;__Lib_MathDouble.c,177 :: 		
0x014D	0x9E      	SUBB A, R6
;__Lib_MathDouble.c,178 :: 		
0x014E	0xFA      	MOV R2, A
;__Lib_MathDouble.c,179 :: 		
0x014F	0xD0E0    	POP ACC
;__Lib_MathDouble.c,180 :: 		
0x0151	0xFC      	MOV R4, A
;__Lib_MathDouble.c,181 :: 		
0x0152	0xE8      	MOV A, R0
;__Lib_MathDouble.c,182 :: 		
0x0153	0x49      	ORL A, R1
;__Lib_MathDouble.c,183 :: 		
0x0154	0x4A      	ORL A, R2
;__Lib_MathDouble.c,184 :: 		
0x0155	0x4B      	ORL A, R3
;__Lib_MathDouble.c,185 :: 		
0x0156	0x7011    	JNZ __Add_32x32_FP_l15
;__Lib_MathDouble.c,186 :: 		
0x0158	0x22      	RET
;__Lib_MathDouble.c,188 :: 		
__Add_32x32_FP_l18:
;__Lib_MathDouble.c,189 :: 		
0x0159	0xDC02    	DJNZ R4, __Add_32x32_FP_l16
;__Lib_MathDouble.c,190 :: 		
0x015B	0x8070    	SJMP __Add_32x32_FP_l17
;__Lib_MathDouble.c,192 :: 		
__Add_32x32_FP_l16:
;__Lib_MathDouble.c,193 :: 		
0x015D	0xEB      	MOV A, R3
;__Lib_MathDouble.c,194 :: 		
0x015E	0x2B      	ADD A, R3
;__Lib_MathDouble.c,195 :: 		
0x015F	0xFB      	MOV R3, A
;__Lib_MathDouble.c,196 :: 		
0x0160	0xE8      	MOV A, R0
;__Lib_MathDouble.c,197 :: 		
0x0161	0x33      	RLC A
;__Lib_MathDouble.c,198 :: 		
0x0162	0xF8      	MOV R0, A
;__Lib_MathDouble.c,199 :: 		
0x0163	0xE9      	MOV A, R1
;__Lib_MathDouble.c,200 :: 		
0x0164	0x33      	RLC A
;__Lib_MathDouble.c,201 :: 		
0x0165	0xF9      	MOV R1, A
;__Lib_MathDouble.c,202 :: 		
0x0166	0xEA      	MOV A, R2
;__Lib_MathDouble.c,203 :: 		
0x0167	0x33      	RLC A
;__Lib_MathDouble.c,204 :: 		
0x0168	0xFA      	MOV R2, A
;__Lib_MathDouble.c,206 :: 		
__Add_32x32_FP_l15:
;__Lib_MathDouble.c,207 :: 		
0x0169	0xEA      	MOV A, R2
;__Lib_MathDouble.c,208 :: 		
0x016A	0x30E7EC  	JNB 231, __Add_32x32_FP_l18
;__Lib_MathDouble.c,209 :: 		
0x016D	0x8039    	SJMP __Add_32x32_FP_l10
;__Lib_MathDouble.c,211 :: 		
__Add_32x32_FP_l14:
;__Lib_MathDouble.c,212 :: 		
0x016F	0xE8      	MOV A, R0
;__Lib_MathDouble.c,213 :: 		
0x0170	0x2C      	ADD A, R4
;__Lib_MathDouble.c,214 :: 		
0x0171	0xF8      	MOV R0, A
;__Lib_MathDouble.c,215 :: 		
0x0172	0xE9      	MOV A, R1
;__Lib_MathDouble.c,216 :: 		
0x0173	0x3D      	ADDC A, R5
;__Lib_MathDouble.c,217 :: 		
0x0174	0xF9      	MOV R1, A
;__Lib_MathDouble.c,218 :: 		
0x0175	0xEA      	MOV A, R2
;__Lib_MathDouble.c,219 :: 		
0x0176	0x3E      	ADDC A, R6
;__Lib_MathDouble.c,220 :: 		
0x0177	0xFA      	MOV R2, A
;__Lib_MathDouble.c,221 :: 		
0x0178	0xD0E0    	POP ACC
;__Lib_MathDouble.c,222 :: 		
0x017A	0xFC      	MOV R4, A
;__Lib_MathDouble.c,223 :: 		
0x017B	0x5012    	JNC __Add_32x32_FP_l19
;__Lib_MathDouble.c,224 :: 		
0x017D	0x0C      	INC R4
;__Lib_MathDouble.c,225 :: 		
0x017E	0xBC0002  	CJNE R4, 0, __Add_32x32_FP_l20
;__Lib_MathDouble.c,226 :: 		
0x0181	0x804D    	SJMP __Add_32x32_FP_l6
;__Lib_MathDouble.c,228 :: 		
__Add_32x32_FP_l20:
;__Lib_MathDouble.c,229 :: 		
0x0183	0xEA      	MOV A, R2
;__Lib_MathDouble.c,230 :: 		
0x0184	0x13      	RRC A
;__Lib_MathDouble.c,231 :: 		
0x0185	0xFA      	MOV R2, A
;__Lib_MathDouble.c,232 :: 		
0x0186	0xE9      	MOV A, R1
;__Lib_MathDouble.c,233 :: 		
0x0187	0x13      	RRC A
;__Lib_MathDouble.c,234 :: 		
0x0188	0xF9      	MOV R1, A
;__Lib_MathDouble.c,235 :: 		
0x0189	0xE8      	MOV A, R0
;__Lib_MathDouble.c,236 :: 		
0x018A	0x13      	RRC A
;__Lib_MathDouble.c,237 :: 		
0x018B	0xF8      	MOV R0, A
;__Lib_MathDouble.c,238 :: 		
0x018C	0xEB      	MOV A, R3
;__Lib_MathDouble.c,239 :: 		
0x018D	0x13      	RRC A
;__Lib_MathDouble.c,240 :: 		
0x018E	0xFB      	MOV R3, A
;__Lib_MathDouble.c,242 :: 		
__Add_32x32_FP_l19:
;__Lib_MathDouble.c,243 :: 		
0x018F	0x8017    	SJMP __Add_32x32_FP_l10
;__Lib_MathDouble.c,245 :: 		
__Add_32x32_FP_l2:
;__Lib_MathDouble.c,246 :: 		
0x0191	0xEE      	MOV A, R6
;__Lib_MathDouble.c,247 :: 		
0x0192	0xD2E7    	SETB 231.B0
;__Lib_MathDouble.c,248 :: 		
0x0194	0xCE      	XCH A, R6
;__Lib_MathDouble.c,249 :: 		
0x0195	0x33      	RLC A
;__Lib_MathDouble.c,250 :: 		
0x0196	0xEF      	MOV A, R7
;__Lib_MathDouble.c,251 :: 		
0x0197	0x33      	RLC A
;__Lib_MathDouble.c,252 :: 		
0x0198	0xFF      	MOV R7, A
;__Lib_MathDouble.c,253 :: 		
0x0199	0x92D5    	MOV F0_bit, C
;__Lib_MathDouble.c,254 :: 		
0x019B	0xEA      	MOV A, R2
;__Lib_MathDouble.c,255 :: 		
0x019C	0xD2E7    	SETB 231.B0
;__Lib_MathDouble.c,256 :: 		
0x019E	0xCA      	XCH A, R2
;__Lib_MathDouble.c,257 :: 		
0x019F	0x33      	RLC A
;__Lib_MathDouble.c,258 :: 		
0x01A0	0xEB      	MOV A, R3
;__Lib_MathDouble.c,259 :: 		
0x01A1	0x33      	RLC A
;__Lib_MathDouble.c,260 :: 		
0x01A2	0xFB      	MOV R3, A
;__Lib_MathDouble.c,261 :: 		
0x01A3	0x5002    	JNC __Add_32x32_FP_l21
;__Lib_MathDouble.c,262 :: 		
0x01A5	0xB2D5    	CPL F0_bit
;__Lib_MathDouble.c,264 :: 		
__Add_32x32_FP_l21:
;__Lib_MathDouble.c,265 :: 		
0x01A7	0x22      	RET
;__Lib_MathDouble.c,267 :: 		
__Add_32x32_FP_l10:
;__Lib_MathDouble.c,268 :: 		
0x01A8	0xEB      	MOV A, R3
;__Lib_MathDouble.c,269 :: 		
0x01A9	0x30E710  	JNB 231, __Add_32x32_FP_l22
;__Lib_MathDouble.c,270 :: 		
0x01AC	0x08      	INC R0
;__Lib_MathDouble.c,271 :: 		
0x01AD	0xB8000C  	CJNE R0, 0, __Add_32x32_FP_l22
;__Lib_MathDouble.c,272 :: 		
0x01B0	0x09      	INC R1
;__Lib_MathDouble.c,273 :: 		
0x01B1	0xB90008  	CJNE R1, 0, __Add_32x32_FP_l22
;__Lib_MathDouble.c,274 :: 		
0x01B4	0x0A      	INC R2
;__Lib_MathDouble.c,275 :: 		
0x01B5	0xBA0004  	CJNE R2, 0, __Add_32x32_FP_l22
;__Lib_MathDouble.c,276 :: 		
0x01B8	0x0C      	INC R4
;__Lib_MathDouble.c,277 :: 		
0x01B9	0xEC      	MOV A, R4
;__Lib_MathDouble.c,278 :: 		
0x01BA	0x6014    	JZ __Add_32x32_FP_l6
;__Lib_MathDouble.c,280 :: 		
__Add_32x32_FP_l22:
;__Lib_MathDouble.c,281 :: 		
0x01BC	0xA2D5    	MOV C, F0_bit
;__Lib_MathDouble.c,282 :: 		
0x01BE	0xEC      	MOV A, R4
;__Lib_MathDouble.c,283 :: 		
0x01BF	0x13      	RRC A
;__Lib_MathDouble.c,284 :: 		
0x01C0	0xFB      	MOV R3, A
;__Lib_MathDouble.c,285 :: 		
0x01C1	0xEA      	MOV A, R2
;__Lib_MathDouble.c,286 :: 		
0x01C2	0x92E7    	MOV 231.B0, C
;__Lib_MathDouble.c,287 :: 		
0x01C4	0xFA      	MOV R2, A
;__Lib_MathDouble.c,288 :: 		
0x01C5	0x22      	RET
;__Lib_MathDouble.c,290 :: 		
__Add_32x32_FP_res_beskonacno:
;__Lib_MathDouble.c,291 :: 		
0x01C6	0x74FF    	MOV A, 255
;__Lib_MathDouble.c,293 :: 		
__Add_32x32_FP_l23:
;__Lib_MathDouble.c,294 :: 		
0x01C8	0xFB      	MOV R3, A
;__Lib_MathDouble.c,295 :: 		
0x01C9	0xFA      	MOV R2, A
;__Lib_MathDouble.c,297 :: 		
__Add_32x32_FP_l24:
;__Lib_MathDouble.c,298 :: 		
0x01CA	0xF9      	MOV R1, A
;__Lib_MathDouble.c,299 :: 		
0x01CB	0xF8      	MOV R0, A
;__Lib_MathDouble.c,300 :: 		
0x01CC	0x22      	RET
;__Lib_MathDouble.c,302 :: 		
__Add_32x32_FP_l17:
;__Lib_MathDouble.c,303 :: 		
0x01CD	0xE4      	CLR A
;__Lib_MathDouble.c,304 :: 		
0x01CE	0x80F8    	SJMP __Add_32x32_FP_l23
;__Lib_MathDouble.c,306 :: 		
__Add_32x32_FP_l6:
;__Lib_MathDouble.c,307 :: 		
0x01D0	0xA2D5    	MOV C, F0_bit
;__Lib_MathDouble.c,308 :: 		
0x01D2	0x74FF    	MOV A, 255
;__Lib_MathDouble.c,309 :: 		
0x01D4	0x13      	RRC A
;__Lib_MathDouble.c,310 :: 		
0x01D5	0xFB      	MOV R3, A
;__Lib_MathDouble.c,311 :: 		
0x01D6	0x7A80    	MOV R2, 128
;__Lib_MathDouble.c,312 :: 		
0x01D8	0xE4      	CLR A
;__Lib_MathDouble.c,313 :: 		
0x01D9	0x80EF    	SJMP __Add_32x32_FP_l24
;__Lib_MathDouble.c,315 :: 		
0x01DB	0x22      	RET
; end of _Add_32x32_FP
_ADC_Init:
;ir_tx.c,144 :: 		void ADC_Init(void)
;ir_tx.c,146 :: 		AMX0P = 0x10;
0x01DC	0x75BB10  	MOV AMX0P, #16
;ir_tx.c,147 :: 		AMX0N = 0x11;
0x01DF	0x75BA11  	MOV AMX0N, #17
;ir_tx.c,148 :: 		ADC0CF = 0xF0;
0x01E2	0x75BCF0  	MOV ADC0CF, #240
;ir_tx.c,149 :: 		ADC0CN = 0x80;
0x01E5	0x75E880  	MOV ADC0CN, #128
;ir_tx.c,150 :: 		}
0x01E8	0x22      	RET
; end of _ADC_Init
_write_74HC595:
;ir_tx.c,213 :: 		void write_74HC595(unsigned char send_data)
;ir_tx.c,215 :: 		signed char clks = 8;
0x01E9	0x751808  	MOV write_74HC595_clks_L0, #8
;ir_tx.c,217 :: 		while(clks > 0)
L_write_74HC5959:
0x01EC	0xD3      	SETB C
0x01ED	0x7400    	MOV A, #0
0x01EF	0x6480    	XRL A, #128
0x01F1	0xF8      	MOV R0, A
0x01F2	0xE518    	MOV A, write_74HC595_clks_L0
0x01F4	0x6480    	XRL A, #128
0x01F6	0x98      	SUBB A, R0
0x01F7	0x4022    	JC L_write_74HC59510
;ir_tx.c,219 :: 		if((send_data & 0x80) == 0x00)
0x01F9	0xE517    	MOV A, FARG_write_74HC595_send_data
0x01FB	0x5480    	ANL A, #128
0x01FD	0xF9      	MOV R1, A
0x01FE	0x7004    	JNZ L_write_74HC59511
;ir_tx.c,221 :: 		LED_DOUT = 0;
0x0200	0xC296    	CLR P1_6_bit
;ir_tx.c,222 :: 		}
0x0202	0x8002    	SJMP L_write_74HC59512
L_write_74HC59511:
;ir_tx.c,225 :: 		LED_DOUT = 1;
0x0204	0xD296    	SETB P1_6_bit
;ir_tx.c,226 :: 		}
L_write_74HC59512:
;ir_tx.c,228 :: 		LED_CLK = 0;
0x0206	0xC295    	CLR P1_5_bit
;ir_tx.c,229 :: 		send_data <<= 1;
0x0208	0x7801    	MOV R0, #1
0x020A	0xE517    	MOV A, FARG_write_74HC595_send_data
0x020C	0x08      	INC R0
0x020D	0x8002    	SJMP L__write_74HC59513
L__write_74HC59514:
0x020F	0xC3      	CLR C
0x0210	0x33      	RLC A
L__write_74HC59513:
0x0211	0xD8FC    	DJNZ R0, L__write_74HC59514
0x0213	0xF517    	MOV FARG_write_74HC595_send_data, A
;ir_tx.c,230 :: 		clks--;
0x0215	0x1518    	DEC write_74HC595_clks_L0
;ir_tx.c,231 :: 		LED_CLK = 1;
0x0217	0xD295    	SETB P1_5_bit
;ir_tx.c,232 :: 		}
0x0219	0x80D1    	SJMP L_write_74HC5959
L_write_74HC59510:
;ir_tx.c,233 :: 		}
0x021B	0x22      	RET
; end of _write_74HC595
_PCA_Init:
;ir_tx.c,120 :: 		void PCA_Init(void)
;ir_tx.c,122 :: 		PCA0CN = 0x40;
0x021C	0x75D840  	MOV PCA0CN, #64
;ir_tx.c,123 :: 		PCA0MD &= ~0x40;
0x021F	0x53D9BF  	ANL PCA0MD, #191
;ir_tx.c,124 :: 		PCA0MD = 0x02;
0x0222	0x75D902  	MOV PCA0MD, #2
;ir_tx.c,125 :: 		PCA0CPM1 = 0x46;
0x0225	0x75DB46  	MOV PCA0CPM1, #70
;ir_tx.c,126 :: 		PCA0CPH1 = 0x14;
0x0228	0x75EA14  	MOV PCA0CPH1, #20
;ir_tx.c,127 :: 		}
0x022B	0x22      	RET
; end of _PCA_Init
_level2Double:
;__Lib_MathDouble.c,978 :: 		
;__Lib_MathDouble.c,981 :: 		
0x022C	0x33      	RLC A
;__Lib_MathDouble.c,982 :: 		
0x022D	0x92D5    	MOV F0_bit, C
;__Lib_MathDouble.c,983 :: 		
0x022F	0x30D503  	JNB F0_bit, __Byte2Double_l1
;__Lib_MathDouble.c,984 :: 		
0x0232	0x120257  	LCALL __Byte2Double_l2
;__Lib_MathDouble.c,986 :: 		
__Byte2Double_l1:
;__Lib_MathDouble.c,987 :: 		
0x0235	0xEB      	MOV A, R3
;__Lib_MathDouble.c,988 :: 		
0x0236	0x33      	RLC A
;__Lib_MathDouble.c,989 :: 		
0x0237	0x4010    	JC __Byte2Double_l3
;__Lib_MathDouble.c,990 :: 		
0x0239	0xE8      	MOV A, R0
;__Lib_MathDouble.c,991 :: 		
0x023A	0x33      	RLC A
;__Lib_MathDouble.c,992 :: 		
0x023B	0xF8      	MOV R0, A
;__Lib_MathDouble.c,993 :: 		
0x023C	0xE9      	MOV A, R1
;__Lib_MathDouble.c,994 :: 		
0x023D	0x33      	RLC A
;__Lib_MathDouble.c,995 :: 		
0x023E	0xF9      	MOV R1, A
;__Lib_MathDouble.c,996 :: 		
0x023F	0xEA      	MOV A, R2
;__Lib_MathDouble.c,997 :: 		
0x0240	0x33      	RLC A
;__Lib_MathDouble.c,998 :: 		
0x0241	0xFA      	MOV R2, A
;__Lib_MathDouble.c,999 :: 		
0x0242	0xEB      	MOV A, R3
;__Lib_MathDouble.c,1000 :: 		
0x0243	0x33      	RLC A
;__Lib_MathDouble.c,1001 :: 		
0x0244	0xFB      	MOV R3, A
;__Lib_MathDouble.c,1002 :: 		
0x0245	0xD5F0ED  	DJNZ B, __Byte2Double_l1
;__Lib_MathDouble.c,1003 :: 		
0x0248	0x22      	RET
;__Lib_MathDouble.c,1005 :: 		
__Byte2Double_l3:
;__Lib_MathDouble.c,1006 :: 		
0x0249	0xE5F0    	MOV A, B
;__Lib_MathDouble.c,1007 :: 		
0x024B	0x247E    	ADD A, 126
;__Lib_MathDouble.c,1008 :: 		
0x024D	0xA2D5    	MOV C, F0_bit
;__Lib_MathDouble.c,1009 :: 		
0x024F	0x13      	RRC A
;__Lib_MathDouble.c,1010 :: 		
0x0250	0xCB      	XCH A, R3
;__Lib_MathDouble.c,1011 :: 		
0x0251	0x92E7    	MOV 231.B0, C
;__Lib_MathDouble.c,1012 :: 		
0x0253	0xCA      	XCH A, R2
;__Lib_MathDouble.c,1013 :: 		
0x0254	0xC9      	XCH A, R1
;__Lib_MathDouble.c,1014 :: 		
0x0255	0xF8      	MOV R0, A
;__Lib_MathDouble.c,1015 :: 		
0x0256	0x22      	RET
;__Lib_MathDouble.c,1017 :: 		
__Byte2Double_l2:
;__Lib_MathDouble.c,1018 :: 		
0x0257	0xC3      	CLR C
;__Lib_MathDouble.c,1019 :: 		
0x0258	0xE4      	CLR A
;__Lib_MathDouble.c,1020 :: 		
0x0259	0x98      	SUBB A, R0
;__Lib_MathDouble.c,1021 :: 		
0x025A	0xF8      	MOV R0, A
;__Lib_MathDouble.c,1022 :: 		
0x025B	0xE4      	CLR A
;__Lib_MathDouble.c,1023 :: 		
0x025C	0x99      	SUBB A, R1
;__Lib_MathDouble.c,1024 :: 		
0x025D	0xF9      	MOV R1, A
;__Lib_MathDouble.c,1025 :: 		
0x025E	0xE4      	CLR A
;__Lib_MathDouble.c,1026 :: 		
0x025F	0x9A      	SUBB A, R2
;__Lib_MathDouble.c,1027 :: 		
0x0260	0xFA      	MOV R2, A
;__Lib_MathDouble.c,1028 :: 		
0x0261	0xE4      	CLR A
;__Lib_MathDouble.c,1029 :: 		
0x0262	0x9B      	SUBB A, R3
;__Lib_MathDouble.c,1030 :: 		
0x0263	0xFB      	MOV R3, A
;__Lib_MathDouble.c,1032 :: 		
0x0264	0x22      	RET
; end of _level2Double
_UART_Init:
;ir_tx.c,138 :: 		void UART_Init(void)
;ir_tx.c,140 :: 		SCON0 = 0x10;
0x0265	0x759810  	MOV SCON0, #16
;ir_tx.c,141 :: 		}
0x0268	0x22      	RET
; end of _UART_Init
_Init_Device:
;ir_tx.c,200 :: 		void Init_Device(void)
;ir_tx.c,202 :: 		PCA_Init();
0x0269	0x511C    	ACALL _PCA_Init
;ir_tx.c,203 :: 		Timer_Init();
0x026B	0x1195    	ACALL _Timer_Init
;ir_tx.c,204 :: 		UART_Init();
0x026D	0x5165    	ACALL _UART_Init
;ir_tx.c,205 :: 		ADC_Init();
0x026F	0x31DC    	ACALL _ADC_Init
;ir_tx.c,206 :: 		Voltage_Reference_Init();
0x0271	0x1186    	ACALL _Voltage_Reference_Init
;ir_tx.c,207 :: 		Port_IO_Init();
0x0273	0x1176    	ACALL _Port_IO_Init
;ir_tx.c,208 :: 		Oscillator_Init();
0x0275	0x1191    	ACALL _Oscillator_Init
;ir_tx.c,209 :: 		Interrupts_Init();
0x0277	0x118A    	ACALL _Interrupts_Init
;ir_tx.c,210 :: 		}
0x0279	0x22      	RET
; end of _Init_Device
___CC2D:
;__Lib_System.c,13 :: 		
;__Lib_System.c,15 :: 		
_CC2D_Loop1:
;__Lib_System.c,16 :: 		
0x027A	0xE4      	CLR A
;__Lib_System.c,17 :: 		
0x027B	0x93      	MOVC A, @A+DPTR
;__Lib_System.c,18 :: 		
0x027C	0xF6      	MOV @R0, A
;__Lib_System.c,19 :: 		
0x027D	0x08      	INC R0
;__Lib_System.c,20 :: 		
0x027E	0xA3      	INC DPTR
;__Lib_System.c,21 :: 		
0x027F	0xD9F9    	DJNZ R1, _CC2D_Loop1
;__Lib_System.c,23 :: 		
0x0281	0x22      	RET
; end of ___CC2D
_Sub_32x32_FP:
;__Lib_MathDouble.c,333 :: 		
;__Lib_MathDouble.c,335 :: 		
0x0282	0xEF      	MOV A, R7
;__Lib_MathDouble.c,336 :: 		
0x0283	0x6480    	XRL A, 128
;__Lib_MathDouble.c,337 :: 		
0x0285	0xFF      	MOV R7, A
;__Lib_MathDouble.c,338 :: 		
0x0286	0x12009F  	LCALL _Add_32x32_FP
;__Lib_MathDouble.c,340 :: 		
0x0289	0x22      	RET
; end of _Sub_32x32_FP
_segment_write:
;ir_tx.c,236 :: 		void segment_write(unsigned char disp, unsigned char pos)
;ir_tx.c,238 :: 		LED_LATCH = 0;
0x028A	0xC297    	CLR P1_7_bit
;ir_tx.c,239 :: 		write_74HC595(segment_code[disp]);
0x028C	0xE515    	MOV A, FARG_segment_write_disp
0x028E	0x2424    	ADD A, lo_addr(_segment_code)
0x0290	0xF9      	MOV R1, A
0x0291	0xE4      	CLR A
0x0292	0x3407    	ADDC A, hi_addr(_segment_code)
0x0294	0xFA      	MOV R2, A
0x0295	0x850182  	MOV DPL, 1
0x0298	0x850283  	MOV DPH, 2
0x029B	0xE4      	CLR A
0x029C	0x93      	MOVC A, @A+DPTR
0x029D	0xF8      	MOV R0, A
0x029E	0x850017  	MOV FARG_write_74HC595_send_data, 0
0x02A1	0x31E9    	ACALL _write_74HC595
;ir_tx.c,240 :: 		write_74HC595(display_pos[pos]);
0x02A3	0xE516    	MOV A, FARG_segment_write_pos
0x02A5	0x2434    	ADD A, lo_addr(_display_pos)
0x02A7	0xF9      	MOV R1, A
0x02A8	0xE4      	CLR A
0x02A9	0x3407    	ADDC A, hi_addr(_display_pos)
0x02AB	0xFA      	MOV R2, A
0x02AC	0x850182  	MOV DPL, 1
0x02AF	0x850283  	MOV DPH, 2
0x02B2	0xE4      	CLR A
0x02B3	0x93      	MOVC A, @A+DPTR
0x02B4	0xF8      	MOV R0, A
0x02B5	0x850017  	MOV FARG_write_74HC595_send_data, 0
0x02B8	0x31E9    	ACALL _write_74HC595
;ir_tx.c,241 :: 		LED_LATCH = 1;
0x02BA	0xD297    	SETB P1_7_bit
;ir_tx.c,242 :: 		}
0x02BC	0x22      	RET
; end of _segment_write
_Div_16x16_U:
;__Lib_Math.c,273 :: 		
;__Lib_Math.c,275 :: 		
0x02BD	0xBD000B  	CJNE R5, 0, __op2hi_not_zero
;__Lib_Math.c,276 :: 		
0x02C0	0xB90029  	CJNE R1, 0, __op1hi_not_zero
;__Lib_Math.c,277 :: 		
0x02C3	0xE8      	MOV A, R0
;__Lib_Math.c,278 :: 		
0x02C4	0x8CF0    	MOV B, R4
;__Lib_Math.c,279 :: 		
0x02C6	0x84      	DIV AB
;__Lib_Math.c,280 :: 		
0x02C7	0xF8      	MOV R0, A
;__Lib_Math.c,281 :: 		
0x02C8	0xACF0    	MOV R4, B
;__Lib_Math.c,282 :: 		
0x02CA	0x22      	RET
;__Lib_Math.c,284 :: 		
__op2hi_not_zero:
;__Lib_Math.c,285 :: 		
0x02CB	0xE4      	CLR A
;__Lib_Math.c,286 :: 		
0x02CC	0xCD      	XCH A, R5
;__Lib_Math.c,287 :: 		
0x02CD	0xFF      	MOV R7, A
;__Lib_Math.c,288 :: 		
0x02CE	0x75F008  	MOV B, 8
;__Lib_Math.c,290 :: 		
__Div_16x16_U_Loop1:
;__Lib_Math.c,291 :: 		
0x02D1	0xE8      	MOV A, R0
;__Lib_Math.c,292 :: 		
0x02D2	0x28      	ADD A, R0
;__Lib_Math.c,293 :: 		
0x02D3	0xF8      	MOV R0, A
;__Lib_Math.c,294 :: 		
0x02D4	0xE9      	MOV A, R1
;__Lib_Math.c,295 :: 		
0x02D5	0x33      	RLC A
;__Lib_Math.c,296 :: 		
0x02D6	0xF9      	MOV R1, A
;__Lib_Math.c,297 :: 		
0x02D7	0xED      	MOV A, R5
;__Lib_Math.c,298 :: 		
0x02D8	0x33      	RLC A
;__Lib_Math.c,299 :: 		
0x02D9	0xFD      	MOV R5, A
;__Lib_Math.c,300 :: 		
0x02DA	0xE9      	MOV A, R1
;__Lib_Math.c,301 :: 		
0x02DB	0x9C      	SUBB A, R4
;__Lib_Math.c,302 :: 		
0x02DC	0xED      	MOV A, R5
;__Lib_Math.c,303 :: 		
0x02DD	0x9F      	SUBB A, R7
;__Lib_Math.c,304 :: 		
0x02DE	0x4005    	JC __Div_16x16_U_Lab1
;__Lib_Math.c,305 :: 		
0x02E0	0xFD      	MOV R5, A
;__Lib_Math.c,306 :: 		
0x02E1	0xE9      	MOV A, R1
;__Lib_Math.c,307 :: 		
0x02E2	0x9C      	SUBB A, R4
;__Lib_Math.c,308 :: 		
0x02E3	0xF9      	MOV R1, A
;__Lib_Math.c,309 :: 		
0x02E4	0x08      	INC R0
;__Lib_Math.c,311 :: 		
__Div_16x16_U_Lab1:
;__Lib_Math.c,312 :: 		
0x02E5	0xD5F0E9  	DJNZ B, __Div_16x16_U_Loop1
;__Lib_Math.c,313 :: 		
0x02E8	0xE4      	CLR A
;__Lib_Math.c,314 :: 		
0x02E9	0xC9      	XCH A, R1
;__Lib_Math.c,315 :: 		
0x02EA	0xFC      	MOV R4, A
;__Lib_Math.c,316 :: 		
0x02EB	0x22      	RET
;__Lib_Math.c,318 :: 		
__op1hi_not_zero:
;__Lib_Math.c,319 :: 		
0x02EC	0xEC      	MOV A, R4
;__Lib_Math.c,320 :: 		
0x02ED	0xFF      	MOV R7, A
;__Lib_Math.c,321 :: 		
0x02EE	0xF5F0    	MOV B, A
;__Lib_Math.c,322 :: 		
0x02F0	0xE9      	MOV A, R1
;__Lib_Math.c,323 :: 		
0x02F1	0x84      	DIV AB
;__Lib_Math.c,324 :: 		
0x02F2	0x20D21C  	JB OV_bit, __Div_16x16_U_div_ret
;__Lib_Math.c,325 :: 		
0x02F5	0xF9      	MOV R1, A
;__Lib_Math.c,326 :: 		
0x02F6	0xACF0    	MOV R4, B
;__Lib_Math.c,327 :: 		
0x02F8	0x75F008  	MOV B, 8
;__Lib_Math.c,329 :: 		
__Div_16x16_U_Loop2:
;__Lib_Math.c,330 :: 		
0x02FB	0xE8      	MOV A, R0
;__Lib_Math.c,331 :: 		
0x02FC	0x28      	ADD A, R0
;__Lib_Math.c,332 :: 		
0x02FD	0xF8      	MOV R0, A
;__Lib_Math.c,333 :: 		
0x02FE	0xEC      	MOV A, R4
;__Lib_Math.c,334 :: 		
0x02FF	0x33      	RLC A
;__Lib_Math.c,335 :: 		
0x0300	0xFC      	MOV R4, A
;__Lib_Math.c,336 :: 		
0x0301	0x4007    	JC __Div_16x16_U_Lab2
;__Lib_Math.c,337 :: 		
0x0303	0x9F      	SUBB A, R7
;__Lib_Math.c,338 :: 		
0x0304	0x5006    	JNC __Div_16x16_U_Lab3
;__Lib_Math.c,339 :: 		
0x0306	0xD5F0F2  	DJNZ B, __Div_16x16_U_Loop2
;__Lib_Math.c,340 :: 		
0x0309	0x22      	RET
;__Lib_Math.c,342 :: 		
__Div_16x16_U_Lab2:
;__Lib_Math.c,343 :: 		
0x030A	0xC3      	CLR C
;__Lib_Math.c,344 :: 		
0x030B	0x9F      	SUBB A, R7
;__Lib_Math.c,345 :: 		
__Div_16x16_U_Lab3:
;__Lib_Math.c,346 :: 		
0x030C	0xFC      	MOV R4, A
;__Lib_Math.c,347 :: 		
0x030D	0x08      	INC R0
;__Lib_Math.c,348 :: 		
0x030E	0xD5F0EA  	DJNZ B, __Div_16x16_U_Loop2
;__Lib_Math.c,350 :: 		
__Div_16x16_U_div_ret:
;__Lib_Math.c,352 :: 		
0x0311	0x22      	RET
; end of _Div_16x16_U
_UART1_Write:
;__Lib_UART_Timer1_XBR_Shift.c,30 :: 		
;__Lib_UART_Timer1_XBR_Shift.c,31 :: 		
0x0312	0xC299    	CLR SCON0.B1
;__Lib_UART_Timer1_XBR_Shift.c,32 :: 		
0x0314	0x851299  	MOV SBUF0, FARG_UART1_Write_data_+0
;__Lib_UART_Timer1_XBR_Shift.c,33 :: 		
L_UART1_Write0:
0x0317	0x209902  	JB SCON0.B1, L_UART1_Write1
;__Lib_UART_Timer1_XBR_Shift.c,34 :: 		
0x031A	0x80FB    	SJMP L_UART1_Write0
L_UART1_Write1:
;__Lib_UART_Timer1_XBR_Shift.c,35 :: 		
0x031C	0xC299    	CLR SCON0.B1
;__Lib_UART_Timer1_XBR_Shift.c,36 :: 		
0x031E	0x22      	RET
; end of _UART1_Write
_Div_32x32_FP:
;__Lib_MathDouble.c,670 :: 		
;__Lib_MathDouble.c,673 :: 		
0x031F	0x8003    	SJMP __Div_32x32_FP_teska_prevara
;__Lib_MathDouble.c,675 :: 		
__Div_32x32_FP_l6:
;__Lib_MathDouble.c,676 :: 		
0x0321	0x0203FF  	LJMP __Div_32x32_FP_l7
;__Lib_MathDouble.c,678 :: 		
__Div_32x32_FP_teska_prevara:
;__Lib_MathDouble.c,679 :: 		
0x0324	0xEB      	MOV A, R3
;__Lib_MathDouble.c,680 :: 		
0x0325	0x5A      	ANL A, R2
;__Lib_MathDouble.c,681 :: 		
0x0326	0x04      	INC A
;__Lib_MathDouble.c,682 :: 		
0x0327	0x6005    	JZ __Div_32x32_FP_l1
;__Lib_MathDouble.c,683 :: 		
0x0329	0xEF      	MOV A, R7
;__Lib_MathDouble.c,684 :: 		
0x032A	0x5E      	ANL A, R6
;__Lib_MathDouble.c,685 :: 		
0x032B	0x04      	INC A
;__Lib_MathDouble.c,686 :: 		
0x032C	0x7003    	JNZ __Div_32x32_FP_l2
;__Lib_MathDouble.c,688 :: 		
__Div_32x32_FP_l1:
;__Lib_MathDouble.c,689 :: 		
0x032E	0x0203F5  	LJMP __Div_32x32_FP_l3
;__Lib_MathDouble.c,691 :: 		
__Div_32x32_FP_l2:
;__Lib_MathDouble.c,692 :: 		
0x0331	0x1203C0  	LCALL __Div_32x32_FP_l4
;__Lib_MathDouble.c,693 :: 		
0x0334	0x5F      	ANL A, R7
;__Lib_MathDouble.c,694 :: 		
0x0335	0x04      	INC A
;__Lib_MathDouble.c,695 :: 		
0x0336	0x60F6    	JZ __Div_32x32_FP_l1
;__Lib_MathDouble.c,696 :: 		
0x0338	0xEB      	MOV A, R3
;__Lib_MathDouble.c,697 :: 		
0x0339	0x4F      	ORL A, R7
;__Lib_MathDouble.c,698 :: 		
0x033A	0x60F2    	JZ __Div_32x32_FP_l1
;__Lib_MathDouble.c,699 :: 		
0x033C	0xEB      	MOV A, R3
;__Lib_MathDouble.c,700 :: 		
0x033D	0x7004    	JNZ __Div_32x32_FP_l5
;__Lib_MathDouble.c,701 :: 		
0x033F	0xFA      	MOV R2, A
;__Lib_MathDouble.c,702 :: 		
0x0340	0xF9      	MOV R1, A
;__Lib_MathDouble.c,703 :: 		
0x0341	0xF8      	MOV R0, A
;__Lib_MathDouble.c,704 :: 		
0x0342	0x22      	RET
;__Lib_MathDouble.c,706 :: 		
__Div_32x32_FP_l5:
;__Lib_MathDouble.c,707 :: 		
0x0343	0xCF      	XCH A, R7
;__Lib_MathDouble.c,708 :: 		
0x0344	0x60DB    	JZ __Div_32x32_FP_l6
;__Lib_MathDouble.c,709 :: 		
0x0346	0x2481    	ADD A, 129
;__Lib_MathDouble.c,710 :: 		
0x0348	0xCF      	XCH A, R7
;__Lib_MathDouble.c,711 :: 		
0x0349	0x5009    	JNC __Div_32x32_FP_l8
;__Lib_MathDouble.c,712 :: 		
0x034B	0xC3      	CLR C
;__Lib_MathDouble.c,713 :: 		
0x034C	0x9F      	SUBB A, R7
;__Lib_MathDouble.c,714 :: 		
0x034D	0x6002    	JZ __Div_32x32_FP_l9
;__Lib_MathDouble.c,715 :: 		
0x034F	0x5006    	JNC __Div_32x32_FP_l10
;__Lib_MathDouble.c,716 :: 		
__Div_32x32_FP_l9:
;__Lib_MathDouble.c,717 :: 		
0x0351	0x0203FC  	LJMP __Div_32x32_FP_l11
;__Lib_MathDouble.c,719 :: 		
__Div_32x32_FP_l8:
;__Lib_MathDouble.c,720 :: 		
0x0354	0x9F      	SUBB A, R7
;__Lib_MathDouble.c,721 :: 		
0x0355	0x50CA    	JNC __Div_32x32_FP_l6
;__Lib_MathDouble.c,723 :: 		
__Div_32x32_FP_l10:
;__Lib_MathDouble.c,724 :: 		
0x0357	0xF582    	MOV DPL, A
;__Lib_MathDouble.c,725 :: 		
0x0359	0xEE      	MOV A, R6
;__Lib_MathDouble.c,726 :: 		
0x035A	0x2E      	ADD A, R6
;__Lib_MathDouble.c,727 :: 		
0x035B	0x4C      	ORL A, R4
;__Lib_MathDouble.c,728 :: 		
0x035C	0x4D      	ORL A, R5
;__Lib_MathDouble.c,729 :: 		
0x035D	0x7005    	JNZ __Div_32x32_FP_l12
;__Lib_MathDouble.c,730 :: 		
0x035F	0xAC82    	MOV R4, DPL
;__Lib_MathDouble.c,731 :: 		
0x0361	0x0203EB  	LJMP __Div_32x32_FP_l13
;__Lib_MathDouble.c,733 :: 		
__Div_32x32_FP_l12:
;__Lib_MathDouble.c,734 :: 		
0x0364	0x75F000  	MOV B, 0
;__Lib_MathDouble.c,735 :: 		
0x0367	0x7B1A    	MOV R3, 26
;__Lib_MathDouble.c,736 :: 		
0x0369	0x7F80    	MOV R7, 128
;__Lib_MathDouble.c,738 :: 		
__Div_32x32_FP_l20:
;__Lib_MathDouble.c,739 :: 		
0x036B	0xC3      	CLR C
;__Lib_MathDouble.c,740 :: 		
0x036C	0xE8      	MOV A, R0
;__Lib_MathDouble.c,741 :: 		
0x036D	0x9C      	SUBB A, R4
;__Lib_MathDouble.c,742 :: 		
0x036E	0xE9      	MOV A, R1
;__Lib_MathDouble.c,743 :: 		
0x036F	0x9D      	SUBB A, R5
;__Lib_MathDouble.c,744 :: 		
0x0370	0xEA      	MOV A, R2
;__Lib_MathDouble.c,745 :: 		
0x0371	0x9E      	SUBB A, R6
;__Lib_MathDouble.c,746 :: 		
0x0372	0x400D    	JC __Div_32x32_FP_l14
;__Lib_MathDouble.c,748 :: 		
__Div_32x32_FP_l19:
;__Lib_MathDouble.c,749 :: 		
0x0374	0xC3      	CLR C
;__Lib_MathDouble.c,750 :: 		
0x0375	0xE8      	MOV A, R0
;__Lib_MathDouble.c,751 :: 		
0x0376	0x9C      	SUBB A, R4
;__Lib_MathDouble.c,752 :: 		
0x0377	0xF8      	MOV R0, A
;__Lib_MathDouble.c,753 :: 		
0x0378	0xE9      	MOV A, R1
;__Lib_MathDouble.c,754 :: 		
0x0379	0x9D      	SUBB A, R5
;__Lib_MathDouble.c,755 :: 		
0x037A	0xF9      	MOV R1, A
;__Lib_MathDouble.c,756 :: 		
0x037B	0xEA      	MOV A, R2
;__Lib_MathDouble.c,757 :: 		
0x037C	0x9E      	SUBB A, R6
;__Lib_MathDouble.c,758 :: 		
0x037D	0xFA      	MOV R2, A
;__Lib_MathDouble.c,759 :: 		
0x037E	0xEF      	MOV A, R7
;__Lib_MathDouble.c,760 :: 		
0x037F	0x42F0    	ORL B, A
;__Lib_MathDouble.c,762 :: 		
__Div_32x32_FP_l14:
;__Lib_MathDouble.c,763 :: 		
0x0381	0xDB22    	DJNZ R3, __Div_32x32_FP_l15
;__Lib_MathDouble.c,764 :: 		
0x0383	0xABF0    	MOV R3, B
;__Lib_MathDouble.c,765 :: 		
0x0385	0xD0E0    	POP ACC
;__Lib_MathDouble.c,766 :: 		
0x0387	0xF8      	MOV R0, A
;__Lib_MathDouble.c,767 :: 		
0x0388	0xD0E0    	POP ACC
;__Lib_MathDouble.c,768 :: 		
0x038A	0xF9      	MOV R1, A
;__Lib_MathDouble.c,769 :: 		
0x038B	0xD0E0    	POP ACC
;__Lib_MathDouble.c,770 :: 		
0x038D	0xFA      	MOV R2, A
;__Lib_MathDouble.c,771 :: 		
0x038E	0xAC82    	MOV R4, DPL
;__Lib_MathDouble.c,772 :: 		
0x0390	0x20E710  	JB 231, __Div_32x32_FP_l16
;__Lib_MathDouble.c,773 :: 		
0x0393	0x1C      	DEC R4
;__Lib_MathDouble.c,774 :: 		
0x0394	0xEC      	MOV A, R4
;__Lib_MathDouble.c,775 :: 		
0x0395	0x60BA    	JZ __Div_32x32_FP_l9
;__Lib_MathDouble.c,776 :: 		
0x0397	0xEB      	MOV A, R3
;__Lib_MathDouble.c,777 :: 		
0x0398	0x2B      	ADD A, R3
;__Lib_MathDouble.c,778 :: 		
0x0399	0xFB      	MOV R3, A
;__Lib_MathDouble.c,779 :: 		
0x039A	0xE8      	MOV A, R0
;__Lib_MathDouble.c,780 :: 		
0x039B	0x33      	RLC A
;__Lib_MathDouble.c,781 :: 		
0x039C	0xF8      	MOV R0, A
;__Lib_MathDouble.c,782 :: 		
0x039D	0xE9      	MOV A, R1
;__Lib_MathDouble.c,783 :: 		
0x039E	0x33      	RLC A
;__Lib_MathDouble.c,784 :: 		
0x039F	0xF9      	MOV R1, A
;__Lib_MathDouble.c,785 :: 		
0x03A0	0xEA      	MOV A, R2
;__Lib_MathDouble.c,786 :: 		
0x03A1	0x33      	RLC A
;__Lib_MathDouble.c,787 :: 		
0x03A2	0xFA      	MOV R2, A
;__Lib_MathDouble.c,789 :: 		
__Div_32x32_FP_l16:
;__Lib_MathDouble.c,790 :: 		
0x03A3	0x8032    	SJMP __Div_32x32_FP_l17
;__Lib_MathDouble.c,792 :: 		
__Div_32x32_FP_l15:
;__Lib_MathDouble.c,793 :: 		
0x03A5	0xEF      	MOV A, R7
;__Lib_MathDouble.c,794 :: 		
0x03A6	0x03      	RR A
;__Lib_MathDouble.c,795 :: 		
0x03A7	0xFF      	MOV R7, A
;__Lib_MathDouble.c,796 :: 		
0x03A8	0x30E705  	JNB 231, __Div_32x32_FP_l18
;__Lib_MathDouble.c,797 :: 		
0x03AB	0xC0F0    	PUSH B
;__Lib_MathDouble.c,798 :: 		
0x03AD	0x75F000  	MOV B, 0
;__Lib_MathDouble.c,800 :: 		
__Div_32x32_FP_l18:
;__Lib_MathDouble.c,801 :: 		
0x03B0	0xE8      	MOV A, R0
;__Lib_MathDouble.c,802 :: 		
0x03B1	0x28      	ADD A, R0
;__Lib_MathDouble.c,803 :: 		
0x03B2	0xF8      	MOV R0, A
;__Lib_MathDouble.c,804 :: 		
0x03B3	0xE9      	MOV A, R1
;__Lib_MathDouble.c,805 :: 		
0x03B4	0x33      	RLC A
;__Lib_MathDouble.c,806 :: 		
0x03B5	0xF9      	MOV R1, A
;__Lib_MathDouble.c,807 :: 		
0x03B6	0xEA      	MOV A, R2
;__Lib_MathDouble.c,808 :: 		
0x03B7	0x33      	RLC A
;__Lib_MathDouble.c,809 :: 		
0x03B8	0xFA      	MOV R2, A
;__Lib_MathDouble.c,810 :: 		
0x03B9	0x40B9    	JC __Div_32x32_FP_l19
;__Lib_MathDouble.c,811 :: 		
0x03BB	0x30E7C3  	JNB 231, __Div_32x32_FP_l14
;__Lib_MathDouble.c,812 :: 		
0x03BE	0x80AB    	SJMP __Div_32x32_FP_l20
;__Lib_MathDouble.c,814 :: 		
__Div_32x32_FP_l4:
;__Lib_MathDouble.c,815 :: 		
0x03C0	0xEE      	MOV A, R6
;__Lib_MathDouble.c,816 :: 		
0x03C1	0xD2E7    	SETB 231.B0
;__Lib_MathDouble.c,817 :: 		
0x03C3	0xCE      	XCH A, R6
;__Lib_MathDouble.c,818 :: 		
0x03C4	0x33      	RLC A
;__Lib_MathDouble.c,819 :: 		
0x03C5	0xEF      	MOV A, R7
;__Lib_MathDouble.c,820 :: 		
0x03C6	0x33      	RLC A
;__Lib_MathDouble.c,821 :: 		
0x03C7	0xFF      	MOV R7, A
;__Lib_MathDouble.c,822 :: 		
0x03C8	0x92D5    	MOV F0_bit, C
;__Lib_MathDouble.c,823 :: 		
0x03CA	0xEA      	MOV A, R2
;__Lib_MathDouble.c,824 :: 		
0x03CB	0xD2E7    	SETB 231.B0
;__Lib_MathDouble.c,825 :: 		
0x03CD	0xCA      	XCH A, R2
;__Lib_MathDouble.c,826 :: 		
0x03CE	0x33      	RLC A
;__Lib_MathDouble.c,827 :: 		
0x03CF	0xEB      	MOV A, R3
;__Lib_MathDouble.c,828 :: 		
0x03D0	0x33      	RLC A
;__Lib_MathDouble.c,829 :: 		
0x03D1	0xFB      	MOV R3, A
;__Lib_MathDouble.c,830 :: 		
0x03D2	0x5002    	JNC __Div_32x32_FP_l21
;__Lib_MathDouble.c,831 :: 		
0x03D4	0xB2D5    	CPL F0_bit
;__Lib_MathDouble.c,832 :: 		
__Div_32x32_FP_l21:
;__Lib_MathDouble.c,833 :: 		
0x03D6	0x22      	RET
;__Lib_MathDouble.c,835 :: 		
__Div_32x32_FP_l17:
;__Lib_MathDouble.c,836 :: 		
0x03D7	0xEB      	MOV A, R3
;__Lib_MathDouble.c,837 :: 		
0x03D8	0x30E710  	JNB 231, __Div_32x32_FP_l13
;__Lib_MathDouble.c,838 :: 		
0x03DB	0x08      	INC R0
;__Lib_MathDouble.c,839 :: 		
0x03DC	0xB8000C  	CJNE R0, 0, __Div_32x32_FP_l13
;__Lib_MathDouble.c,840 :: 		
0x03DF	0x09      	INC R1
;__Lib_MathDouble.c,841 :: 		
0x03E0	0xB90008  	CJNE R1, 0, __Div_32x32_FP_l13
;__Lib_MathDouble.c,842 :: 		
0x03E3	0x0A      	INC R2
;__Lib_MathDouble.c,843 :: 		
0x03E4	0xBA0004  	CJNE R2, 0, __Div_32x32_FP_l13
;__Lib_MathDouble.c,844 :: 		
0x03E7	0x0C      	INC R4
;__Lib_MathDouble.c,845 :: 		
0x03E8	0xEC      	MOV A, R4
;__Lib_MathDouble.c,846 :: 		
0x03E9	0x60EC    	JZ __Div_32x32_FP_l17
;__Lib_MathDouble.c,848 :: 		
__Div_32x32_FP_l13:
;__Lib_MathDouble.c,849 :: 		
0x03EB	0xA2D5    	MOV C, F0_bit
;__Lib_MathDouble.c,850 :: 		
0x03ED	0xEC      	MOV A, R4
;__Lib_MathDouble.c,851 :: 		
0x03EE	0x13      	RRC A
;__Lib_MathDouble.c,852 :: 		
0x03EF	0xFB      	MOV R3, A
;__Lib_MathDouble.c,853 :: 		
0x03F0	0xEA      	MOV A, R2
;__Lib_MathDouble.c,854 :: 		
0x03F1	0x92E7    	MOV 231.B0, C
;__Lib_MathDouble.c,855 :: 		
0x03F3	0xFA      	MOV R2, A
;__Lib_MathDouble.c,856 :: 		
0x03F4	0x22      	RET
;__Lib_MathDouble.c,858 :: 		
__Div_32x32_FP_l3:
;__Lib_MathDouble.c,859 :: 		
0x03F5	0x74FF    	MOV A, 255
;__Lib_MathDouble.c,861 :: 		
__Div_32x32_FP_l22:
;__Lib_MathDouble.c,862 :: 		
0x03F7	0xFB      	MOV R3, A
;__Lib_MathDouble.c,863 :: 		
0x03F8	0xFA      	MOV R2, A
;__Lib_MathDouble.c,865 :: 		
__Div_32x32_FP_l23:
;__Lib_MathDouble.c,866 :: 		
0x03F9	0xF9      	MOV R1, A
;__Lib_MathDouble.c,867 :: 		
0x03FA	0xF8      	MOV R0, A
;__Lib_MathDouble.c,868 :: 		
0x03FB	0x22      	RET
;__Lib_MathDouble.c,870 :: 		
__Div_32x32_FP_l11:
;__Lib_MathDouble.c,871 :: 		
0x03FC	0xE4      	CLR A
;__Lib_MathDouble.c,872 :: 		
0x03FD	0x80F8    	SJMP __Div_32x32_FP_l22
;__Lib_MathDouble.c,874 :: 		
__Div_32x32_FP_l7:
;__Lib_MathDouble.c,875 :: 		
0x03FF	0xA2D5    	MOV C, F0_bit
;__Lib_MathDouble.c,876 :: 		
0x0401	0x74FF    	MOV A, 255
;__Lib_MathDouble.c,877 :: 		
0x0403	0x13      	RRC A
;__Lib_MathDouble.c,878 :: 		
0x0404	0xFB      	MOV R3, A
;__Lib_MathDouble.c,879 :: 		
0x0405	0x7A80    	MOV R2, 128
;__Lib_MathDouble.c,880 :: 		
0x0407	0xE4      	CLR A
;__Lib_MathDouble.c,881 :: 		
0x0408	0x80EF    	SJMP __Div_32x32_FP_l23
;__Lib_MathDouble.c,883 :: 		
0x040A	0x22      	RET
; end of _Div_32x32_FP
_Double2Ints:
;__Lib_MathDouble.c,896 :: 		
;__Lib_MathDouble.c,898 :: 		
0x040B	0xEA      	MOV A, R2
;__Lib_MathDouble.c,899 :: 		
0x040C	0xD2E7    	SETB 231.B0
;__Lib_MathDouble.c,900 :: 		
0x040E	0xCA      	XCH A, R2
;__Lib_MathDouble.c,901 :: 		
0x040F	0x33      	RLC A
;__Lib_MathDouble.c,902 :: 		
0x0410	0xEB      	MOV A, R3
;__Lib_MathDouble.c,903 :: 		
0x0411	0x33      	RLC A
;__Lib_MathDouble.c,904 :: 		
0x0412	0x92D5    	MOV F0_bit, C
;__Lib_MathDouble.c,905 :: 		
0x0414	0x2481    	ADD A, 129
;__Lib_MathDouble.c,906 :: 		
0x0416	0x4006    	JC __Double2Longword_l1
;__Lib_MathDouble.c,907 :: 		
0x0418	0xE4      	CLR A
;__Lib_MathDouble.c,908 :: 		
__Double2Longword_l3:
;__Lib_MathDouble.c,909 :: 		
0x0419	0xF8      	MOV R0, A
;__Lib_MathDouble.c,910 :: 		
0x041A	0xF9      	MOV R1, A
;__Lib_MathDouble.c,911 :: 		
0x041B	0xFA      	MOV R2, A
;__Lib_MathDouble.c,912 :: 		
0x041C	0xFB      	MOV R3, A
;__Lib_MathDouble.c,913 :: 		
__Double2Longword_l5:
;__Lib_MathDouble.c,914 :: 		
0x041D	0x22      	RET
;__Lib_MathDouble.c,916 :: 		
__Double2Longword_l1:
;__Lib_MathDouble.c,917 :: 		
0x041E	0xFB      	MOV R3, A
;__Lib_MathDouble.c,918 :: 		
0x041F	0xE4      	CLR A
;__Lib_MathDouble.c,919 :: 		
0x0420	0xC8      	XCH A, R0
;__Lib_MathDouble.c,920 :: 		
0x0421	0xC9      	XCH A, R1
;__Lib_MathDouble.c,921 :: 		
0x0422	0xCA      	XCH A, R2
;__Lib_MathDouble.c,922 :: 		
0x0423	0xCB      	XCH A, R3
;__Lib_MathDouble.c,923 :: 		
0x0424	0x24E0    	ADD A, 224
;__Lib_MathDouble.c,924 :: 		
0x0426	0x5011    	JNC __Double2Longword_l2
;__Lib_MathDouble.c,925 :: 		
0x0428	0x74FF    	MOV A, 255
;__Lib_MathDouble.c,926 :: 		
0x042A	0x80ED    	SJMP __Double2Longword_l3
;__Lib_MathDouble.c,928 :: 		
__Double2Longword_l4:
;__Lib_MathDouble.c,929 :: 		
0x042C	0xC3      	CLR C
;__Lib_MathDouble.c,930 :: 		
0x042D	0xCB      	XCH A, R3
;__Lib_MathDouble.c,931 :: 		
0x042E	0x13      	RRC A
;__Lib_MathDouble.c,932 :: 		
0x042F	0xCB      	XCH A, R3
;__Lib_MathDouble.c,933 :: 		
0x0430	0xCA      	XCH A, R2
;__Lib_MathDouble.c,934 :: 		
0x0431	0x13      	RRC A
;__Lib_MathDouble.c,935 :: 		
0x0432	0xCA      	XCH A, R2
;__Lib_MathDouble.c,936 :: 		
0x0433	0xC9      	XCH A, R1
;__Lib_MathDouble.c,937 :: 		
0x0434	0x13      	RRC A
;__Lib_MathDouble.c,938 :: 		
0x0435	0xC9      	XCH A, R1
;__Lib_MathDouble.c,939 :: 		
0x0436	0xC8      	XCH A, R0
;__Lib_MathDouble.c,940 :: 		
0x0437	0x13      	RRC A
;__Lib_MathDouble.c,941 :: 		
0x0438	0xC8      	XCH A, R0
;__Lib_MathDouble.c,943 :: 		
__Double2Longword_l2:
;__Lib_MathDouble.c,944 :: 		
0x0439	0x04      	INC A
;__Lib_MathDouble.c,945 :: 		
0x043A	0x70F0    	JNZ __Double2Longword_l4
;__Lib_MathDouble.c,946 :: 		
0x043C	0x30D5DE  	JNB F0_bit, __Double2Longword_l5
;__Lib_MathDouble.c,947 :: 		
0x043F	0xC3      	CLR C
;__Lib_MathDouble.c,948 :: 		
0x0440	0xE4      	CLR A
;__Lib_MathDouble.c,949 :: 		
0x0441	0x98      	SUBB A, R0
;__Lib_MathDouble.c,950 :: 		
0x0442	0xF8      	MOV R0, A
;__Lib_MathDouble.c,951 :: 		
0x0443	0xE4      	CLR A
;__Lib_MathDouble.c,952 :: 		
0x0444	0x99      	SUBB A, R1
;__Lib_MathDouble.c,953 :: 		
0x0445	0xF9      	MOV R1, A
;__Lib_MathDouble.c,954 :: 		
0x0446	0xE4      	CLR A
;__Lib_MathDouble.c,955 :: 		
0x0447	0x9A      	SUBB A, R2
;__Lib_MathDouble.c,956 :: 		
0x0448	0xFA      	MOV R2, A
;__Lib_MathDouble.c,957 :: 		
0x0449	0xE4      	CLR A
;__Lib_MathDouble.c,958 :: 		
0x044A	0x9B      	SUBB A, R3
;__Lib_MathDouble.c,959 :: 		
0x044B	0xFB      	MOV R3, A
;__Lib_MathDouble.c,961 :: 		
0x044C	0x22      	RET
; end of _Double2Ints
_ADC1_Init_Advanced:
;__Lib_ADC_Negative_Input.c,18 :: 		
;__Lib_ADC_Negative_Input.c,19 :: 		
0x044D	0xE512    	MOV A, FARG_ADC1_Init_Advanced_adv_setting
0x044F	0x540F    	ANL A, #15
0x0451	0xF8      	MOV R0, A
0x0452	0x42D1    	ORL REF0CN, A
;__Lib_ADC_Negative_Input.c,20 :: 		
0x0454	0xE512    	MOV A, FARG_ADC1_Init_Advanced_adv_setting
0x0456	0x5410    	ANL A, #16
0x0458	0xFA      	MOV R2, A
0x0459	0x7902    	MOV R1, #2
0x045B	0xEA      	MOV A, R2
0x045C	0x09      	INC R1
0x045D	0x8002    	SJMP L__ADC1_Init_Advanced2
L__ADC1_Init_Advanced3:
0x045F	0xC3      	CLR C
0x0460	0x13      	RRC A
L__ADC1_Init_Advanced2:
0x0461	0xD9FC    	DJNZ R1, L__ADC1_Init_Advanced3
0x0463	0xF8      	MOV R0, A
0x0464	0x42BC    	ORL ADC0CF, A
;__Lib_ADC_Negative_Input.c,21 :: 		
0x0466	0x22      	RET
; end of _ADC1_Init_Advanced
_ADC1_Get_Sample:
;__Lib_ADC_Negative_Input.c,23 :: 		
;__Lib_ADC_Negative_Input.c,26 :: 		
0x0467	0x8512BB  	MOV AMX0P, FARG_ADC1_Get_Sample_channel+0
;__Lib_ADC_Negative_Input.c,27 :: 		
0x046A	0xC2ED    	CLR ADC0CN.B5
;__Lib_ADC_Negative_Input.c,28 :: 		
0x046C	0x43E890  	ORL ADC0CN, #144
;__Lib_ADC_Negative_Input.c,30 :: 		
L_ADC1_Get_Sample0:
0x046F	0x30ED02  	JNB ADC0CN.B5, L_ADC1_Get_Sample1
;__Lib_ADC_Negative_Input.c,31 :: 		
0x0472	0x80FB    	SJMP L_ADC1_Get_Sample0
L_ADC1_Get_Sample1:
;__Lib_ADC_Negative_Input.c,33 :: 		
0x0474	0x85BD13  	MOV ADC1_Get_Sample_temp_L0, ADC0L+0
0x0477	0xE4      	CLR A
0x0478	0xF514    	MOV ADC1_Get_Sample_temp_L0+1, A
;__Lib_ADC_Negative_Input.c,34 :: 		
0x047A	0xA9BE    	MOV R1, ADC0H
0x047C	0x7800    	MOV R0, #0
0x047E	0x7A00    	MOV R2, #0
0x0480	0xE513    	MOV A, ADC1_Get_Sample_temp_L0
0x0482	0x4200    	ORL R0, A
0x0484	0xE514    	MOV A, ADC1_Get_Sample_temp_L0+1
0x0486	0x4201    	ORL R1, A
;__Lib_ADC_Negative_Input.c,35 :: 		
0x0488	0x22      	RET
; end of _ADC1_Get_Sample
_Mul_32x32_FP:
;__Lib_MathDouble.c,355 :: 		
;__Lib_MathDouble.c,357 :: 		
0x0489	0xEB      	MOV A, R3
;__Lib_MathDouble.c,358 :: 		
0x048A	0x4A      	ORL A, R2
;__Lib_MathDouble.c,359 :: 		
0x048B	0x6011    	JZ __Mul_32x32_FP_l1
;__Lib_MathDouble.c,360 :: 		
0x048D	0xEF      	MOV A, R7
;__Lib_MathDouble.c,361 :: 		
0x048E	0x4E      	ORL A, R6
;__Lib_MathDouble.c,362 :: 		
0x048F	0x7017    	JNZ __Mul_32x32_FP_l2
;__Lib_MathDouble.c,363 :: 		
0x0491	0xEA      	MOV A, R2
;__Lib_MathDouble.c,364 :: 		
0x0492	0x33      	RLC A
;__Lib_MathDouble.c,365 :: 		
0x0493	0xEB      	MOV A, R3
;__Lib_MathDouble.c,366 :: 		
0x0494	0x33      	RLC A
;__Lib_MathDouble.c,367 :: 		
0x0495	0x04      	INC A
;__Lib_MathDouble.c,368 :: 		
0x0496	0x600D    	JZ __Mul_32x32_FP_l3
;__Lib_MathDouble.c,369 :: 		
0x0498	0xE4      	CLR A
;__Lib_MathDouble.c,370 :: 		
0x0499	0xFB      	MOV R3, A
;__Lib_MathDouble.c,371 :: 		
0x049A	0xF8      	MOV R0, A
;__Lib_MathDouble.c,372 :: 		
0x049B	0xF9      	MOV R1, A
;__Lib_MathDouble.c,373 :: 		
0x049C	0xFA      	MOV R2, A
;__Lib_MathDouble.c,375 :: 		
__Mul_32x32_FP_ret:
;__Lib_MathDouble.c,376 :: 		
0x049D	0x22      	RET
;__Lib_MathDouble.c,378 :: 		
__Mul_32x32_FP_l1:
;__Lib_MathDouble.c,379 :: 		
0x049E	0xEE      	MOV A, R6
;__Lib_MathDouble.c,380 :: 		
0x049F	0x33      	RLC A
;__Lib_MathDouble.c,381 :: 		
0x04A0	0xEF      	MOV A, R7
;__Lib_MathDouble.c,382 :: 		
0x04A1	0x33      	RLC A
;__Lib_MathDouble.c,383 :: 		
0x04A2	0x04      	INC A
;__Lib_MathDouble.c,384 :: 		
0x04A3	0x70F8    	JNZ __Mul_32x32_FP_ret
;__Lib_MathDouble.c,386 :: 		
__Mul_32x32_FP_l3:
;__Lib_MathDouble.c,387 :: 		
0x04A5	0x0205C2  	LJMP __Mul_32x32_FP_l4
;__Lib_MathDouble.c,389 :: 		
__Mul_32x32_FP_l2:
;__Lib_MathDouble.c,390 :: 		
0x04A8	0x12058D  	LCALL __Mul_32x32_FP_l5
;__Lib_MathDouble.c,391 :: 		
0x04AB	0x5F      	ANL A, R7
;__Lib_MathDouble.c,392 :: 		
0x04AC	0x04      	INC A
;__Lib_MathDouble.c,393 :: 		
0x04AD	0x6009    	JZ __Mul_32x32_FP_l6
;__Lib_MathDouble.c,394 :: 		
0x04AF	0xE4      	CLR A
;__Lib_MathDouble.c,395 :: 		
0x04B0	0xCB      	XCH A, R3
;__Lib_MathDouble.c,396 :: 		
0x04B1	0x2481    	ADD A, 129
;__Lib_MathDouble.c,397 :: 		
0x04B3	0x5006    	JNC __Mul_32x32_FP_l7
;__Lib_MathDouble.c,398 :: 		
0x04B5	0x2F      	ADD A, R7
;__Lib_MathDouble.c,399 :: 		
0x04B6	0x5009    	JNC __Mul_32x32_FP_l8
;__Lib_MathDouble.c,401 :: 		
__Mul_32x32_FP_l6:
;__Lib_MathDouble.c,402 :: 		
0x04B8	0x0205CC  	LJMP __Mul_32x32_FP_l9
;__Lib_MathDouble.c,404 :: 		
__Mul_32x32_FP_l7:
;__Lib_MathDouble.c,405 :: 		
0x04BB	0x2F      	ADD A, R7
;__Lib_MathDouble.c,406 :: 		
0x04BC	0x4003    	JC __Mul_32x32_FP_l8
;__Lib_MathDouble.c,407 :: 		
0x04BE	0x0205C9  	LJMP __Mul_32x32_FP_l10
;__Lib_MathDouble.c,409 :: 		
__Mul_32x32_FP_l8:
;__Lib_MathDouble.c,410 :: 		
0x04C1	0xC0E0    	PUSH ACC
;__Lib_MathDouble.c,411 :: 		
0x04C3	0xEC      	MOV A, R4
;__Lib_MathDouble.c,412 :: 		
0x04C4	0x4D      	ORL A, R5
;__Lib_MathDouble.c,413 :: 		
0x04C5	0x7044    	JNZ __Mul_32x32_FP_l11
;__Lib_MathDouble.c,414 :: 		
0x04C7	0xBE8006  	CJNE R6, 128, __Mul_32x32_FP_l12
;__Lib_MathDouble.c,416 :: 		
__Mul_32x32_FP_l16:
;__Lib_MathDouble.c,417 :: 		
0x04CA	0xD0E0    	POP ACC
;__Lib_MathDouble.c,418 :: 		
0x04CC	0xFC      	MOV R4, A
;__Lib_MathDouble.c,419 :: 		
0x04CD	0x0205B8  	LJMP __Mul_32x32_FP_l13
;__Lib_MathDouble.c,421 :: 		
__Mul_32x32_FP_l12:
;__Lib_MathDouble.c,422 :: 		
0x04D0	0xE8      	MOV A, R0
;__Lib_MathDouble.c,423 :: 		
0x04D1	0x49      	ORL A, R1
;__Lib_MathDouble.c,424 :: 		
0x04D2	0x701C    	JNZ __Mul_32x32_FP_l14
;__Lib_MathDouble.c,425 :: 		
0x04D4	0xBA8008  	CJNE R2, 128, __Mul_32x32_FP_l15
;__Lib_MathDouble.c,427 :: 		
__Mul_32x32_FP_l20:
;__Lib_MathDouble.c,428 :: 		
0x04D7	0xEC      	MOV A, R4
;__Lib_MathDouble.c,429 :: 		
0x04D8	0xF8      	MOV R0, A
;__Lib_MathDouble.c,430 :: 		
0x04D9	0xED      	MOV A, R5
;__Lib_MathDouble.c,431 :: 		
0x04DA	0xF9      	MOV R1, A
;__Lib_MathDouble.c,432 :: 		
0x04DB	0xEE      	MOV A, R6
;__Lib_MathDouble.c,433 :: 		
0x04DC	0xFA      	MOV R2, A
;__Lib_MathDouble.c,434 :: 		
0x04DD	0x80EB    	SJMP __Mul_32x32_FP_l16
;__Lib_MathDouble.c,436 :: 		
__Mul_32x32_FP_l15:
;__Lib_MathDouble.c,437 :: 		
0x04DF	0xEE      	MOV A, R6
;__Lib_MathDouble.c,438 :: 		
0x04E0	0x8AF0    	MOV B, R2
;__Lib_MathDouble.c,439 :: 		
0x04E2	0xA4      	MUL AB
;__Lib_MathDouble.c,440 :: 		
0x04E3	0xF9      	MOV R1, A
;__Lib_MathDouble.c,441 :: 		
0x04E4	0xE5F0    	MOV A, B
;__Lib_MathDouble.c,442 :: 		
0x04E6	0x020572  	LJMP __Mul_32x32_FP_l17
;__Lib_MathDouble.c,444 :: 		
__Mul_32x32_FP_l19:
;__Lib_MathDouble.c,445 :: 		
0x04E9	0xEE      	MOV A, R6
;__Lib_MathDouble.c,446 :: 		
0x04EA	0xCA      	XCH A, R2
;__Lib_MathDouble.c,447 :: 		
0x04EB	0xFE      	MOV R6, A
;__Lib_MathDouble.c,448 :: 		
0x04EC	0xED      	MOV A, R5
;__Lib_MathDouble.c,449 :: 		
0x04ED	0xF9      	MOV R1, A
;__Lib_MathDouble.c,450 :: 		
0x04EE	0xEC      	MOV A, R4
;__Lib_MathDouble.c,451 :: 		
0x04EF	0xF8      	MOV R0, A
;__Lib_MathDouble.c,453 :: 		
__Mul_32x32_FP_l14:
;__Lib_MathDouble.c,454 :: 		
0x04F0	0xE8      	MOV A, R0
;__Lib_MathDouble.c,455 :: 		
0x04F1	0x8EF0    	MOV B, R6
;__Lib_MathDouble.c,456 :: 		
0x04F3	0xA4      	MUL AB
;__Lib_MathDouble.c,457 :: 		
0x04F4	0xFB      	MOV R3, A
;__Lib_MathDouble.c,458 :: 		
0x04F5	0xE5F0    	MOV A, B
;__Lib_MathDouble.c,459 :: 		
0x04F7	0xC9      	XCH A, R1
;__Lib_MathDouble.c,460 :: 		
0x04F8	0x8EF0    	MOV B, R6
;__Lib_MathDouble.c,461 :: 		
0x04FA	0xA4      	MUL AB
;__Lib_MathDouble.c,462 :: 		
0x04FB	0x29      	ADD A, R1
;__Lib_MathDouble.c,463 :: 		
0x04FC	0xF8      	MOV R0, A
;__Lib_MathDouble.c,464 :: 		
0x04FD	0xE4      	CLR A
;__Lib_MathDouble.c,465 :: 		
0x04FE	0x35F0    	ADDC A, B
;__Lib_MathDouble.c,466 :: 		
0x0500	0xCA      	XCH A, R2
;__Lib_MathDouble.c,467 :: 		
0x0501	0x8EF0    	MOV B, R6
;__Lib_MathDouble.c,468 :: 		
0x0503	0xA4      	MUL AB
;__Lib_MathDouble.c,469 :: 		
0x0504	0x2A      	ADD A, R2
;__Lib_MathDouble.c,470 :: 		
0x0505	0xF9      	MOV R1, A
;__Lib_MathDouble.c,471 :: 		
0x0506	0xE4      	CLR A
;__Lib_MathDouble.c,472 :: 		
0x0507	0x35F0    	ADDC A, B
;__Lib_MathDouble.c,473 :: 		
0x0509	0x8067    	SJMP __Mul_32x32_FP_l17
;__Lib_MathDouble.c,475 :: 		
__Mul_32x32_FP_l11:
;__Lib_MathDouble.c,476 :: 		
0x050B	0xE8      	MOV A, R0
;__Lib_MathDouble.c,477 :: 		
0x050C	0x49      	ORL A, R1
;__Lib_MathDouble.c,478 :: 		
0x050D	0x7005    	JNZ __Mul_32x32_FP_l18
;__Lib_MathDouble.c,479 :: 		
0x050F	0xBA80D7  	CJNE R2, 128, __Mul_32x32_FP_l19
;__Lib_MathDouble.c,480 :: 		
0x0512	0x80C3    	SJMP __Mul_32x32_FP_l20
;__Lib_MathDouble.c,482 :: 		
__Mul_32x32_FP_l18:
;__Lib_MathDouble.c,483 :: 		
0x0514	0xE8      	MOV A, R0
;__Lib_MathDouble.c,484 :: 		
0x0515	0x8CF0    	MOV B, R4
;__Lib_MathDouble.c,485 :: 		
0x0517	0xA4      	MUL AB
;__Lib_MathDouble.c,486 :: 		
0x0518	0xABF0    	MOV R3, B
;__Lib_MathDouble.c,487 :: 		
0x051A	0xE9      	MOV A, R1
;__Lib_MathDouble.c,488 :: 		
0x051B	0x8CF0    	MOV B, R4
;__Lib_MathDouble.c,489 :: 		
0x051D	0xA4      	MUL AB
;__Lib_MathDouble.c,490 :: 		
0x051E	0x2B      	ADD A, R3
;__Lib_MathDouble.c,491 :: 		
0x051F	0xFB      	MOV R3, A
;__Lib_MathDouble.c,492 :: 		
0x0520	0xE4      	CLR A
;__Lib_MathDouble.c,493 :: 		
0x0521	0x35F0    	ADDC A, B
;__Lib_MathDouble.c,494 :: 		
0x0523	0xFF      	MOV R7, A
;__Lib_MathDouble.c,495 :: 		
0x0524	0xE8      	MOV A, R0
;__Lib_MathDouble.c,496 :: 		
0x0525	0x8DF0    	MOV B, R5
;__Lib_MathDouble.c,497 :: 		
0x0527	0xA4      	MUL AB
;__Lib_MathDouble.c,498 :: 		
0x0528	0x2B      	ADD A, R3
;__Lib_MathDouble.c,499 :: 		
0x0529	0xE5F0    	MOV A, B
;__Lib_MathDouble.c,500 :: 		
0x052B	0x3F      	ADDC A, R7
;__Lib_MathDouble.c,501 :: 		
0x052C	0xFB      	MOV R3, A
;__Lib_MathDouble.c,502 :: 		
0x052D	0xE4      	CLR A
;__Lib_MathDouble.c,503 :: 		
0x052E	0x33      	RLC A
;__Lib_MathDouble.c,504 :: 		
0x052F	0xCC      	XCH A, R4
;__Lib_MathDouble.c,505 :: 		
0x0530	0x8AF0    	MOV B, R2
;__Lib_MathDouble.c,506 :: 		
0x0532	0xA4      	MUL AB
;__Lib_MathDouble.c,507 :: 		
0x0533	0x2B      	ADD A, R3
;__Lib_MathDouble.c,508 :: 		
0x0534	0xFB      	MOV R3, A
;__Lib_MathDouble.c,509 :: 		
0x0535	0xE5F0    	MOV A, B
;__Lib_MathDouble.c,510 :: 		
0x0537	0x3C      	ADDC A, R4
;__Lib_MathDouble.c,511 :: 		
0x0538	0xFF      	MOV R7, A
;__Lib_MathDouble.c,512 :: 		
0x0539	0xE9      	MOV A, R1
;__Lib_MathDouble.c,513 :: 		
0x053A	0x8DF0    	MOV B, R5
;__Lib_MathDouble.c,514 :: 		
0x053C	0xA4      	MUL AB
;__Lib_MathDouble.c,515 :: 		
0x053D	0x2B      	ADD A, R3
;__Lib_MathDouble.c,516 :: 		
0x053E	0xFB      	MOV R3, A
;__Lib_MathDouble.c,517 :: 		
0x053F	0xE5F0    	MOV A, B
;__Lib_MathDouble.c,518 :: 		
0x0541	0x3F      	ADDC A, R7
;__Lib_MathDouble.c,519 :: 		
0x0542	0xFF      	MOV R7, A
;__Lib_MathDouble.c,520 :: 		
0x0543	0xE4      	CLR A
;__Lib_MathDouble.c,521 :: 		
0x0544	0x33      	RLC A
;__Lib_MathDouble.c,522 :: 		
0x0545	0xC8      	XCH A, R0
;__Lib_MathDouble.c,523 :: 		
0x0546	0x8EF0    	MOV B, R6
;__Lib_MathDouble.c,524 :: 		
0x0548	0xA4      	MUL AB
;__Lib_MathDouble.c,525 :: 		
0x0549	0x2B      	ADD A, R3
;__Lib_MathDouble.c,526 :: 		
0x054A	0xFB      	MOV R3, A
;__Lib_MathDouble.c,527 :: 		
0x054B	0xE5F0    	MOV A, B
;__Lib_MathDouble.c,528 :: 		
0x054D	0x3F      	ADDC A, R7
;__Lib_MathDouble.c,529 :: 		
0x054E	0xC8      	XCH A, R0
;__Lib_MathDouble.c,530 :: 		
0x054F	0x3400    	ADDC A, 0
;__Lib_MathDouble.c,531 :: 		
0x0551	0xC9      	XCH A, R1
;__Lib_MathDouble.c,532 :: 		
0x0552	0x8EF0    	MOV B, R6
;__Lib_MathDouble.c,533 :: 		
0x0554	0xA4      	MUL AB
;__Lib_MathDouble.c,534 :: 		
0x0555	0x28      	ADD A, R0
;__Lib_MathDouble.c,535 :: 		
0x0556	0xF8      	MOV R0, A
;__Lib_MathDouble.c,536 :: 		
0x0557	0xE5F0    	MOV A, B
;__Lib_MathDouble.c,537 :: 		
0x0559	0x39      	ADDC A, R1
;__Lib_MathDouble.c,538 :: 		
0x055A	0xF9      	MOV R1, A
;__Lib_MathDouble.c,539 :: 		
0x055B	0xE4      	CLR A
;__Lib_MathDouble.c,540 :: 		
0x055C	0x33      	RLC A
;__Lib_MathDouble.c,541 :: 		
0x055D	0xCE      	XCH A, R6
;__Lib_MathDouble.c,542 :: 		
0x055E	0x8AF0    	MOV B, R2
;__Lib_MathDouble.c,543 :: 		
0x0560	0xA4      	MUL AB
;__Lib_MathDouble.c,544 :: 		
0x0561	0x29      	ADD A, R1
;__Lib_MathDouble.c,545 :: 		
0x0562	0xF9      	MOV R1, A
;__Lib_MathDouble.c,546 :: 		
0x0563	0xE5F0    	MOV A, B
;__Lib_MathDouble.c,547 :: 		
0x0565	0x3E      	ADDC A, R6
;__Lib_MathDouble.c,548 :: 		
0x0566	0xCA      	XCH A, R2
;__Lib_MathDouble.c,549 :: 		
0x0567	0x8DF0    	MOV B, R5
;__Lib_MathDouble.c,550 :: 		
0x0569	0xA4      	MUL AB
;__Lib_MathDouble.c,551 :: 		
0x056A	0x28      	ADD A, R0
;__Lib_MathDouble.c,552 :: 		
0x056B	0xF8      	MOV R0, A
;__Lib_MathDouble.c,553 :: 		
0x056C	0xE5F0    	MOV A, B
;__Lib_MathDouble.c,554 :: 		
0x056E	0x39      	ADDC A, R1
;__Lib_MathDouble.c,555 :: 		
0x056F	0xF9      	MOV R1, A
;__Lib_MathDouble.c,556 :: 		
0x0570	0xE4      	CLR A
;__Lib_MathDouble.c,557 :: 		
0x0571	0x3A      	ADDC A, R2
;__Lib_MathDouble.c,559 :: 		
__Mul_32x32_FP_l17:
;__Lib_MathDouble.c,560 :: 		
0x0572	0xFA      	MOV R2, A
;__Lib_MathDouble.c,561 :: 		
0x0573	0x33      	RLC A
;__Lib_MathDouble.c,562 :: 		
0x0574	0xD0E0    	POP ACC
;__Lib_MathDouble.c,563 :: 		
0x0576	0xFC      	MOV R4, A
;__Lib_MathDouble.c,564 :: 		
0x0577	0x5006    	JNC __Mul_32x32_FP_l21
;__Lib_MathDouble.c,565 :: 		
0x0579	0x0C      	INC R4
;__Lib_MathDouble.c,566 :: 		
0x057A	0xBC000E  	CJNE R4, 0, __Mul_32x32_FP_l22
;__Lib_MathDouble.c,567 :: 		
0x057D	0x804D    	SJMP __Mul_32x32_FP_l9
;__Lib_MathDouble.c,569 :: 		
__Mul_32x32_FP_l21:
;__Lib_MathDouble.c,570 :: 		
0x057F	0xEB      	MOV A, R3
;__Lib_MathDouble.c,571 :: 		
0x0580	0x2B      	ADD A, R3
;__Lib_MathDouble.c,572 :: 		
0x0581	0xFB      	MOV R3, A
;__Lib_MathDouble.c,573 :: 		
0x0582	0xE8      	MOV A, R0
;__Lib_MathDouble.c,574 :: 		
0x0583	0x33      	RLC A
;__Lib_MathDouble.c,575 :: 		
0x0584	0xF8      	MOV R0, A
;__Lib_MathDouble.c,576 :: 		
0x0585	0xE9      	MOV A, R1
;__Lib_MathDouble.c,577 :: 		
0x0586	0x33      	RLC A
;__Lib_MathDouble.c,578 :: 		
0x0587	0xF9      	MOV R1, A
;__Lib_MathDouble.c,579 :: 		
0x0588	0xEA      	MOV A, R2
;__Lib_MathDouble.c,580 :: 		
0x0589	0x33      	RLC A
;__Lib_MathDouble.c,581 :: 		
0x058A	0xFA      	MOV R2, A
;__Lib_MathDouble.c,583 :: 		
__Mul_32x32_FP_l22:
;__Lib_MathDouble.c,584 :: 		
0x058B	0x8017    	SJMP __Mul_32x32_FP_l23
;__Lib_MathDouble.c,586 :: 		
__Mul_32x32_FP_l5:
;__Lib_MathDouble.c,587 :: 		
0x058D	0xEE      	MOV A, R6
;__Lib_MathDouble.c,588 :: 		
0x058E	0xD2E7    	SETB 231.B0
;__Lib_MathDouble.c,589 :: 		
0x0590	0xCE      	XCH A, R6
;__Lib_MathDouble.c,590 :: 		
0x0591	0x33      	RLC A
;__Lib_MathDouble.c,591 :: 		
0x0592	0xEF      	MOV A, R7
;__Lib_MathDouble.c,592 :: 		
0x0593	0x33      	RLC A
;__Lib_MathDouble.c,593 :: 		
0x0594	0xFF      	MOV R7, A
;__Lib_MathDouble.c,594 :: 		
0x0595	0x92D5    	MOV F0_bit, C
;__Lib_MathDouble.c,595 :: 		
0x0597	0xEA      	MOV A, R2
;__Lib_MathDouble.c,596 :: 		
0x0598	0xD2E7    	SETB 231.B0
;__Lib_MathDouble.c,597 :: 		
0x059A	0xCA      	XCH A, R2
;__Lib_MathDouble.c,598 :: 		
0x059B	0x33      	RLC A
;__Lib_MathDouble.c,599 :: 		
0x059C	0xEB      	MOV A, R3
;__Lib_MathDouble.c,600 :: 		
0x059D	0x33      	RLC A
;__Lib_MathDouble.c,601 :: 		
0x059E	0xFB      	MOV R3, A
;__Lib_MathDouble.c,602 :: 		
0x059F	0x5002    	JNC __Mul_32x32_FP_l24
;__Lib_MathDouble.c,603 :: 		
0x05A1	0xB2D5    	CPL F0_bit
;__Lib_MathDouble.c,604 :: 		
__Mul_32x32_FP_l24:
;__Lib_MathDouble.c,605 :: 		
0x05A3	0x22      	RET
;__Lib_MathDouble.c,607 :: 		
__Mul_32x32_FP_l23:
;__Lib_MathDouble.c,608 :: 		
0x05A4	0xEB      	MOV A, R3
;__Lib_MathDouble.c,609 :: 		
0x05A5	0x30E710  	JNB 231, __Mul_32x32_FP_l13
;__Lib_MathDouble.c,610 :: 		
0x05A8	0x08      	INC R0
;__Lib_MathDouble.c,611 :: 		
0x05A9	0xB8000C  	CJNE R0, 0, __Mul_32x32_FP_l13
;__Lib_MathDouble.c,612 :: 		
0x05AC	0x09      	INC R1
;__Lib_MathDouble.c,613 :: 		
0x05AD	0xB90008  	CJNE R1, 0, __Mul_32x32_FP_l13
;__Lib_MathDouble.c,614 :: 		
0x05B0	0x0A      	INC R2
;__Lib_MathDouble.c,615 :: 		
0x05B1	0xBA0004  	CJNE R2, 0, __Mul_32x32_FP_l13
;__Lib_MathDouble.c,616 :: 		
0x05B4	0x0C      	INC R4
;__Lib_MathDouble.c,617 :: 		
0x05B5	0xEC      	MOV A, R4
;__Lib_MathDouble.c,618 :: 		
0x05B6	0x6014    	JZ __Mul_32x32_FP_l9
;__Lib_MathDouble.c,620 :: 		
__Mul_32x32_FP_l13:
;__Lib_MathDouble.c,621 :: 		
0x05B8	0xA2D5    	MOV C, F0_bit
;__Lib_MathDouble.c,622 :: 		
0x05BA	0xEC      	MOV A, R4
;__Lib_MathDouble.c,623 :: 		
0x05BB	0x13      	RRC A
;__Lib_MathDouble.c,624 :: 		
0x05BC	0xFB      	MOV R3, A
;__Lib_MathDouble.c,625 :: 		
0x05BD	0xEA      	MOV A, R2
;__Lib_MathDouble.c,626 :: 		
0x05BE	0x92E7    	MOV 231.B0, C
;__Lib_MathDouble.c,627 :: 		
0x05C0	0xFA      	MOV R2, A
;__Lib_MathDouble.c,628 :: 		
0x05C1	0x22      	RET
;__Lib_MathDouble.c,630 :: 		
__Mul_32x32_FP_l4:
;__Lib_MathDouble.c,631 :: 		
0x05C2	0x74FF    	MOV A, 255
;__Lib_MathDouble.c,633 :: 		
__Mul_32x32_FP_l25:
;__Lib_MathDouble.c,634 :: 		
0x05C4	0xFB      	MOV R3, A
;__Lib_MathDouble.c,635 :: 		
0x05C5	0xFA      	MOV R2, A
;__Lib_MathDouble.c,637 :: 		
__Mul_32x32_FP_l26:
;__Lib_MathDouble.c,638 :: 		
0x05C6	0xF9      	MOV R1, A
;__Lib_MathDouble.c,639 :: 		
0x05C7	0xF8      	MOV R0, A
;__Lib_MathDouble.c,640 :: 		
0x05C8	0x22      	RET
;__Lib_MathDouble.c,642 :: 		
__Mul_32x32_FP_l10:
;__Lib_MathDouble.c,643 :: 		
0x05C9	0xE4      	CLR A
;__Lib_MathDouble.c,644 :: 		
0x05CA	0x80F8    	SJMP __Mul_32x32_FP_l25
;__Lib_MathDouble.c,646 :: 		
__Mul_32x32_FP_l9:
;__Lib_MathDouble.c,647 :: 		
0x05CC	0xA2D5    	MOV C, F0_bit
;__Lib_MathDouble.c,648 :: 		
0x05CE	0x74FF    	MOV A, 255
;__Lib_MathDouble.c,649 :: 		
0x05D0	0x13      	RRC A
;__Lib_MathDouble.c,650 :: 		
0x05D1	0xFB      	MOV R3, A
;__Lib_MathDouble.c,651 :: 		
0x05D2	0x7A80    	MOV R2, 128
;__Lib_MathDouble.c,652 :: 		
0x05D4	0xE4      	CLR A
;__Lib_MathDouble.c,653 :: 		
0x05D5	0x80EF    	SJMP __Mul_32x32_FP_l26
;__Lib_MathDouble.c,655 :: 		
0x05D7	0x22      	RET
; end of _Mul_32x32_FP
_UART1_Init:
;__Lib_UART_Timer1_XBR_Shift.c,15 :: 		
;__Lib_UART_Timer1_XBR_Shift.c,16 :: 		
0x05D8	0x750B12  	MOV _UART_Wr_Ptr, lo_addr(_UART1_Write)
0x05DB	0x750C03  	MOV _UART_Wr_Ptr+1, hi_addr(_UART1_Write)
0x05DE	0x750D12  	MOV _UART_Wr_Ptr+2, lo_addr(FARG_UART1_Write_data_)
;__Lib_UART_Timer1_XBR_Shift.c,17 :: 		
0x05E1	0x7508FF  	MOV _UART_Rd_Ptr, lo_addr(_UART1_Read)
0x05E4	0x7509FF  	MOV _UART_Rd_Ptr+1, hi_addr(_UART1_Read)
0x05E7	0x750A00  	MOV _UART_Rd_Ptr+2, 0
;__Lib_UART_Timer1_XBR_Shift.c,18 :: 		
0x05EA	0x750EFF  	MOV _UART_Rdy_Ptr, lo_addr(_UART1_Data_Ready)
0x05ED	0x750FFF  	MOV _UART_Rdy_Ptr+1, hi_addr(_UART1_Data_Ready)
0x05F0	0x751000  	MOV _UART_Rdy_Ptr+2, 0
;__Lib_UART_Timer1_XBR_Shift.c,21 :: 		
0x05F3	0x43E101  	ORL XBR0, #1
;__Lib_UART_Timer1_XBR_Shift.c,22 :: 		
0x05F6	0x43E240  	ORL XBR1, #64
;__Lib_UART_Timer1_XBR_Shift.c,23 :: 		
0x05F9	0x758840  	MOV TCON, #64
;__Lib_UART_Timer1_XBR_Shift.c,24 :: 		
0x05FC	0x758920  	MOV TMOD, #32
;__Lib_UART_Timer1_XBR_Shift.c,25 :: 		
0x05FF	0x759810  	MOV SCON0, #16
;__Lib_UART_Timer1_XBR_Shift.c,28 :: 		
0x0602	0x22      	RET
; end of _UART1_Init
_Word2Double:
;__Lib_MathDouble.c,1077 :: 		
;__Lib_MathDouble.c,1079 :: 		
0x0603	0x75F020  	MOV B, 32
;__Lib_MathDouble.c,1080 :: 		
0x0606	0xE4      	CLR A
;__Lib_MathDouble.c,1082 :: 		
0x0607	0x512C    	ACALL _level2Double
;__Lib_MathDouble.c,1083 :: 		
0x0609	0x22      	RET
; end of _Word2Double
_main:
0x060A	0x758180  	MOV SP, #128
0x060D	0x120738  	LCALL 1848
;ir_tx.c,97 :: 		void main(void)
;ir_tx.c,99 :: 		unsigned int t = 0;
;ir_tx.c,100 :: 		char tmp = 0;
0x0610	0x751100  	MOV main_tmp_L0, #0
;ir_tx.c,101 :: 		Init_Device();
0x0613	0x5169    	ACALL _Init_Device
;ir_tx.c,102 :: 		UART1_Init(1200);
0x0615	0x538EFC  	ANL CKCON, #252
0x0618	0x538EF7  	ANL CKCON, #247
0x061B	0x758D2B  	MOV TH1, #43
0x061E	0xB1D8    	ACALL _UART1_Init
;ir_tx.c,103 :: 		ADC1_Init_Advanced(_INTERNAL_REF | _RIGHT_ADJUSTMENT);
0x0620	0x751208  	MOV FARG_ADC1_Init_Advanced_adv_setting, #8
0x0623	0x914D    	ACALL _ADC1_Init_Advanced
;ir_tx.c,105 :: 		while(1)
L_main7:
;ir_tx.c,107 :: 		t = (ADC1_Get_Sample(16) * VDD_mv);
0x0625	0x751210  	MOV FARG_ADC1_Get_Sample_channel, #16
0x0628	0x9167    	ACALL _ADC1_Get_Sample
0x062A	0xD103    	ACALL _Word2Double
0x062C	0x7C00    	MOV R4, #0
0x062E	0x7D00    	MOV R5, #0
0x0630	0x7E48    	MOV R6, #72
0x0632	0x750745  	MOV R7, #69
0x0635	0x9189    	ACALL _Mul_32x32_FP
0x0637	0x910B    	ACALL _Double2Ints
;ir_tx.c,108 :: 		t /= 1023.0;
0x0639	0xD103    	ACALL _Word2Double
0x063B	0x7C00    	MOV R4, #0
0x063D	0x7DC0    	MOV R5, #192
0x063F	0x7E7F    	MOV R6, #127
0x0641	0x750744  	MOV R7, #68
0x0644	0x711F    	ACALL _Div_32x32_FP
0x0646	0x910B    	ACALL _Double2Ints
;ir_tx.c,109 :: 		t = (((float)t - 776.0) / 2.86);
0x0648	0xD103    	ACALL _Word2Double
0x064A	0x7C00    	MOV R4, #0
0x064C	0x7D00    	MOV R5, #0
0x064E	0x7E42    	MOV R6, #66
0x0650	0x750744  	MOV R7, #68
0x0653	0x5182    	ACALL _Sub_32x32_FP
0x0655	0x7C3D    	MOV R4, #61
0x0657	0x7D0A    	MOV R5, #10
0x0659	0x7E37    	MOV R6, #55
0x065B	0x750740  	MOV R7, #64
0x065E	0x711F    	ACALL _Div_32x32_FP
0x0660	0x910B    	ACALL _Double2Ints
;ir_tx.c,110 :: 		value = t;
0x0662	0x850032  	MOV _value, 0
0x0665	0x850133  	MOV _value+1, 1
;ir_tx.c,111 :: 		tmp = t;
0x0668	0x850011  	MOV main_tmp_L0, 0
;ir_tx.c,112 :: 		UART1_Write(0xAA);
0x066B	0x7512AA  	MOV FARG_UART1_Write_data_, #170
0x066E	0x7112    	ACALL _UART1_Write
;ir_tx.c,113 :: 		UART1_Write((tmp / 10) + 0x30);
0x0670	0x75F00A  	MOV B, #10
0x0673	0xE511    	MOV A, main_tmp_L0
0x0675	0x84      	DIV AB
0x0676	0xF8      	MOV R0, A
0x0677	0x2430    	ADD A, #48
0x0679	0xF512    	MOV FARG_UART1_Write_data_, A
0x067B	0x7112    	ACALL _UART1_Write
;ir_tx.c,114 :: 		UART1_Write((tmp % 10) + 0x30);
0x067D	0x75F00A  	MOV B, #10
0x0680	0xE511    	MOV A, main_tmp_L0
0x0682	0x84      	DIV AB
0x0683	0xE5F0    	MOV A, B
0x0685	0xF8      	MOV R0, A
0x0686	0x2430    	ADD A, #48
0x0688	0xF512    	MOV FARG_UART1_Write_data_, A
0x068A	0x7112    	ACALL _UART1_Write
;ir_tx.c,115 :: 		delay_ms(400);
0x068C	0x7D0D    	MOV R5, 13
0x068E	0x7E6E    	MOV R6, 110
0x0690	0x7FC7    	MOV R7, 199
0x0692	0xDFFE    	DJNZ R7, PC-2
0x0694	0xDEFC    	DJNZ R6, PC-4
0x0696	0xDDFA    	DJNZ R5, PC-6
;ir_tx.c,116 :: 		};
0x0698	0xC125    	AJMP L_main7
;ir_tx.c,117 :: 		}
0x069A	0x80FE    	SJMP #254
; end of _main
_Timer_ISR:
0x069C	0xC000    	PUSH R0
0x069E	0xC001    	PUSH R1
0x06A0	0xC002    	PUSH R2
0x06A2	0xC004    	PUSH R4
0x06A4	0xC005    	PUSH R5
0x06A6	0xC007    	PUSH R7
0x06A8	0xC0D0    	PUSH PSW
0x06AA	0xC0E0    	PUSH ACC
0x06AC	0xC0F0    	PUSH B
0x06AE	0xC082    	PUSH DPL
0x06B0	0xC083    	PUSH DPH
;ir_tx.c,58 :: 		ics ICS_AUTO
;ir_tx.c,60 :: 		switch(i)
0x06B2	0x802C    	SJMP L_Timer_ISR0
;ir_tx.c,62 :: 		case 0:
L_Timer_ISR2:
;ir_tx.c,64 :: 		val = (value / 10);
0x06B4	0x7C0A    	MOV R4, #10
0x06B6	0x7D00    	MOV R5, #0
0x06B8	0xA832    	MOV R0, _value
0x06BA	0xA933    	MOV R1, _value+1
0x06BC	0x51BD    	ACALL _Div_16x16_U
0x06BE	0x850031  	MOV val, 0
;ir_tx.c,65 :: 		break;
0x06C1	0x8033    	SJMP L_Timer_ISR1
;ir_tx.c,67 :: 		case 1:
L_Timer_ISR3:
;ir_tx.c,69 :: 		val = (value % 10);
0x06C3	0x7C0A    	MOV R4, #10
0x06C5	0x7D00    	MOV R5, #0
0x06C7	0xA832    	MOV R0, _value
0x06C9	0xA933    	MOV R1, _value+1
0x06CB	0x51BD    	ACALL _Div_16x16_U
0x06CD	0xA804    	MOV R0, R4
0x06CF	0xA905    	MOV R1, R5
0x06D1	0x850031  	MOV val, 0
;ir_tx.c,70 :: 		break;
0x06D4	0x8020    	SJMP L_Timer_ISR1
;ir_tx.c,72 :: 		case 2:
L_Timer_ISR4:
;ir_tx.c,74 :: 		val = 10;
0x06D6	0x75310A  	MOV val, #10
;ir_tx.c,75 :: 		break;
0x06D9	0x801B    	SJMP L_Timer_ISR1
;ir_tx.c,77 :: 		case 3:
L_Timer_ISR5:
;ir_tx.c,79 :: 		val = 11;
0x06DB	0x75310B  	MOV val, #11
;ir_tx.c,80 :: 		break;
0x06DE	0x8016    	SJMP L_Timer_ISR1
;ir_tx.c,82 :: 		}
L_Timer_ISR0:
0x06E0	0xE530    	MOV A, _i
0x06E2	0x60D0    	JZ L_Timer_ISR2
0x06E4	0xE530    	MOV A, _i
0x06E6	0x6401    	XRL A, #1
0x06E8	0x60D9    	JZ L_Timer_ISR3
0x06EA	0xE530    	MOV A, _i
0x06EC	0x6402    	XRL A, #2
0x06EE	0x60E6    	JZ L_Timer_ISR4
0x06F0	0xE530    	MOV A, _i
0x06F2	0x6403    	XRL A, #3
0x06F4	0x60E5    	JZ L_Timer_ISR5
L_Timer_ISR1:
;ir_tx.c,84 :: 		segment_write(val, i);
0x06F6	0x853115  	MOV FARG_segment_write_disp, val+0
0x06F9	0x853016  	MOV FARG_segment_write_pos, _i+0
0x06FC	0x518A    	ACALL _segment_write
;ir_tx.c,86 :: 		i++;
0x06FE	0x0530    	INC _i
;ir_tx.c,88 :: 		if(i > 3)
0x0700	0xD3      	SETB C
0x0701	0xE530    	MOV A, _i
0x0703	0x9403    	SUBB A, #3
0x0705	0x4003    	JC L_Timer_ISR6
;ir_tx.c,90 :: 		i = 0;
0x0707	0x753000  	MOV _i, #0
;ir_tx.c,91 :: 		}
L_Timer_ISR6:
;ir_tx.c,93 :: 		TMR3CN &= 0x7F;
0x070A	0x53917F  	ANL TMR3CN, #127
;ir_tx.c,94 :: 		}
0x070D	0xD083    	POP DPH
0x070F	0xD082    	POP DPL
0x0711	0xD0F0    	POP B
0x0713	0xD0E0    	POP ACC
0x0715	0xD0D0    	POP PSW
0x0717	0xD007    	POP R7
0x0719	0xD005    	POP R5
0x071B	0xD004    	POP R4
0x071D	0xD002    	POP R2
0x071F	0xD001    	POP R1
0x0721	0xD000    	POP R0
0x0723	0x32      	RETI
; end of _Timer_ISR
0x0738	0x7830    	MOV R0, 48
0x073A	0x7904    	MOV R1, 4
0x073C	0x758230  	MOV DPL, 48
0x073F	0x758307  	MOV DPH, 7
0x0742	0x12027A  	LCALL 634
0x0745	0x22      	RET
;ir_tx.c,15 :: _segment_code
0x0724	0xC0F9A4 ;_segment_code+0
0x0727	0xB09992 ;_segment_code+3
0x072A	0x82F880 ;_segment_code+6
0x072D	0x909CC6 ;_segment_code+9
; end of _segment_code
;ir_tx.c,0 :: ?ICS_i
0x0730	0x00 ;?ICS_i+0
; end of ?ICS_i
;ir_tx.c,0 :: ?ICSval
0x0731	0x00 ;?ICSval+0
; end of ?ICSval
;ir_tx.c,0 :: ?ICS_value
0x0732	0x0000 ;?ICS_value+0
; end of ?ICS_value
;ir_tx.c,33 :: _display_pos
0x0734	0xF7FBFD ;_display_pos+0
0x0737	0xFE ;_display_pos+3
; end of _display_pos
Symbol List:
//** Routines locations **
//ADDRESS    SIZE    PROCEDURE
//----------------------------------------------
0x0076      [16]    _Port_IO_Init
0x0086       [4]    _Voltage_Reference_Init
0x008A       [7]    _Interrupts_Init
0x0091       [4]    _Oscillator_Init
0x0095      [10]    _Timer_Init
0x009F     [317]    _Add_32x32_FP
0x01DC      [13]    _ADC_Init
0x01E9      [51]    _write_74HC595
0x021C      [16]    _PCA_Init
0x022C      [57]    _level2Double
0x0265       [4]    _UART_Init
0x0269      [17]    _Init_Device
0x027A       [8]    ___CC2D
0x0282       [8]    _Sub_32x32_FP
0x028A      [51]    _segment_write
0x02BD      [85]    _Div_16x16_U
0x0312      [13]    _UART1_Write
0x031F     [236]    _Div_32x32_FP
0x040B      [66]    _Double2Ints
0x044D      [26]    _ADC1_Init_Advanced
0x0467      [34]    _ADC1_Get_Sample
0x0489     [335]    _Mul_32x32_FP
0x05D8      [43]    _UART1_Init
0x0603       [7]    _Word2Double
0x060A     [146]    _main
0x069C     [136]    _Timer_ISR
//** Variables locations ** 
//ADDRESS    SIZE    VARIABLE
//----------------------------------------------
0x0000       [1]    R0
0x0001       [1]    R1
0x0002       [1]    R2
0x0003       [1]    R3
0x0004       [1]    R4
0x0005       [1]    R5
0x0006       [1]    R6
0x0007       [1]    R7
0x0008       [3]    _UART_Rd_Ptr
0x000B       [3]    _UART_Wr_Ptr
0x000E       [3]    _UART_Rdy_Ptr
0x0011       [1]    main_tmp_L0
0x0012       [1]    FARG_UART1_Write_data_
0x0012       [1]    FARG_ADC1_Get_Sample_channel
0x0012       [1]    FARG_ADC1_Init_Advanced_adv_setting
0x0013       [2]    ADC1_Get_Sample_temp_L0
0x0015       [1]    FARG_segment_write_disp
0x0016       [1]    FARG_segment_write_pos
0x0017       [1]    FARG_write_74HC595_send_data
0x0018       [1]    write_74HC595_clks_L0
0x0030       [1]    _i
0x0031       [1]    val
0x0032       [2]    _value
0x0081       [1]    SP
0x0082       [1]    DPL
0x0083       [1]    DPH
0x0088       [1]    TCON
0x0089       [1]    TMOD
0x008D       [1]    TH1
0x008E       [1]    CKCON
0x0090       [0]    P1_5_bit
0x0090       [0]    P1_7_bit
0x0090       [0]    P1_6_bit
0x0091       [1]    TMR3CN
0x0092       [1]    TMR3RLL
0x0093       [1]    TMR3RLH
0x0098       [1]    SCON0
0x0099       [1]    SBUF0
0x00A4       [1]    P0MDOUT
0x00A5       [1]    P1MDOUT
0x00A8       [1]    IE
0x00B2       [1]    OSCICN
0x00BA       [1]    AMX0N
0x00BB       [1]    AMX0P
0x00BC       [1]    ADC0CF
0x00BD       [1]    ADC0L
0x00BE       [1]    ADC0H
0x00D0       [0]    OV_bit
0x00D0       [0]    F0_bit
0x00D0       [1]    PSW
0x00D1       [1]    REF0CN
0x00D5       [1]    P1SKIP
0x00D8       [1]    PCA0CN
0x00D9       [1]    PCA0MD
0x00DB       [1]    PCA0CPM1
0x00E0       [1]    ACC
0x00E1       [1]    XBR0
0x00E2       [1]    XBR1
0x00E6       [1]    EIE1
0x00E8       [1]    ADC0CN
0x00EA       [1]    PCA0CPH1
0x00F0       [1]    B
//** Constants locations ** 
//ADDRESS    SIZE    CONSTANT
//----------------------------------------------
0x0724      [12]    _segment_code
0x0730       [1]    ?ICS_i
0x0731       [1]    ?ICSval
0x0732       [2]    ?ICS_value
0x0734       [4]    _display_pos
//** Label List: ** 
//----------------------------------------------
  L_Timer_ISR0
  L_Timer_ISR1
  L_Timer_ISR2
  L_Timer_ISR3
  L_Timer_ISR4
  L_Timer_ISR5
  L_Timer_ISR6
  L_main7
  L_main8
  L_write_74HC5959
  L_write_74HC59510
  L_write_74HC59511
  L_write_74HC59512
  _Timer_ISR
  _main
  _PCA_Init
  _Timer_Init
  _UART_Init
  _ADC_Init
  _Voltage_Reference_Init
  _Port_IO_Init
  _Oscillator_Init
  _Interrupts_Init
  _Init_Device
  _write_74HC595
  L__write_74HC59513
  L__write_74HC59514
  _segment_write
  L_ADC1_Get_Sample0
  L_ADC1_Get_Sample1
  _ADC1_Init
  _ADC1_Init_Advanced
  L__ADC1_Init_Advanced2
  L__ADC1_Init_Advanced3
  _ADC1_Get_Sample
  __Add_32x32_FP_start
  __Add_32x32_FP_ripi_dugo
  __Add_32x32_FP_res_beskonacno
  __Add_32x32_FP_mant0
  __Add_32x32_FP_mant_ne_0
  __Add_32x32_FP_l1
  __Add_32x32_FP_l2
  __Add_32x32_FP_l3
  __Add_32x32_FP_l5
  __Add_32x32_FP_l4
  __Add_32x32_FP_l6
  __Add_32x32_FP_l7
  __Add_32x32_FP_l8
  __Add_32x32_FP_l9
  __Add_32x32_FP_l10
  __Add_32x32_FP_l11
  __Add_32x32_FP_l12
  __Add_32x32_FP_l13
  __Add_32x32_FP_l14
  __Add_32x32_FP_l15
  __Add_32x32_FP_l18
  __Add_32x32_FP_l16
  __Add_32x32_FP_l17
  __Add_32x32_FP_l19
  __Add_32x32_FP_l20
  __Add_32x32_FP_l21
  __Add_32x32_FP_l22
  __Add_32x32_FP_l23
  __Add_32x32_FP_l24
  __Mul_32x32_FP_l1
  __Mul_32x32_FP_l2
  __Mul_32x32_FP_l3
  __Mul_32x32_FP_ret
  __Mul_32x32_FP_l4
  __Mul_32x32_FP_l5
  __Mul_32x32_FP_l6
  __Mul_32x32_FP_l7
  __Mul_32x32_FP_l8
  __Mul_32x32_FP_l9
  __Mul_32x32_FP_l10
  __Mul_32x32_FP_l11
  __Mul_32x32_FP_l12
  __Mul_32x32_FP_l16
  __Mul_32x32_FP_l13
  __Mul_32x32_FP_l14
  __Mul_32x32_FP_l15
  __Mul_32x32_FP_l20
  __Mul_32x32_FP_l17
  __Mul_32x32_FP_l19
  __Mul_32x32_FP_l18
  __Mul_32x32_FP_l21
  __Mul_32x32_FP_l22
  __Mul_32x32_FP_l23
  __Mul_32x32_FP_l24
  __Mul_32x32_FP_l25
  __Mul_32x32_FP_l26
  __Div_32x32_FP_teska_prevara
  __Div_32x32_FP_l6
  __Div_32x32_FP_l7
  __Div_32x32_FP_l1
  __Div_32x32_FP_l2
  __Div_32x32_FP_l3
  __Div_32x32_FP_l4
  __Div_32x32_FP_l5
  __Div_32x32_FP_l8
  __Div_32x32_FP_l9
  __Div_32x32_FP_l10
  __Div_32x32_FP_l11
  __Div_32x32_FP_l12
  __Div_32x32_FP_l13
  __Div_32x32_FP_l20
  __Div_32x32_FP_l14
  __Div_32x32_FP_l19
  __Div_32x32_FP_l15
  __Div_32x32_FP_l16
  __Div_32x32_FP_l17
  __Div_32x32_FP_l18
  __Div_32x32_FP_l21
  __Div_32x32_FP_l22
  __Div_32x32_FP_l23
  __Double2Longword_l1
  __Double2Longword_l3
  __Double2Longword_l5
  __Double2Longword_l2
  __Double2Longword_l4
  __Byte2Double_long
  __Byte2Double_l1
  __Byte2Double_l2
  __Byte2Double_l3
  lab_cd_nnn090A
  lab_cd_090A
  lab_cd_08F4
  lab_cd_0924
  lab_cd_0923
  _Add_32x32_FP
  _Sub_32x32_FP
  _Mul_32x32_FP
  _Div_32x32_FP
  _Double2Ints
  _level2Double
  _Byte2Double
  _Int2Double
  _Word2Double
  _Long2Double
  _LongWord2Double
  _Compare_Double
  _CC2D_Loop1
  _CC2PD_Loop1
  _CC2XD_Loop1
  ___DoIFC
  ___CC2D
  ___CC2PD
  ___CC2XD
  L_UART1_Write0
  L_UART1_Write1
  L_UART1_Write_Text2
  L_UART1_Write_Text3
  L_UART1_Read_Text4
  L_UART1_Read_Text5
  L_UART1_Read_Text6
  L_UART1_Read_Text7
  L_UART1_Read_Text8
  L_UART1_Read_Text9
  L_UART1_Read_Text10
  L_UART1_Read_Text11
  L_UART1_Read_Text12
  L_UART_Write_Text13
  L_UART_Write_Text14
  L_UART_Read_Text15
  L_UART_Read_Text16
  L_UART_Read_Text17
  L_UART_Read_Text18
  L_UART_Read_Text19
  L_UART_Read_Text20
  L_UART_Read_Text21
  L_UART_Read_Text22
  L_UART_Read_Text23
  _UART1_Init
  _UART1_Write
  _UART1_Data_Ready
  _UART1_Read
  _UART1_Write_Text
  _UART1_Read_Text
  _UART_Set_Active
  _UART_Write
  _UART_Write_Text
  _UART_Read
  _UART_Data_Ready
  _UART_Read_Text
  L_Timer_ISR0
  L_Timer_ISR1
  L_Timer_ISR2
  L_Timer_ISR3
  L_Timer_ISR4
  L_Timer_ISR5
  L_Timer_ISR6
  L_main7
  L_main8
  L_write_74HC5959
  L_write_74HC59510
  L_write_74HC59511
  L_write_74HC59512
  _Timer_ISR
  _main
  _PCA_Init
  _Timer_Init
  _UART_Init
  _ADC_Init
  _Voltage_Reference_Init
  _Port_IO_Init
  _Oscillator_Init
  _Interrupts_Init
  _Init_Device
  _write_74HC595
  L__write_74HC59513
  L__write_74HC59514
  _segment_write
  lab_end
  loop_lab
  lab_end1
  lab_loop1
  lab_end2
  lab_loop3
  __Div_8x8_S_Bpositive
  __Div_8x8_S_Apositive
  __Div_8x8_S_Skip_Div
  __Div_8x8_S_div_ret
  __op2hi_not_zero
  __op1hi_not_zero
  __Div_16x16_U_Loop1
  __Div_16x16_U_Lab1
  __Div_16x16_U_div_ret
  __Div_16x16_U_Loop2
  __Div_16x16_U_Lab2
  __Div_16x16_U_Lab3
  __Div_16x16_S_op2hipositive
  __Div_16x16_S_op1hipositive
  __Div_16x16_S_Skip_Udiv
  __Div_16x16_S_div_ret
  __Div_32x32_U_start
  __Div_32x32_U_aux
  __Div_32x32_U_l2
  __Div_32x32_U_l1
  lw_1
  lw_2
  __Div_32x32_U_l3
  lw_3
  __Div_32x32_U_l4
  __Div_32x32_U_IR_l0
  __Div_32x32_U_l5
  __Div_32x32_U_l6
  __Div_32x32_U_l8
  __Div_32x32_U_l7
  __Div_32x32_U_IR_l1
  __Div_32x32_U_l10
  __Div_32x32_U_l9
  __Div_32x32_U_IR_l2
  __Div_32x32_S_l1
  __Div_32x32_S_call_uns
  __Div_32x32_S_l2
  __Div_32x32_S_l3
  __Div_32x32_S_div_ret
  __shl_long
  __shr_longint
  __shr_longword
  _Mul_16x16
  _Mul_32x32
  _Div_8x8_S
  _Div_16x16_U
  _Div_16x16_S
  _Div_32x32_U
  _Div_32x32_S
