;  LST file generated by mikroListExporter - v.2.0 
; Date/Time: 16-Jul-22 02:16:11 PM
;----------------------------------------------

;Address Opcode 	ASM
0x0000	0x0202ED  	LJMP 749
0x0003	0x020000  	LJMP 0
0x0006	0x00      	NOP
0x0007	0x00      	NOP
0x0008	0x00      	NOP
0x0009	0x00      	NOP
0x000A	0x00      	NOP
0x000B	0x020000  	LJMP 0
0x000E	0x00      	NOP
0x000F	0x00      	NOP
0x0010	0x00      	NOP
0x0011	0x00      	NOP
0x0012	0x00      	NOP
0x0013	0x020000  	LJMP 0
0x0016	0x00      	NOP
0x0017	0x00      	NOP
0x0018	0x00      	NOP
0x0019	0x00      	NOP
0x001A	0x00      	NOP
0x001B	0x020000  	LJMP 0
0x001E	0x00      	NOP
0x001F	0x00      	NOP
0x0020	0x00      	NOP
0x0021	0x00      	NOP
0x0022	0x00      	NOP
0x0023	0x020000  	LJMP 0
0x0026	0x00      	NOP
0x0027	0x00      	NOP
0x0028	0x00      	NOP
0x0029	0x00      	NOP
0x002A	0x00      	NOP
0x002B	0x020000  	LJMP 0
0x002E	0x00      	NOP
0x002F	0x00      	NOP
0x0030	0x00      	NOP
0x0031	0x00      	NOP
0x0032	0x00      	NOP
0x0033	0x020000  	LJMP 0
0x0036	0x00      	NOP
0x0037	0x00      	NOP
0x0038	0x00      	NOP
0x0039	0x00      	NOP
0x003A	0x00      	NOP
0x003B	0x020000  	LJMP 0
0x003E	0x00      	NOP
0x003F	0x00      	NOP
0x0040	0x00      	NOP
0x0041	0x00      	NOP
0x0042	0x00      	NOP
0x0043	0x020000  	LJMP 0
0x0046	0x00      	NOP
0x0047	0x00      	NOP
0x0048	0x00      	NOP
0x0049	0x00      	NOP
0x004A	0x00      	NOP
0x004B	0x020000  	LJMP 0
0x004E	0x00      	NOP
0x004F	0x00      	NOP
0x0050	0x00      	NOP
0x0051	0x00      	NOP
0x0052	0x00      	NOP
0x0053	0x020000  	LJMP 0
0x0056	0x00      	NOP
0x0057	0x00      	NOP
0x0058	0x00      	NOP
0x0059	0x00      	NOP
0x005A	0x00      	NOP
0x005B	0x020000  	LJMP 0
0x005E	0x00      	NOP
0x005F	0x00      	NOP
0x0060	0x00      	NOP
0x0061	0x00      	NOP
0x0062	0x00      	NOP
0x0063	0x020000  	LJMP 0
0x0066	0x00      	NOP
0x0067	0x00      	NOP
0x0068	0x00      	NOP
0x0069	0x00      	NOP
0x006A	0x00      	NOP
0x006B	0x020000  	LJMP 0
0x006E	0x00      	NOP
0x006F	0x00      	NOP
0x0070	0x00      	NOP
0x0071	0x00      	NOP
0x0072	0x00      	NOP
0x0073	0x020371  	LJMP 881
_Delay_80us:
;__Lib_Delays.c,163 :: 		void Delay_80us() {
;__Lib_Delays.c,164 :: 		Delay_us(78);
0x0076	0x7E02    	MOV R6, 2
0x0078	0x7F9D    	MOV R7, 157
0x007A	0xDFFE    	DJNZ R7, PC-2
0x007C	0xDEFC    	DJNZ R6, PC-4
0x007E	0x00      	NOP
0x007F	0x00      	NOP
;__Lib_Delays.c,165 :: 		}
0x0080	0x22      	RET
; end of _Delay_80us
_Delay_500us:
;__Lib_Delays.c,188 :: 		void Delay_500us() {
;__Lib_Delays.c,189 :: 		Delay_us(498);
0x0081	0x7E0B    	MOV R6, 11
0x0083	0x7F57    	MOV R7, 87
0x0085	0xDFFE    	DJNZ R7, PC-2
0x0087	0xDEFC    	DJNZ R6, PC-4
0x0089	0x00      	NOP
0x008A	0x00      	NOP
;__Lib_Delays.c,190 :: 		}
0x008B	0x22      	RET
; end of _Delay_500us
_Oscillator_Init:
;ow.c,174 :: 		void Oscillator_Init(void)
;ow.c,176 :: 		int i = 0;
0x008C	0x750D00  	MOV Oscillator_Init_i_L0, #0
0x008F	0x750E00  	MOV Oscillator_Init_i_L0+1, #0
;ow.c,177 :: 		OSCICN = 0x81;
0x0092	0x75B281  	MOV OSCICN, #129
;ow.c,179 :: 		if(MCDRSF_bit == 1)
0x0095	0xE5EF    	MOV A, MCDRSF_bit
0x0097	0x30E24A  	JNB ACC.B2, L_Oscillator_Init9
;ow.c,181 :: 		CLKSEL = 0x00;
0x009A	0x75A900  	MOV CLKSEL, #0
;ow.c,183 :: 		for(i = 0; i < 9; i++)
0x009D	0x750D00  	MOV Oscillator_Init_i_L0, #0
0x00A0	0x750E00  	MOV Oscillator_Init_i_L0+1, #0
L_Oscillator_Init10:
0x00A3	0xC3      	CLR C
0x00A4	0xE50D    	MOV A, Oscillator_Init_i_L0
0x00A6	0x9409    	SUBB A, #9
0x00A8	0x7400    	MOV A, #0
0x00AA	0x6480    	XRL A, #128
0x00AC	0xF8      	MOV R0, A
0x00AD	0xE50E    	MOV A, Oscillator_Init_i_L0+1
0x00AF	0x6480    	XRL A, #128
0x00B1	0x98      	SUBB A, R0
0x00B2	0x502E    	JNC L_Oscillator_Init11
;ow.c,185 :: 		P0_1_bit = 1;
0x00B4	0xD281    	SETB P0_1_bit
;ow.c,186 :: 		delay_ms(60);
0x00B6	0x7D05    	MOV R5, 5
0x00B8	0x7EDF    	MOV R6, 223
0x00BA	0x7FBB    	MOV R7, 187
0x00BC	0xDFFE    	DJNZ R7, PC-2
0x00BE	0xDEFC    	DJNZ R6, PC-4
0x00C0	0xDDFA    	DJNZ R5, PC-6
0x00C2	0x00      	NOP
0x00C3	0x00      	NOP
;ow.c,187 :: 		P0_1_bit = 0;
0x00C4	0xC281    	CLR P0_1_bit
;ow.c,188 :: 		delay_ms(60);
0x00C6	0x7D05    	MOV R5, 5
0x00C8	0x7EDF    	MOV R6, 223
0x00CA	0x7FBB    	MOV R7, 187
0x00CC	0xDFFE    	DJNZ R7, PC-2
0x00CE	0xDEFC    	DJNZ R6, PC-4
0x00D0	0xDDFA    	DJNZ R5, PC-6
0x00D2	0x00      	NOP
0x00D3	0x00      	NOP
;ow.c,183 :: 		for(i = 0; i < 9; i++)
0x00D4	0x7401    	MOV A, #1
0x00D6	0x250D    	ADD A, Oscillator_Init_i_L0
0x00D8	0xF50D    	MOV Oscillator_Init_i_L0, A
0x00DA	0x7400    	MOV A, #0
0x00DC	0x350E    	ADDC A, Oscillator_Init_i_L0+1
0x00DE	0xF50E    	MOV Oscillator_Init_i_L0+1, A
;ow.c,189 :: 		}
0x00E0	0x80C1    	SJMP L_Oscillator_Init10
L_Oscillator_Init11:
;ow.c,190 :: 		}
0x00E2	0x215D    	AJMP L_Oscillator_Init13
L_Oscillator_Init9:
;ow.c,193 :: 		OSCXCN = 0x67;
0x00E4	0x75B167  	MOV OSCXCN, #103
;ow.c,194 :: 		for (i = 0; i < 3000; i++);  // Wait 1ms for initialization
0x00E7	0x750D00  	MOV Oscillator_Init_i_L0, #0
0x00EA	0x750E00  	MOV Oscillator_Init_i_L0+1, #0
L_Oscillator_Init14:
0x00ED	0xC3      	CLR C
0x00EE	0xE50D    	MOV A, Oscillator_Init_i_L0
0x00F0	0x94B8    	SUBB A, #184
0x00F2	0x740B    	MOV A, #11
0x00F4	0x6480    	XRL A, #128
0x00F6	0xF8      	MOV R0, A
0x00F7	0xE50E    	MOV A, Oscillator_Init_i_L0+1
0x00F9	0x6480    	XRL A, #128
0x00FB	0x98      	SUBB A, R0
0x00FC	0x500E    	JNC L_Oscillator_Init15
0x00FE	0x7401    	MOV A, #1
0x0100	0x250D    	ADD A, Oscillator_Init_i_L0
0x0102	0xF50D    	MOV Oscillator_Init_i_L0, A
0x0104	0x7400    	MOV A, #0
0x0106	0x350E    	ADDC A, Oscillator_Init_i_L0+1
0x0108	0xF50E    	MOV Oscillator_Init_i_L0+1, A
0x010A	0x80E1    	SJMP L_Oscillator_Init14
L_Oscillator_Init15:
;ow.c,195 :: 		while ((OSCXCN & 0x80) == 0);
L_Oscillator_Init17:
0x010C	0xE5B1    	MOV A, OSCXCN
0x010E	0x5480    	ANL A, #128
0x0110	0xF9      	MOV R1, A
0x0111	0x7002    	JNZ L_Oscillator_Init18
0x0113	0x80F7    	SJMP L_Oscillator_Init17
L_Oscillator_Init18:
;ow.c,196 :: 		CLKSEL = 0x01;
0x0115	0x75A901  	MOV CLKSEL, #1
;ow.c,198 :: 		for(i = 0; i < 9; i++)
0x0118	0x750D00  	MOV Oscillator_Init_i_L0, #0
0x011B	0x750E00  	MOV Oscillator_Init_i_L0+1, #0
L_Oscillator_Init19:
0x011E	0xC3      	CLR C
0x011F	0xE50D    	MOV A, Oscillator_Init_i_L0
0x0121	0x9409    	SUBB A, #9
0x0123	0x7400    	MOV A, #0
0x0125	0x6480    	XRL A, #128
0x0127	0xF8      	MOV R0, A
0x0128	0xE50E    	MOV A, Oscillator_Init_i_L0+1
0x012A	0x6480    	XRL A, #128
0x012C	0x98      	SUBB A, R0
0x012D	0x502E    	JNC L_Oscillator_Init20
;ow.c,200 :: 		P0_1_bit = 1;
0x012F	0xD281    	SETB P0_1_bit
;ow.c,201 :: 		delay_ms(45);
0x0131	0x7D04    	MOV R5, 4
0x0133	0x7EA8    	MOV R6, 168
0x0135	0x7F0B    	MOV R7, 11
0x0137	0xDFFE    	DJNZ R7, PC-2
0x0139	0xDEFC    	DJNZ R6, PC-4
0x013B	0xDDFA    	DJNZ R5, PC-6
0x013D	0x00      	NOP
0x013E	0x00      	NOP
;ow.c,202 :: 		P0_1_bit = 0;
0x013F	0xC281    	CLR P0_1_bit
;ow.c,203 :: 		delay_ms(45);
0x0141	0x7D04    	MOV R5, 4
0x0143	0x7EA8    	MOV R6, 168
0x0145	0x7F0B    	MOV R7, 11
0x0147	0xDFFE    	DJNZ R7, PC-2
0x0149	0xDEFC    	DJNZ R6, PC-4
0x014B	0xDDFA    	DJNZ R5, PC-6
0x014D	0x00      	NOP
0x014E	0x00      	NOP
;ow.c,198 :: 		for(i = 0; i < 9; i++)
0x014F	0x7401    	MOV A, #1
0x0151	0x250D    	ADD A, Oscillator_Init_i_L0
0x0153	0xF50D    	MOV Oscillator_Init_i_L0, A
0x0155	0x7400    	MOV A, #0
0x0157	0x350E    	ADDC A, Oscillator_Init_i_L0+1
0x0159	0xF50E    	MOV Oscillator_Init_i_L0+1, A
;ow.c,204 :: 		}
0x015B	0x80C1    	SJMP L_Oscillator_Init19
L_Oscillator_Init20:
;ow.c,205 :: 		}
L_Oscillator_Init13:
;ow.c,207 :: 		delay_ms(2000);
0x015D	0x7DA3    	MOV R5, 163
0x015F	0x7E57    	MOV R6, 87
0x0161	0x7F02    	MOV R7, 2
0x0163	0xDFFE    	DJNZ R7, PC-2
0x0165	0xDEFC    	DJNZ R6, PC-4
0x0167	0xDDFA    	DJNZ R5, PC-6
0x0169	0x00      	NOP
;ow.c,208 :: 		}
0x016A	0x22      	RET
; end of _Oscillator_Init
_Reset_Sources_Init:
;ow.c,126 :: 		void Reset_Sources_Init(void)
;ow.c,128 :: 		RSTSRC = 0x04;
0x016B	0x75EF04  	MOV RSTSRC, #4
;ow.c,129 :: 		}
0x016E	0x22      	RET
; end of _Reset_Sources_Init
_Delay_1us:
;__Lib_Delays.c,63 :: 		void Delay_1us() {
;__Lib_Delays.c,64 :: 		Delay_us(1);
0x016F	0x7F05    	MOV R7, 5
0x0171	0xDFFE    	DJNZ R7, PC-2
;__Lib_Delays.c,65 :: 		}
0x0173	0x22      	RET
; end of _Delay_1us
_write_74HC595:
;ow.c,229 :: 		void write_74HC595(unsigned char send_data)
;ow.c,231 :: 		signed char clks = 8;
0x0174	0x751208  	MOV write_74HC595_clks_L0, #8
;ow.c,233 :: 		while(clks > 0)
L_write_74HC59522:
0x0177	0xD3      	SETB C
0x0178	0x7400    	MOV A, #0
0x017A	0x6480    	XRL A, #128
0x017C	0xF8      	MOV R0, A
0x017D	0xE512    	MOV A, write_74HC595_clks_L0
0x017F	0x6480    	XRL A, #128
0x0181	0x98      	SUBB A, R0
0x0182	0x4022    	JC L_write_74HC59523
;ow.c,235 :: 		if((send_data & 0x80) == 0x00)
0x0184	0xE511    	MOV A, FARG_write_74HC595_send_data
0x0186	0x5480    	ANL A, #128
0x0188	0xF9      	MOV R1, A
0x0189	0x7004    	JNZ L_write_74HC59524
;ow.c,237 :: 		LED_DOUT = 0;
0x018B	0xC296    	CLR P1_6_bit
;ow.c,238 :: 		}
0x018D	0x8002    	SJMP L_write_74HC59525
L_write_74HC59524:
;ow.c,241 :: 		LED_DOUT = 1;
0x018F	0xD296    	SETB P1_6_bit
;ow.c,242 :: 		}
L_write_74HC59525:
;ow.c,244 :: 		LED_CLK = 0;
0x0191	0xC295    	CLR P1_5_bit
;ow.c,245 :: 		send_data <<= 1;
0x0193	0x7801    	MOV R0, #1
0x0195	0xE511    	MOV A, FARG_write_74HC595_send_data
0x0197	0x08      	INC R0
0x0198	0x8002    	SJMP L__write_74HC59528
L__write_74HC59529:
0x019A	0xC3      	CLR C
0x019B	0x33      	RLC A
L__write_74HC59528:
0x019C	0xD8FC    	DJNZ R0, L__write_74HC59529
0x019E	0xF511    	MOV FARG_write_74HC595_send_data, A
;ow.c,246 :: 		clks--;
0x01A0	0x1512    	DEC write_74HC595_clks_L0
;ow.c,247 :: 		LED_CLK = 1;
0x01A2	0xD295    	SETB P1_5_bit
;ow.c,248 :: 		}
0x01A4	0x80D1    	SJMP L_write_74HC59522
L_write_74HC59523:
;ow.c,249 :: 		}
0x01A6	0x22      	RET
; end of _write_74HC595
_Delay_50us:
;__Lib_Delays.c,138 :: 		void Delay_50us() {
;__Lib_Delays.c,139 :: 		Delay_us(50);
0x01A7	0x7E02    	MOV R6, 2
0x01A9	0x7F08    	MOV R7, 8
0x01AB	0xDFFE    	DJNZ R7, PC-2
0x01AD	0xDEFC    	DJNZ R6, PC-4
0x01AF	0x00      	NOP
;__Lib_Delays.c,140 :: 		}
0x01B0	0x22      	RET
; end of _Delay_50us
_Port_IO_Init:
;ow.c,145 :: 		void Port_IO_Init(void)
;ow.c,165 :: 		P0MDIN = 0xF3;
0x01B1	0x75F1F3  	MOV P0MDIN, #243
;ow.c,166 :: 		P0MDOUT = 0x02;
0x01B4	0x75A402  	MOV P0MDOUT, #2
;ow.c,167 :: 		P1MDOUT = 0xE0;
0x01B7	0x75A5E0  	MOV P1MDOUT, #224
;ow.c,168 :: 		P0SKIP = 0x0E;
0x01BA	0x75D40E  	MOV P0SKIP, #14
;ow.c,169 :: 		P1SKIP = 0xD0;
0x01BD	0x75D5D0  	MOV P1SKIP, #208
;ow.c,170 :: 		XBR1 = 0x40;
0x01C0	0x75E240  	MOV XBR1, #64
;ow.c,171 :: 		}
0x01C3	0x22      	RET
; end of _Port_IO_Init
_Interrupts_Init:
;ow.c,211 :: 		void Interrupts_Init(void)
;ow.c,213 :: 		IE = 0x80;
0x01C4	0x75A880  	MOV IE, #128
;ow.c,214 :: 		EIE1 = 0x80;
0x01C7	0x75E680  	MOV EIE1, #128
;ow.c,215 :: 		}
0x01CA	0x22      	RET
; end of _Interrupts_Init
_PCA_Init:
;ow.c,132 :: 		void PCA_Init(void)
;ow.c,134 :: 		PCA0MD &= ~0x40;
0x01CB	0x53D9BF  	ANL PCA0MD, #191
;ow.c,135 :: 		PCA0MD = 0x00;
0x01CE	0x75D900  	MOV PCA0MD, #0
;ow.c,136 :: 		}
0x01D1	0x22      	RET
; end of _PCA_Init
_Timer_Init:
;ow.c,138 :: 		void Timer_Init(void)
;ow.c,140 :: 		TMR3CN = 0x04;
0x01D2	0x759104  	MOV TMR3CN, #4
;ow.c,141 :: 		TMR3RLL = 0xCA;
0x01D5	0x7592CA  	MOV TMR3RLL, #202
;ow.c,142 :: 		TMR3RLH = 0xFA;
0x01D8	0x7593FA  	MOV TMR3RLH, #250
;ow.c,143 :: 		}
0x01DB	0x22      	RET
; end of _Timer_Init
___CC2D:
;__Lib_System.c,13 :: 		
;__Lib_System.c,15 :: 		
_CC2D_Loop1:
;__Lib_System.c,16 :: 		
0x01DC	0xE4      	CLR A
;__Lib_System.c,17 :: 		
0x01DD	0x93      	MOVC A, @A+DPTR
;__Lib_System.c,18 :: 		
0x01DE	0xF6      	MOV @R0, A
;__Lib_System.c,19 :: 		
0x01DF	0x08      	INC R0
;__Lib_System.c,20 :: 		
0x01E0	0xA3      	INC DPTR
;__Lib_System.c,21 :: 		
0x01E1	0xD9F9    	DJNZ R1, _CC2D_Loop1
;__Lib_System.c,23 :: 		
0x01E3	0x22      	RET
; end of ___CC2D
_Div_16x16_U:
;__Lib_Math.c,273 :: 		
;__Lib_Math.c,275 :: 		
0x01E4	0xBD000B  	CJNE R5, 0, __op2hi_not_zero
;__Lib_Math.c,276 :: 		
0x01E7	0xB90029  	CJNE R1, 0, __op1hi_not_zero
;__Lib_Math.c,277 :: 		
0x01EA	0xE8      	MOV A, R0
;__Lib_Math.c,278 :: 		
0x01EB	0x8CF0    	MOV B, R4
;__Lib_Math.c,279 :: 		
0x01ED	0x84      	DIV AB
;__Lib_Math.c,280 :: 		
0x01EE	0xF8      	MOV R0, A
;__Lib_Math.c,281 :: 		
0x01EF	0xACF0    	MOV R4, B
;__Lib_Math.c,282 :: 		
0x01F1	0x22      	RET
;__Lib_Math.c,284 :: 		
__op2hi_not_zero:
;__Lib_Math.c,285 :: 		
0x01F2	0xE4      	CLR A
;__Lib_Math.c,286 :: 		
0x01F3	0xCD      	XCH A, R5
;__Lib_Math.c,287 :: 		
0x01F4	0xFF      	MOV R7, A
;__Lib_Math.c,288 :: 		
0x01F5	0x75F008  	MOV B, 8
;__Lib_Math.c,290 :: 		
__Div_16x16_U_Loop1:
;__Lib_Math.c,291 :: 		
0x01F8	0xE8      	MOV A, R0
;__Lib_Math.c,292 :: 		
0x01F9	0x28      	ADD A, R0
;__Lib_Math.c,293 :: 		
0x01FA	0xF8      	MOV R0, A
;__Lib_Math.c,294 :: 		
0x01FB	0xE9      	MOV A, R1
;__Lib_Math.c,295 :: 		
0x01FC	0x33      	RLC A
;__Lib_Math.c,296 :: 		
0x01FD	0xF9      	MOV R1, A
;__Lib_Math.c,297 :: 		
0x01FE	0xED      	MOV A, R5
;__Lib_Math.c,298 :: 		
0x01FF	0x33      	RLC A
;__Lib_Math.c,299 :: 		
0x0200	0xFD      	MOV R5, A
;__Lib_Math.c,300 :: 		
0x0201	0xE9      	MOV A, R1
;__Lib_Math.c,301 :: 		
0x0202	0x9C      	SUBB A, R4
;__Lib_Math.c,302 :: 		
0x0203	0xED      	MOV A, R5
;__Lib_Math.c,303 :: 		
0x0204	0x9F      	SUBB A, R7
;__Lib_Math.c,304 :: 		
0x0205	0x4005    	JC __Div_16x16_U_Lab1
;__Lib_Math.c,305 :: 		
0x0207	0xFD      	MOV R5, A
;__Lib_Math.c,306 :: 		
0x0208	0xE9      	MOV A, R1
;__Lib_Math.c,307 :: 		
0x0209	0x9C      	SUBB A, R4
;__Lib_Math.c,308 :: 		
0x020A	0xF9      	MOV R1, A
;__Lib_Math.c,309 :: 		
0x020B	0x08      	INC R0
;__Lib_Math.c,311 :: 		
__Div_16x16_U_Lab1:
;__Lib_Math.c,312 :: 		
0x020C	0xD5F0E9  	DJNZ B, __Div_16x16_U_Loop1
;__Lib_Math.c,313 :: 		
0x020F	0xE4      	CLR A
;__Lib_Math.c,314 :: 		
0x0210	0xC9      	XCH A, R1
;__Lib_Math.c,315 :: 		
0x0211	0xFC      	MOV R4, A
;__Lib_Math.c,316 :: 		
0x0212	0x22      	RET
;__Lib_Math.c,318 :: 		
__op1hi_not_zero:
;__Lib_Math.c,319 :: 		
0x0213	0xEC      	MOV A, R4
;__Lib_Math.c,320 :: 		
0x0214	0xFF      	MOV R7, A
;__Lib_Math.c,321 :: 		
0x0215	0xF5F0    	MOV B, A
;__Lib_Math.c,322 :: 		
0x0217	0xE9      	MOV A, R1
;__Lib_Math.c,323 :: 		
0x0218	0x84      	DIV AB
;__Lib_Math.c,324 :: 		
0x0219	0x20D21C  	JB OV_bit, __Div_16x16_U_div_ret
;__Lib_Math.c,325 :: 		
0x021C	0xF9      	MOV R1, A
;__Lib_Math.c,326 :: 		
0x021D	0xACF0    	MOV R4, B
;__Lib_Math.c,327 :: 		
0x021F	0x75F008  	MOV B, 8
;__Lib_Math.c,329 :: 		
__Div_16x16_U_Loop2:
;__Lib_Math.c,330 :: 		
0x0222	0xE8      	MOV A, R0
;__Lib_Math.c,331 :: 		
0x0223	0x28      	ADD A, R0
;__Lib_Math.c,332 :: 		
0x0224	0xF8      	MOV R0, A
;__Lib_Math.c,333 :: 		
0x0225	0xEC      	MOV A, R4
;__Lib_Math.c,334 :: 		
0x0226	0x33      	RLC A
;__Lib_Math.c,335 :: 		
0x0227	0xFC      	MOV R4, A
;__Lib_Math.c,336 :: 		
0x0228	0x4007    	JC __Div_16x16_U_Lab2
;__Lib_Math.c,337 :: 		
0x022A	0x9F      	SUBB A, R7
;__Lib_Math.c,338 :: 		
0x022B	0x5006    	JNC __Div_16x16_U_Lab3
;__Lib_Math.c,339 :: 		
0x022D	0xD5F0F2  	DJNZ B, __Div_16x16_U_Loop2
;__Lib_Math.c,340 :: 		
0x0230	0x22      	RET
;__Lib_Math.c,342 :: 		
__Div_16x16_U_Lab2:
;__Lib_Math.c,343 :: 		
0x0231	0xC3      	CLR C
;__Lib_Math.c,344 :: 		
0x0232	0x9F      	SUBB A, R7
;__Lib_Math.c,345 :: 		
__Div_16x16_U_Lab3:
;__Lib_Math.c,346 :: 		
0x0233	0xFC      	MOV R4, A
;__Lib_Math.c,347 :: 		
0x0234	0x08      	INC R0
;__Lib_Math.c,348 :: 		
0x0235	0xD5F0EA  	DJNZ B, __Div_16x16_U_Loop2
;__Lib_Math.c,350 :: 		
__Div_16x16_U_div_ret:
;__Lib_Math.c,352 :: 		
0x0238	0x22      	RET
; end of _Div_16x16_U
_segment_write:
;ow.c,252 :: 		void segment_write(unsigned char disp, unsigned char pos)
;ow.c,254 :: 		LED_LATCH = 0;
0x0239	0xC297    	CLR P1_7_bit
;ow.c,255 :: 		write_74HC595(segment_code[disp]);
0x023B	0xE50F    	MOV A, FARG_segment_write_disp
0x023D	0x24F5    	ADD A, lo_addr(_segment_code)
0x023F	0xF9      	MOV R1, A
0x0240	0xE4      	CLR A
0x0241	0x3403    	ADDC A, hi_addr(_segment_code)
0x0243	0xFA      	MOV R2, A
0x0244	0x850182  	MOV DPL, 1
0x0247	0x850283  	MOV DPH, 2
0x024A	0xE4      	CLR A
0x024B	0x93      	MOVC A, @A+DPTR
0x024C	0xF8      	MOV R0, A
0x024D	0x850011  	MOV FARG_write_74HC595_send_data, 0
0x0250	0x3174    	ACALL _write_74HC595
;ow.c,256 :: 		write_74HC595(display_pos[pos]);
0x0252	0xE510    	MOV A, FARG_segment_write_pos
0x0254	0x2405    	ADD A, lo_addr(_display_pos)
0x0256	0xF9      	MOV R1, A
0x0257	0xE4      	CLR A
0x0258	0x3404    	ADDC A, hi_addr(_display_pos)
0x025A	0xFA      	MOV R2, A
0x025B	0x850182  	MOV DPL, 1
0x025E	0x850283  	MOV DPH, 2
0x0261	0xE4      	CLR A
0x0262	0x93      	MOVC A, @A+DPTR
0x0263	0xF8      	MOV R0, A
0x0264	0x850011  	MOV FARG_write_74HC595_send_data, 0
0x0267	0x3174    	ACALL _write_74HC595
;ow.c,257 :: 		LED_LATCH = 1;
0x0269	0xD297    	SETB P1_7_bit
;ow.c,258 :: 		}
0x026B	0x22      	RET
; end of _segment_write
_Init_Device:
;ow.c,218 :: 		void Init_Device(void)
;ow.c,220 :: 		PCA_Init();
0x026C	0x31CB    	ACALL _PCA_Init
;ow.c,221 :: 		Timer_Init();
0x026E	0x31D2    	ACALL _Timer_Init
;ow.c,222 :: 		Port_IO_Init();
0x0270	0x31B1    	ACALL _Port_IO_Init
;ow.c,223 :: 		Oscillator_Init();
0x0272	0x118C    	ACALL _Oscillator_Init
;ow.c,224 :: 		Reset_Sources_Init();
0x0274	0x316B    	ACALL _Reset_Sources_Init
;ow.c,225 :: 		Interrupts_Init();
0x0276	0x31C4    	ACALL _Interrupts_Init
;ow.c,226 :: 		}
0x0278	0x22      	RET
; end of _Init_Device
_Ow_Reset:
;__Lib_OneWire.c,4 :: 		
;__Lib_OneWire.c,6 :: 		
0x0279	0xC294    	CLR OW_Bit
;__Lib_OneWire.c,7 :: 		
0x027B	0x1181    	ACALL _Delay_500us
;__Lib_OneWire.c,8 :: 		
0x027D	0xD294    	SETB OW_Bit
;__Lib_OneWire.c,9 :: 		
0x027F	0x1176    	ACALL _Delay_80us
;__Lib_OneWire.c,10 :: 		
0x0281	0xA294    	MOV C, OW_Bit
0x0283	0xE4      	CLR A
0x0284	0x33      	RLC A
0x0285	0xF50A    	MOV Ow_Reset_res_L0, A
;__Lib_OneWire.c,11 :: 		
0x0287	0x1181    	ACALL _Delay_500us
;__Lib_OneWire.c,12 :: 		
0x0289	0xA80A    	MOV R0, Ow_Reset_res_L0
;__Lib_OneWire.c,13 :: 		
0x028B	0x22      	RET
; end of _Ow_Reset
_Ow_Write:
;__Lib_OneWire.c,33 :: 		
;__Lib_OneWire.c,35 :: 		
0x028C	0x750B00  	MOV Ow_Write_i_L0, #0
L_Ow_Write3:
0x028F	0xD3      	SETB C
0x0290	0xE50B    	MOV A, Ow_Write_i_L0
0x0292	0x9407    	SUBB A, #7
0x0294	0x5020    	JNC L_Ow_Write4
;__Lib_OneWire.c,36 :: 		
0x0296	0xA80B    	MOV R0, Ow_Write_i_L0
0x0298	0xE50A    	MOV A, FARG_Ow_Write_par
0x029A	0x08      	INC R0
0x029B	0x8002    	SJMP L__Ow_Write8
L__Ow_Write9:
0x029D	0xC3      	CLR C
0x029E	0x13      	RRC A
L__Ow_Write8:
0x029F	0xD8FC    	DJNZ R0, L__Ow_Write9
0x02A1	0xF50C    	MOV Ow_Write_j_L0, A
;__Lib_OneWire.c,38 :: 		
0x02A3	0xC294    	CLR OW_Bit
;__Lib_OneWire.c,39 :: 		
0x02A5	0x316F    	ACALL _Delay_1us
;__Lib_OneWire.c,40 :: 		
0x02A7	0x316F    	ACALL _Delay_1us
;__Lib_OneWire.c,41 :: 		
0x02A9	0xE50C    	MOV A, Ow_Write_j_L0
0x02AB	0x13      	RRC A
0x02AC	0x9294    	MOV OW_Bit, C
;__Lib_OneWire.c,42 :: 		
0x02AE	0x1176    	ACALL _Delay_80us
;__Lib_OneWire.c,43 :: 		
0x02B0	0xD294    	SETB OW_Bit
;__Lib_OneWire.c,35 :: 		
0x02B2	0x050B    	INC Ow_Write_i_L0
;__Lib_OneWire.c,44 :: 		
0x02B4	0x80D9    	SJMP L_Ow_Write3
L_Ow_Write4:
;__Lib_OneWire.c,45 :: 		
0x02B6	0x31A7    	ACALL _Delay_50us
;__Lib_OneWire.c,46 :: 		
0x02B8	0x31A7    	ACALL _Delay_50us
;__Lib_OneWire.c,47 :: 		
0x02BA	0x22      	RET
; end of _Ow_Write
_Ow_Read:
;__Lib_OneWire.c,16 :: 		
;__Lib_OneWire.c,18 :: 		
0x02BB	0x750B00  	MOV Ow_Read_tmp_L0, #0
;__Lib_OneWire.c,19 :: 		
0x02BE	0x750A00  	MOV Ow_Read_i_L0, #0
L_Ow_Read0:
0x02C1	0xD3      	SETB C
0x02C2	0xE50A    	MOV A, Ow_Read_i_L0
0x02C4	0x9407    	SUBB A, #7
0x02C6	0x5022    	JNC L_Ow_Read1
;__Lib_OneWire.c,21 :: 		
0x02C8	0xC294    	CLR OW_Bit
;__Lib_OneWire.c,22 :: 		
0x02CA	0x316F    	ACALL _Delay_1us
;__Lib_OneWire.c,23 :: 		
0x02CC	0xD294    	SETB OW_Bit
;__Lib_OneWire.c,24 :: 		
0x02CE	0x316F    	ACALL _Delay_1us
;__Lib_OneWire.c,25 :: 		
0x02D0	0xA294    	MOV C, OW_Bit
0x02D2	0xE4      	CLR A
0x02D3	0x33      	RLC A
0x02D4	0xFA      	MOV R2, A
0x02D5	0xA90A    	MOV R1, Ow_Read_i_L0
0x02D7	0xEA      	MOV A, R2
0x02D8	0x09      	INC R1
0x02D9	0x8002    	SJMP L__Ow_Read6
L__Ow_Read7:
0x02DB	0xC3      	CLR C
0x02DC	0x33      	RLC A
L__Ow_Read6:
0x02DD	0xD9FC    	DJNZ R1, L__Ow_Read7
0x02DF	0xF8      	MOV R0, A
0x02E0	0x420B    	ORL Ow_Read_tmp_L0, A
;__Lib_OneWire.c,26 :: 		
0x02E2	0x31A7    	ACALL _Delay_50us
;__Lib_OneWire.c,27 :: 		
0x02E4	0x31A7    	ACALL _Delay_50us
;__Lib_OneWire.c,19 :: 		
0x02E6	0x050A    	INC Ow_Read_i_L0
;__Lib_OneWire.c,28 :: 		
0x02E8	0x80D7    	SJMP L_Ow_Read0
L_Ow_Read1:
;__Lib_OneWire.c,29 :: 		
0x02EA	0xA80B    	MOV R0, Ow_Read_tmp_L0
;__Lib_OneWire.c,30 :: 		
0x02EC	0x22      	RET
; end of _Ow_Read
_main:
0x02ED	0x758180  	MOV SP, #128
0x02F0	0x120409  	LCALL 1033
;ow.c,97 :: 		void main(void)
;ow.c,99 :: 		unsigned temp = 0x00;
0x02F3	0x750800  	MOV main_temp_L0, #0
0x02F6	0x750900  	MOV main_temp_L0+1, #0
;ow.c,100 :: 		Init_Device();
0x02F9	0x516C    	ACALL _Init_Device
;ow.c,102 :: 		while(1)
L_main7:
;ow.c,104 :: 		Ow_Reset();
0x02FB	0x5179    	ACALL _Ow_Reset
;ow.c,105 :: 		Ow_Write(DS18B20_SKIP_ROM);
0x02FD	0x750ACC  	MOV FARG_Ow_Write_par, #204
0x0300	0x518C    	ACALL _Ow_Write
;ow.c,106 :: 		Ow_Write(DS18B20_CONVERT_T);
0x0302	0x750A44  	MOV FARG_Ow_Write_par, #68
0x0305	0x518C    	ACALL _Ow_Write
;ow.c,107 :: 		Delay_us(120);
0x0307	0x7E03    	MOV R6, 3
0x0309	0x7F7D    	MOV R7, 125
0x030B	0xDFFE    	DJNZ R7, PC-2
0x030D	0xDEFC    	DJNZ R6, PC-4
;ow.c,109 :: 		Ow_Reset();
0x030F	0x5179    	ACALL _Ow_Reset
;ow.c,110 :: 		Ow_Write(DS18B20_SKIP_ROM);
0x0311	0x750ACC  	MOV FARG_Ow_Write_par, #204
0x0314	0x518C    	ACALL _Ow_Write
;ow.c,111 :: 		Ow_Write(DS18B20_READ_SCRATCHPAD);
0x0316	0x750ABE  	MOV FARG_Ow_Write_par, #190
0x0319	0x518C    	ACALL _Ow_Write
;ow.c,113 :: 		temp =  Ow_Read();
0x031B	0x51BB    	ACALL _Ow_Read
0x031D	0x850008  	MOV main_temp_L0, 0
0x0320	0xE4      	CLR A
0x0321	0xF509    	MOV main_temp_L0+1, A
;ow.c,114 :: 		temp = ((Ow_Read() << 0x08) + temp);
0x0323	0x51BB    	ACALL _Ow_Read
0x0325	0xA900    	MOV R1, R0
0x0327	0x7800    	MOV R0, #0
0x0329	0x7A00    	MOV R2, #0
0x032B	0xE8      	MOV A, R0
0x032C	0x2508    	ADD A, main_temp_L0
0x032E	0xFA      	MOV R2, A
0x032F	0xE9      	MOV A, R1
0x0330	0x3509    	ADDC A, main_temp_L0+1
0x0332	0xFB      	MOV R3, A
0x0333	0x850208  	MOV main_temp_L0, 2
0x0336	0x850309  	MOV main_temp_L0+1, 3
;ow.c,115 :: 		value = temp >> 0x04;
0x0339	0x7804    	MOV R0, #4
0x033B	0xEB      	MOV A, R3
0x033C	0x850230  	MOV _value, 2
0x033F	0x08      	INC R0
0x0340	0x8007    	SJMP L__main26
L__main27:
0x0342	0xC3      	CLR C
0x0343	0x13      	RRC A
0x0344	0xC530    	XCH A, _value
0x0346	0x13      	RRC A
0x0347	0xC530    	XCH A, _value
L__main26:
0x0349	0xD8F7    	DJNZ R0, L__main27
0x034B	0xF531    	MOV _value+1, A
;ow.c,117 :: 		P0_1_bit = 1;
0x034D	0xD281    	SETB P0_1_bit
;ow.c,118 :: 		delay_ms(300);
0x034F	0x7D19    	MOV R5, 25
0x0351	0x7E5A    	MOV R6, 90
0x0353	0x7FB1    	MOV R7, 177
0x0355	0xDFFE    	DJNZ R7, PC-2
0x0357	0xDEFC    	DJNZ R6, PC-4
0x0359	0xDDFA    	DJNZ R5, PC-6
0x035B	0x00      	NOP
0x035C	0x00      	NOP
;ow.c,119 :: 		P0_1_bit = 0;
0x035D	0xC281    	CLR P0_1_bit
;ow.c,120 :: 		delay_ms(300);
0x035F	0x7D19    	MOV R5, 25
0x0361	0x7E5A    	MOV R6, 90
0x0363	0x7FB1    	MOV R7, 177
0x0365	0xDFFE    	DJNZ R7, PC-2
0x0367	0xDEFC    	DJNZ R6, PC-4
0x0369	0xDDFA    	DJNZ R5, PC-6
0x036B	0x00      	NOP
0x036C	0x00      	NOP
;ow.c,122 :: 		}
0x036D	0x41FB    	AJMP L_main7
;ow.c,123 :: 		}
0x036F	0x80FE    	SJMP #254
; end of _main
_Timer_ISR:
0x0371	0xC000    	PUSH R0
0x0373	0xC001    	PUSH R1
0x0375	0xC002    	PUSH R2
0x0377	0xC005    	PUSH R5
0x0379	0xC007    	PUSH R7
0x037B	0xC0D0    	PUSH PSW
0x037D	0xC0E0    	PUSH ACC
0x037F	0xC0F0    	PUSH B
0x0381	0xC082    	PUSH DPL
0x0383	0xC083    	PUSH DPH
;ow.c,58 :: 		ics ICS_AUTO
;ow.c,60 :: 		switch(i)
0x0385	0x802C    	SJMP L_Timer_ISR0
;ow.c,62 :: 		case 0:
L_Timer_ISR2:
;ow.c,64 :: 		val = (value / 10);
0x0387	0x7C0A    	MOV R4, #10
0x0389	0x7D00    	MOV R5, #0
0x038B	0xA830    	MOV R0, _value
0x038D	0xA931    	MOV R1, _value+1
0x038F	0x31E4    	ACALL _Div_16x16_U
0x0391	0x850032  	MOV val, 0
;ow.c,65 :: 		break;
0x0394	0x8033    	SJMP L_Timer_ISR1
;ow.c,67 :: 		case 1:
L_Timer_ISR3:
;ow.c,69 :: 		val = (value % 10);
0x0396	0x7C0A    	MOV R4, #10
0x0398	0x7D00    	MOV R5, #0
0x039A	0xA830    	MOV R0, _value
0x039C	0xA931    	MOV R1, _value+1
0x039E	0x31E4    	ACALL _Div_16x16_U
0x03A0	0xA804    	MOV R0, R4
0x03A2	0xA905    	MOV R1, R5
0x03A4	0x850032  	MOV val, 0
;ow.c,70 :: 		break;
0x03A7	0x8020    	SJMP L_Timer_ISR1
;ow.c,72 :: 		case 2:
L_Timer_ISR4:
;ow.c,74 :: 		val = 10;
0x03A9	0x75320A  	MOV val, #10
;ow.c,75 :: 		break;
0x03AC	0x801B    	SJMP L_Timer_ISR1
;ow.c,77 :: 		case 3:
L_Timer_ISR5:
;ow.c,79 :: 		val = 11;
0x03AE	0x75320B  	MOV val, #11
;ow.c,80 :: 		break;
0x03B1	0x8016    	SJMP L_Timer_ISR1
;ow.c,82 :: 		}
L_Timer_ISR0:
0x03B3	0xE533    	MOV A, _i
0x03B5	0x60D0    	JZ L_Timer_ISR2
0x03B7	0xE533    	MOV A, _i
0x03B9	0x6401    	XRL A, #1
0x03BB	0x60D9    	JZ L_Timer_ISR3
0x03BD	0xE533    	MOV A, _i
0x03BF	0x6402    	XRL A, #2
0x03C1	0x60E6    	JZ L_Timer_ISR4
0x03C3	0xE533    	MOV A, _i
0x03C5	0x6403    	XRL A, #3
0x03C7	0x60E5    	JZ L_Timer_ISR5
L_Timer_ISR1:
;ow.c,84 :: 		segment_write(val, i);
0x03C9	0x85320F  	MOV FARG_segment_write_disp, val+0
0x03CC	0x853310  	MOV FARG_segment_write_pos, _i+0
0x03CF	0x5139    	ACALL _segment_write
;ow.c,86 :: 		i++;
0x03D1	0x0533    	INC _i
;ow.c,88 :: 		if(i > 3)
0x03D3	0xD3      	SETB C
0x03D4	0xE533    	MOV A, _i
0x03D6	0x9403    	SUBB A, #3
0x03D8	0x4003    	JC L_Timer_ISR6
;ow.c,90 :: 		i = 0;
0x03DA	0x753300  	MOV _i, #0
;ow.c,91 :: 		}
L_Timer_ISR6:
;ow.c,93 :: 		TMR3CN &= 0x7F;
0x03DD	0x53917F  	ANL TMR3CN, #127
;ow.c,94 :: 		}
0x03E0	0xD083    	POP DPH
0x03E2	0xD082    	POP DPL
0x03E4	0xD0F0    	POP B
0x03E6	0xD0E0    	POP ACC
0x03E8	0xD0D0    	POP PSW
0x03EA	0xD007    	POP R7
0x03EC	0xD005    	POP R5
0x03EE	0xD002    	POP R2
0x03F0	0xD001    	POP R1
0x03F2	0xD000    	POP R0
0x03F4	0x32      	RETI
; end of _Timer_ISR
0x0409	0x7830    	MOV R0, 48
0x040B	0x7904    	MOV R1, 4
0x040D	0x758201  	MOV DPL, 1
0x0410	0x758304  	MOV DPH, 4
0x0413	0x1201DC  	LCALL 476
0x0416	0x22      	RET
;ow.c,17 :: _segment_code
0x03F5	0xC0F9A4 ;_segment_code+0
0x03F8	0xB09992 ;_segment_code+3
0x03FB	0x82F880 ;_segment_code+6
0x03FE	0x909CC6 ;_segment_code+9
; end of _segment_code
;ow.c,0 :: ?ICS_value
0x0401	0x0000 ;?ICS_value+0
; end of ?ICS_value
;ow.c,0 :: ?ICSval
0x0403	0x00 ;?ICSval+0
; end of ?ICSval
;ow.c,0 :: ?ICS_i
0x0404	0x00 ;?ICS_i+0
; end of ?ICS_i
;ow.c,35 :: _display_pos
0x0405	0xF7FBFD ;_display_pos+0
0x0408	0xFE ;_display_pos+3
; end of _display_pos
Symbol List:
//** Routines locations **
//ADDRESS    SIZE    PROCEDURE
//----------------------------------------------
0x0076      [11]    _Delay_80us
0x0081      [11]    _Delay_500us
0x008C     [223]    _Oscillator_Init
0x016B       [4]    _Reset_Sources_Init
0x016F       [5]    _Delay_1us
0x0174      [51]    _write_74HC595
0x01A7      [10]    _Delay_50us
0x01B1      [19]    _Port_IO_Init
0x01C4       [7]    _Interrupts_Init
0x01CB       [7]    _PCA_Init
0x01D2      [10]    _Timer_Init
0x01DC       [8]    ___CC2D
0x01E4      [85]    _Div_16x16_U
0x0239      [51]    _segment_write
0x026C      [13]    _Init_Device
0x0279      [19]    _Ow_Reset
0x028C      [47]    _Ow_Write
0x02BB      [50]    _Ow_Read
0x02ED     [132]    _main
0x0371     [132]    _Timer_ISR
//** Variables locations ** 
//ADDRESS    SIZE    VARIABLE
//----------------------------------------------
0x0000       [1]    R0
0x0001       [1]    R1
0x0002       [1]    R2
0x0003       [1]    R3
0x0004       [1]    R4
0x0005       [1]    R5
0x0006       [1]    R6
0x0007       [1]    R7
0x0008       [2]    main_temp_L0
0x000A       [1]    FARG_Ow_Write_par
0x000A       [1]    Ow_Reset_res_L0
0x000A       [1]    Ow_Read_i_L0
0x000B       [1]    Ow_Read_tmp_L0
0x000B       [1]    Ow_Write_i_L0
0x000C       [1]    Ow_Write_j_L0
0x000D       [2]    Oscillator_Init_i_L0
0x000F       [1]    FARG_segment_write_disp
0x0010       [1]    FARG_segment_write_pos
0x0011       [1]    FARG_write_74HC595_send_data
0x0012       [1]    write_74HC595_clks_L0
0x0030       [2]    _value
0x0032       [1]    val
0x0033       [1]    _i
0x0080       [0]    P0_1_bit
0x0081       [1]    SP
0x0082       [1]    DPL
0x0083       [1]    DPH
0x0090       [0]    P1_5_bit
0x0090       [0]    P1_6_bit
0x0090       [0]    P1_4_bit
0x0090       [0]    OW_Bit
0x0090       [0]    P1_7_bit
0x0091       [1]    TMR3CN
0x0092       [1]    TMR3RLL
0x0093       [1]    TMR3RLH
0x00A4       [1]    P0MDOUT
0x00A5       [1]    P1MDOUT
0x00A8       [1]    IE
0x00A9       [1]    CLKSEL
0x00B1       [1]    OSCXCN
0x00B2       [1]    OSCICN
0x00D0       [0]    OV_bit
0x00D0       [1]    PSW
0x00D4       [1]    P0SKIP
0x00D5       [1]    P1SKIP
0x00D9       [1]    PCA0MD
0x00E0       [1]    ACC
0x00E2       [1]    XBR1
0x00E6       [1]    EIE1
0x00EF       [0]    MCDRSF_bit
0x00EF       [1]    RSTSRC
0x00F0       [1]    B
0x00F1       [1]    P0MDIN
//** Constants locations ** 
//ADDRESS    SIZE    CONSTANT
//----------------------------------------------
0x03F5      [12]    _segment_code
0x0401       [2]    ?ICS_value
0x0403       [1]    ?ICSval
0x0404       [1]    ?ICS_i
0x0405       [4]    _display_pos
//** Label List: ** 
//----------------------------------------------
  L_Timer_ISR0
  L_Timer_ISR1
  L_Timer_ISR2
  L_Timer_ISR3
  L_Timer_ISR4
  L_Timer_ISR5
  L_Timer_ISR6
  L_main7
  L_main8
  L_Oscillator_Init9
  L_Oscillator_Init10
  L_Oscillator_Init11
  L_Oscillator_Init12
  L_Oscillator_Init13
  L_Oscillator_Init14
  L_Oscillator_Init15
  L_Oscillator_Init16
  L_Oscillator_Init17
  L_Oscillator_Init18
  L_Oscillator_Init19
  L_Oscillator_Init20
  L_Oscillator_Init21
  L_write_74HC59522
  L_write_74HC59523
  L_write_74HC59524
  L_write_74HC59525
  _Timer_ISR
  _main
  L__main26
  L__main27
  _Reset_Sources_Init
  _PCA_Init
  _Timer_Init
  _Port_IO_Init
  _Oscillator_Init
  _Interrupts_Init
  _Init_Device
  _write_74HC595
  L__write_74HC59528
  L__write_74HC59529
  _segment_write
  L_Delay_Cyc0
  L_Delay_Cyc1
  L_VDelay_ms2
  L_VDelay_ms3
  L_VDelay_ms4
  L_VDelay_ms5
  _Get_Fosc_kHz
  _Delay_1us
  _Delay_10us
  _Delay_22us
  _Delay_50us
  _Delay_80us
  _Delay_500us
  _Delay_5500us
  _Delay_8ms
  _Delay_10ms
  _Delay_100ms
  _Delay_1sec
  _Delay_Cyc
  _VDelay_ms
  L_Ow_Read0
  L_Ow_Read1
  L_Ow_Read2
  L_Ow_Write3
  L_Ow_Write4
  L_Ow_Write5
  _Ow_Reset
  _Ow_Read
  L__Ow_Read6
  L__Ow_Read7
  _Ow_Write
  L__Ow_Write8
  L__Ow_Write9
  _CC2D_Loop1
  _CC2PD_Loop1
  _CC2XD_Loop1
  ___DoIFC
  ___CC2D
  ___CC2PD
  ___CC2XD
  L_Timer_ISR0
  L_Timer_ISR1
  L_Timer_ISR2
  L_Timer_ISR3
  L_Timer_ISR4
  L_Timer_ISR5
  L_Timer_ISR6
  L_main7
  L_main8
  L_Oscillator_Init9
  L_Oscillator_Init10
  L_Oscillator_Init11
  L_Oscillator_Init12
  L_Oscillator_Init13
  L_Oscillator_Init14
  L_Oscillator_Init15
  L_Oscillator_Init16
  L_Oscillator_Init17
  L_Oscillator_Init18
  L_Oscillator_Init19
  L_Oscillator_Init20
  L_Oscillator_Init21
  L_write_74HC59522
  L_write_74HC59523
  L_write_74HC59524
  L_write_74HC59525
  _Timer_ISR
  _main
  L__main26
  L__main27
  _Reset_Sources_Init
  _PCA_Init
  _Timer_Init
  _Port_IO_Init
  _Oscillator_Init
  _Interrupts_Init
  _Init_Device
  _write_74HC595
  L__write_74HC59528
  L__write_74HC59529
  _segment_write
  lab_end
  loop_lab
  lab_end1
  lab_loop1
  lab_end2
  lab_loop3
  __Div_8x8_S_Bpositive
  __Div_8x8_S_Apositive
  __Div_8x8_S_Skip_Div
  __Div_8x8_S_div_ret
  __op2hi_not_zero
  __op1hi_not_zero
  __Div_16x16_U_Loop1
  __Div_16x16_U_Lab1
  __Div_16x16_U_div_ret
  __Div_16x16_U_Loop2
  __Div_16x16_U_Lab2
  __Div_16x16_U_Lab3
  __Div_16x16_S_op2hipositive
  __Div_16x16_S_op1hipositive
  __Div_16x16_S_Skip_Udiv
  __Div_16x16_S_div_ret
  __Div_32x32_U_start
  __Div_32x32_U_aux
  __Div_32x32_U_l2
  __Div_32x32_U_l1
  lw_1
  lw_2
  __Div_32x32_U_l3
  lw_3
  __Div_32x32_U_l4
  __Div_32x32_U_IR_l0
  __Div_32x32_U_l5
  __Div_32x32_U_l6
  __Div_32x32_U_l8
  __Div_32x32_U_l7
  __Div_32x32_U_IR_l1
  __Div_32x32_U_l10
  __Div_32x32_U_l9
  __Div_32x32_U_IR_l2
  __Div_32x32_S_l1
  __Div_32x32_S_call_uns
  __Div_32x32_S_l2
  __Div_32x32_S_l3
  __Div_32x32_S_div_ret
  __shl_long
  __shr_longint
  __shr_longword
  _Mul_16x16
  _Mul_32x32
  _Div_8x8_S
  _Div_16x16_U
  _Div_16x16_S
  _Div_32x32_U
  _Div_32x32_S
