0	1	mikroc8051.exe -MSF -DBG -pC8051F330 -ES -DL -O11111114 -fo12.25 -N"E:\Current_Works\C8051F3xx Tutorial\Code\MODBUS\serial_comm.mcp51" -SP"d:\Users\Public\Documents\Mikroelektronika\mikroC PRO for 8051\defs\" -SP"E:\Current_Works\C8051F3xx Tutorial\Code\MODBUS\" -SP"E:\Current_Works\C8051F3xx Tutorial\Code\UART\" -SP"D:\Users\Public\Documents\Mikroelektronika\mikroC PRO for 8051\Uses\SILABS\" "serial_comm.c" "__Lib_Math.mcl" "__Lib_MathDouble.mcl" "__Lib_System.mcl" "__Lib_Delays.mcl" "__Lib_UART_Timer1_XBR_Shift.mcl"	 
diagnostics: 0	122	Compilation Started	__Lib_Delays.c
diagnostics: 402	123	Compiled Successfully	__Lib_Delays.c
diagnostics: 0	122	Compilation Started	tof200.h
hint: 0	1004	interrupt handler (UART0_ISR at 0x0023)	serial_comm.c
hint: 0	1004	interrupt handler (Timer_ISR at 0x0073)	serial_comm.c
warning: 184	1509	Generated baud rate is 115566 bps (error = 0.32 percent)	serial_comm.c
diagnostics: 218	123	Compiled Successfully	serial_comm.c
hint: 72	1164	Variable 'temp' has been eliminated by optimizer	serial_comm.c
hint: 110	1164	Variable 'CRC_2' has been eliminated by optimizer	serial_comm.c
diagnostics: 0	127	All files Compiled in 47 ms	 
hint: 0	1144	Used BDATA RAM (bytes): 14 (88%) Free BDATA RAM (bytes): 2 (12%)	Used BDATA RAM (bytes): 14 (88%) Free BDATA RAM (bytes): 2 (12%)
hint: 0	1144	Used DATA RAM (bytes): 48 (46%) Free DATA RAM (bytes): 56 (54%)	Used DATA RAM (bytes): 48 (46%) Free DATA RAM (bytes): 56 (54%)
hint: 0	1144	Used IDATA RAM (bytes): 0 (1%) Free IDATA RAM (bytes): 128 (99%)	Used IDATA RAM (bytes): 0 (1%) Free IDATA RAM (bytes): 128 (99%)
hint: 0	1144	Used XDATA RAM (bytes): 0 (1%) Free XDATA RAM (bytes): 512 (99%)	Used XDATA RAM (bytes): 0 (1%) Free XDATA RAM (bytes): 512 (99%)
hint: 0	1144	Used ROM (bytes): 1362 (17%)  Free ROM (bytes): 6830 (83%)	Used ROM (bytes): 1362 (17%)  Free ROM (bytes): 6830 (83%)
diagnostics: 0	125	Project Linked Successfully	serial_comm.mcp51
diagnostics: 0	128	Linked in 15 ms	 
diagnostics: 0	129	Project 'serial_comm.mcp51' completed: 125 ms	 
diagnostics: 0	103	Finished successfully: 16 Jul 2022, 14:18:28	serial_comm.mcp51
