0	1	mikroc8051.exe -MSF -DBG -pC8051F330 -ES -DL -O11111114 -fo12.25 -N"E:\Current_Works\C8051F3xx Tutorial\Code\PCA - Frequency Output\RX\ir_rx.mcp51" -SP"d:\Users\Public\Documents\Mikroelektronika\mikroC PRO for 8051\defs\" -SP"E:\Current_Works\C8051F3xx Tutorial\Code\PCA - Frequency Output\RX\" -SP"E:\Current_Works\C8051F3xx Tutorial\Code\PCA - HF Timer\RX\" -SP"D:\Users\Public\Documents\Mikroelektronika\mikroC PRO for 8051\Uses\SILABS\" "ir_rx.c" "__Lib_Math.mcl" "__Lib_MathDouble.mcl" "__Lib_System.mcl" "__Lib_Delays.mcl" "__Lib_UART_Timer1_XBR_Shift.mcl"	 
warning: 0	1501	Specified search path does not exist: 'E:\Current_Works\C8051F3xx Tutorial\Code\PCA - HF Timer\RX'	 
diagnostics: 0	122	Compilation Started	__Lib_Delays.c
diagnostics: 402	123	Compiled Successfully	__Lib_Delays.c
diagnostics: 0	122	Compilation Started	ir_rx.c
hint: 0	1004	interrupt handler (UART0_ISR at 0x0023)	ir_rx.c
hint: 0	1004	interrupt handler (Timer_ISR at 0x0073)	ir_rx.c
warning: 110	1509	Generated baud rate is 1204 bps (error = 0.32 percent)	ir_rx.c
diagnostics: 233	123	Compiled Successfully	ir_rx.c
hint: 106	1164	Variable 'tmp' has been eliminated by optimizer	ir_rx.c
hint: 107	1164	Variable 'temp' has been eliminated by optimizer	ir_rx.c
diagnostics: 0	127	All files Compiled in 47 ms	 
hint: 0	1144	Used BDATA RAM (bytes): 0 (1%) Free BDATA RAM (bytes): 16 (99%)	Used BDATA RAM (bytes): 0 (1%) Free BDATA RAM (bytes): 16 (99%)
hint: 0	1144	Used DATA RAM (bytes): 23 (22%) Free DATA RAM (bytes): 81 (78%)	Used DATA RAM (bytes): 23 (22%) Free DATA RAM (bytes): 81 (78%)
hint: 0	1144	Used IDATA RAM (bytes): 0 (1%) Free IDATA RAM (bytes): 128 (99%)	Used IDATA RAM (bytes): 0 (1%) Free IDATA RAM (bytes): 128 (99%)
hint: 0	1144	Used XDATA RAM (bytes): 0 (1%) Free XDATA RAM (bytes): 512 (99%)	Used XDATA RAM (bytes): 0 (1%) Free XDATA RAM (bytes): 512 (99%)
hint: 0	1144	Used ROM (bytes): 713 (9%)  Free ROM (bytes): 7479 (91%)	Used ROM (bytes): 713 (9%)  Free ROM (bytes): 7479 (91%)
diagnostics: 0	125	Project Linked Successfully	ir_rx.mcp51
diagnostics: 0	128	Linked in 15 ms	 
diagnostics: 0	129	Project 'ir_rx.mcp51' completed: 125 ms	 
diagnostics: 0	103	Finished successfully: 16 Jul 2022, 14:16:35	ir_rx.mcp51
