;  LST file generated by mikroListExporter - v.2.0 
; Date/Time: 16-Jul-22 02:09:30 PM
;----------------------------------------------

;Address Opcode 	ASM
0x0000	0x02012E  	LJMP 302
0x0003	0x020000  	LJMP 0
0x0006	0x00      	NOP
0x0007	0x00      	NOP
0x0008	0x00      	NOP
0x0009	0x00      	NOP
0x000A	0x00      	NOP
0x000B	0x020000  	LJMP 0
0x000E	0x00      	NOP
0x000F	0x00      	NOP
0x0010	0x00      	NOP
0x0011	0x00      	NOP
0x0012	0x00      	NOP
0x0013	0x020000  	LJMP 0
0x0016	0x00      	NOP
0x0017	0x00      	NOP
0x0018	0x00      	NOP
0x0019	0x00      	NOP
0x001A	0x00      	NOP
0x001B	0x020000  	LJMP 0
0x001E	0x00      	NOP
0x001F	0x00      	NOP
0x0020	0x00      	NOP
0x0021	0x00      	NOP
0x0022	0x00      	NOP
0x0023	0x020000  	LJMP 0
0x0026	0x00      	NOP
0x0027	0x00      	NOP
0x0028	0x00      	NOP
0x0029	0x00      	NOP
0x002A	0x00      	NOP
0x002B	0x020000  	LJMP 0
0x002E	0x00      	NOP
0x002F	0x00      	NOP
0x0030	0x00      	NOP
0x0031	0x00      	NOP
0x0032	0x00      	NOP
0x0033	0x020000  	LJMP 0
0x0036	0x00      	NOP
0x0037	0x00      	NOP
0x0038	0x00      	NOP
0x0039	0x00      	NOP
0x003A	0x00      	NOP
0x003B	0x020000  	LJMP 0
0x003E	0x00      	NOP
0x003F	0x00      	NOP
0x0040	0x00      	NOP
0x0041	0x00      	NOP
0x0042	0x00      	NOP
0x0043	0x020000  	LJMP 0
0x0046	0x00      	NOP
0x0047	0x00      	NOP
0x0048	0x00      	NOP
0x0049	0x00      	NOP
0x004A	0x00      	NOP
0x004B	0x020000  	LJMP 0
0x004E	0x00      	NOP
0x004F	0x00      	NOP
0x0050	0x00      	NOP
0x0051	0x00      	NOP
0x0052	0x00      	NOP
0x0053	0x020000  	LJMP 0
0x0056	0x00      	NOP
0x0057	0x00      	NOP
0x0058	0x00      	NOP
0x0059	0x00      	NOP
0x005A	0x00      	NOP
0x005B	0x020000  	LJMP 0
0x005E	0x00      	NOP
0x005F	0x00      	NOP
0x0060	0x00      	NOP
0x0061	0x00      	NOP
0x0062	0x00      	NOP
0x0063	0x020000  	LJMP 0
0x0066	0x00      	NOP
0x0067	0x00      	NOP
0x0068	0x00      	NOP
0x0069	0x00      	NOP
0x006A	0x00      	NOP
0x006B	0x020000  	LJMP 0
0x006E	0x00      	NOP
0x006F	0x00      	NOP
0x0070	0x00      	NOP
0x0071	0x00      	NOP
0x0072	0x00      	NOP
0x0073	0x020000  	LJMP 0
_Oscillator_Init:
;pca_pwm.c,251 :: 		void Oscillator_Init(void)
;pca_pwm.c,253 :: 		OSCICN = 0x82;
0x0076	0x75B282  	MOV OSCICN, #130
;pca_pwm.c,254 :: 		}
0x0079	0x22      	RET
; end of _Oscillator_Init
_Port_IO_Init:
;pca_pwm.c,226 :: 		void Port_IO_Init(void)
;pca_pwm.c,246 :: 		P0MDOUT = 0x07;
0x007A	0x75A407  	MOV P0MDOUT, #7
;pca_pwm.c,247 :: 		XBR1 = 0x43;
0x007D	0x75E243  	MOV XBR1, #67
;pca_pwm.c,248 :: 		}
0x0080	0x22      	RET
; end of _Port_IO_Init
_PCA_Init:
;pca_pwm.c,207 :: 		void PCA_Init(void)
;pca_pwm.c,209 :: 		PCA0CN = 0x40;
0x0081	0x75D840  	MOV PCA0CN, #64
;pca_pwm.c,210 :: 		PCA0MD &= ~0x40;
0x0084	0x53D9BF  	ANL PCA0MD, #191
;pca_pwm.c,211 :: 		PCA0MD = 0x02;
0x0087	0x75D902  	MOV PCA0MD, #2
;pca_pwm.c,212 :: 		PCA0CPM0 = 0xC2;
0x008A	0x75DAC2  	MOV PCA0CPM0, #194
;pca_pwm.c,213 :: 		PCA0CPM1 = 0xC2;
0x008D	0x75DBC2  	MOV PCA0CPM1, #194
;pca_pwm.c,214 :: 		PCA0CPM2 = 0xC2;
0x0090	0x75DCC2  	MOV PCA0CPM2, #194
;pca_pwm.c,215 :: 		PCA0L = 0xC0;
0x0093	0x75F9C0  	MOV PCA0L, #192
;pca_pwm.c,216 :: 		PCA0H = 0x4F;
0x0096	0x75FA4F  	MOV PCA0H, #79
;pca_pwm.c,217 :: 		PCA0CPL0 = 0xFF;
0x0099	0x75FBFF  	MOV PCA0CPL0, #255
;pca_pwm.c,218 :: 		PCA0CPL1 = 0xFF;
0x009C	0x75E9FF  	MOV PCA0CPL1, #255
;pca_pwm.c,219 :: 		PCA0CPL2 = 0xFF;
0x009F	0x75EBFF  	MOV PCA0CPL2, #255
;pca_pwm.c,220 :: 		PCA0CPH0 = 0xFF;
0x00A2	0x75FCFF  	MOV PCA0CPH0, #255
;pca_pwm.c,221 :: 		PCA0CPH1 = 0xFF;
0x00A5	0x75EAFF  	MOV PCA0CPH1, #255
;pca_pwm.c,222 :: 		PCA0CPH2 = 0xFF;
0x00A8	0x75ECFF  	MOV PCA0CPH2, #255
;pca_pwm.c,223 :: 		}
0x00AB	0x22      	RET
; end of _PCA_Init
_get_HB_LB:
;pca_pwm.c,265 :: 		void get_HB_LB(unsigned int value, unsigned char *HB, unsigned char *LB)
;pca_pwm.c,267 :: 		*LB = (unsigned char)(value & 0x00FF);
0x00AC	0x74FF    	MOV A, #255
0x00AE	0x5510    	ANL A, FARG_get_HB_LB_value
0x00B0	0xF9      	MOV R1, A
0x00B1	0xA813    	MOV R0, FARG_get_HB_LB_LB
0x00B3	0xA601    	MOV @R0, R1
;pca_pwm.c,268 :: 		*HB = (unsigned char)((value & 0xFF00) >> 0x08);
0x00B5	0xE510    	MOV A, FARG_get_HB_LB_value
0x00B7	0x5400    	ANL A, #0
0x00B9	0xF8      	MOV R0, A
0x00BA	0xE511    	MOV A, FARG_get_HB_LB_value+1
0x00BC	0x54FF    	ANL A, #255
0x00BE	0xF9      	MOV R1, A
0x00BF	0xAA01    	MOV R2, R1
0x00C1	0x7B00    	MOV R3, #0
0x00C3	0xA812    	MOV R0, FARG_get_HB_LB_HB
0x00C5	0xA602    	MOV @R0, R2
;pca_pwm.c,269 :: 		}
0x00C7	0x22      	RET
; end of _get_HB_LB
_PWM_1_duty_cycle:
;pca_pwm.c,286 :: 		void PWM_1_duty_cycle(unsigned int value)
;pca_pwm.c,288 :: 		unsigned char hb = 0x00;
0x00C8	0x750E00  	MOV PWM_1_duty_cycle_hb_L0, #0
0x00CB	0x750F00  	MOV PWM_1_duty_cycle_lb_L0, #0
;pca_pwm.c,289 :: 		unsigned char lb = 0x00;
;pca_pwm.c,291 :: 		get_HB_LB(value, &hb, &lb);
0x00CE	0x850C10  	MOV FARG_get_HB_LB_value, FARG_PWM_1_duty_cycle_value+0
0x00D1	0x850D11  	MOV FARG_get_HB_LB_value+1, FARG_PWM_1_duty_cycle_value+1
0x00D4	0x75120E  	MOV FARG_get_HB_LB_HB, lo_addr(PWM_1_duty_cycle_hb_L0)
0x00D7	0x75130F  	MOV FARG_get_HB_LB_LB, lo_addr(PWM_1_duty_cycle_lb_L0)
0x00DA	0x11AC    	ACALL _get_HB_LB
;pca_pwm.c,293 :: 		PCA0CPL1 = lb;
0x00DC	0x850FE9  	MOV PCA0CPL1, PWM_1_duty_cycle_lb_L0+0
;pca_pwm.c,294 :: 		PCA0CPH1 = hb;
0x00DF	0x850EEA  	MOV PCA0CPH1, PWM_1_duty_cycle_hb_L0+0
;pca_pwm.c,295 :: 		CCF1_bit = 0;
0x00E2	0xC2D9    	CLR CCF1_bit
;pca_pwm.c,296 :: 		}
0x00E4	0x22      	RET
; end of _PWM_1_duty_cycle
_Init_Device:
;pca_pwm.c,257 :: 		void Init_Device(void)
;pca_pwm.c,259 :: 		PCA_Init();
0x00E5	0x1181    	ACALL _PCA_Init
;pca_pwm.c,260 :: 		Port_IO_Init();
0x00E7	0x117A    	ACALL _Port_IO_Init
;pca_pwm.c,261 :: 		Oscillator_Init();
0x00E9	0x1176    	ACALL _Oscillator_Init
;pca_pwm.c,262 :: 		}
0x00EB	0x22      	RET
; end of _Init_Device
___CC2D:
;__Lib_System.c,13 :: 		
;__Lib_System.c,15 :: 		
_CC2D_Loop1:
;__Lib_System.c,16 :: 		
0x00EC	0xE4      	CLR A
;__Lib_System.c,17 :: 		
0x00ED	0x93      	MOVC A, @A+DPTR
;__Lib_System.c,18 :: 		
0x00EE	0xF6      	MOV @R0, A
;__Lib_System.c,19 :: 		
0x00EF	0x08      	INC R0
;__Lib_System.c,20 :: 		
0x00F0	0xA3      	INC DPTR
;__Lib_System.c,21 :: 		
0x00F1	0xD9F9    	DJNZ R1, _CC2D_Loop1
;__Lib_System.c,23 :: 		
0x00F3	0x22      	RET
; end of ___CC2D
_PWM_2_duty_cycle:
;pca_pwm.c,299 :: 		void PWM_2_duty_cycle(unsigned int value)
;pca_pwm.c,301 :: 		unsigned char hb = 0x00;
0x00F4	0x750E00  	MOV PWM_2_duty_cycle_hb_L0, #0
0x00F7	0x750F00  	MOV PWM_2_duty_cycle_lb_L0, #0
;pca_pwm.c,302 :: 		unsigned char lb = 0x00;
;pca_pwm.c,304 :: 		get_HB_LB(value, &hb, &lb);
0x00FA	0x850C10  	MOV FARG_get_HB_LB_value, FARG_PWM_2_duty_cycle_value+0
0x00FD	0x850D11  	MOV FARG_get_HB_LB_value+1, FARG_PWM_2_duty_cycle_value+1
0x0100	0x75120E  	MOV FARG_get_HB_LB_HB, lo_addr(PWM_2_duty_cycle_hb_L0)
0x0103	0x75130F  	MOV FARG_get_HB_LB_LB, lo_addr(PWM_2_duty_cycle_lb_L0)
0x0106	0x11AC    	ACALL _get_HB_LB
;pca_pwm.c,306 :: 		PCA0CPL2 = lb;
0x0108	0x850FEB  	MOV PCA0CPL2, PWM_2_duty_cycle_lb_L0+0
;pca_pwm.c,307 :: 		PCA0CPH2 = hb;
0x010B	0x850EEC  	MOV PCA0CPH2, PWM_2_duty_cycle_hb_L0+0
;pca_pwm.c,308 :: 		CCF2_bit = 0;
0x010E	0xC2DA    	CLR CCF2_bit
;pca_pwm.c,309 :: 		}
0x0110	0x22      	RET
; end of _PWM_2_duty_cycle
_PWM_0_duty_cycle:
;pca_pwm.c,273 :: 		void PWM_0_duty_cycle(unsigned int value)
;pca_pwm.c,275 :: 		unsigned char hb = 0x00;
0x0111	0x750E00  	MOV PWM_0_duty_cycle_hb_L0, #0
0x0114	0x750F00  	MOV PWM_0_duty_cycle_lb_L0, #0
;pca_pwm.c,276 :: 		unsigned char lb = 0x00;
;pca_pwm.c,278 :: 		get_HB_LB(value, &hb, &lb);
0x0117	0x850C10  	MOV FARG_get_HB_LB_value, FARG_PWM_0_duty_cycle_value+0
0x011A	0x850D11  	MOV FARG_get_HB_LB_value+1, FARG_PWM_0_duty_cycle_value+1
0x011D	0x75120E  	MOV FARG_get_HB_LB_HB, lo_addr(PWM_0_duty_cycle_hb_L0)
0x0120	0x75130F  	MOV FARG_get_HB_LB_LB, lo_addr(PWM_0_duty_cycle_lb_L0)
0x0123	0x11AC    	ACALL _get_HB_LB
;pca_pwm.c,280 :: 		PCA0CPL0 = lb;
0x0125	0x850FFB  	MOV PCA0CPL0, PWM_0_duty_cycle_lb_L0+0
;pca_pwm.c,281 :: 		PCA0CPH0 = hb;
0x0128	0x850EFC  	MOV PCA0CPH0, PWM_0_duty_cycle_hb_L0+0
;pca_pwm.c,282 :: 		CCF0_bit = 0;
0x012B	0xC2D8    	CLR CCF0_bit
;pca_pwm.c,283 :: 		}
0x012D	0x22      	RET
; end of _PWM_0_duty_cycle
_main:
0x012E	0x758180  	MOV SP, #128
;pca_pwm.c,122 :: 		void main(void)
;pca_pwm.c,124 :: 		unsigned int i = 0;
0x0131	0x750800  	MOV main_i_L0, #0
0x0134	0x750900  	MOV main_i_L0+1, #0
0x0137	0x750A00  	MOV main_j_L0, #0
0x013A	0x750B01  	MOV main_mode_L0, #1
;pca_pwm.c,125 :: 		unsigned char j = 0;
;pca_pwm.c,126 :: 		unsigned char mode = 1;
;pca_pwm.c,128 :: 		Init_Device();
0x013D	0x11E5    	ACALL _Init_Device
;pca_pwm.c,130 :: 		while(1)
L_main0:
;pca_pwm.c,132 :: 		switch(mode)
0x013F	0x6175    	AJMP L_main2
;pca_pwm.c,134 :: 		case 1:
L_main4:
;pca_pwm.c,136 :: 		PWM_1_duty_cycle(0);
0x0141	0x750C00  	MOV FARG_PWM_1_duty_cycle_value, #0
0x0144	0x750D00  	MOV FARG_PWM_1_duty_cycle_value+1, #0
0x0147	0x11C8    	ACALL _PWM_1_duty_cycle
;pca_pwm.c,137 :: 		PWM_2_duty_cycle(0);
0x0149	0x750C00  	MOV FARG_PWM_2_duty_cycle_value, #0
0x014C	0x750D00  	MOV FARG_PWM_2_duty_cycle_value+1, #0
0x014F	0x11F4    	ACALL _PWM_2_duty_cycle
;pca_pwm.c,139 :: 		for(j = 0; j < 6; j++)
0x0151	0x750A00  	MOV main_j_L0, #0
L_main5:
0x0154	0xC3      	CLR C
0x0155	0xE50A    	MOV A, main_j_L0
0x0157	0x9406    	SUBB A, #6
0x0159	0x505D    	JNC L_main6
;pca_pwm.c,141 :: 		for(i = 0; i < 32; i++)
0x015B	0x750800  	MOV main_i_L0, #0
0x015E	0x750900  	MOV main_i_L0+1, #0
L_main8:
0x0161	0xC3      	CLR C
0x0162	0xE508    	MOV A, main_i_L0
0x0164	0x9420    	SUBB A, #32
0x0166	0xE509    	MOV A, main_i_L0+1
0x0168	0x9400    	SUBB A, #0
0x016A	0x5048    	JNC L_main9
;pca_pwm.c,143 :: 		PWM_0_duty_cycle(LUT_1[i]);
0x016C	0x7A01    	MOV R2, #1
0x016E	0xA909    	MOV R1, main_i_L0+1
0x0170	0xE508    	MOV A, main_i_L0
0x0172	0x0A      	INC R2
0x0173	0x8005    	SJMP L__main33
L__main34:
0x0175	0xC3      	CLR C
0x0176	0x33      	RLC A
0x0177	0xC9      	XCH A, R1
0x0178	0x33      	RLC A
0x0179	0xC9      	XCH A, R1
L__main33:
0x017A	0xDAF9    	DJNZ R2, L__main34
0x017C	0xF8      	MOV R0, A
0x017D	0x741F    	MOV A, lo_addr(_LUT_1)
0x017F	0x28      	ADD A, R0
0x0180	0xFA      	MOV R2, A
0x0181	0x7404    	MOV A, hi_addr(_LUT_1)
0x0183	0x39      	ADDC A, R1
0x0184	0xFB      	MOV R3, A
0x0185	0x850282  	MOV DPL, 2
0x0188	0x850383  	MOV DPH, 3
0x018B	0xE4      	CLR A
0x018C	0x93      	MOVC A, @A+DPTR
0x018D	0xF8      	MOV R0, A
0x018E	0xE4      	CLR A
0x018F	0xA3      	INC DPTR
0x0190	0x93      	MOVC A, @A+DPTR
0x0191	0xF9      	MOV R1, A
0x0192	0x85000C  	MOV FARG_PWM_0_duty_cycle_value, 0
0x0195	0x85010D  	MOV FARG_PWM_0_duty_cycle_value+1, 1
0x0198	0x3111    	ACALL _PWM_0_duty_cycle
;pca_pwm.c,144 :: 		delay_ms(45);
0x019A	0x7D03    	MOV R5, 3
0x019C	0x7ECC    	MOV R6, 204
0x019E	0x7FE5    	MOV R7, 229
0x01A0	0xDFFE    	DJNZ R7, PC-2
0x01A2	0xDEFC    	DJNZ R6, PC-4
0x01A4	0xDDFA    	DJNZ R5, PC-6
;pca_pwm.c,141 :: 		for(i = 0; i < 32; i++)
0x01A6	0x7401    	MOV A, #1
0x01A8	0x2508    	ADD A, main_i_L0
0x01AA	0xF508    	MOV main_i_L0, A
0x01AC	0x7400    	MOV A, #0
0x01AE	0x3509    	ADDC A, main_i_L0+1
0x01B0	0xF509    	MOV main_i_L0+1, A
;pca_pwm.c,145 :: 		}
0x01B2	0x80AD    	SJMP L_main8
L_main9:
;pca_pwm.c,139 :: 		for(j = 0; j < 6; j++)
0x01B4	0x050A    	INC main_j_L0
;pca_pwm.c,146 :: 		}
0x01B6	0x809C    	SJMP L_main5
L_main6:
;pca_pwm.c,147 :: 		break;
0x01B8	0x618F    	AJMP L_main3
;pca_pwm.c,150 :: 		case 2:
L_main11:
;pca_pwm.c,152 :: 		PWM_0_duty_cycle(0);
0x01BA	0x750C00  	MOV FARG_PWM_0_duty_cycle_value, #0
0x01BD	0x750D00  	MOV FARG_PWM_0_duty_cycle_value+1, #0
0x01C0	0x3111    	ACALL _PWM_0_duty_cycle
;pca_pwm.c,153 :: 		PWM_2_duty_cycle(0);
0x01C2	0x750C00  	MOV FARG_PWM_2_duty_cycle_value, #0
0x01C5	0x750D00  	MOV FARG_PWM_2_duty_cycle_value+1, #0
0x01C8	0x11F4    	ACALL _PWM_2_duty_cycle
;pca_pwm.c,155 :: 		for(j = 0; j < 6; j++)
0x01CA	0x750A00  	MOV main_j_L0, #0
L_main12:
0x01CD	0xC3      	CLR C
0x01CE	0xE50A    	MOV A, main_j_L0
0x01D0	0x9406    	SUBB A, #6
0x01D2	0x505D    	JNC L_main13
;pca_pwm.c,157 :: 		for(i = 0; i < 32; i++)
0x01D4	0x750800  	MOV main_i_L0, #0
0x01D7	0x750900  	MOV main_i_L0+1, #0
L_main15:
0x01DA	0xC3      	CLR C
0x01DB	0xE508    	MOV A, main_i_L0
0x01DD	0x9420    	SUBB A, #32
0x01DF	0xE509    	MOV A, main_i_L0+1
0x01E1	0x9400    	SUBB A, #0
0x01E3	0x5048    	JNC L_main16
;pca_pwm.c,159 :: 		PWM_1_duty_cycle(LUT_1[i]);
0x01E5	0x7A01    	MOV R2, #1
0x01E7	0xA909    	MOV R1, main_i_L0+1
0x01E9	0xE508    	MOV A, main_i_L0
0x01EB	0x0A      	INC R2
0x01EC	0x8005    	SJMP L__main35
L__main36:
0x01EE	0xC3      	CLR C
0x01EF	0x33      	RLC A
0x01F0	0xC9      	XCH A, R1
0x01F1	0x33      	RLC A
0x01F2	0xC9      	XCH A, R1
L__main35:
0x01F3	0xDAF9    	DJNZ R2, L__main36
0x01F5	0xF8      	MOV R0, A
0x01F6	0x741F    	MOV A, lo_addr(_LUT_1)
0x01F8	0x28      	ADD A, R0
0x01F9	0xFA      	MOV R2, A
0x01FA	0x7404    	MOV A, hi_addr(_LUT_1)
0x01FC	0x39      	ADDC A, R1
0x01FD	0xFB      	MOV R3, A
0x01FE	0x850282  	MOV DPL, 2
0x0201	0x850383  	MOV DPH, 3
0x0204	0xE4      	CLR A
0x0205	0x93      	MOVC A, @A+DPTR
0x0206	0xF8      	MOV R0, A
0x0207	0xE4      	CLR A
0x0208	0xA3      	INC DPTR
0x0209	0x93      	MOVC A, @A+DPTR
0x020A	0xF9      	MOV R1, A
0x020B	0x85000C  	MOV FARG_PWM_1_duty_cycle_value, 0
0x020E	0x85010D  	MOV FARG_PWM_1_duty_cycle_value+1, 1
0x0211	0x11C8    	ACALL _PWM_1_duty_cycle
;pca_pwm.c,160 :: 		delay_ms(45);
0x0213	0x7D03    	MOV R5, 3
0x0215	0x7ECC    	MOV R6, 204
0x0217	0x7FE5    	MOV R7, 229
0x0219	0xDFFE    	DJNZ R7, PC-2
0x021B	0xDEFC    	DJNZ R6, PC-4
0x021D	0xDDFA    	DJNZ R5, PC-6
;pca_pwm.c,157 :: 		for(i = 0; i < 32; i++)
0x021F	0x7401    	MOV A, #1
0x0221	0x2508    	ADD A, main_i_L0
0x0223	0xF508    	MOV main_i_L0, A
0x0225	0x7400    	MOV A, #0
0x0227	0x3509    	ADDC A, main_i_L0+1
0x0229	0xF509    	MOV main_i_L0+1, A
;pca_pwm.c,161 :: 		}
0x022B	0x80AD    	SJMP L_main15
L_main16:
;pca_pwm.c,155 :: 		for(j = 0; j < 6; j++)
0x022D	0x050A    	INC main_j_L0
;pca_pwm.c,162 :: 		}
0x022F	0x809C    	SJMP L_main12
L_main13:
;pca_pwm.c,163 :: 		break;
0x0231	0x618F    	AJMP L_main3
;pca_pwm.c,166 :: 		case 3:
L_main18:
;pca_pwm.c,168 :: 		PWM_0_duty_cycle(0);
0x0233	0x750C00  	MOV FARG_PWM_0_duty_cycle_value, #0
0x0236	0x750D00  	MOV FARG_PWM_0_duty_cycle_value+1, #0
0x0239	0x3111    	ACALL _PWM_0_duty_cycle
;pca_pwm.c,169 :: 		PWM_1_duty_cycle(0);
0x023B	0x750C00  	MOV FARG_PWM_1_duty_cycle_value, #0
0x023E	0x750D00  	MOV FARG_PWM_1_duty_cycle_value+1, #0
0x0241	0x11C8    	ACALL _PWM_1_duty_cycle
;pca_pwm.c,171 :: 		for(j = 0; j < 6; j++)
0x0243	0x750A00  	MOV main_j_L0, #0
L_main19:
0x0246	0xC3      	CLR C
0x0247	0xE50A    	MOV A, main_j_L0
0x0249	0x9406    	SUBB A, #6
0x024B	0x505D    	JNC L_main20
;pca_pwm.c,173 :: 		for(i = 0; i < 32; i++)
0x024D	0x750800  	MOV main_i_L0, #0
0x0250	0x750900  	MOV main_i_L0+1, #0
L_main22:
0x0253	0xC3      	CLR C
0x0254	0xE508    	MOV A, main_i_L0
0x0256	0x9420    	SUBB A, #32
0x0258	0xE509    	MOV A, main_i_L0+1
0x025A	0x9400    	SUBB A, #0
0x025C	0x5048    	JNC L_main23
;pca_pwm.c,175 :: 		PWM_2_duty_cycle(LUT_1[i]);
0x025E	0x7A01    	MOV R2, #1
0x0260	0xA909    	MOV R1, main_i_L0+1
0x0262	0xE508    	MOV A, main_i_L0
0x0264	0x0A      	INC R2
0x0265	0x8005    	SJMP L__main37
L__main38:
0x0267	0xC3      	CLR C
0x0268	0x33      	RLC A
0x0269	0xC9      	XCH A, R1
0x026A	0x33      	RLC A
0x026B	0xC9      	XCH A, R1
L__main37:
0x026C	0xDAF9    	DJNZ R2, L__main38
0x026E	0xF8      	MOV R0, A
0x026F	0x741F    	MOV A, lo_addr(_LUT_1)
0x0271	0x28      	ADD A, R0
0x0272	0xFA      	MOV R2, A
0x0273	0x7404    	MOV A, hi_addr(_LUT_1)
0x0275	0x39      	ADDC A, R1
0x0276	0xFB      	MOV R3, A
0x0277	0x850282  	MOV DPL, 2
0x027A	0x850383  	MOV DPH, 3
0x027D	0xE4      	CLR A
0x027E	0x93      	MOVC A, @A+DPTR
0x027F	0xF8      	MOV R0, A
0x0280	0xE4      	CLR A
0x0281	0xA3      	INC DPTR
0x0282	0x93      	MOVC A, @A+DPTR
0x0283	0xF9      	MOV R1, A
0x0284	0x85000C  	MOV FARG_PWM_2_duty_cycle_value, 0
0x0287	0x85010D  	MOV FARG_PWM_2_duty_cycle_value+1, 1
0x028A	0x11F4    	ACALL _PWM_2_duty_cycle
;pca_pwm.c,176 :: 		delay_ms(45);
0x028C	0x7D03    	MOV R5, 3
0x028E	0x7ECC    	MOV R6, 204
0x0290	0x7FE5    	MOV R7, 229
0x0292	0xDFFE    	DJNZ R7, PC-2
0x0294	0xDEFC    	DJNZ R6, PC-4
0x0296	0xDDFA    	DJNZ R5, PC-6
;pca_pwm.c,173 :: 		for(i = 0; i < 32; i++)
0x0298	0x7401    	MOV A, #1
0x029A	0x2508    	ADD A, main_i_L0
0x029C	0xF508    	MOV main_i_L0, A
0x029E	0x7400    	MOV A, #0
0x02A0	0x3509    	ADDC A, main_i_L0+1
0x02A2	0xF509    	MOV main_i_L0+1, A
;pca_pwm.c,177 :: 		}
0x02A4	0x80AD    	SJMP L_main22
L_main23:
;pca_pwm.c,171 :: 		for(j = 0; j < 6; j++)
0x02A6	0x050A    	INC main_j_L0
;pca_pwm.c,178 :: 		}
0x02A8	0x809C    	SJMP L_main19
L_main20:
;pca_pwm.c,179 :: 		break;
0x02AA	0x618F    	AJMP L_main3
;pca_pwm.c,182 :: 		default:
L_main25:
;pca_pwm.c,184 :: 		for(j = 0; j < 10; j++)
0x02AC	0x750A00  	MOV main_j_L0, #0
L_main26:
0x02AF	0xC3      	CLR C
0x02B0	0xE50A    	MOV A, main_j_L0
0x02B2	0x940A    	SUBB A, #10
0x02B4	0x4002    	JC #2
0x02B6	0x6173    	AJMP L_main27
;pca_pwm.c,186 :: 		for(i = 0; i < 32; i++)
0x02B8	0x750800  	MOV main_i_L0, #0
0x02BB	0x750900  	MOV main_i_L0+1, #0
L_main29:
0x02BE	0xC3      	CLR C
0x02BF	0xE508    	MOV A, main_i_L0
0x02C1	0x9420    	SUBB A, #32
0x02C3	0xE509    	MOV A, main_i_L0+1
0x02C5	0x9400    	SUBB A, #0
0x02C7	0x4002    	JC #2
0x02C9	0x616F    	AJMP L_main30
;pca_pwm.c,188 :: 		PWM_0_duty_cycle(LUT_1[i]);
0x02CB	0x7A01    	MOV R2, #1
0x02CD	0xA909    	MOV R1, main_i_L0+1
0x02CF	0xE508    	MOV A, main_i_L0
0x02D1	0x0A      	INC R2
0x02D2	0x8005    	SJMP L__main39
L__main40:
0x02D4	0xC3      	CLR C
0x02D5	0x33      	RLC A
0x02D6	0xC9      	XCH A, R1
0x02D7	0x33      	RLC A
0x02D8	0xC9      	XCH A, R1
L__main39:
0x02D9	0xDAF9    	DJNZ R2, L__main40
0x02DB	0xF8      	MOV R0, A
0x02DC	0x741F    	MOV A, lo_addr(_LUT_1)
0x02DE	0x28      	ADD A, R0
0x02DF	0xFA      	MOV R2, A
0x02E0	0x7404    	MOV A, hi_addr(_LUT_1)
0x02E2	0x39      	ADDC A, R1
0x02E3	0xFB      	MOV R3, A
0x02E4	0x850282  	MOV DPL, 2
0x02E7	0x850383  	MOV DPH, 3
0x02EA	0xE4      	CLR A
0x02EB	0x93      	MOVC A, @A+DPTR
0x02EC	0xF8      	MOV R0, A
0x02ED	0xE4      	CLR A
0x02EE	0xA3      	INC DPTR
0x02EF	0x93      	MOVC A, @A+DPTR
0x02F0	0xF9      	MOV R1, A
0x02F1	0x85000C  	MOV FARG_PWM_0_duty_cycle_value, 0
0x02F4	0x85010D  	MOV FARG_PWM_0_duty_cycle_value+1, 1
0x02F7	0x3111    	ACALL _PWM_0_duty_cycle
;pca_pwm.c,189 :: 		PWM_1_duty_cycle(LUT_2[i]);
0x02F9	0x7A01    	MOV R2, #1
0x02FB	0xA909    	MOV R1, main_i_L0+1
0x02FD	0xE508    	MOV A, main_i_L0
0x02FF	0x0A      	INC R2
0x0300	0x8005    	SJMP L__main41
L__main42:
0x0302	0xC3      	CLR C
0x0303	0x33      	RLC A
0x0304	0xC9      	XCH A, R1
0x0305	0x33      	RLC A
0x0306	0xC9      	XCH A, R1
L__main41:
0x0307	0xDAF9    	DJNZ R2, L__main42
0x0309	0xF8      	MOV R0, A
0x030A	0x74DF    	MOV A, lo_addr(_LUT_2)
0x030C	0x28      	ADD A, R0
0x030D	0xFA      	MOV R2, A
0x030E	0x7403    	MOV A, hi_addr(_LUT_2)
0x0310	0x39      	ADDC A, R1
0x0311	0xFB      	MOV R3, A
0x0312	0x850282  	MOV DPL, 2
0x0315	0x850383  	MOV DPH, 3
0x0318	0xE4      	CLR A
0x0319	0x93      	MOVC A, @A+DPTR
0x031A	0xF8      	MOV R0, A
0x031B	0xE4      	CLR A
0x031C	0xA3      	INC DPTR
0x031D	0x93      	MOVC A, @A+DPTR
0x031E	0xF9      	MOV R1, A
0x031F	0x85000C  	MOV FARG_PWM_1_duty_cycle_value, 0
0x0322	0x85010D  	MOV FARG_PWM_1_duty_cycle_value+1, 1
0x0325	0x11C8    	ACALL _PWM_1_duty_cycle
;pca_pwm.c,190 :: 		PWM_2_duty_cycle(LUT_3[i]);
0x0327	0x7A01    	MOV R2, #1
0x0329	0xA909    	MOV R1, main_i_L0+1
0x032B	0xE508    	MOV A, main_i_L0
0x032D	0x0A      	INC R2
0x032E	0x8005    	SJMP L__main43
L__main44:
0x0330	0xC3      	CLR C
0x0331	0x33      	RLC A
0x0332	0xC9      	XCH A, R1
0x0333	0x33      	RLC A
0x0334	0xC9      	XCH A, R1
L__main43:
0x0335	0xDAF9    	DJNZ R2, L__main44
0x0337	0xF8      	MOV R0, A
0x0338	0x749F    	MOV A, lo_addr(_LUT_3)
0x033A	0x28      	ADD A, R0
0x033B	0xFA      	MOV R2, A
0x033C	0x7403    	MOV A, hi_addr(_LUT_3)
0x033E	0x39      	ADDC A, R1
0x033F	0xFB      	MOV R3, A
0x0340	0x850282  	MOV DPL, 2
0x0343	0x850383  	MOV DPH, 3
0x0346	0xE4      	CLR A
0x0347	0x93      	MOVC A, @A+DPTR
0x0348	0xF8      	MOV R0, A
0x0349	0xE4      	CLR A
0x034A	0xA3      	INC DPTR
0x034B	0x93      	MOVC A, @A+DPTR
0x034C	0xF9      	MOV R1, A
0x034D	0x85000C  	MOV FARG_PWM_2_duty_cycle_value, 0
0x0350	0x85010D  	MOV FARG_PWM_2_duty_cycle_value+1, 1
0x0353	0x11F4    	ACALL _PWM_2_duty_cycle
;pca_pwm.c,191 :: 		delay_ms(200);
0x0355	0x7D0D    	MOV R5, 13
0x0357	0x7E6E    	MOV R6, 110
0x0359	0x7FC7    	MOV R7, 199
0x035B	0xDFFE    	DJNZ R7, PC-2
0x035D	0xDEFC    	DJNZ R6, PC-4
0x035F	0xDDFA    	DJNZ R5, PC-6
;pca_pwm.c,186 :: 		for(i = 0; i < 32; i++)
0x0361	0x7401    	MOV A, #1
0x0363	0x2508    	ADD A, main_i_L0
0x0365	0xF508    	MOV main_i_L0, A
0x0367	0x7400    	MOV A, #0
0x0369	0x3509    	ADDC A, main_i_L0+1
0x036B	0xF509    	MOV main_i_L0+1, A
;pca_pwm.c,192 :: 		}
0x036D	0x41BE    	AJMP L_main29
L_main30:
;pca_pwm.c,184 :: 		for(j = 0; j < 10; j++)
0x036F	0x050A    	INC main_j_L0
;pca_pwm.c,193 :: 		}
0x0371	0x41AF    	AJMP L_main26
L_main27:
;pca_pwm.c,194 :: 		break;
0x0373	0x801A    	SJMP L_main3
;pca_pwm.c,196 :: 		}
L_main2:
0x0375	0xE50B    	MOV A, main_mode_L0
0x0377	0x6401    	XRL A, #1
0x0379	0x7002    	JNZ #2
0x037B	0x2141    	AJMP L_main4
0x037D	0xE50B    	MOV A, main_mode_L0
0x037F	0x6402    	XRL A, #2
0x0381	0x7002    	JNZ #2
0x0383	0x21BA    	AJMP L_main11
0x0385	0xE50B    	MOV A, main_mode_L0
0x0387	0x6403    	XRL A, #3
0x0389	0x7002    	JNZ #2
0x038B	0x4133    	AJMP L_main18
0x038D	0x41AC    	AJMP L_main25
L_main3:
;pca_pwm.c,198 :: 		mode++;
0x038F	0x050B    	INC main_mode_L0
;pca_pwm.c,199 :: 		if(mode > 3)
0x0391	0xD3      	SETB C
0x0392	0xE50B    	MOV A, main_mode_L0
0x0394	0x9403    	SUBB A, #3
0x0396	0x4003    	JC L_main32
;pca_pwm.c,201 :: 		mode  = 0;
0x0398	0x750B00  	MOV main_mode_L0, #0
;pca_pwm.c,202 :: 		}
L_main32:
;pca_pwm.c,203 :: 		};
0x039B	0x213F    	AJMP L_main0
;pca_pwm.c,204 :: 		}
0x039D	0x80FE    	SJMP #254
; end of _main
;pca_pwm.c,75 :: _LUT_3
0x039F	0x82ECC4 ;_LUT_3+0
0x03A2	0xE1DAD4 ;_LUT_3+3
0x03A5	0xE3C504 ;_LUT_3+6
0x03A8	0xB566A2 ;_LUT_3+9
0x03AB	0x398EAC ;_LUT_3+12
0x03AE	0x78F761 ;_LUT_3+15
0x03B1	0x4F4AF1 ;_LUT_3+18
0x03B4	0x311719 ;_LUT_3+21
0x03B7	0x000017 ;_LUT_3+24
0x03BA	0x19F131 ;_LUT_3+27
0x03BD	0x4F4AF7 ;_LUT_3+30
0x03C0	0x61AC78 ;_LUT_3+33
0x03C3	0x398E66 ;_LUT_3+36
0x03C6	0xA204B5 ;_LUT_3+39
0x03C9	0xE3C5DA ;_LUT_3+42
0x03CC	0xD4C4E1 ;_LUT_3+45
0x03CF	0x82ECF9 ;_LUT_3+48
0x03D2	0xF413FB ;_LUT_3+51
0x03D5	0xC3FEFC ;_LUT_3+54
0x03D8	0xFFC3FE ;_LUT_3+57
0x03DB	0x13FBF9 ;_LUT_3+60
0x03DE	0xF4 ;_LUT_3+63
; end of _LUT_3
;pca_pwm.c,38 :: _LUT_2
0x03DF	0xDAD4C4 ;_LUT_2+0
0x03E2	0xE182EC ;_LUT_2+3
0x03E5	0xF9F413 ;_LUT_2+6
0x03E8	0xFBC3FE ;_LUT_2+9
0x03EB	0xFCFFC3 ;_LUT_2+12
0x03EE	0xFE13FB ;_LUT_2+15
0x03F1	0xF9F482 ;_LUT_2+18
0x03F4	0xECC4E1 ;_LUT_2+21
0x03F7	0xDAD4E3 ;_LUT_2+24
0x03FA	0xC504B5 ;_LUT_2+27
0x03FD	0x66A239 ;_LUT_2+30
0x0400	0x8EAC78 ;_LUT_2+33
0x0403	0xF7614F ;_LUT_2+36
0x0406	0x4AF131 ;_LUT_2+39
0x0409	0x171900 ;_LUT_2+42
0x040C	0x001719 ;_LUT_2+45
0x040F	0xF1314F ;_LUT_2+48
0x0412	0x4AF761 ;_LUT_2+51
0x0415	0xAC7839 ;_LUT_2+54
0x0418	0x8E66A2 ;_LUT_2+57
0x041B	0x04B5E3 ;_LUT_2+60
0x041E	0xC5 ;_LUT_2+63
; end of _LUT_2
;pca_pwm.c,1 :: _LUT_1
0x041F	0x000017 ;_LUT_1+0
0x0422	0x19F131 ;_LUT_1+3
0x0425	0x4F4AF7 ;_LUT_1+6
0x0428	0x61AC78 ;_LUT_1+9
0x042B	0x398E66 ;_LUT_1+12
0x042E	0xA204B5 ;_LUT_1+15
0x0431	0xE3C5DA ;_LUT_1+18
0x0434	0xD4C4E1 ;_LUT_1+21
0x0437	0x82ECF9 ;_LUT_1+24
0x043A	0xF413FB ;_LUT_1+27
0x043D	0xC3FEFC ;_LUT_1+30
0x0440	0xFFC3FE ;_LUT_1+33
0x0443	0x13FBF9 ;_LUT_1+36
0x0446	0xF482EC ;_LUT_1+39
0x0449	0xC4E1DA ;_LUT_1+42
0x044C	0xD4E3C5 ;_LUT_1+45
0x044F	0x04B566 ;_LUT_1+48
0x0452	0xA2398E ;_LUT_1+51
0x0455	0xAC78F7 ;_LUT_1+54
0x0458	0x614F4A ;_LUT_1+57
0x045B	0xF13117 ;_LUT_1+60
0x045E	0x19 ;_LUT_1+63
; end of _LUT_1
Symbol List:
//** Routines locations **
//ADDRESS    SIZE    PROCEDURE
//----------------------------------------------
0x0076       [4]    _Oscillator_Init
0x007A       [7]    _Port_IO_Init
0x0081      [43]    _PCA_Init
0x00AC      [28]    _get_HB_LB
0x00C8      [29]    _PWM_1_duty_cycle
0x00E5       [7]    _Init_Device
0x00EC       [8]    ___CC2D
0x00F4      [29]    _PWM_2_duty_cycle
0x0111      [29]    _PWM_0_duty_cycle
0x012E     [625]    _main
//** Variables locations ** 
//ADDRESS    SIZE    VARIABLE
//----------------------------------------------
0x0000       [1]    R0
0x0001       [1]    R1
0x0002       [1]    R2
0x0003       [1]    R3
0x0004       [1]    R4
0x0005       [1]    R5
0x0006       [1]    R6
0x0007       [1]    R7
0x0008       [2]    main_i_L0
0x000A       [1]    main_j_L0
0x000B       [1]    main_mode_L0
0x000C       [2]    FARG_PWM_2_duty_cycle_value
0x000C       [2]    FARG_PWM_1_duty_cycle_value
0x000C       [2]    FARG_PWM_0_duty_cycle_value
0x000E       [1]    PWM_2_duty_cycle_hb_L0
0x000E       [1]    PWM_0_duty_cycle_hb_L0
0x000E       [1]    PWM_1_duty_cycle_hb_L0
0x000F       [1]    PWM_0_duty_cycle_lb_L0
0x000F       [1]    PWM_2_duty_cycle_lb_L0
0x000F       [1]    PWM_1_duty_cycle_lb_L0
0x0010       [2]    FARG_get_HB_LB_value
0x0012       [1]    FARG_get_HB_LB_HB
0x0013       [1]    FARG_get_HB_LB_LB
0x0081       [1]    SP
0x0082       [1]    DPL
0x0083       [1]    DPH
0x00A4       [1]    P0MDOUT
0x00B2       [1]    OSCICN
0x00D0       [1]    PSW
0x00D8       [0]    CCF0_bit
0x00D8       [0]    CCF2_bit
0x00D8       [1]    PCA0CN
0x00D8       [0]    CCF1_bit
0x00D9       [1]    PCA0MD
0x00DA       [1]    PCA0CPM0
0x00DB       [1]    PCA0CPM1
0x00DC       [1]    PCA0CPM2
0x00E0       [1]    ACC
0x00E2       [1]    XBR1
0x00E9       [1]    PCA0CPL1
0x00EA       [1]    PCA0CPH1
0x00EB       [1]    PCA0CPL2
0x00EC       [1]    PCA0CPH2
0x00F0       [1]    B
0x00F9       [1]    PCA0L
0x00FA       [1]    PCA0H
0x00FB       [1]    PCA0CPL0
0x00FC       [1]    PCA0CPH0
//** Constants locations ** 
//ADDRESS    SIZE    CONSTANT
//----------------------------------------------
0x039F      [64]    _LUT_3
0x03DF      [64]    _LUT_2
0x041F      [64]    _LUT_1
//** Label List: ** 
//----------------------------------------------
  L_main0
  L_main1
  L_main2
  L_main3
  L_main4
  L_main5
  L_main6
  L_main7
  L_main8
  L_main9
  L_main10
  L_main11
  L_main12
  L_main13
  L_main14
  L_main15
  L_main16
  L_main17
  L_main18
  L_main19
  L_main20
  L_main21
  L_main22
  L_main23
  L_main24
  L_main25
  L_main26
  L_main27
  L_main28
  L_main29
  L_main30
  L_main31
  L_main32
  _main
  L__main33
  L__main34
  L__main35
  L__main36
  L__main37
  L__main38
  L__main39
  L__main40
  L__main41
  L__main42
  L__main43
  L__main44
  _PCA_Init
  _Port_IO_Init
  _Oscillator_Init
  _Init_Device
  _get_HB_LB
  _PWM_0_duty_cycle
  _PWM_1_duty_cycle
  _PWM_2_duty_cycle
  _CC2D_Loop1
  _CC2PD_Loop1
  _CC2XD_Loop1
  ___DoIFC
  ___CC2D
  ___CC2PD
  ___CC2XD
