;  LST file generated by mikroListExporter - v.2.0 
; Date/Time: 16-Jul-22 02:08:44 PM
;----------------------------------------------

;Address Opcode 	ASM
0x0000	0x020237  	LJMP 567
0x0003	0x020000  	LJMP 0
0x0006	0x00      	NOP
0x0007	0x00      	NOP
0x0008	0x00      	NOP
0x0009	0x00      	NOP
0x000A	0x00      	NOP
0x000B	0x020000  	LJMP 0
0x000E	0x00      	NOP
0x000F	0x00      	NOP
0x0010	0x00      	NOP
0x0011	0x00      	NOP
0x0012	0x00      	NOP
0x0013	0x020000  	LJMP 0
0x0016	0x00      	NOP
0x0017	0x00      	NOP
0x0018	0x00      	NOP
0x0019	0x00      	NOP
0x001A	0x00      	NOP
0x001B	0x020000  	LJMP 0
0x001E	0x00      	NOP
0x001F	0x00      	NOP
0x0020	0x00      	NOP
0x0021	0x00      	NOP
0x0022	0x00      	NOP
0x0023	0x020000  	LJMP 0
0x0026	0x00      	NOP
0x0027	0x00      	NOP
0x0028	0x00      	NOP
0x0029	0x00      	NOP
0x002A	0x00      	NOP
0x002B	0x020000  	LJMP 0
0x002E	0x00      	NOP
0x002F	0x00      	NOP
0x0030	0x00      	NOP
0x0031	0x00      	NOP
0x0032	0x00      	NOP
0x0033	0x020000  	LJMP 0
0x0036	0x00      	NOP
0x0037	0x00      	NOP
0x0038	0x00      	NOP
0x0039	0x00      	NOP
0x003A	0x00      	NOP
0x003B	0x020000  	LJMP 0
0x003E	0x00      	NOP
0x003F	0x00      	NOP
0x0040	0x00      	NOP
0x0041	0x00      	NOP
0x0042	0x00      	NOP
0x0043	0x020000  	LJMP 0
0x0046	0x00      	NOP
0x0047	0x00      	NOP
0x0048	0x00      	NOP
0x0049	0x00      	NOP
0x004A	0x00      	NOP
0x004B	0x020000  	LJMP 0
0x004E	0x00      	NOP
0x004F	0x00      	NOP
0x0050	0x00      	NOP
0x0051	0x00      	NOP
0x0052	0x00      	NOP
0x0053	0x020000  	LJMP 0
0x0056	0x00      	NOP
0x0057	0x00      	NOP
0x0058	0x00      	NOP
0x0059	0x00      	NOP
0x005A	0x00      	NOP
0x005B	0x020000  	LJMP 0
0x005E	0x00      	NOP
0x005F	0x00      	NOP
0x0060	0x00      	NOP
0x0061	0x00      	NOP
0x0062	0x00      	NOP
0x0063	0x020000  	LJMP 0
0x0066	0x00      	NOP
0x0067	0x00      	NOP
0x0068	0x00      	NOP
0x0069	0x00      	NOP
0x006A	0x00      	NOP
0x006B	0x020000  	LJMP 0
0x006E	0x00      	NOP
0x006F	0x00      	NOP
0x0070	0x00      	NOP
0x0071	0x00      	NOP
0x0072	0x00      	NOP
0x0073	0x0202BA  	LJMP 698
_RF_send:
;rf_tx.c,250 :: 		void RF_send(unsigned char rf_data)
;rf_tx.c,252 :: 		signed char s = 0x08;
0x0076	0x750C08  	MOV RF_send_s_L0, #8
;rf_tx.c,254 :: 		while(s > 0x00)
L_RF_send19:
0x0079	0xD3      	SETB C
0x007A	0x7400    	MOV A, #0
0x007C	0x6480    	XRL A, #128
0x007E	0xF8      	MOV R0, A
0x007F	0xE50C    	MOV A, RF_send_s_L0
0x0081	0x6480    	XRL A, #128
0x0083	0x98      	SUBB A, R0
0x0084	0x403A    	JC L_RF_send20
;rf_tx.c,256 :: 		RF_TX = 1;
0x0086	0xD281    	SETB P0_1_bit
;rf_tx.c,258 :: 		if(rf_data & 0x80)
0x0088	0xE50B    	MOV A, FARG_RF_send_rf_data
0x008A	0x5480    	ANL A, #128
0x008C	0x600B    	JZ L_RF_send21
;rf_tx.c,260 :: 		delay_ms(2);
0x008E	0x7E20    	MOV R6, 32
0x0090	0x7FD0    	MOV R7, 208
0x0092	0xDFFE    	DJNZ R7, PC-2
0x0094	0xDEFC    	DJNZ R6, PC-4
0x0096	0x00      	NOP
;rf_tx.c,261 :: 		}
0x0097	0x800A    	SJMP L_RF_send22
L_RF_send21:
;rf_tx.c,264 :: 		delay_ms(1);
0x0099	0x7E10    	MOV R6, 16
0x009B	0x7FE7    	MOV R7, 231
0x009D	0xDFFE    	DJNZ R7, PC-2
0x009F	0xDEFC    	DJNZ R6, PC-4
0x00A1	0x00      	NOP
0x00A2	0x00      	NOP
;rf_tx.c,265 :: 		}
L_RF_send22:
;rf_tx.c,267 :: 		RF_TX = 0;
0x00A3	0xC281    	CLR P0_1_bit
;rf_tx.c,268 :: 		delay_ms(1);
0x00A5	0x7E10    	MOV R6, 16
0x00A7	0x7FE7    	MOV R7, 231
0x00A9	0xDFFE    	DJNZ R7, PC-2
0x00AB	0xDEFC    	DJNZ R6, PC-4
0x00AD	0x00      	NOP
0x00AE	0x00      	NOP
;rf_tx.c,269 :: 		rf_data <<= 1;
0x00AF	0x7801    	MOV R0, #1
0x00B1	0xE50B    	MOV A, FARG_RF_send_rf_data
0x00B3	0x08      	INC R0
0x00B4	0x8002    	SJMP L__RF_send25
L__RF_send26:
0x00B6	0xC3      	CLR C
0x00B7	0x33      	RLC A
L__RF_send25:
0x00B8	0xD8FC    	DJNZ R0, L__RF_send26
0x00BA	0xF50B    	MOV FARG_RF_send_rf_data, A
;rf_tx.c,270 :: 		s--;
0x00BC	0x150C    	DEC RF_send_s_L0
;rf_tx.c,271 :: 		}
0x00BE	0x80B9    	SJMP L_RF_send19
L_RF_send20:
;rf_tx.c,272 :: 		}
0x00C0	0x22      	RET
; end of _RF_send
_Interrupts_Init:
;rf_tx.c,179 :: 		void Interrupts_Init(void)
;rf_tx.c,181 :: 		IE = 0x80;
0x00C1	0x75A880  	MOV IE, #128
;rf_tx.c,182 :: 		EIE1 = 0x80;
0x00C4	0x75E680  	MOV EIE1, #128
;rf_tx.c,183 :: 		}
0x00C7	0x22      	RET
; end of _Interrupts_Init
_Port_IO_Init:
;rf_tx.c,145 :: 		void Port_IO_Init(void)
;rf_tx.c,165 :: 		P0MDOUT = 0x02;
0x00C8	0x75A402  	MOV P0MDOUT, #2
;rf_tx.c,166 :: 		P1MDOUT = 0xE0;
0x00CB	0x75A5E0  	MOV P1MDOUT, #224
;rf_tx.c,167 :: 		P0SKIP = 0x03;
0x00CE	0x75D403  	MOV P0SKIP, #3
;rf_tx.c,168 :: 		P1SKIP = 0xE0;
0x00D1	0x75D5E0  	MOV P1SKIP, #224
;rf_tx.c,169 :: 		XBR1 = 0x40;
0x00D4	0x75E240  	MOV XBR1, #64
;rf_tx.c,170 :: 		}
0x00D7	0x22      	RET
; end of _Port_IO_Init
_write_74HC595:
;rf_tx.c,196 :: 		void write_74HC595(unsigned char send_data)
;rf_tx.c,198 :: 		signed char clks = 8;
0x00D8	0x751008  	MOV write_74HC595_clks_L0, #8
;rf_tx.c,200 :: 		while(clks > 0)
L_write_74HC59513:
0x00DB	0xD3      	SETB C
0x00DC	0x7400    	MOV A, #0
0x00DE	0x6480    	XRL A, #128
0x00E0	0xF8      	MOV R0, A
0x00E1	0xE510    	MOV A, write_74HC595_clks_L0
0x00E3	0x6480    	XRL A, #128
0x00E5	0x98      	SUBB A, R0
0x00E6	0x4022    	JC L_write_74HC59514
;rf_tx.c,202 :: 		if((send_data & 0x80) == 0x00)
0x00E8	0xE50F    	MOV A, FARG_write_74HC595_send_data
0x00EA	0x5480    	ANL A, #128
0x00EC	0xF9      	MOV R1, A
0x00ED	0x7004    	JNZ L_write_74HC59515
;rf_tx.c,204 :: 		LED_DOUT = 0;
0x00EF	0xC296    	CLR P1_6_bit
;rf_tx.c,205 :: 		}
0x00F1	0x8002    	SJMP L_write_74HC59516
L_write_74HC59515:
;rf_tx.c,208 :: 		LED_DOUT = 1;
0x00F3	0xD296    	SETB P1_6_bit
;rf_tx.c,209 :: 		}
L_write_74HC59516:
;rf_tx.c,211 :: 		LED_CLK = 0;
0x00F5	0xC295    	CLR P1_5_bit
;rf_tx.c,212 :: 		send_data <<= 1;
0x00F7	0x7801    	MOV R0, #1
0x00F9	0xE50F    	MOV A, FARG_write_74HC595_send_data
0x00FB	0x08      	INC R0
0x00FC	0x8002    	SJMP L__write_74HC59523
L__write_74HC59524:
0x00FE	0xC3      	CLR C
0x00FF	0x33      	RLC A
L__write_74HC59523:
0x0100	0xD8FC    	DJNZ R0, L__write_74HC59524
0x0102	0xF50F    	MOV FARG_write_74HC595_send_data, A
;rf_tx.c,213 :: 		clks--;
0x0104	0x1510    	DEC write_74HC595_clks_L0
;rf_tx.c,214 :: 		LED_CLK = 1;
0x0106	0xD295    	SETB P1_5_bit
;rf_tx.c,215 :: 		}
0x0108	0x80D1    	SJMP L_write_74HC59513
L_write_74HC59514:
;rf_tx.c,216 :: 		}
0x010A	0x22      	RET
; end of _write_74HC595
_Div_16x16_U:
;__Lib_Math.c,273 :: 		
;__Lib_Math.c,275 :: 		
0x010B	0xBD000B  	CJNE R5, 0, __op2hi_not_zero
;__Lib_Math.c,276 :: 		
0x010E	0xB90029  	CJNE R1, 0, __op1hi_not_zero
;__Lib_Math.c,277 :: 		
0x0111	0xE8      	MOV A, R0
;__Lib_Math.c,278 :: 		
0x0112	0x8CF0    	MOV B, R4
;__Lib_Math.c,279 :: 		
0x0114	0x84      	DIV AB
;__Lib_Math.c,280 :: 		
0x0115	0xF8      	MOV R0, A
;__Lib_Math.c,281 :: 		
0x0116	0xACF0    	MOV R4, B
;__Lib_Math.c,282 :: 		
0x0118	0x22      	RET
;__Lib_Math.c,284 :: 		
__op2hi_not_zero:
;__Lib_Math.c,285 :: 		
0x0119	0xE4      	CLR A
;__Lib_Math.c,286 :: 		
0x011A	0xCD      	XCH A, R5
;__Lib_Math.c,287 :: 		
0x011B	0xFF      	MOV R7, A
;__Lib_Math.c,288 :: 		
0x011C	0x75F008  	MOV B, 8
;__Lib_Math.c,290 :: 		
__Div_16x16_U_Loop1:
;__Lib_Math.c,291 :: 		
0x011F	0xE8      	MOV A, R0
;__Lib_Math.c,292 :: 		
0x0120	0x28      	ADD A, R0
;__Lib_Math.c,293 :: 		
0x0121	0xF8      	MOV R0, A
;__Lib_Math.c,294 :: 		
0x0122	0xE9      	MOV A, R1
;__Lib_Math.c,295 :: 		
0x0123	0x33      	RLC A
;__Lib_Math.c,296 :: 		
0x0124	0xF9      	MOV R1, A
;__Lib_Math.c,297 :: 		
0x0125	0xED      	MOV A, R5
;__Lib_Math.c,298 :: 		
0x0126	0x33      	RLC A
;__Lib_Math.c,299 :: 		
0x0127	0xFD      	MOV R5, A
;__Lib_Math.c,300 :: 		
0x0128	0xE9      	MOV A, R1
;__Lib_Math.c,301 :: 		
0x0129	0x9C      	SUBB A, R4
;__Lib_Math.c,302 :: 		
0x012A	0xED      	MOV A, R5
;__Lib_Math.c,303 :: 		
0x012B	0x9F      	SUBB A, R7
;__Lib_Math.c,304 :: 		
0x012C	0x4005    	JC __Div_16x16_U_Lab1
;__Lib_Math.c,305 :: 		
0x012E	0xFD      	MOV R5, A
;__Lib_Math.c,306 :: 		
0x012F	0xE9      	MOV A, R1
;__Lib_Math.c,307 :: 		
0x0130	0x9C      	SUBB A, R4
;__Lib_Math.c,308 :: 		
0x0131	0xF9      	MOV R1, A
;__Lib_Math.c,309 :: 		
0x0132	0x08      	INC R0
;__Lib_Math.c,311 :: 		
__Div_16x16_U_Lab1:
;__Lib_Math.c,312 :: 		
0x0133	0xD5F0E9  	DJNZ B, __Div_16x16_U_Loop1
;__Lib_Math.c,313 :: 		
0x0136	0xE4      	CLR A
;__Lib_Math.c,314 :: 		
0x0137	0xC9      	XCH A, R1
;__Lib_Math.c,315 :: 		
0x0138	0xFC      	MOV R4, A
;__Lib_Math.c,316 :: 		
0x0139	0x22      	RET
;__Lib_Math.c,318 :: 		
__op1hi_not_zero:
;__Lib_Math.c,319 :: 		
0x013A	0xEC      	MOV A, R4
;__Lib_Math.c,320 :: 		
0x013B	0xFF      	MOV R7, A
;__Lib_Math.c,321 :: 		
0x013C	0xF5F0    	MOV B, A
;__Lib_Math.c,322 :: 		
0x013E	0xE9      	MOV A, R1
;__Lib_Math.c,323 :: 		
0x013F	0x84      	DIV AB
;__Lib_Math.c,324 :: 		
0x0140	0x20D21C  	JB OV_bit, __Div_16x16_U_div_ret
;__Lib_Math.c,325 :: 		
0x0143	0xF9      	MOV R1, A
;__Lib_Math.c,326 :: 		
0x0144	0xACF0    	MOV R4, B
;__Lib_Math.c,327 :: 		
0x0146	0x75F008  	MOV B, 8
;__Lib_Math.c,329 :: 		
__Div_16x16_U_Loop2:
;__Lib_Math.c,330 :: 		
0x0149	0xE8      	MOV A, R0
;__Lib_Math.c,331 :: 		
0x014A	0x28      	ADD A, R0
;__Lib_Math.c,332 :: 		
0x014B	0xF8      	MOV R0, A
;__Lib_Math.c,333 :: 		
0x014C	0xEC      	MOV A, R4
;__Lib_Math.c,334 :: 		
0x014D	0x33      	RLC A
;__Lib_Math.c,335 :: 		
0x014E	0xFC      	MOV R4, A
;__Lib_Math.c,336 :: 		
0x014F	0x4007    	JC __Div_16x16_U_Lab2
;__Lib_Math.c,337 :: 		
0x0151	0x9F      	SUBB A, R7
;__Lib_Math.c,338 :: 		
0x0152	0x5006    	JNC __Div_16x16_U_Lab3
;__Lib_Math.c,339 :: 		
0x0154	0xD5F0F2  	DJNZ B, __Div_16x16_U_Loop2
;__Lib_Math.c,340 :: 		
0x0157	0x22      	RET
;__Lib_Math.c,342 :: 		
__Div_16x16_U_Lab2:
;__Lib_Math.c,343 :: 		
0x0158	0xC3      	CLR C
;__Lib_Math.c,344 :: 		
0x0159	0x9F      	SUBB A, R7
;__Lib_Math.c,345 :: 		
__Div_16x16_U_Lab3:
;__Lib_Math.c,346 :: 		
0x015A	0xFC      	MOV R4, A
;__Lib_Math.c,347 :: 		
0x015B	0x08      	INC R0
;__Lib_Math.c,348 :: 		
0x015C	0xD5F0EA  	DJNZ B, __Div_16x16_U_Loop2
;__Lib_Math.c,350 :: 		
__Div_16x16_U_div_ret:
;__Lib_Math.c,352 :: 		
0x015F	0x22      	RET
; end of _Div_16x16_U
_Oscillator_Init:
;rf_tx.c,173 :: 		void Oscillator_Init(void)
;rf_tx.c,175 :: 		OSCICN = 0x82;
0x0160	0x75B282  	MOV OSCICN, #130
;rf_tx.c,176 :: 		}
0x0163	0x22      	RET
; end of _Oscillator_Init
_PCA_Init:
;rf_tx.c,130 :: 		void PCA_Init(void)
;rf_tx.c,132 :: 		PCA0MD &= ~0x40;
0x0164	0x53D9BF  	ANL PCA0MD, #191
;rf_tx.c,133 :: 		PCA0MD = 0x00;
0x0167	0x75D900  	MOV PCA0MD, #0
;rf_tx.c,134 :: 		}
0x016A	0x22      	RET
; end of _PCA_Init
_Timer_Init:
;rf_tx.c,137 :: 		void Timer_Init(void)
;rf_tx.c,139 :: 		TMR3CN = 0x04;
0x016B	0x759104  	MOV TMR3CN, #4
;rf_tx.c,140 :: 		TMR3RLL = 0x02;
0x016E	0x759202  	MOV TMR3RLL, #2
;rf_tx.c,141 :: 		TMR3RLH = 0xFC;
0x0171	0x7593FC  	MOV TMR3RLH, #252
;rf_tx.c,142 :: 		}
0x0174	0x22      	RET
; end of _Timer_Init
_Div_16x16_S:
;__Lib_Math.c,371 :: 		
;__Lib_Math.c,373 :: 		
0x0175	0xC2D5    	CLR F0_bit
;__Lib_Math.c,374 :: 		
0x0177	0xED      	MOV A, R5
;__Lib_Math.c,375 :: 		
0x0178	0x30E709  	JNB 231, __Div_16x16_S_op2hipositive
;__Lib_Math.c,376 :: 		
0x017B	0xB2D5    	CPL F0_bit
;__Lib_Math.c,377 :: 		
0x017D	0xE4      	CLR A
;__Lib_Math.c,378 :: 		
0x017E	0xC3      	CLR C
;__Lib_Math.c,379 :: 		
0x017F	0x9C      	SUBB A, R4
;__Lib_Math.c,380 :: 		
0x0180	0xFC      	MOV R4, A
;__Lib_Math.c,381 :: 		
0x0181	0xE4      	CLR A
;__Lib_Math.c,382 :: 		
0x0182	0x9D      	SUBB A, R5
;__Lib_Math.c,383 :: 		
0x0183	0xFD      	MOV R5, A
;__Lib_Math.c,385 :: 		
__Div_16x16_S_op2hipositive:
;__Lib_Math.c,386 :: 		
0x0184	0xE9      	MOV A, R1
;__Lib_Math.c,387 :: 		
0x0185	0x30E715  	JNB 231, __Div_16x16_S_op1hipositive
;__Lib_Math.c,388 :: 		
0x0188	0xB2D5    	CPL F0_bit
;__Lib_Math.c,389 :: 		
0x018A	0xE4      	CLR A
;__Lib_Math.c,390 :: 		
0x018B	0xC3      	CLR C
;__Lib_Math.c,391 :: 		
0x018C	0x98      	SUBB A, R0
;__Lib_Math.c,392 :: 		
0x018D	0xF8      	MOV R0, A
;__Lib_Math.c,393 :: 		
0x018E	0xE4      	CLR A
;__Lib_Math.c,394 :: 		
0x018F	0x99      	SUBB A, R1
;__Lib_Math.c,395 :: 		
0x0190	0xF9      	MOV R1, A
;__Lib_Math.c,396 :: 		
0x0191	0x12010B  	LCALL _Div_16x16_U
;__Lib_Math.c,397 :: 		
0x0194	0xC3      	CLR C
;__Lib_Math.c,398 :: 		
0x0195	0xE4      	CLR A
;__Lib_Math.c,399 :: 		
0x0196	0x9C      	SUBB A, R4
;__Lib_Math.c,400 :: 		
0x0197	0xFC      	MOV R4, A
;__Lib_Math.c,401 :: 		
0x0198	0xE4      	CLR A
;__Lib_Math.c,402 :: 		
0x0199	0x9D      	SUBB A, R5
;__Lib_Math.c,403 :: 		
0x019A	0xFD      	MOV R5, A
;__Lib_Math.c,404 :: 		
0x019B	0x8003    	SJMP __Div_16x16_S_Skip_Udiv
;__Lib_Math.c,406 :: 		
__Div_16x16_S_op1hipositive:
;__Lib_Math.c,407 :: 		
0x019D	0x12010B  	LCALL _Div_16x16_U
;__Lib_Math.c,409 :: 		
__Div_16x16_S_Skip_Udiv:
;__Lib_Math.c,410 :: 		
0x01A0	0x30D507  	JNB F0_bit, __Div_16x16_S_div_ret
;__Lib_Math.c,411 :: 		
0x01A3	0xC3      	CLR C
;__Lib_Math.c,412 :: 		
0x01A4	0xE4      	CLR A
;__Lib_Math.c,413 :: 		
0x01A5	0x98      	SUBB A, R0
;__Lib_Math.c,414 :: 		
0x01A6	0xF8      	MOV R0, A
;__Lib_Math.c,415 :: 		
0x01A7	0xE4      	CLR A
;__Lib_Math.c,416 :: 		
0x01A8	0x99      	SUBB A, R1
;__Lib_Math.c,417 :: 		
0x01A9	0xF9      	MOV R1, A
;__Lib_Math.c,419 :: 		
__Div_16x16_S_div_ret:
;__Lib_Math.c,421 :: 		
0x01AA	0x22      	RET
; end of _Div_16x16_S
_segment_write:
;rf_tx.c,219 :: 		void segment_write(unsigned char disp, unsigned char pos)
;rf_tx.c,221 :: 		write_74HC595(segment_code[disp]);
0x01AB	0xE50D    	MOV A, FARG_segment_write_disp
0x01AD	0x2462    	ADD A, lo_addr(_segment_code)
0x01AF	0xF9      	MOV R1, A
0x01B0	0xE4      	CLR A
0x01B1	0x3403    	ADDC A, hi_addr(_segment_code)
0x01B3	0xFA      	MOV R2, A
0x01B4	0x850182  	MOV DPL, 1
0x01B7	0x850283  	MOV DPH, 2
0x01BA	0xE4      	CLR A
0x01BB	0x93      	MOVC A, @A+DPTR
0x01BC	0xF8      	MOV R0, A
0x01BD	0x85000F  	MOV FARG_write_74HC595_send_data, 0
0x01C0	0x11D8    	ACALL _write_74HC595
;rf_tx.c,222 :: 		write_74HC595(display_pos[pos]);
0x01C2	0xE50E    	MOV A, FARG_segment_write_pos
0x01C4	0x2472    	ADD A, lo_addr(_display_pos)
0x01C6	0xF9      	MOV R1, A
0x01C7	0xE4      	CLR A
0x01C8	0x3403    	ADDC A, hi_addr(_display_pos)
0x01CA	0xFA      	MOV R2, A
0x01CB	0x850182  	MOV DPL, 1
0x01CE	0x850283  	MOV DPH, 2
0x01D1	0xE4      	CLR A
0x01D2	0x93      	MOVC A, @A+DPTR
0x01D3	0xF8      	MOV R0, A
0x01D4	0x85000F  	MOV FARG_write_74HC595_send_data, 0
0x01D7	0x11D8    	ACALL _write_74HC595
;rf_tx.c,223 :: 		LED_LATCH = 0;
0x01D9	0xC297    	CLR P1_7_bit
;rf_tx.c,224 :: 		LED_LATCH = 1;
0x01DB	0xD297    	SETB P1_7_bit
;rf_tx.c,225 :: 		}
0x01DD	0x22      	RET
; end of _segment_write
___CC2D:
;__Lib_System.c,13 :: 		
;__Lib_System.c,15 :: 		
_CC2D_Loop1:
;__Lib_System.c,16 :: 		
0x01DE	0xE4      	CLR A
;__Lib_System.c,17 :: 		
0x01DF	0x93      	MOVC A, @A+DPTR
;__Lib_System.c,18 :: 		
0x01E0	0xF6      	MOV @R0, A
;__Lib_System.c,19 :: 		
0x01E1	0x08      	INC R0
;__Lib_System.c,20 :: 		
0x01E2	0xA3      	INC DPTR
;__Lib_System.c,21 :: 		
0x01E3	0xD9F9    	DJNZ R1, _CC2D_Loop1
;__Lib_System.c,23 :: 		
0x01E5	0x22      	RET
; end of ___CC2D
_send_data:
;rf_tx.c,228 :: 		void send_data(unsigned char value)
;rf_tx.c,230 :: 		signed char s = 20;
0x01E6	0x750914  	MOV send_data_s_L0, #20
0x01E9	0x750A00  	MOV send_data_CRC_L0, #0
;rf_tx.c,231 :: 		unsigned char CRC = 0;
;rf_tx.c,233 :: 		CRC = (value & 0xAA);
0x01EC	0xE508    	MOV A, FARG_send_data_value
0x01EE	0x54AA    	ANL A, #170
0x01F0	0xF50A    	MOV send_data_CRC_L0, A
;rf_tx.c,235 :: 		while(s > 0x00)
L_send_data17:
0x01F2	0xD3      	SETB C
0x01F3	0x7400    	MOV A, #0
0x01F5	0x6480    	XRL A, #128
0x01F7	0xF8      	MOV R0, A
0x01F8	0xE509    	MOV A, send_data_s_L0
0x01FA	0x6480    	XRL A, #128
0x01FC	0x98      	SUBB A, R0
0x01FD	0x401A    	JC L_send_data18
;rf_tx.c,237 :: 		RF_TX = 1;
0x01FF	0xD281    	SETB P0_1_bit
;rf_tx.c,238 :: 		delay_us(500);
0x0201	0x7E08    	MOV R6, 8
0x0203	0x7FF3    	MOV R7, 243
0x0205	0xDFFE    	DJNZ R7, PC-2
0x0207	0xDEFC    	DJNZ R6, PC-4
0x0209	0x00      	NOP
;rf_tx.c,239 :: 		RF_TX = 0;
0x020A	0xC281    	CLR P0_1_bit
;rf_tx.c,240 :: 		delay_us(500);
0x020C	0x7E08    	MOV R6, 8
0x020E	0x7FF3    	MOV R7, 243
0x0210	0xDFFE    	DJNZ R7, PC-2
0x0212	0xDEFC    	DJNZ R6, PC-4
0x0214	0x00      	NOP
;rf_tx.c,241 :: 		s--;
0x0215	0x1509    	DEC send_data_s_L0
;rf_tx.c,242 :: 		}
0x0217	0x80D9    	SJMP L_send_data17
L_send_data18:
;rf_tx.c,243 :: 		delay_us(100);
0x0219	0x7E02    	MOV R6, 2
0x021B	0x7F96    	MOV R7, 150
0x021D	0xDFFE    	DJNZ R7, PC-2
0x021F	0xDEFC    	DJNZ R6, PC-4
;rf_tx.c,245 :: 		RF_send(value);
0x0221	0x85080B  	MOV FARG_RF_send_rf_data, FARG_send_data_value+0
0x0224	0x1176    	ACALL _RF_send
;rf_tx.c,246 :: 		RF_send(CRC);
0x0226	0x850A0B  	MOV FARG_RF_send_rf_data, send_data_CRC_L0+0
0x0229	0x1176    	ACALL _RF_send
;rf_tx.c,247 :: 		}
0x022B	0x22      	RET
; end of _send_data
_Init_Device:
;rf_tx.c,186 :: 		void Init_Device(void)
;rf_tx.c,188 :: 		PCA_Init();
0x022C	0x3164    	ACALL _PCA_Init
;rf_tx.c,189 :: 		Timer_Init();
0x022E	0x316B    	ACALL _Timer_Init
;rf_tx.c,190 :: 		Port_IO_Init();
0x0230	0x11C8    	ACALL _Port_IO_Init
;rf_tx.c,191 :: 		Oscillator_Init();
0x0232	0x3160    	ACALL _Oscillator_Init
;rf_tx.c,192 :: 		Interrupts_Init();
0x0234	0x11C1    	ACALL _Interrupts_Init
;rf_tx.c,193 :: 		}
0x0236	0x22      	RET
; end of _Init_Device
_main:
0x0237	0x758180  	MOV SP, #128
0x023A	0x120376  	LCALL 886
;rf_tx.c,96 :: 		void main(void)
;rf_tx.c,98 :: 		Init_Device();
0x023D	0x512C    	ACALL _Init_Device
;rf_tx.c,100 :: 		while(1)
L_main7:
;rf_tx.c,102 :: 		if(INC_SW == 0)
0x023F	0x209418  	JB P1_4_bit, L_main9
;rf_tx.c,104 :: 		delay_ms(40);
0x0242	0x7D03    	MOV R5, 3
0x0244	0x7E7D    	MOV R6, 125
0x0246	0x7F59    	MOV R7, 89
0x0248	0xDFFE    	DJNZ R7, PC-2
0x024A	0xDEFC    	DJNZ R6, PC-4
0x024C	0xDDFA    	DJNZ R5, PC-6
;rf_tx.c,105 :: 		value++;
0x024E	0x7401    	MOV A, #1
0x0250	0x2530    	ADD A, _value
0x0252	0xF530    	MOV _value, A
0x0254	0x7400    	MOV A, #0
0x0256	0x3531    	ADDC A, _value+1
0x0258	0xF531    	MOV _value+1, A
;rf_tx.c,106 :: 		}
L_main9:
;rf_tx.c,108 :: 		if(DEC_SW == 0)
0x025A	0x209319  	JB P1_3_bit, L_main10
;rf_tx.c,110 :: 		delay_ms(40);
0x025D	0x7D03    	MOV R5, 3
0x025F	0x7E7D    	MOV R6, 125
0x0261	0x7F59    	MOV R7, 89
0x0263	0xDFFE    	DJNZ R7, PC-2
0x0265	0xDEFC    	DJNZ R6, PC-4
0x0267	0xDDFA    	DJNZ R5, PC-6
;rf_tx.c,111 :: 		value--;
0x0269	0xC3      	CLR C
0x026A	0xE530    	MOV A, _value
0x026C	0x9401    	SUBB A, #1
0x026E	0xF530    	MOV _value, A
0x0270	0xE531    	MOV A, _value+1
0x0272	0x9400    	SUBB A, #0
0x0274	0xF531    	MOV _value+1, A
;rf_tx.c,112 :: 		}
L_main10:
;rf_tx.c,114 :: 		if(value > 200)
0x0276	0xD3      	SETB C
0x0277	0xE530    	MOV A, _value
0x0279	0x94C8    	SUBB A, #200
0x027B	0x7400    	MOV A, #0
0x027D	0x6480    	XRL A, #128
0x027F	0xF8      	MOV R0, A
0x0280	0xE531    	MOV A, _value+1
0x0282	0x6480    	XRL A, #128
0x0284	0x98      	SUBB A, R0
0x0285	0x4006    	JC L_main11
;rf_tx.c,116 :: 		value = 0;
0x0287	0x753000  	MOV _value, #0
0x028A	0x753100  	MOV _value+1, #0
;rf_tx.c,117 :: 		}
L_main11:
;rf_tx.c,119 :: 		if(value < 0)
0x028D	0xC3      	CLR C
0x028E	0xE530    	MOV A, _value
0x0290	0x9400    	SUBB A, #0
0x0292	0x7400    	MOV A, #0
0x0294	0x6480    	XRL A, #128
0x0296	0xF8      	MOV R0, A
0x0297	0xE531    	MOV A, _value+1
0x0299	0x6480    	XRL A, #128
0x029B	0x98      	SUBB A, R0
0x029C	0x5006    	JNC L_main12
;rf_tx.c,121 :: 		value = 99;
0x029E	0x753063  	MOV _value, #99
0x02A1	0x753100  	MOV _value+1, #0
;rf_tx.c,122 :: 		}
L_main12:
;rf_tx.c,124 :: 		send_data(value);
0x02A4	0x853008  	MOV FARG_send_data_value, _value+0
0x02A7	0x31E6    	ACALL _send_data
;rf_tx.c,125 :: 		delay_ms(100);
0x02A9	0x7D07    	MOV R5, 7
0x02AB	0x7E37    	MOV R6, 55
0x02AD	0x7FE2    	MOV R7, 226
0x02AF	0xDFFE    	DJNZ R7, PC-2
0x02B1	0xDEFC    	DJNZ R6, PC-4
0x02B3	0xDDFA    	DJNZ R5, PC-6
0x02B5	0x00      	NOP
;rf_tx.c,126 :: 		};
0x02B6	0x413F    	AJMP L_main7
;rf_tx.c,127 :: 		}
0x02B8	0x80FE    	SJMP #254
; end of _main
_Timer_3_ISR:
0x02BA	0xC000    	PUSH R0
0x02BC	0xC001    	PUSH R1
0x02BE	0xC005    	PUSH R5
0x02C0	0xC007    	PUSH R7
0x02C2	0xC0D0    	PUSH PSW
0x02C4	0xC0E0    	PUSH ACC
0x02C6	0xC0F0    	PUSH B
0x02C8	0xC082    	PUSH DPL
0x02CA	0xC083    	PUSH DPH
;rf_tx.c,57 :: 		ics ICS_AUTO
;rf_tx.c,59 :: 		switch(i)
0x02CC	0x8054    	SJMP L_Timer_3_ISR0
;rf_tx.c,61 :: 		case 0:
L_Timer_3_ISR2:
;rf_tx.c,63 :: 		val = (value / 1000);
0x02CE	0x7CE8    	MOV R4, #232
0x02D0	0x7D03    	MOV R5, #3
0x02D2	0xA830    	MOV R0, _value
0x02D4	0xA931    	MOV R1, _value+1
0x02D6	0x3175    	ACALL _Div_16x16_S
0x02D8	0x850033  	MOV _val, 0
;rf_tx.c,64 :: 		break;
0x02DB	0x6138    	AJMP L_Timer_3_ISR1
;rf_tx.c,66 :: 		case 1:
L_Timer_3_ISR3:
;rf_tx.c,68 :: 		val = ((value % 1000) / 100);
0x02DD	0x7CE8    	MOV R4, #232
0x02DF	0x7D03    	MOV R5, #3
0x02E1	0xA830    	MOV R0, _value
0x02E3	0xA931    	MOV R1, _value+1
0x02E5	0x3175    	ACALL _Div_16x16_S
0x02E7	0xA804    	MOV R0, R4
0x02E9	0xA905    	MOV R1, R5
0x02EB	0x7C64    	MOV R4, #100
0x02ED	0x7D00    	MOV R5, #0
0x02EF	0x3175    	ACALL _Div_16x16_S
0x02F1	0x850033  	MOV _val, 0
;rf_tx.c,69 :: 		break;
0x02F4	0x8042    	SJMP L_Timer_3_ISR1
;rf_tx.c,71 :: 		case 2:
L_Timer_3_ISR4:
;rf_tx.c,73 :: 		val = ((value % 100) / 10);
0x02F6	0x7C64    	MOV R4, #100
0x02F8	0x7D00    	MOV R5, #0
0x02FA	0xA830    	MOV R0, _value
0x02FC	0xA931    	MOV R1, _value+1
0x02FE	0x3175    	ACALL _Div_16x16_S
0x0300	0xA804    	MOV R0, R4
0x0302	0xA905    	MOV R1, R5
0x0304	0x7C0A    	MOV R4, #10
0x0306	0x7D00    	MOV R5, #0
0x0308	0x3175    	ACALL _Div_16x16_S
0x030A	0x850033  	MOV _val, 0
;rf_tx.c,74 :: 		break;
0x030D	0x8029    	SJMP L_Timer_3_ISR1
;rf_tx.c,76 :: 		case 3:
L_Timer_3_ISR5:
;rf_tx.c,78 :: 		val = (value % 10);
0x030F	0x7C0A    	MOV R4, #10
0x0311	0x7D00    	MOV R5, #0
0x0313	0xA830    	MOV R0, _value
0x0315	0xA931    	MOV R1, _value+1
0x0317	0x3175    	ACALL _Div_16x16_S
0x0319	0xA804    	MOV R0, R4
0x031B	0xA905    	MOV R1, R5
0x031D	0x850033  	MOV _val, 0
;rf_tx.c,79 :: 		break;
0x0320	0x8016    	SJMP L_Timer_3_ISR1
;rf_tx.c,81 :: 		}
L_Timer_3_ISR0:
0x0322	0xE532    	MOV A, _i
0x0324	0x60A8    	JZ L_Timer_3_ISR2
0x0326	0xE532    	MOV A, _i
0x0328	0x6401    	XRL A, #1
0x032A	0x60B1    	JZ L_Timer_3_ISR3
0x032C	0xE532    	MOV A, _i
0x032E	0x6402    	XRL A, #2
0x0330	0x60C4    	JZ L_Timer_3_ISR4
0x0332	0xE532    	MOV A, _i
0x0334	0x6403    	XRL A, #3
0x0336	0x60D7    	JZ L_Timer_3_ISR5
L_Timer_3_ISR1:
;rf_tx.c,83 :: 		segment_write(val, i);
0x0338	0x85330D  	MOV FARG_segment_write_disp, _val+0
0x033B	0x85320E  	MOV FARG_segment_write_pos, _i+0
0x033E	0x31AB    	ACALL _segment_write
;rf_tx.c,85 :: 		i++;
0x0340	0x0532    	INC _i
;rf_tx.c,87 :: 		if(i > 3)
0x0342	0xD3      	SETB C
0x0343	0xE532    	MOV A, _i
0x0345	0x9403    	SUBB A, #3
0x0347	0x4003    	JC L_Timer_3_ISR6
;rf_tx.c,89 :: 		i = 0;
0x0349	0x753200  	MOV _i, #0
;rf_tx.c,90 :: 		}
L_Timer_3_ISR6:
;rf_tx.c,92 :: 		TMR3CN &= 0x7F;
0x034C	0x53917F  	ANL TMR3CN, #127
;rf_tx.c,93 :: 		}
0x034F	0xD083    	POP DPH
0x0351	0xD082    	POP DPL
0x0353	0xD0F0    	POP B
0x0355	0xD0E0    	POP ACC
0x0357	0xD0D0    	POP PSW
0x0359	0xD007    	POP R7
0x035B	0xD005    	POP R5
0x035D	0xD001    	POP R1
0x035F	0xD000    	POP R0
0x0361	0x32      	RETI
; end of _Timer_3_ISR
0x0376	0x7830    	MOV R0, 48
0x0378	0x7904    	MOV R1, 4
0x037A	0x75826E  	MOV DPL, 110
0x037D	0x758303  	MOV DPH, 3
0x0380	0x1201DE  	LCALL 478
0x0383	0x22      	RET
;rf_tx.c,28 :: _segment_code
0x0362	0xC0F9A4 ;_segment_code+0
0x0365	0xB09992 ;_segment_code+3
0x0368	0x82F880 ;_segment_code+6
0x036B	0x907FBF ;_segment_code+9
; end of _segment_code
;rf_tx.c,0 :: ?ICS_value
0x036E	0x0000 ;?ICS_value+0
; end of ?ICS_value
;rf_tx.c,0 :: ?ICS_i
0x0370	0x00 ;?ICS_i+0
; end of ?ICS_i
;rf_tx.c,0 :: ?ICS_val
0x0371	0x00 ;?ICS_val+0
; end of ?ICS_val
;rf_tx.c,45 :: _display_pos
0x0372	0xF7FBFD ;_display_pos+0
0x0375	0xFE ;_display_pos+3
; end of _display_pos
Symbol List:
//** Routines locations **
//ADDRESS    SIZE    PROCEDURE
//----------------------------------------------
0x0076      [75]    _RF_send
0x00C1       [7]    _Interrupts_Init
0x00C8      [16]    _Port_IO_Init
0x00D8      [51]    _write_74HC595
0x010B      [85]    _Div_16x16_U
0x0160       [4]    _Oscillator_Init
0x0164       [7]    _PCA_Init
0x016B      [10]    _Timer_Init
0x0175      [54]    _Div_16x16_S
0x01AB      [51]    _segment_write
0x01DE       [8]    ___CC2D
0x01E6      [70]    _send_data
0x022C      [11]    _Init_Device
0x0237     [131]    _main
0x02BA     [168]    _Timer_3_ISR
//** Variables locations ** 
//ADDRESS    SIZE    VARIABLE
//----------------------------------------------
0x0000       [1]    R0
0x0001       [1]    R1
0x0002       [1]    R2
0x0003       [1]    R3
0x0004       [1]    R4
0x0005       [1]    R5
0x0006       [1]    R6
0x0007       [1]    R7
0x0008       [1]    FARG_send_data_value
0x0009       [1]    send_data_s_L0
0x000A       [1]    send_data_CRC_L0
0x000B       [1]    FARG_RF_send_rf_data
0x000C       [1]    RF_send_s_L0
0x000D       [1]    FARG_segment_write_disp
0x000E       [1]    FARG_segment_write_pos
0x000F       [1]    FARG_write_74HC595_send_data
0x0010       [1]    write_74HC595_clks_L0
0x0030       [2]    _value
0x0032       [1]    _i
0x0033       [1]    _val
0x0080       [0]    P0_1_bit
0x0081       [1]    SP
0x0082       [1]    DPL
0x0083       [1]    DPH
0x0090       [0]    P1_3_bit
0x0090       [0]    P1_5_bit
0x0090       [0]    P1_7_bit
0x0090       [0]    P1_4_bit
0x0090       [0]    P1_6_bit
0x0091       [1]    TMR3CN
0x0092       [1]    TMR3RLL
0x0093       [1]    TMR3RLH
0x00A4       [1]    P0MDOUT
0x00A5       [1]    P1MDOUT
0x00A8       [1]    IE
0x00B2       [1]    OSCICN
0x00D0       [0]    OV_bit
0x00D0       [1]    PSW
0x00D0       [0]    F0_bit
0x00D4       [1]    P0SKIP
0x00D5       [1]    P1SKIP
0x00D9       [1]    PCA0MD
0x00E0       [1]    ACC
0x00E2       [1]    XBR1
0x00E6       [1]    EIE1
0x00F0       [1]    B
//** Constants locations ** 
//ADDRESS    SIZE    CONSTANT
//----------------------------------------------
0x0362      [12]    _segment_code
0x036E       [2]    ?ICS_value
0x0370       [1]    ?ICS_i
0x0371       [1]    ?ICS_val
0x0372       [4]    _display_pos
//** Label List: ** 
//----------------------------------------------
  L_Timer_3_ISR0
  L_Timer_3_ISR1
  L_Timer_3_ISR2
  L_Timer_3_ISR3
  L_Timer_3_ISR4
  L_Timer_3_ISR5
  L_Timer_3_ISR6
  L_main7
  L_main8
  L_main9
  L_main10
  L_main11
  L_main12
  L_write_74HC59513
  L_write_74HC59514
  L_write_74HC59515
  L_write_74HC59516
  L_send_data17
  L_send_data18
  L_RF_send19
  L_RF_send20
  L_RF_send21
  L_RF_send22
  _Timer_3_ISR
  _main
  _PCA_Init
  _Timer_Init
  _Port_IO_Init
  _Oscillator_Init
  _Interrupts_Init
  _Init_Device
  _write_74HC595
  L__write_74HC59523
  L__write_74HC59524
  _segment_write
  _send_data
  _RF_send
  L__RF_send25
  L__RF_send26
  _CC2D_Loop1
  _CC2PD_Loop1
  _CC2XD_Loop1
  ___DoIFC
  ___CC2D
  ___CC2PD
  ___CC2XD
  L_Timer_3_ISR0
  L_Timer_3_ISR1
  L_Timer_3_ISR2
  L_Timer_3_ISR3
  L_Timer_3_ISR4
  L_Timer_3_ISR5
  L_Timer_3_ISR6
  L_main7
  L_main8
  L_main9
  L_main10
  L_main11
  L_main12
  L_write_74HC59513
  L_write_74HC59514
  L_write_74HC59515
  L_write_74HC59516
  L_send_data17
  L_send_data18
  L_RF_send19
  L_RF_send20
  L_RF_send21
  L_RF_send22
  _Timer_3_ISR
  _main
  _PCA_Init
  _Timer_Init
  _Port_IO_Init
  _Oscillator_Init
  _Interrupts_Init
  _Init_Device
  _write_74HC595
  L__write_74HC59523
  L__write_74HC59524
  _segment_write
  _send_data
  _RF_send
  L__RF_send25
  L__RF_send26
  lab_end
  loop_lab
  lab_end1
  lab_loop1
  lab_end2
  lab_loop3
  __Div_8x8_S_Bpositive
  __Div_8x8_S_Apositive
  __Div_8x8_S_Skip_Div
  __Div_8x8_S_div_ret
  __op2hi_not_zero
  __op1hi_not_zero
  __Div_16x16_U_Loop1
  __Div_16x16_U_Lab1
  __Div_16x16_U_div_ret
  __Div_16x16_U_Loop2
  __Div_16x16_U_Lab2
  __Div_16x16_U_Lab3
  __Div_16x16_S_op2hipositive
  __Div_16x16_S_op1hipositive
  __Div_16x16_S_Skip_Udiv
  __Div_16x16_S_div_ret
  __Div_32x32_U_start
  __Div_32x32_U_aux
  __Div_32x32_U_l2
  __Div_32x32_U_l1
  lw_1
  lw_2
  __Div_32x32_U_l3
  lw_3
  __Div_32x32_U_l4
  __Div_32x32_U_IR_l0
  __Div_32x32_U_l5
  __Div_32x32_U_l6
  __Div_32x32_U_l8
  __Div_32x32_U_l7
  __Div_32x32_U_IR_l1
  __Div_32x32_U_l10
  __Div_32x32_U_l9
  __Div_32x32_U_IR_l2
  __Div_32x32_S_l1
  __Div_32x32_S_call_uns
  __Div_32x32_S_l2
  __Div_32x32_S_l3
  __Div_32x32_S_div_ret
  __shl_long
  __shr_longint
  __shr_longword
  _Mul_16x16
  _Mul_32x32
  _Div_8x8_S
  _Div_16x16_U
  _Div_16x16_S
  _Div_32x32_U
  _Div_32x32_S
