;  LST file generated by mikroListExporter - v.2.0 
; Date/Time: 16-Jul-22 02:25:04 PM
;----------------------------------------------

;Address Opcode 	ASM
0x0000	0x0204C7  	LJMP 1223
0x0003	0x020000  	LJMP 0
0x0006	0x00      	NOP
0x0007	0x00      	NOP
0x0008	0x00      	NOP
0x0009	0x00      	NOP
0x000A	0x00      	NOP
0x000B	0x020000  	LJMP 0
0x000E	0x00      	NOP
0x000F	0x00      	NOP
0x0010	0x00      	NOP
0x0011	0x00      	NOP
0x0012	0x00      	NOP
0x0013	0x020000  	LJMP 0
0x0016	0x00      	NOP
0x0017	0x00      	NOP
0x0018	0x00      	NOP
0x0019	0x00      	NOP
0x001A	0x00      	NOP
0x001B	0x020000  	LJMP 0
0x001E	0x00      	NOP
0x001F	0x00      	NOP
0x0020	0x00      	NOP
0x0021	0x00      	NOP
0x0022	0x00      	NOP
0x0023	0x020000  	LJMP 0
0x0026	0x00      	NOP
0x0027	0x00      	NOP
0x0028	0x00      	NOP
0x0029	0x00      	NOP
0x002A	0x00      	NOP
0x002B	0x020000  	LJMP 0
0x002E	0x00      	NOP
0x002F	0x00      	NOP
0x0030	0x00      	NOP
0x0031	0x00      	NOP
0x0032	0x00      	NOP
0x0033	0x020000  	LJMP 0
0x0036	0x00      	NOP
0x0037	0x00      	NOP
0x0038	0x00      	NOP
0x0039	0x00      	NOP
0x003A	0x00      	NOP
0x003B	0x020000  	LJMP 0
0x003E	0x00      	NOP
0x003F	0x00      	NOP
0x0040	0x00      	NOP
0x0041	0x00      	NOP
0x0042	0x00      	NOP
0x0043	0x020000  	LJMP 0
0x0046	0x00      	NOP
0x0047	0x00      	NOP
0x0048	0x00      	NOP
0x0049	0x00      	NOP
0x004A	0x00      	NOP
0x004B	0x020000  	LJMP 0
0x004E	0x00      	NOP
0x004F	0x00      	NOP
0x0050	0x00      	NOP
0x0051	0x00      	NOP
0x0052	0x00      	NOP
0x0053	0x020000  	LJMP 0
0x0056	0x00      	NOP
0x0057	0x00      	NOP
0x0058	0x00      	NOP
0x0059	0x00      	NOP
0x005A	0x00      	NOP
0x005B	0x020000  	LJMP 0
0x005E	0x00      	NOP
0x005F	0x00      	NOP
0x0060	0x00      	NOP
0x0061	0x00      	NOP
0x0062	0x00      	NOP
0x0063	0x020000  	LJMP 0
0x0066	0x00      	NOP
0x0067	0x00      	NOP
0x0068	0x00      	NOP
0x0069	0x00      	NOP
0x006A	0x00      	NOP
0x006B	0x020000  	LJMP 0
0x006E	0x00      	NOP
0x006F	0x00      	NOP
0x0070	0x00      	NOP
0x0071	0x00      	NOP
0x0072	0x00      	NOP
0x0073	0x020510  	LJMP 1296
_ADC_Init:
;adc_timer_interrupt.c,173 :: 		void ADC_Init(void)
;adc_timer_interrupt.c,175 :: 		AMX0P = 0x00;
0x0076	0x75BB00  	MOV AMX0P, #0
;adc_timer_interrupt.c,176 :: 		AMX0N = 0x11;
0x0079	0x75BA11  	MOV AMX0N, #17
;adc_timer_interrupt.c,177 :: 		ADC0CF = 0x58;
0x007C	0x75BC58  	MOV ADC0CF, #88
;adc_timer_interrupt.c,178 :: 		ADC0CN = 0x80;
0x007F	0x75E880  	MOV ADC0CN, #128
;adc_timer_interrupt.c,179 :: 		}
0x0082	0x22      	RET
; end of _ADC_Init
_PCA_Init:
;adc_timer_interrupt.c,117 :: 		void PCA_Init(void)
;adc_timer_interrupt.c,119 :: 		PCA0MD &= ~0x40;
0x0083	0x53D9BF  	ANL PCA0MD, #191
;adc_timer_interrupt.c,120 :: 		PCA0MD = 0x00;
0x0086	0x75D900  	MOV PCA0MD, #0
;adc_timer_interrupt.c,121 :: 		}
0x0089	0x22      	RET
; end of _PCA_Init
_Oscillator_Init:
;adc_timer_interrupt.c,160 :: 		void Oscillator_Init()
;adc_timer_interrupt.c,162 :: 		OSCLCN = 0x82;
0x008A	0x75E382  	MOV OSCLCN, #130
;adc_timer_interrupt.c,163 :: 		}
0x008D	0x22      	RET
; end of _Oscillator_Init
_Interrupts_Init:
;adc_timer_interrupt.c,166 :: 		void Interrupts_Init()
;adc_timer_interrupt.c,168 :: 		IE = 0x80;
0x008E	0x75A880  	MOV IE, #128
;adc_timer_interrupt.c,169 :: 		EIE1 = 0x80;
0x0091	0x75E680  	MOV EIE1, #128
;adc_timer_interrupt.c,170 :: 		}
0x0094	0x22      	RET
; end of _Interrupts_Init
_level2Double:
;__Lib_MathDouble.c,978 :: 		
;__Lib_MathDouble.c,981 :: 		
0x0095	0x33      	RLC A
;__Lib_MathDouble.c,982 :: 		
0x0096	0x92D5    	MOV F0_bit, C
;__Lib_MathDouble.c,983 :: 		
0x0098	0x30D503  	JNB F0_bit, __Byte2Double_l1
;__Lib_MathDouble.c,984 :: 		
0x009B	0x1200C0  	LCALL __Byte2Double_l2
;__Lib_MathDouble.c,986 :: 		
__Byte2Double_l1:
;__Lib_MathDouble.c,987 :: 		
0x009E	0xEB      	MOV A, R3
;__Lib_MathDouble.c,988 :: 		
0x009F	0x33      	RLC A
;__Lib_MathDouble.c,989 :: 		
0x00A0	0x4010    	JC __Byte2Double_l3
;__Lib_MathDouble.c,990 :: 		
0x00A2	0xE8      	MOV A, R0
;__Lib_MathDouble.c,991 :: 		
0x00A3	0x33      	RLC A
;__Lib_MathDouble.c,992 :: 		
0x00A4	0xF8      	MOV R0, A
;__Lib_MathDouble.c,993 :: 		
0x00A5	0xE9      	MOV A, R1
;__Lib_MathDouble.c,994 :: 		
0x00A6	0x33      	RLC A
;__Lib_MathDouble.c,995 :: 		
0x00A7	0xF9      	MOV R1, A
;__Lib_MathDouble.c,996 :: 		
0x00A8	0xEA      	MOV A, R2
;__Lib_MathDouble.c,997 :: 		
0x00A9	0x33      	RLC A
;__Lib_MathDouble.c,998 :: 		
0x00AA	0xFA      	MOV R2, A
;__Lib_MathDouble.c,999 :: 		
0x00AB	0xEB      	MOV A, R3
;__Lib_MathDouble.c,1000 :: 		
0x00AC	0x33      	RLC A
;__Lib_MathDouble.c,1001 :: 		
0x00AD	0xFB      	MOV R3, A
;__Lib_MathDouble.c,1002 :: 		
0x00AE	0xD5F0ED  	DJNZ B, __Byte2Double_l1
;__Lib_MathDouble.c,1003 :: 		
0x00B1	0x22      	RET
;__Lib_MathDouble.c,1005 :: 		
__Byte2Double_l3:
;__Lib_MathDouble.c,1006 :: 		
0x00B2	0xE5F0    	MOV A, B
;__Lib_MathDouble.c,1007 :: 		
0x00B4	0x247E    	ADD A, 126
;__Lib_MathDouble.c,1008 :: 		
0x00B6	0xA2D5    	MOV C, F0_bit
;__Lib_MathDouble.c,1009 :: 		
0x00B8	0x13      	RRC A
;__Lib_MathDouble.c,1010 :: 		
0x00B9	0xCB      	XCH A, R3
;__Lib_MathDouble.c,1011 :: 		
0x00BA	0x92E7    	MOV 231.B0, C
;__Lib_MathDouble.c,1012 :: 		
0x00BC	0xCA      	XCH A, R2
;__Lib_MathDouble.c,1013 :: 		
0x00BD	0xC9      	XCH A, R1
;__Lib_MathDouble.c,1014 :: 		
0x00BE	0xF8      	MOV R0, A
;__Lib_MathDouble.c,1015 :: 		
0x00BF	0x22      	RET
;__Lib_MathDouble.c,1017 :: 		
__Byte2Double_l2:
;__Lib_MathDouble.c,1018 :: 		
0x00C0	0xC3      	CLR C
;__Lib_MathDouble.c,1019 :: 		
0x00C1	0xE4      	CLR A
;__Lib_MathDouble.c,1020 :: 		
0x00C2	0x98      	SUBB A, R0
;__Lib_MathDouble.c,1021 :: 		
0x00C3	0xF8      	MOV R0, A
;__Lib_MathDouble.c,1022 :: 		
0x00C4	0xE4      	CLR A
;__Lib_MathDouble.c,1023 :: 		
0x00C5	0x99      	SUBB A, R1
;__Lib_MathDouble.c,1024 :: 		
0x00C6	0xF9      	MOV R1, A
;__Lib_MathDouble.c,1025 :: 		
0x00C7	0xE4      	CLR A
;__Lib_MathDouble.c,1026 :: 		
0x00C8	0x9A      	SUBB A, R2
;__Lib_MathDouble.c,1027 :: 		
0x00C9	0xFA      	MOV R2, A
;__Lib_MathDouble.c,1028 :: 		
0x00CA	0xE4      	CLR A
;__Lib_MathDouble.c,1029 :: 		
0x00CB	0x9B      	SUBB A, R3
;__Lib_MathDouble.c,1030 :: 		
0x00CC	0xFB      	MOV R3, A
;__Lib_MathDouble.c,1032 :: 		
0x00CD	0x22      	RET
; end of _level2Double
_Port_IO_Init:
;adc_timer_interrupt.c,132 :: 		void Port_IO_Init()
;adc_timer_interrupt.c,152 :: 		P0MDIN = 0xFE;
0x00CE	0x75F1FE  	MOV P0MDIN, #254
;adc_timer_interrupt.c,153 :: 		P1MDOUT = 0xE0;
0x00D1	0x75A5E0  	MOV P1MDOUT, #224
;adc_timer_interrupt.c,154 :: 		P0SKIP = 0x01;
0x00D4	0x75D401  	MOV P0SKIP, #1
;adc_timer_interrupt.c,155 :: 		P1SKIP = 0xE0;
0x00D7	0x75D5E0  	MOV P1SKIP, #224
;adc_timer_interrupt.c,156 :: 		XBR1 = 0x40;
0x00DA	0x75E240  	MOV XBR1, #64
;adc_timer_interrupt.c,157 :: 		}
0x00DD	0x22      	RET
; end of _Port_IO_Init
_write_74HC595:
;adc_timer_interrupt.c,200 :: 		void write_74HC595(unsigned char send_data)
;adc_timer_interrupt.c,202 :: 		signed char clks = 8;
0x00DE	0x751308  	MOV write_74HC595_clks_L0, #8
;adc_timer_interrupt.c,204 :: 		while(clks > 0)
L_write_74HC5959:
0x00E1	0xD3      	SETB C
0x00E2	0x7400    	MOV A, #0
0x00E4	0x6480    	XRL A, #128
0x00E6	0xF8      	MOV R0, A
0x00E7	0xE513    	MOV A, write_74HC595_clks_L0
0x00E9	0x6480    	XRL A, #128
0x00EB	0x98      	SUBB A, R0
0x00EC	0x4022    	JC L_write_74HC59510
;adc_timer_interrupt.c,206 :: 		if((send_data & 0x80) == 0x00)
0x00EE	0xE512    	MOV A, FARG_write_74HC595_send_data
0x00F0	0x5480    	ANL A, #128
0x00F2	0xF9      	MOV R1, A
0x00F3	0x7004    	JNZ L_write_74HC59511
;adc_timer_interrupt.c,208 :: 		LED_DOUT = 0;
0x00F5	0xC296    	CLR P1_6_bit
;adc_timer_interrupt.c,209 :: 		}
0x00F7	0x8002    	SJMP L_write_74HC59512
L_write_74HC59511:
;adc_timer_interrupt.c,212 :: 		LED_DOUT = 1;
0x00F9	0xD296    	SETB P1_6_bit
;adc_timer_interrupt.c,213 :: 		}
L_write_74HC59512:
;adc_timer_interrupt.c,215 :: 		LED_CLK = 0;
0x00FB	0xC295    	CLR P1_5_bit
;adc_timer_interrupt.c,216 :: 		send_data <<= 1;
0x00FD	0x7801    	MOV R0, #1
0x00FF	0xE512    	MOV A, FARG_write_74HC595_send_data
0x0101	0x08      	INC R0
0x0102	0x8002    	SJMP L__write_74HC59518
L__write_74HC59519:
0x0104	0xC3      	CLR C
0x0105	0x33      	RLC A
L__write_74HC59518:
0x0106	0xD8FC    	DJNZ R0, L__write_74HC59519
0x0108	0xF512    	MOV FARG_write_74HC595_send_data, A
;adc_timer_interrupt.c,217 :: 		clks--;
0x010A	0x1513    	DEC write_74HC595_clks_L0
;adc_timer_interrupt.c,218 :: 		LED_CLK = 1;
0x010C	0xD295    	SETB P1_5_bit
;adc_timer_interrupt.c,219 :: 		}
0x010E	0x80D1    	SJMP L_write_74HC5959
L_write_74HC59510:
;adc_timer_interrupt.c,220 :: 		}
0x0110	0x22      	RET
; end of _write_74HC595
_adc_read:
;adc_timer_interrupt.c,240 :: 		unsigned int adc_read(void)
;adc_timer_interrupt.c,242 :: 		unsigned int ad_value = 0;
0x0111	0x750C00  	MOV adc_read_ad_value_L0, #0
0x0114	0x750D00  	MOV adc_read_ad_value_L0+1, #0
;adc_timer_interrupt.c,244 :: 		ad_value = ADC0H;
0x0117	0x85BE0C  	MOV adc_read_ad_value_L0, ADC0H+0
0x011A	0xE4      	CLR A
0x011B	0xF50D    	MOV adc_read_ad_value_L0+1, A
;adc_timer_interrupt.c,245 :: 		ad_value <<= 8;
0x011D	0xA90C    	MOV R1, adc_read_ad_value_L0
0x011F	0x7800    	MOV R0, #0
0x0121	0x85000C  	MOV adc_read_ad_value_L0, 0
0x0124	0x85010D  	MOV adc_read_ad_value_L0+1, 1
;adc_timer_interrupt.c,246 :: 		ad_value |= ADC0L;
0x0127	0xE5BD    	MOV A, ADC0L
0x0129	0x4200    	ORL R0, A
0x012B	0xE4      	CLR A
0x012C	0x4201    	ORL R1, A
0x012E	0x85000C  	MOV adc_read_ad_value_L0, 0
0x0131	0x85010D  	MOV adc_read_ad_value_L0+1, 1
;adc_timer_interrupt.c,248 :: 		return ad_value;
;adc_timer_interrupt.c,249 :: 		}
0x0134	0x22      	RET
; end of _adc_read
_Timer_Init:
;adc_timer_interrupt.c,124 :: 		void Timer_Init()
;adc_timer_interrupt.c,126 :: 		TMR3CN = 0x04;
0x0135	0x759104  	MOV TMR3CN, #4
;adc_timer_interrupt.c,127 :: 		TMR3RLL = 0x02;
0x0138	0x759202  	MOV TMR3RLL, #2
;adc_timer_interrupt.c,128 :: 		TMR3RLH = 0xFC;
0x013B	0x7593FC  	MOV TMR3RLH, #252
;adc_timer_interrupt.c,129 :: 		}
0x013E	0x22      	RET
; end of _Timer_Init
_Voltage_Reference_Init:
;adc_timer_interrupt.c,182 :: 		void Voltage_Reference_Init(void)
;adc_timer_interrupt.c,184 :: 		REF0CN = 0x0A;
0x013F	0x75D10A  	MOV REF0CN, #10
;adc_timer_interrupt.c,185 :: 		}
0x0142	0x22      	RET
; end of _Voltage_Reference_Init
_Init_Device:
;adc_timer_interrupt.c,188 :: 		void Init_Device(void)
;adc_timer_interrupt.c,190 :: 		PCA_Init();
0x0143	0x1183    	ACALL _PCA_Init
;adc_timer_interrupt.c,191 :: 		Timer_Init();
0x0145	0x3135    	ACALL _Timer_Init
;adc_timer_interrupt.c,192 :: 		Port_IO_Init();
0x0147	0x11CE    	ACALL _Port_IO_Init
;adc_timer_interrupt.c,193 :: 		Oscillator_Init();
0x0149	0x118A    	ACALL _Oscillator_Init
;adc_timer_interrupt.c,194 :: 		Interrupts_Init();
0x014B	0x118E    	ACALL _Interrupts_Init
;adc_timer_interrupt.c,195 :: 		ADC_Init();
0x014D	0x1176    	ACALL _ADC_Init
;adc_timer_interrupt.c,196 :: 		Voltage_Reference_Init();
0x014F	0x313F    	ACALL _Voltage_Reference_Init
;adc_timer_interrupt.c,197 :: 		}
0x0151	0x22      	RET
; end of _Init_Device
___CC2D:
;__Lib_System.c,13 :: 		
;__Lib_System.c,15 :: 		
_CC2D_Loop1:
;__Lib_System.c,16 :: 		
0x0152	0xE4      	CLR A
;__Lib_System.c,17 :: 		
0x0153	0x93      	MOVC A, @A+DPTR
;__Lib_System.c,18 :: 		
0x0154	0xF6      	MOV @R0, A
;__Lib_System.c,19 :: 		
0x0155	0x08      	INC R0
;__Lib_System.c,20 :: 		
0x0156	0xA3      	INC DPTR
;__Lib_System.c,21 :: 		
0x0157	0xD9F9    	DJNZ R1, _CC2D_Loop1
;__Lib_System.c,23 :: 		
0x0159	0x22      	RET
; end of ___CC2D
_segment_write:
;adc_timer_interrupt.c,223 :: 		void segment_write(unsigned char disp, unsigned char pos, unsigned char point)
;adc_timer_interrupt.c,225 :: 		unsigned char write_value = segment_code[disp];
0x015A	0xE50E    	MOV A, FARG_segment_write_disp
0x015C	0x24D1    	ADD A, lo_addr(_segment_code)
0x015E	0xF9      	MOV R1, A
0x015F	0xE4      	CLR A
0x0160	0x3405    	ADDC A, hi_addr(_segment_code)
0x0162	0xFA      	MOV R2, A
0x0163	0x850182  	MOV DPL, 1
0x0166	0x850283  	MOV DPH, 2
0x0169	0xE4      	CLR A
0x016A	0x93      	MOVC A, @A+DPTR
0x016B	0xF8      	MOV R0, A
0x016C	0x850011  	MOV segment_write_write_value_L0, 0
;adc_timer_interrupt.c,227 :: 		if(point)
0x016F	0xE510    	MOV A, FARG_segment_write_point
0x0171	0x6003    	JZ L_segment_write13
;adc_timer_interrupt.c,229 :: 		write_value &= segment_code[10];
0x0173	0x53117F  	ANL segment_write_write_value_L0, #127
;adc_timer_interrupt.c,230 :: 		}
L_segment_write13:
;adc_timer_interrupt.c,232 :: 		LED_LATCH = 0;
0x0176	0xC297    	CLR P1_7_bit
;adc_timer_interrupt.c,233 :: 		write_74HC595(write_value);
0x0178	0x851112  	MOV FARG_write_74HC595_send_data, segment_write_write_value_L0+0
0x017B	0x11DE    	ACALL _write_74HC595
;adc_timer_interrupt.c,234 :: 		write_74HC595(display_pos[pos]);
0x017D	0xE50F    	MOV A, FARG_segment_write_pos
0x017F	0x24E2    	ADD A, lo_addr(_display_pos)
0x0181	0xF9      	MOV R1, A
0x0182	0xE4      	CLR A
0x0183	0x3405    	ADDC A, hi_addr(_display_pos)
0x0185	0xFA      	MOV R2, A
0x0186	0x850182  	MOV DPL, 1
0x0189	0x850283  	MOV DPH, 2
0x018C	0xE4      	CLR A
0x018D	0x93      	MOVC A, @A+DPTR
0x018E	0xF8      	MOV R0, A
0x018F	0x850012  	MOV FARG_write_74HC595_send_data, 0
0x0192	0x11DE    	ACALL _write_74HC595
;adc_timer_interrupt.c,235 :: 		LED_LATCH = 1;
0x0194	0xD297    	SETB P1_7_bit
;adc_timer_interrupt.c,237 :: 		}
0x0196	0x22      	RET
; end of _segment_write
_Div_16x16_U:
;__Lib_Math.c,273 :: 		
;__Lib_Math.c,275 :: 		
0x0197	0xBD000B  	CJNE R5, 0, __op2hi_not_zero
;__Lib_Math.c,276 :: 		
0x019A	0xB90029  	CJNE R1, 0, __op1hi_not_zero
;__Lib_Math.c,277 :: 		
0x019D	0xE8      	MOV A, R0
;__Lib_Math.c,278 :: 		
0x019E	0x8CF0    	MOV B, R4
;__Lib_Math.c,279 :: 		
0x01A0	0x84      	DIV AB
;__Lib_Math.c,280 :: 		
0x01A1	0xF8      	MOV R0, A
;__Lib_Math.c,281 :: 		
0x01A2	0xACF0    	MOV R4, B
;__Lib_Math.c,282 :: 		
0x01A4	0x22      	RET
;__Lib_Math.c,284 :: 		
__op2hi_not_zero:
;__Lib_Math.c,285 :: 		
0x01A5	0xE4      	CLR A
;__Lib_Math.c,286 :: 		
0x01A6	0xCD      	XCH A, R5
;__Lib_Math.c,287 :: 		
0x01A7	0xFF      	MOV R7, A
;__Lib_Math.c,288 :: 		
0x01A8	0x75F008  	MOV B, 8
;__Lib_Math.c,290 :: 		
__Div_16x16_U_Loop1:
;__Lib_Math.c,291 :: 		
0x01AB	0xE8      	MOV A, R0
;__Lib_Math.c,292 :: 		
0x01AC	0x28      	ADD A, R0
;__Lib_Math.c,293 :: 		
0x01AD	0xF8      	MOV R0, A
;__Lib_Math.c,294 :: 		
0x01AE	0xE9      	MOV A, R1
;__Lib_Math.c,295 :: 		
0x01AF	0x33      	RLC A
;__Lib_Math.c,296 :: 		
0x01B0	0xF9      	MOV R1, A
;__Lib_Math.c,297 :: 		
0x01B1	0xED      	MOV A, R5
;__Lib_Math.c,298 :: 		
0x01B2	0x33      	RLC A
;__Lib_Math.c,299 :: 		
0x01B3	0xFD      	MOV R5, A
;__Lib_Math.c,300 :: 		
0x01B4	0xE9      	MOV A, R1
;__Lib_Math.c,301 :: 		
0x01B5	0x9C      	SUBB A, R4
;__Lib_Math.c,302 :: 		
0x01B6	0xED      	MOV A, R5
;__Lib_Math.c,303 :: 		
0x01B7	0x9F      	SUBB A, R7
;__Lib_Math.c,304 :: 		
0x01B8	0x4005    	JC __Div_16x16_U_Lab1
;__Lib_Math.c,305 :: 		
0x01BA	0xFD      	MOV R5, A
;__Lib_Math.c,306 :: 		
0x01BB	0xE9      	MOV A, R1
;__Lib_Math.c,307 :: 		
0x01BC	0x9C      	SUBB A, R4
;__Lib_Math.c,308 :: 		
0x01BD	0xF9      	MOV R1, A
;__Lib_Math.c,309 :: 		
0x01BE	0x08      	INC R0
;__Lib_Math.c,311 :: 		
__Div_16x16_U_Lab1:
;__Lib_Math.c,312 :: 		
0x01BF	0xD5F0E9  	DJNZ B, __Div_16x16_U_Loop1
;__Lib_Math.c,313 :: 		
0x01C2	0xE4      	CLR A
;__Lib_Math.c,314 :: 		
0x01C3	0xC9      	XCH A, R1
;__Lib_Math.c,315 :: 		
0x01C4	0xFC      	MOV R4, A
;__Lib_Math.c,316 :: 		
0x01C5	0x22      	RET
;__Lib_Math.c,318 :: 		
__op1hi_not_zero:
;__Lib_Math.c,319 :: 		
0x01C6	0xEC      	MOV A, R4
;__Lib_Math.c,320 :: 		
0x01C7	0xFF      	MOV R7, A
;__Lib_Math.c,321 :: 		
0x01C8	0xF5F0    	MOV B, A
;__Lib_Math.c,322 :: 		
0x01CA	0xE9      	MOV A, R1
;__Lib_Math.c,323 :: 		
0x01CB	0x84      	DIV AB
;__Lib_Math.c,324 :: 		
0x01CC	0x20D21C  	JB OV_bit, __Div_16x16_U_div_ret
;__Lib_Math.c,325 :: 		
0x01CF	0xF9      	MOV R1, A
;__Lib_Math.c,326 :: 		
0x01D0	0xACF0    	MOV R4, B
;__Lib_Math.c,327 :: 		
0x01D2	0x75F008  	MOV B, 8
;__Lib_Math.c,329 :: 		
__Div_16x16_U_Loop2:
;__Lib_Math.c,330 :: 		
0x01D5	0xE8      	MOV A, R0
;__Lib_Math.c,331 :: 		
0x01D6	0x28      	ADD A, R0
;__Lib_Math.c,332 :: 		
0x01D7	0xF8      	MOV R0, A
;__Lib_Math.c,333 :: 		
0x01D8	0xEC      	MOV A, R4
;__Lib_Math.c,334 :: 		
0x01D9	0x33      	RLC A
;__Lib_Math.c,335 :: 		
0x01DA	0xFC      	MOV R4, A
;__Lib_Math.c,336 :: 		
0x01DB	0x4007    	JC __Div_16x16_U_Lab2
;__Lib_Math.c,337 :: 		
0x01DD	0x9F      	SUBB A, R7
;__Lib_Math.c,338 :: 		
0x01DE	0x5006    	JNC __Div_16x16_U_Lab3
;__Lib_Math.c,339 :: 		
0x01E0	0xD5F0F2  	DJNZ B, __Div_16x16_U_Loop2
;__Lib_Math.c,340 :: 		
0x01E3	0x22      	RET
;__Lib_Math.c,342 :: 		
__Div_16x16_U_Lab2:
;__Lib_Math.c,343 :: 		
0x01E4	0xC3      	CLR C
;__Lib_Math.c,344 :: 		
0x01E5	0x9F      	SUBB A, R7
;__Lib_Math.c,345 :: 		
__Div_16x16_U_Lab3:
;__Lib_Math.c,346 :: 		
0x01E6	0xFC      	MOV R4, A
;__Lib_Math.c,347 :: 		
0x01E7	0x08      	INC R0
;__Lib_Math.c,348 :: 		
0x01E8	0xD5F0EA  	DJNZ B, __Div_16x16_U_Loop2
;__Lib_Math.c,350 :: 		
__Div_16x16_U_div_ret:
;__Lib_Math.c,352 :: 		
0x01EB	0x22      	RET
; end of _Div_16x16_U
_Double2Ints:
;__Lib_MathDouble.c,896 :: 		
;__Lib_MathDouble.c,898 :: 		
0x01EC	0xEA      	MOV A, R2
;__Lib_MathDouble.c,899 :: 		
0x01ED	0xD2E7    	SETB 231.B0
;__Lib_MathDouble.c,900 :: 		
0x01EF	0xCA      	XCH A, R2
;__Lib_MathDouble.c,901 :: 		
0x01F0	0x33      	RLC A
;__Lib_MathDouble.c,902 :: 		
0x01F1	0xEB      	MOV A, R3
;__Lib_MathDouble.c,903 :: 		
0x01F2	0x33      	RLC A
;__Lib_MathDouble.c,904 :: 		
0x01F3	0x92D5    	MOV F0_bit, C
;__Lib_MathDouble.c,905 :: 		
0x01F5	0x2481    	ADD A, 129
;__Lib_MathDouble.c,906 :: 		
0x01F7	0x4006    	JC __Double2Longword_l1
;__Lib_MathDouble.c,907 :: 		
0x01F9	0xE4      	CLR A
;__Lib_MathDouble.c,908 :: 		
__Double2Longword_l3:
;__Lib_MathDouble.c,909 :: 		
0x01FA	0xF8      	MOV R0, A
;__Lib_MathDouble.c,910 :: 		
0x01FB	0xF9      	MOV R1, A
;__Lib_MathDouble.c,911 :: 		
0x01FC	0xFA      	MOV R2, A
;__Lib_MathDouble.c,912 :: 		
0x01FD	0xFB      	MOV R3, A
;__Lib_MathDouble.c,913 :: 		
__Double2Longword_l5:
;__Lib_MathDouble.c,914 :: 		
0x01FE	0x22      	RET
;__Lib_MathDouble.c,916 :: 		
__Double2Longword_l1:
;__Lib_MathDouble.c,917 :: 		
0x01FF	0xFB      	MOV R3, A
;__Lib_MathDouble.c,918 :: 		
0x0200	0xE4      	CLR A
;__Lib_MathDouble.c,919 :: 		
0x0201	0xC8      	XCH A, R0
;__Lib_MathDouble.c,920 :: 		
0x0202	0xC9      	XCH A, R1
;__Lib_MathDouble.c,921 :: 		
0x0203	0xCA      	XCH A, R2
;__Lib_MathDouble.c,922 :: 		
0x0204	0xCB      	XCH A, R3
;__Lib_MathDouble.c,923 :: 		
0x0205	0x24E0    	ADD A, 224
;__Lib_MathDouble.c,924 :: 		
0x0207	0x5011    	JNC __Double2Longword_l2
;__Lib_MathDouble.c,925 :: 		
0x0209	0x74FF    	MOV A, 255
;__Lib_MathDouble.c,926 :: 		
0x020B	0x80ED    	SJMP __Double2Longword_l3
;__Lib_MathDouble.c,928 :: 		
__Double2Longword_l4:
;__Lib_MathDouble.c,929 :: 		
0x020D	0xC3      	CLR C
;__Lib_MathDouble.c,930 :: 		
0x020E	0xCB      	XCH A, R3
;__Lib_MathDouble.c,931 :: 		
0x020F	0x13      	RRC A
;__Lib_MathDouble.c,932 :: 		
0x0210	0xCB      	XCH A, R3
;__Lib_MathDouble.c,933 :: 		
0x0211	0xCA      	XCH A, R2
;__Lib_MathDouble.c,934 :: 		
0x0212	0x13      	RRC A
;__Lib_MathDouble.c,935 :: 		
0x0213	0xCA      	XCH A, R2
;__Lib_MathDouble.c,936 :: 		
0x0214	0xC9      	XCH A, R1
;__Lib_MathDouble.c,937 :: 		
0x0215	0x13      	RRC A
;__Lib_MathDouble.c,938 :: 		
0x0216	0xC9      	XCH A, R1
;__Lib_MathDouble.c,939 :: 		
0x0217	0xC8      	XCH A, R0
;__Lib_MathDouble.c,940 :: 		
0x0218	0x13      	RRC A
;__Lib_MathDouble.c,941 :: 		
0x0219	0xC8      	XCH A, R0
;__Lib_MathDouble.c,943 :: 		
__Double2Longword_l2:
;__Lib_MathDouble.c,944 :: 		
0x021A	0x04      	INC A
;__Lib_MathDouble.c,945 :: 		
0x021B	0x70F0    	JNZ __Double2Longword_l4
;__Lib_MathDouble.c,946 :: 		
0x021D	0x30D5DE  	JNB F0_bit, __Double2Longword_l5
;__Lib_MathDouble.c,947 :: 		
0x0220	0xC3      	CLR C
;__Lib_MathDouble.c,948 :: 		
0x0221	0xE4      	CLR A
;__Lib_MathDouble.c,949 :: 		
0x0222	0x98      	SUBB A, R0
;__Lib_MathDouble.c,950 :: 		
0x0223	0xF8      	MOV R0, A
;__Lib_MathDouble.c,951 :: 		
0x0224	0xE4      	CLR A
;__Lib_MathDouble.c,952 :: 		
0x0225	0x99      	SUBB A, R1
;__Lib_MathDouble.c,953 :: 		
0x0226	0xF9      	MOV R1, A
;__Lib_MathDouble.c,954 :: 		
0x0227	0xE4      	CLR A
;__Lib_MathDouble.c,955 :: 		
0x0228	0x9A      	SUBB A, R2
;__Lib_MathDouble.c,956 :: 		
0x0229	0xFA      	MOV R2, A
;__Lib_MathDouble.c,957 :: 		
0x022A	0xE4      	CLR A
;__Lib_MathDouble.c,958 :: 		
0x022B	0x9B      	SUBB A, R3
;__Lib_MathDouble.c,959 :: 		
0x022C	0xFB      	MOV R3, A
;__Lib_MathDouble.c,961 :: 		
0x022D	0x22      	RET
; end of _Double2Ints
_adc_avg:
;adc_timer_interrupt.c,252 :: 		unsigned int adc_avg(unsigned char channel)
;adc_timer_interrupt.c,254 :: 		unsigned int avg_value = 0;
0x022E	0x750900  	MOV adc_avg_avg_value_L0, #0
0x0231	0x750A00  	MOV adc_avg_avg_value_L0+1, #0
0x0234	0x750B10  	MOV adc_avg_samples_L0, #16
;adc_timer_interrupt.c,255 :: 		signed char samples = 16;
;adc_timer_interrupt.c,257 :: 		AMX0P = (channel & 0x1F);
0x0237	0xE508    	MOV A, FARG_adc_avg_channel
0x0239	0x541F    	ANL A, #31
0x023B	0xF5BB    	MOV AMX0P, A
;adc_timer_interrupt.c,258 :: 		delay_ms(1);
0x023D	0x7E10    	MOV R6, 16
0x023F	0x7FE7    	MOV R7, 231
0x0241	0xDFFE    	DJNZ R7, PC-2
0x0243	0xDEFC    	DJNZ R6, PC-4
0x0245	0x00      	NOP
0x0246	0x00      	NOP
;adc_timer_interrupt.c,260 :: 		while(samples > 0)
L_adc_avg14:
0x0247	0xD3      	SETB C
0x0248	0x7400    	MOV A, #0
0x024A	0x6480    	XRL A, #128
0x024C	0xF8      	MOV R0, A
0x024D	0xE50B    	MOV A, adc_avg_samples_L0
0x024F	0x6480    	XRL A, #128
0x0251	0x98      	SUBB A, R0
0x0252	0x4019    	JC L_adc_avg15
;adc_timer_interrupt.c,262 :: 		AD0INT_bit = 0;
0x0254	0xC2ED    	CLR AD0INT_bit
;adc_timer_interrupt.c,263 :: 		AD0BUSY_bit = 1;
0x0256	0xD2EC    	SETB AD0BUSY_bit
;adc_timer_interrupt.c,265 :: 		while(AD0INT_bit == 0);
L_adc_avg16:
0x0258	0x20ED02  	JB AD0INT_bit, L_adc_avg17
0x025B	0x80FB    	SJMP L_adc_avg16
L_adc_avg17:
;adc_timer_interrupt.c,266 :: 		avg_value += adc_read();
0x025D	0x3111    	ACALL _adc_read
0x025F	0xE509    	MOV A, adc_avg_avg_value_L0
0x0261	0x28      	ADD A, R0
0x0262	0xF509    	MOV adc_avg_avg_value_L0, A
0x0264	0xE50A    	MOV A, adc_avg_avg_value_L0+1
0x0266	0x39      	ADDC A, R1
0x0267	0xF50A    	MOV adc_avg_avg_value_L0+1, A
;adc_timer_interrupt.c,268 :: 		samples--;
0x0269	0x150B    	DEC adc_avg_samples_L0
;adc_timer_interrupt.c,269 :: 		};
0x026B	0x80DA    	SJMP L_adc_avg14
L_adc_avg15:
;adc_timer_interrupt.c,271 :: 		avg_value >>= 4;
0x026D	0x7A04    	MOV R2, #4
0x026F	0xE50A    	MOV A, adc_avg_avg_value_L0+1
0x0271	0xA809    	MOV R0, adc_avg_avg_value_L0
0x0273	0x0A      	INC R2
0x0274	0x8005    	SJMP L__adc_avg20
L__adc_avg21:
0x0276	0xC3      	CLR C
0x0277	0x13      	RRC A
0x0278	0xC8      	XCH A, R0
0x0279	0x13      	RRC A
0x027A	0xC8      	XCH A, R0
L__adc_avg20:
0x027B	0xDAF9    	DJNZ R2, L__adc_avg21
0x027D	0xF9      	MOV R1, A
0x027E	0x850009  	MOV adc_avg_avg_value_L0, 0
0x0281	0x85010A  	MOV adc_avg_avg_value_L0+1, 1
;adc_timer_interrupt.c,273 :: 		return avg_value;
;adc_timer_interrupt.c,274 :: 		}
0x0284	0x22      	RET
; end of _adc_avg
_Word2Double:
;__Lib_MathDouble.c,1077 :: 		
;__Lib_MathDouble.c,1079 :: 		
0x0285	0x75F020  	MOV B, 32
;__Lib_MathDouble.c,1080 :: 		
0x0288	0xE4      	CLR A
;__Lib_MathDouble.c,1082 :: 		
0x0289	0x1195    	ACALL _level2Double
;__Lib_MathDouble.c,1083 :: 		
0x028B	0x22      	RET
; end of _Word2Double
_Div_32x32_FP:
;__Lib_MathDouble.c,670 :: 		
;__Lib_MathDouble.c,673 :: 		
0x028C	0x8003    	SJMP __Div_32x32_FP_teska_prevara
;__Lib_MathDouble.c,675 :: 		
__Div_32x32_FP_l6:
;__Lib_MathDouble.c,676 :: 		
0x028E	0x02036C  	LJMP __Div_32x32_FP_l7
;__Lib_MathDouble.c,678 :: 		
__Div_32x32_FP_teska_prevara:
;__Lib_MathDouble.c,679 :: 		
0x0291	0xEB      	MOV A, R3
;__Lib_MathDouble.c,680 :: 		
0x0292	0x5A      	ANL A, R2
;__Lib_MathDouble.c,681 :: 		
0x0293	0x04      	INC A
;__Lib_MathDouble.c,682 :: 		
0x0294	0x6005    	JZ __Div_32x32_FP_l1
;__Lib_MathDouble.c,683 :: 		
0x0296	0xEF      	MOV A, R7
;__Lib_MathDouble.c,684 :: 		
0x0297	0x5E      	ANL A, R6
;__Lib_MathDouble.c,685 :: 		
0x0298	0x04      	INC A
;__Lib_MathDouble.c,686 :: 		
0x0299	0x7003    	JNZ __Div_32x32_FP_l2
;__Lib_MathDouble.c,688 :: 		
__Div_32x32_FP_l1:
;__Lib_MathDouble.c,689 :: 		
0x029B	0x020362  	LJMP __Div_32x32_FP_l3
;__Lib_MathDouble.c,691 :: 		
__Div_32x32_FP_l2:
;__Lib_MathDouble.c,692 :: 		
0x029E	0x12032D  	LCALL __Div_32x32_FP_l4
;__Lib_MathDouble.c,693 :: 		
0x02A1	0x5F      	ANL A, R7
;__Lib_MathDouble.c,694 :: 		
0x02A2	0x04      	INC A
;__Lib_MathDouble.c,695 :: 		
0x02A3	0x60F6    	JZ __Div_32x32_FP_l1
;__Lib_MathDouble.c,696 :: 		
0x02A5	0xEB      	MOV A, R3
;__Lib_MathDouble.c,697 :: 		
0x02A6	0x4F      	ORL A, R7
;__Lib_MathDouble.c,698 :: 		
0x02A7	0x60F2    	JZ __Div_32x32_FP_l1
;__Lib_MathDouble.c,699 :: 		
0x02A9	0xEB      	MOV A, R3
;__Lib_MathDouble.c,700 :: 		
0x02AA	0x7004    	JNZ __Div_32x32_FP_l5
;__Lib_MathDouble.c,701 :: 		
0x02AC	0xFA      	MOV R2, A
;__Lib_MathDouble.c,702 :: 		
0x02AD	0xF9      	MOV R1, A
;__Lib_MathDouble.c,703 :: 		
0x02AE	0xF8      	MOV R0, A
;__Lib_MathDouble.c,704 :: 		
0x02AF	0x22      	RET
;__Lib_MathDouble.c,706 :: 		
__Div_32x32_FP_l5:
;__Lib_MathDouble.c,707 :: 		
0x02B0	0xCF      	XCH A, R7
;__Lib_MathDouble.c,708 :: 		
0x02B1	0x60DB    	JZ __Div_32x32_FP_l6
;__Lib_MathDouble.c,709 :: 		
0x02B3	0x2481    	ADD A, 129
;__Lib_MathDouble.c,710 :: 		
0x02B5	0xCF      	XCH A, R7
;__Lib_MathDouble.c,711 :: 		
0x02B6	0x5009    	JNC __Div_32x32_FP_l8
;__Lib_MathDouble.c,712 :: 		
0x02B8	0xC3      	CLR C
;__Lib_MathDouble.c,713 :: 		
0x02B9	0x9F      	SUBB A, R7
;__Lib_MathDouble.c,714 :: 		
0x02BA	0x6002    	JZ __Div_32x32_FP_l9
;__Lib_MathDouble.c,715 :: 		
0x02BC	0x5006    	JNC __Div_32x32_FP_l10
;__Lib_MathDouble.c,716 :: 		
__Div_32x32_FP_l9:
;__Lib_MathDouble.c,717 :: 		
0x02BE	0x020369  	LJMP __Div_32x32_FP_l11
;__Lib_MathDouble.c,719 :: 		
__Div_32x32_FP_l8:
;__Lib_MathDouble.c,720 :: 		
0x02C1	0x9F      	SUBB A, R7
;__Lib_MathDouble.c,721 :: 		
0x02C2	0x50CA    	JNC __Div_32x32_FP_l6
;__Lib_MathDouble.c,723 :: 		
__Div_32x32_FP_l10:
;__Lib_MathDouble.c,724 :: 		
0x02C4	0xF582    	MOV DPL, A
;__Lib_MathDouble.c,725 :: 		
0x02C6	0xEE      	MOV A, R6
;__Lib_MathDouble.c,726 :: 		
0x02C7	0x2E      	ADD A, R6
;__Lib_MathDouble.c,727 :: 		
0x02C8	0x4C      	ORL A, R4
;__Lib_MathDouble.c,728 :: 		
0x02C9	0x4D      	ORL A, R5
;__Lib_MathDouble.c,729 :: 		
0x02CA	0x7005    	JNZ __Div_32x32_FP_l12
;__Lib_MathDouble.c,730 :: 		
0x02CC	0xAC82    	MOV R4, DPL
;__Lib_MathDouble.c,731 :: 		
0x02CE	0x020358  	LJMP __Div_32x32_FP_l13
;__Lib_MathDouble.c,733 :: 		
__Div_32x32_FP_l12:
;__Lib_MathDouble.c,734 :: 		
0x02D1	0x75F000  	MOV B, 0
;__Lib_MathDouble.c,735 :: 		
0x02D4	0x7B1A    	MOV R3, 26
;__Lib_MathDouble.c,736 :: 		
0x02D6	0x7F80    	MOV R7, 128
;__Lib_MathDouble.c,738 :: 		
__Div_32x32_FP_l20:
;__Lib_MathDouble.c,739 :: 		
0x02D8	0xC3      	CLR C
;__Lib_MathDouble.c,740 :: 		
0x02D9	0xE8      	MOV A, R0
;__Lib_MathDouble.c,741 :: 		
0x02DA	0x9C      	SUBB A, R4
;__Lib_MathDouble.c,742 :: 		
0x02DB	0xE9      	MOV A, R1
;__Lib_MathDouble.c,743 :: 		
0x02DC	0x9D      	SUBB A, R5
;__Lib_MathDouble.c,744 :: 		
0x02DD	0xEA      	MOV A, R2
;__Lib_MathDouble.c,745 :: 		
0x02DE	0x9E      	SUBB A, R6
;__Lib_MathDouble.c,746 :: 		
0x02DF	0x400D    	JC __Div_32x32_FP_l14
;__Lib_MathDouble.c,748 :: 		
__Div_32x32_FP_l19:
;__Lib_MathDouble.c,749 :: 		
0x02E1	0xC3      	CLR C
;__Lib_MathDouble.c,750 :: 		
0x02E2	0xE8      	MOV A, R0
;__Lib_MathDouble.c,751 :: 		
0x02E3	0x9C      	SUBB A, R4
;__Lib_MathDouble.c,752 :: 		
0x02E4	0xF8      	MOV R0, A
;__Lib_MathDouble.c,753 :: 		
0x02E5	0xE9      	MOV A, R1
;__Lib_MathDouble.c,754 :: 		
0x02E6	0x9D      	SUBB A, R5
;__Lib_MathDouble.c,755 :: 		
0x02E7	0xF9      	MOV R1, A
;__Lib_MathDouble.c,756 :: 		
0x02E8	0xEA      	MOV A, R2
;__Lib_MathDouble.c,757 :: 		
0x02E9	0x9E      	SUBB A, R6
;__Lib_MathDouble.c,758 :: 		
0x02EA	0xFA      	MOV R2, A
;__Lib_MathDouble.c,759 :: 		
0x02EB	0xEF      	MOV A, R7
;__Lib_MathDouble.c,760 :: 		
0x02EC	0x42F0    	ORL B, A
;__Lib_MathDouble.c,762 :: 		
__Div_32x32_FP_l14:
;__Lib_MathDouble.c,763 :: 		
0x02EE	0xDB22    	DJNZ R3, __Div_32x32_FP_l15
;__Lib_MathDouble.c,764 :: 		
0x02F0	0xABF0    	MOV R3, B
;__Lib_MathDouble.c,765 :: 		
0x02F2	0xD0E0    	POP ACC
;__Lib_MathDouble.c,766 :: 		
0x02F4	0xF8      	MOV R0, A
;__Lib_MathDouble.c,767 :: 		
0x02F5	0xD0E0    	POP ACC
;__Lib_MathDouble.c,768 :: 		
0x02F7	0xF9      	MOV R1, A
;__Lib_MathDouble.c,769 :: 		
0x02F8	0xD0E0    	POP ACC
;__Lib_MathDouble.c,770 :: 		
0x02FA	0xFA      	MOV R2, A
;__Lib_MathDouble.c,771 :: 		
0x02FB	0xAC82    	MOV R4, DPL
;__Lib_MathDouble.c,772 :: 		
0x02FD	0x20E710  	JB 231, __Div_32x32_FP_l16
;__Lib_MathDouble.c,773 :: 		
0x0300	0x1C      	DEC R4
;__Lib_MathDouble.c,774 :: 		
0x0301	0xEC      	MOV A, R4
;__Lib_MathDouble.c,775 :: 		
0x0302	0x60BA    	JZ __Div_32x32_FP_l9
;__Lib_MathDouble.c,776 :: 		
0x0304	0xEB      	MOV A, R3
;__Lib_MathDouble.c,777 :: 		
0x0305	0x2B      	ADD A, R3
;__Lib_MathDouble.c,778 :: 		
0x0306	0xFB      	MOV R3, A
;__Lib_MathDouble.c,779 :: 		
0x0307	0xE8      	MOV A, R0
;__Lib_MathDouble.c,780 :: 		
0x0308	0x33      	RLC A
;__Lib_MathDouble.c,781 :: 		
0x0309	0xF8      	MOV R0, A
;__Lib_MathDouble.c,782 :: 		
0x030A	0xE9      	MOV A, R1
;__Lib_MathDouble.c,783 :: 		
0x030B	0x33      	RLC A
;__Lib_MathDouble.c,784 :: 		
0x030C	0xF9      	MOV R1, A
;__Lib_MathDouble.c,785 :: 		
0x030D	0xEA      	MOV A, R2
;__Lib_MathDouble.c,786 :: 		
0x030E	0x33      	RLC A
;__Lib_MathDouble.c,787 :: 		
0x030F	0xFA      	MOV R2, A
;__Lib_MathDouble.c,789 :: 		
__Div_32x32_FP_l16:
;__Lib_MathDouble.c,790 :: 		
0x0310	0x8032    	SJMP __Div_32x32_FP_l17
;__Lib_MathDouble.c,792 :: 		
__Div_32x32_FP_l15:
;__Lib_MathDouble.c,793 :: 		
0x0312	0xEF      	MOV A, R7
;__Lib_MathDouble.c,794 :: 		
0x0313	0x03      	RR A
;__Lib_MathDouble.c,795 :: 		
0x0314	0xFF      	MOV R7, A
;__Lib_MathDouble.c,796 :: 		
0x0315	0x30E705  	JNB 231, __Div_32x32_FP_l18
;__Lib_MathDouble.c,797 :: 		
0x0318	0xC0F0    	PUSH B
;__Lib_MathDouble.c,798 :: 		
0x031A	0x75F000  	MOV B, 0
;__Lib_MathDouble.c,800 :: 		
__Div_32x32_FP_l18:
;__Lib_MathDouble.c,801 :: 		
0x031D	0xE8      	MOV A, R0
;__Lib_MathDouble.c,802 :: 		
0x031E	0x28      	ADD A, R0
;__Lib_MathDouble.c,803 :: 		
0x031F	0xF8      	MOV R0, A
;__Lib_MathDouble.c,804 :: 		
0x0320	0xE9      	MOV A, R1
;__Lib_MathDouble.c,805 :: 		
0x0321	0x33      	RLC A
;__Lib_MathDouble.c,806 :: 		
0x0322	0xF9      	MOV R1, A
;__Lib_MathDouble.c,807 :: 		
0x0323	0xEA      	MOV A, R2
;__Lib_MathDouble.c,808 :: 		
0x0324	0x33      	RLC A
;__Lib_MathDouble.c,809 :: 		
0x0325	0xFA      	MOV R2, A
;__Lib_MathDouble.c,810 :: 		
0x0326	0x40B9    	JC __Div_32x32_FP_l19
;__Lib_MathDouble.c,811 :: 		
0x0328	0x30E7C3  	JNB 231, __Div_32x32_FP_l14
;__Lib_MathDouble.c,812 :: 		
0x032B	0x80AB    	SJMP __Div_32x32_FP_l20
;__Lib_MathDouble.c,814 :: 		
__Div_32x32_FP_l4:
;__Lib_MathDouble.c,815 :: 		
0x032D	0xEE      	MOV A, R6
;__Lib_MathDouble.c,816 :: 		
0x032E	0xD2E7    	SETB 231.B0
;__Lib_MathDouble.c,817 :: 		
0x0330	0xCE      	XCH A, R6
;__Lib_MathDouble.c,818 :: 		
0x0331	0x33      	RLC A
;__Lib_MathDouble.c,819 :: 		
0x0332	0xEF      	MOV A, R7
;__Lib_MathDouble.c,820 :: 		
0x0333	0x33      	RLC A
;__Lib_MathDouble.c,821 :: 		
0x0334	0xFF      	MOV R7, A
;__Lib_MathDouble.c,822 :: 		
0x0335	0x92D5    	MOV F0_bit, C
;__Lib_MathDouble.c,823 :: 		
0x0337	0xEA      	MOV A, R2
;__Lib_MathDouble.c,824 :: 		
0x0338	0xD2E7    	SETB 231.B0
;__Lib_MathDouble.c,825 :: 		
0x033A	0xCA      	XCH A, R2
;__Lib_MathDouble.c,826 :: 		
0x033B	0x33      	RLC A
;__Lib_MathDouble.c,827 :: 		
0x033C	0xEB      	MOV A, R3
;__Lib_MathDouble.c,828 :: 		
0x033D	0x33      	RLC A
;__Lib_MathDouble.c,829 :: 		
0x033E	0xFB      	MOV R3, A
;__Lib_MathDouble.c,830 :: 		
0x033F	0x5002    	JNC __Div_32x32_FP_l21
;__Lib_MathDouble.c,831 :: 		
0x0341	0xB2D5    	CPL F0_bit
;__Lib_MathDouble.c,832 :: 		
__Div_32x32_FP_l21:
;__Lib_MathDouble.c,833 :: 		
0x0343	0x22      	RET
;__Lib_MathDouble.c,835 :: 		
__Div_32x32_FP_l17:
;__Lib_MathDouble.c,836 :: 		
0x0344	0xEB      	MOV A, R3
;__Lib_MathDouble.c,837 :: 		
0x0345	0x30E710  	JNB 231, __Div_32x32_FP_l13
;__Lib_MathDouble.c,838 :: 		
0x0348	0x08      	INC R0
;__Lib_MathDouble.c,839 :: 		
0x0349	0xB8000C  	CJNE R0, 0, __Div_32x32_FP_l13
;__Lib_MathDouble.c,840 :: 		
0x034C	0x09      	INC R1
;__Lib_MathDouble.c,841 :: 		
0x034D	0xB90008  	CJNE R1, 0, __Div_32x32_FP_l13
;__Lib_MathDouble.c,842 :: 		
0x0350	0x0A      	INC R2
;__Lib_MathDouble.c,843 :: 		
0x0351	0xBA0004  	CJNE R2, 0, __Div_32x32_FP_l13
;__Lib_MathDouble.c,844 :: 		
0x0354	0x0C      	INC R4
;__Lib_MathDouble.c,845 :: 		
0x0355	0xEC      	MOV A, R4
;__Lib_MathDouble.c,846 :: 		
0x0356	0x60EC    	JZ __Div_32x32_FP_l17
;__Lib_MathDouble.c,848 :: 		
__Div_32x32_FP_l13:
;__Lib_MathDouble.c,849 :: 		
0x0358	0xA2D5    	MOV C, F0_bit
;__Lib_MathDouble.c,850 :: 		
0x035A	0xEC      	MOV A, R4
;__Lib_MathDouble.c,851 :: 		
0x035B	0x13      	RRC A
;__Lib_MathDouble.c,852 :: 		
0x035C	0xFB      	MOV R3, A
;__Lib_MathDouble.c,853 :: 		
0x035D	0xEA      	MOV A, R2
;__Lib_MathDouble.c,854 :: 		
0x035E	0x92E7    	MOV 231.B0, C
;__Lib_MathDouble.c,855 :: 		
0x0360	0xFA      	MOV R2, A
;__Lib_MathDouble.c,856 :: 		
0x0361	0x22      	RET
;__Lib_MathDouble.c,858 :: 		
__Div_32x32_FP_l3:
;__Lib_MathDouble.c,859 :: 		
0x0362	0x74FF    	MOV A, 255
;__Lib_MathDouble.c,861 :: 		
__Div_32x32_FP_l22:
;__Lib_MathDouble.c,862 :: 		
0x0364	0xFB      	MOV R3, A
;__Lib_MathDouble.c,863 :: 		
0x0365	0xFA      	MOV R2, A
;__Lib_MathDouble.c,865 :: 		
__Div_32x32_FP_l23:
;__Lib_MathDouble.c,866 :: 		
0x0366	0xF9      	MOV R1, A
;__Lib_MathDouble.c,867 :: 		
0x0367	0xF8      	MOV R0, A
;__Lib_MathDouble.c,868 :: 		
0x0368	0x22      	RET
;__Lib_MathDouble.c,870 :: 		
__Div_32x32_FP_l11:
;__Lib_MathDouble.c,871 :: 		
0x0369	0xE4      	CLR A
;__Lib_MathDouble.c,872 :: 		
0x036A	0x80F8    	SJMP __Div_32x32_FP_l22
;__Lib_MathDouble.c,874 :: 		
__Div_32x32_FP_l7:
;__Lib_MathDouble.c,875 :: 		
0x036C	0xA2D5    	MOV C, F0_bit
;__Lib_MathDouble.c,876 :: 		
0x036E	0x74FF    	MOV A, 255
;__Lib_MathDouble.c,877 :: 		
0x0370	0x13      	RRC A
;__Lib_MathDouble.c,878 :: 		
0x0371	0xFB      	MOV R3, A
;__Lib_MathDouble.c,879 :: 		
0x0372	0x7A80    	MOV R2, 128
;__Lib_MathDouble.c,880 :: 		
0x0374	0xE4      	CLR A
;__Lib_MathDouble.c,881 :: 		
0x0375	0x80EF    	SJMP __Div_32x32_FP_l23
;__Lib_MathDouble.c,883 :: 		
0x0377	0x22      	RET
; end of _Div_32x32_FP
_Mul_32x32_FP:
;__Lib_MathDouble.c,355 :: 		
;__Lib_MathDouble.c,357 :: 		
0x0378	0xEB      	MOV A, R3
;__Lib_MathDouble.c,358 :: 		
0x0379	0x4A      	ORL A, R2
;__Lib_MathDouble.c,359 :: 		
0x037A	0x6011    	JZ __Mul_32x32_FP_l1
;__Lib_MathDouble.c,360 :: 		
0x037C	0xEF      	MOV A, R7
;__Lib_MathDouble.c,361 :: 		
0x037D	0x4E      	ORL A, R6
;__Lib_MathDouble.c,362 :: 		
0x037E	0x7017    	JNZ __Mul_32x32_FP_l2
;__Lib_MathDouble.c,363 :: 		
0x0380	0xEA      	MOV A, R2
;__Lib_MathDouble.c,364 :: 		
0x0381	0x33      	RLC A
;__Lib_MathDouble.c,365 :: 		
0x0382	0xEB      	MOV A, R3
;__Lib_MathDouble.c,366 :: 		
0x0383	0x33      	RLC A
;__Lib_MathDouble.c,367 :: 		
0x0384	0x04      	INC A
;__Lib_MathDouble.c,368 :: 		
0x0385	0x600D    	JZ __Mul_32x32_FP_l3
;__Lib_MathDouble.c,369 :: 		
0x0387	0xE4      	CLR A
;__Lib_MathDouble.c,370 :: 		
0x0388	0xFB      	MOV R3, A
;__Lib_MathDouble.c,371 :: 		
0x0389	0xF8      	MOV R0, A
;__Lib_MathDouble.c,372 :: 		
0x038A	0xF9      	MOV R1, A
;__Lib_MathDouble.c,373 :: 		
0x038B	0xFA      	MOV R2, A
;__Lib_MathDouble.c,375 :: 		
__Mul_32x32_FP_ret:
;__Lib_MathDouble.c,376 :: 		
0x038C	0x22      	RET
;__Lib_MathDouble.c,378 :: 		
__Mul_32x32_FP_l1:
;__Lib_MathDouble.c,379 :: 		
0x038D	0xEE      	MOV A, R6
;__Lib_MathDouble.c,380 :: 		
0x038E	0x33      	RLC A
;__Lib_MathDouble.c,381 :: 		
0x038F	0xEF      	MOV A, R7
;__Lib_MathDouble.c,382 :: 		
0x0390	0x33      	RLC A
;__Lib_MathDouble.c,383 :: 		
0x0391	0x04      	INC A
;__Lib_MathDouble.c,384 :: 		
0x0392	0x70F8    	JNZ __Mul_32x32_FP_ret
;__Lib_MathDouble.c,386 :: 		
__Mul_32x32_FP_l3:
;__Lib_MathDouble.c,387 :: 		
0x0394	0x0204B1  	LJMP __Mul_32x32_FP_l4
;__Lib_MathDouble.c,389 :: 		
__Mul_32x32_FP_l2:
;__Lib_MathDouble.c,390 :: 		
0x0397	0x12047C  	LCALL __Mul_32x32_FP_l5
;__Lib_MathDouble.c,391 :: 		
0x039A	0x5F      	ANL A, R7
;__Lib_MathDouble.c,392 :: 		
0x039B	0x04      	INC A
;__Lib_MathDouble.c,393 :: 		
0x039C	0x6009    	JZ __Mul_32x32_FP_l6
;__Lib_MathDouble.c,394 :: 		
0x039E	0xE4      	CLR A
;__Lib_MathDouble.c,395 :: 		
0x039F	0xCB      	XCH A, R3
;__Lib_MathDouble.c,396 :: 		
0x03A0	0x2481    	ADD A, 129
;__Lib_MathDouble.c,397 :: 		
0x03A2	0x5006    	JNC __Mul_32x32_FP_l7
;__Lib_MathDouble.c,398 :: 		
0x03A4	0x2F      	ADD A, R7
;__Lib_MathDouble.c,399 :: 		
0x03A5	0x5009    	JNC __Mul_32x32_FP_l8
;__Lib_MathDouble.c,401 :: 		
__Mul_32x32_FP_l6:
;__Lib_MathDouble.c,402 :: 		
0x03A7	0x0204BB  	LJMP __Mul_32x32_FP_l9
;__Lib_MathDouble.c,404 :: 		
__Mul_32x32_FP_l7:
;__Lib_MathDouble.c,405 :: 		
0x03AA	0x2F      	ADD A, R7
;__Lib_MathDouble.c,406 :: 		
0x03AB	0x4003    	JC __Mul_32x32_FP_l8
;__Lib_MathDouble.c,407 :: 		
0x03AD	0x0204B8  	LJMP __Mul_32x32_FP_l10
;__Lib_MathDouble.c,409 :: 		
__Mul_32x32_FP_l8:
;__Lib_MathDouble.c,410 :: 		
0x03B0	0xC0E0    	PUSH ACC
;__Lib_MathDouble.c,411 :: 		
0x03B2	0xEC      	MOV A, R4
;__Lib_MathDouble.c,412 :: 		
0x03B3	0x4D      	ORL A, R5
;__Lib_MathDouble.c,413 :: 		
0x03B4	0x7044    	JNZ __Mul_32x32_FP_l11
;__Lib_MathDouble.c,414 :: 		
0x03B6	0xBE8006  	CJNE R6, 128, __Mul_32x32_FP_l12
;__Lib_MathDouble.c,416 :: 		
__Mul_32x32_FP_l16:
;__Lib_MathDouble.c,417 :: 		
0x03B9	0xD0E0    	POP ACC
;__Lib_MathDouble.c,418 :: 		
0x03BB	0xFC      	MOV R4, A
;__Lib_MathDouble.c,419 :: 		
0x03BC	0x0204A7  	LJMP __Mul_32x32_FP_l13
;__Lib_MathDouble.c,421 :: 		
__Mul_32x32_FP_l12:
;__Lib_MathDouble.c,422 :: 		
0x03BF	0xE8      	MOV A, R0
;__Lib_MathDouble.c,423 :: 		
0x03C0	0x49      	ORL A, R1
;__Lib_MathDouble.c,424 :: 		
0x03C1	0x701C    	JNZ __Mul_32x32_FP_l14
;__Lib_MathDouble.c,425 :: 		
0x03C3	0xBA8008  	CJNE R2, 128, __Mul_32x32_FP_l15
;__Lib_MathDouble.c,427 :: 		
__Mul_32x32_FP_l20:
;__Lib_MathDouble.c,428 :: 		
0x03C6	0xEC      	MOV A, R4
;__Lib_MathDouble.c,429 :: 		
0x03C7	0xF8      	MOV R0, A
;__Lib_MathDouble.c,430 :: 		
0x03C8	0xED      	MOV A, R5
;__Lib_MathDouble.c,431 :: 		
0x03C9	0xF9      	MOV R1, A
;__Lib_MathDouble.c,432 :: 		
0x03CA	0xEE      	MOV A, R6
;__Lib_MathDouble.c,433 :: 		
0x03CB	0xFA      	MOV R2, A
;__Lib_MathDouble.c,434 :: 		
0x03CC	0x80EB    	SJMP __Mul_32x32_FP_l16
;__Lib_MathDouble.c,436 :: 		
__Mul_32x32_FP_l15:
;__Lib_MathDouble.c,437 :: 		
0x03CE	0xEE      	MOV A, R6
;__Lib_MathDouble.c,438 :: 		
0x03CF	0x8AF0    	MOV B, R2
;__Lib_MathDouble.c,439 :: 		
0x03D1	0xA4      	MUL AB
;__Lib_MathDouble.c,440 :: 		
0x03D2	0xF9      	MOV R1, A
;__Lib_MathDouble.c,441 :: 		
0x03D3	0xE5F0    	MOV A, B
;__Lib_MathDouble.c,442 :: 		
0x03D5	0x020461  	LJMP __Mul_32x32_FP_l17
;__Lib_MathDouble.c,444 :: 		
__Mul_32x32_FP_l19:
;__Lib_MathDouble.c,445 :: 		
0x03D8	0xEE      	MOV A, R6
;__Lib_MathDouble.c,446 :: 		
0x03D9	0xCA      	XCH A, R2
;__Lib_MathDouble.c,447 :: 		
0x03DA	0xFE      	MOV R6, A
;__Lib_MathDouble.c,448 :: 		
0x03DB	0xED      	MOV A, R5
;__Lib_MathDouble.c,449 :: 		
0x03DC	0xF9      	MOV R1, A
;__Lib_MathDouble.c,450 :: 		
0x03DD	0xEC      	MOV A, R4
;__Lib_MathDouble.c,451 :: 		
0x03DE	0xF8      	MOV R0, A
;__Lib_MathDouble.c,453 :: 		
__Mul_32x32_FP_l14:
;__Lib_MathDouble.c,454 :: 		
0x03DF	0xE8      	MOV A, R0
;__Lib_MathDouble.c,455 :: 		
0x03E0	0x8EF0    	MOV B, R6
;__Lib_MathDouble.c,456 :: 		
0x03E2	0xA4      	MUL AB
;__Lib_MathDouble.c,457 :: 		
0x03E3	0xFB      	MOV R3, A
;__Lib_MathDouble.c,458 :: 		
0x03E4	0xE5F0    	MOV A, B
;__Lib_MathDouble.c,459 :: 		
0x03E6	0xC9      	XCH A, R1
;__Lib_MathDouble.c,460 :: 		
0x03E7	0x8EF0    	MOV B, R6
;__Lib_MathDouble.c,461 :: 		
0x03E9	0xA4      	MUL AB
;__Lib_MathDouble.c,462 :: 		
0x03EA	0x29      	ADD A, R1
;__Lib_MathDouble.c,463 :: 		
0x03EB	0xF8      	MOV R0, A
;__Lib_MathDouble.c,464 :: 		
0x03EC	0xE4      	CLR A
;__Lib_MathDouble.c,465 :: 		
0x03ED	0x35F0    	ADDC A, B
;__Lib_MathDouble.c,466 :: 		
0x03EF	0xCA      	XCH A, R2
;__Lib_MathDouble.c,467 :: 		
0x03F0	0x8EF0    	MOV B, R6
;__Lib_MathDouble.c,468 :: 		
0x03F2	0xA4      	MUL AB
;__Lib_MathDouble.c,469 :: 		
0x03F3	0x2A      	ADD A, R2
;__Lib_MathDouble.c,470 :: 		
0x03F4	0xF9      	MOV R1, A
;__Lib_MathDouble.c,471 :: 		
0x03F5	0xE4      	CLR A
;__Lib_MathDouble.c,472 :: 		
0x03F6	0x35F0    	ADDC A, B
;__Lib_MathDouble.c,473 :: 		
0x03F8	0x8067    	SJMP __Mul_32x32_FP_l17
;__Lib_MathDouble.c,475 :: 		
__Mul_32x32_FP_l11:
;__Lib_MathDouble.c,476 :: 		
0x03FA	0xE8      	MOV A, R0
;__Lib_MathDouble.c,477 :: 		
0x03FB	0x49      	ORL A, R1
;__Lib_MathDouble.c,478 :: 		
0x03FC	0x7005    	JNZ __Mul_32x32_FP_l18
;__Lib_MathDouble.c,479 :: 		
0x03FE	0xBA80D7  	CJNE R2, 128, __Mul_32x32_FP_l19
;__Lib_MathDouble.c,480 :: 		
0x0401	0x80C3    	SJMP __Mul_32x32_FP_l20
;__Lib_MathDouble.c,482 :: 		
__Mul_32x32_FP_l18:
;__Lib_MathDouble.c,483 :: 		
0x0403	0xE8      	MOV A, R0
;__Lib_MathDouble.c,484 :: 		
0x0404	0x8CF0    	MOV B, R4
;__Lib_MathDouble.c,485 :: 		
0x0406	0xA4      	MUL AB
;__Lib_MathDouble.c,486 :: 		
0x0407	0xABF0    	MOV R3, B
;__Lib_MathDouble.c,487 :: 		
0x0409	0xE9      	MOV A, R1
;__Lib_MathDouble.c,488 :: 		
0x040A	0x8CF0    	MOV B, R4
;__Lib_MathDouble.c,489 :: 		
0x040C	0xA4      	MUL AB
;__Lib_MathDouble.c,490 :: 		
0x040D	0x2B      	ADD A, R3
;__Lib_MathDouble.c,491 :: 		
0x040E	0xFB      	MOV R3, A
;__Lib_MathDouble.c,492 :: 		
0x040F	0xE4      	CLR A
;__Lib_MathDouble.c,493 :: 		
0x0410	0x35F0    	ADDC A, B
;__Lib_MathDouble.c,494 :: 		
0x0412	0xFF      	MOV R7, A
;__Lib_MathDouble.c,495 :: 		
0x0413	0xE8      	MOV A, R0
;__Lib_MathDouble.c,496 :: 		
0x0414	0x8DF0    	MOV B, R5
;__Lib_MathDouble.c,497 :: 		
0x0416	0xA4      	MUL AB
;__Lib_MathDouble.c,498 :: 		
0x0417	0x2B      	ADD A, R3
;__Lib_MathDouble.c,499 :: 		
0x0418	0xE5F0    	MOV A, B
;__Lib_MathDouble.c,500 :: 		
0x041A	0x3F      	ADDC A, R7
;__Lib_MathDouble.c,501 :: 		
0x041B	0xFB      	MOV R3, A
;__Lib_MathDouble.c,502 :: 		
0x041C	0xE4      	CLR A
;__Lib_MathDouble.c,503 :: 		
0x041D	0x33      	RLC A
;__Lib_MathDouble.c,504 :: 		
0x041E	0xCC      	XCH A, R4
;__Lib_MathDouble.c,505 :: 		
0x041F	0x8AF0    	MOV B, R2
;__Lib_MathDouble.c,506 :: 		
0x0421	0xA4      	MUL AB
;__Lib_MathDouble.c,507 :: 		
0x0422	0x2B      	ADD A, R3
;__Lib_MathDouble.c,508 :: 		
0x0423	0xFB      	MOV R3, A
;__Lib_MathDouble.c,509 :: 		
0x0424	0xE5F0    	MOV A, B
;__Lib_MathDouble.c,510 :: 		
0x0426	0x3C      	ADDC A, R4
;__Lib_MathDouble.c,511 :: 		
0x0427	0xFF      	MOV R7, A
;__Lib_MathDouble.c,512 :: 		
0x0428	0xE9      	MOV A, R1
;__Lib_MathDouble.c,513 :: 		
0x0429	0x8DF0    	MOV B, R5
;__Lib_MathDouble.c,514 :: 		
0x042B	0xA4      	MUL AB
;__Lib_MathDouble.c,515 :: 		
0x042C	0x2B      	ADD A, R3
;__Lib_MathDouble.c,516 :: 		
0x042D	0xFB      	MOV R3, A
;__Lib_MathDouble.c,517 :: 		
0x042E	0xE5F0    	MOV A, B
;__Lib_MathDouble.c,518 :: 		
0x0430	0x3F      	ADDC A, R7
;__Lib_MathDouble.c,519 :: 		
0x0431	0xFF      	MOV R7, A
;__Lib_MathDouble.c,520 :: 		
0x0432	0xE4      	CLR A
;__Lib_MathDouble.c,521 :: 		
0x0433	0x33      	RLC A
;__Lib_MathDouble.c,522 :: 		
0x0434	0xC8      	XCH A, R0
;__Lib_MathDouble.c,523 :: 		
0x0435	0x8EF0    	MOV B, R6
;__Lib_MathDouble.c,524 :: 		
0x0437	0xA4      	MUL AB
;__Lib_MathDouble.c,525 :: 		
0x0438	0x2B      	ADD A, R3
;__Lib_MathDouble.c,526 :: 		
0x0439	0xFB      	MOV R3, A
;__Lib_MathDouble.c,527 :: 		
0x043A	0xE5F0    	MOV A, B
;__Lib_MathDouble.c,528 :: 		
0x043C	0x3F      	ADDC A, R7
;__Lib_MathDouble.c,529 :: 		
0x043D	0xC8      	XCH A, R0
;__Lib_MathDouble.c,530 :: 		
0x043E	0x3400    	ADDC A, 0
;__Lib_MathDouble.c,531 :: 		
0x0440	0xC9      	XCH A, R1
;__Lib_MathDouble.c,532 :: 		
0x0441	0x8EF0    	MOV B, R6
;__Lib_MathDouble.c,533 :: 		
0x0443	0xA4      	MUL AB
;__Lib_MathDouble.c,534 :: 		
0x0444	0x28      	ADD A, R0
;__Lib_MathDouble.c,535 :: 		
0x0445	0xF8      	MOV R0, A
;__Lib_MathDouble.c,536 :: 		
0x0446	0xE5F0    	MOV A, B
;__Lib_MathDouble.c,537 :: 		
0x0448	0x39      	ADDC A, R1
;__Lib_MathDouble.c,538 :: 		
0x0449	0xF9      	MOV R1, A
;__Lib_MathDouble.c,539 :: 		
0x044A	0xE4      	CLR A
;__Lib_MathDouble.c,540 :: 		
0x044B	0x33      	RLC A
;__Lib_MathDouble.c,541 :: 		
0x044C	0xCE      	XCH A, R6
;__Lib_MathDouble.c,542 :: 		
0x044D	0x8AF0    	MOV B, R2
;__Lib_MathDouble.c,543 :: 		
0x044F	0xA4      	MUL AB
;__Lib_MathDouble.c,544 :: 		
0x0450	0x29      	ADD A, R1
;__Lib_MathDouble.c,545 :: 		
0x0451	0xF9      	MOV R1, A
;__Lib_MathDouble.c,546 :: 		
0x0452	0xE5F0    	MOV A, B
;__Lib_MathDouble.c,547 :: 		
0x0454	0x3E      	ADDC A, R6
;__Lib_MathDouble.c,548 :: 		
0x0455	0xCA      	XCH A, R2
;__Lib_MathDouble.c,549 :: 		
0x0456	0x8DF0    	MOV B, R5
;__Lib_MathDouble.c,550 :: 		
0x0458	0xA4      	MUL AB
;__Lib_MathDouble.c,551 :: 		
0x0459	0x28      	ADD A, R0
;__Lib_MathDouble.c,552 :: 		
0x045A	0xF8      	MOV R0, A
;__Lib_MathDouble.c,553 :: 		
0x045B	0xE5F0    	MOV A, B
;__Lib_MathDouble.c,554 :: 		
0x045D	0x39      	ADDC A, R1
;__Lib_MathDouble.c,555 :: 		
0x045E	0xF9      	MOV R1, A
;__Lib_MathDouble.c,556 :: 		
0x045F	0xE4      	CLR A
;__Lib_MathDouble.c,557 :: 		
0x0460	0x3A      	ADDC A, R2
;__Lib_MathDouble.c,559 :: 		
__Mul_32x32_FP_l17:
;__Lib_MathDouble.c,560 :: 		
0x0461	0xFA      	MOV R2, A
;__Lib_MathDouble.c,561 :: 		
0x0462	0x33      	RLC A
;__Lib_MathDouble.c,562 :: 		
0x0463	0xD0E0    	POP ACC
;__Lib_MathDouble.c,563 :: 		
0x0465	0xFC      	MOV R4, A
;__Lib_MathDouble.c,564 :: 		
0x0466	0x5006    	JNC __Mul_32x32_FP_l21
;__Lib_MathDouble.c,565 :: 		
0x0468	0x0C      	INC R4
;__Lib_MathDouble.c,566 :: 		
0x0469	0xBC000E  	CJNE R4, 0, __Mul_32x32_FP_l22
;__Lib_MathDouble.c,567 :: 		
0x046C	0x804D    	SJMP __Mul_32x32_FP_l9
;__Lib_MathDouble.c,569 :: 		
__Mul_32x32_FP_l21:
;__Lib_MathDouble.c,570 :: 		
0x046E	0xEB      	MOV A, R3
;__Lib_MathDouble.c,571 :: 		
0x046F	0x2B      	ADD A, R3
;__Lib_MathDouble.c,572 :: 		
0x0470	0xFB      	MOV R3, A
;__Lib_MathDouble.c,573 :: 		
0x0471	0xE8      	MOV A, R0
;__Lib_MathDouble.c,574 :: 		
0x0472	0x33      	RLC A
;__Lib_MathDouble.c,575 :: 		
0x0473	0xF8      	MOV R0, A
;__Lib_MathDouble.c,576 :: 		
0x0474	0xE9      	MOV A, R1
;__Lib_MathDouble.c,577 :: 		
0x0475	0x33      	RLC A
;__Lib_MathDouble.c,578 :: 		
0x0476	0xF9      	MOV R1, A
;__Lib_MathDouble.c,579 :: 		
0x0477	0xEA      	MOV A, R2
;__Lib_MathDouble.c,580 :: 		
0x0478	0x33      	RLC A
;__Lib_MathDouble.c,581 :: 		
0x0479	0xFA      	MOV R2, A
;__Lib_MathDouble.c,583 :: 		
__Mul_32x32_FP_l22:
;__Lib_MathDouble.c,584 :: 		
0x047A	0x8017    	SJMP __Mul_32x32_FP_l23
;__Lib_MathDouble.c,586 :: 		
__Mul_32x32_FP_l5:
;__Lib_MathDouble.c,587 :: 		
0x047C	0xEE      	MOV A, R6
;__Lib_MathDouble.c,588 :: 		
0x047D	0xD2E7    	SETB 231.B0
;__Lib_MathDouble.c,589 :: 		
0x047F	0xCE      	XCH A, R6
;__Lib_MathDouble.c,590 :: 		
0x0480	0x33      	RLC A
;__Lib_MathDouble.c,591 :: 		
0x0481	0xEF      	MOV A, R7
;__Lib_MathDouble.c,592 :: 		
0x0482	0x33      	RLC A
;__Lib_MathDouble.c,593 :: 		
0x0483	0xFF      	MOV R7, A
;__Lib_MathDouble.c,594 :: 		
0x0484	0x92D5    	MOV F0_bit, C
;__Lib_MathDouble.c,595 :: 		
0x0486	0xEA      	MOV A, R2
;__Lib_MathDouble.c,596 :: 		
0x0487	0xD2E7    	SETB 231.B0
;__Lib_MathDouble.c,597 :: 		
0x0489	0xCA      	XCH A, R2
;__Lib_MathDouble.c,598 :: 		
0x048A	0x33      	RLC A
;__Lib_MathDouble.c,599 :: 		
0x048B	0xEB      	MOV A, R3
;__Lib_MathDouble.c,600 :: 		
0x048C	0x33      	RLC A
;__Lib_MathDouble.c,601 :: 		
0x048D	0xFB      	MOV R3, A
;__Lib_MathDouble.c,602 :: 		
0x048E	0x5002    	JNC __Mul_32x32_FP_l24
;__Lib_MathDouble.c,603 :: 		
0x0490	0xB2D5    	CPL F0_bit
;__Lib_MathDouble.c,604 :: 		
__Mul_32x32_FP_l24:
;__Lib_MathDouble.c,605 :: 		
0x0492	0x22      	RET
;__Lib_MathDouble.c,607 :: 		
__Mul_32x32_FP_l23:
;__Lib_MathDouble.c,608 :: 		
0x0493	0xEB      	MOV A, R3
;__Lib_MathDouble.c,609 :: 		
0x0494	0x30E710  	JNB 231, __Mul_32x32_FP_l13
;__Lib_MathDouble.c,610 :: 		
0x0497	0x08      	INC R0
;__Lib_MathDouble.c,611 :: 		
0x0498	0xB8000C  	CJNE R0, 0, __Mul_32x32_FP_l13
;__Lib_MathDouble.c,612 :: 		
0x049B	0x09      	INC R1
;__Lib_MathDouble.c,613 :: 		
0x049C	0xB90008  	CJNE R1, 0, __Mul_32x32_FP_l13
;__Lib_MathDouble.c,614 :: 		
0x049F	0x0A      	INC R2
;__Lib_MathDouble.c,615 :: 		
0x04A0	0xBA0004  	CJNE R2, 0, __Mul_32x32_FP_l13
;__Lib_MathDouble.c,616 :: 		
0x04A3	0x0C      	INC R4
;__Lib_MathDouble.c,617 :: 		
0x04A4	0xEC      	MOV A, R4
;__Lib_MathDouble.c,618 :: 		
0x04A5	0x6014    	JZ __Mul_32x32_FP_l9
;__Lib_MathDouble.c,620 :: 		
__Mul_32x32_FP_l13:
;__Lib_MathDouble.c,621 :: 		
0x04A7	0xA2D5    	MOV C, F0_bit
;__Lib_MathDouble.c,622 :: 		
0x04A9	0xEC      	MOV A, R4
;__Lib_MathDouble.c,623 :: 		
0x04AA	0x13      	RRC A
;__Lib_MathDouble.c,624 :: 		
0x04AB	0xFB      	MOV R3, A
;__Lib_MathDouble.c,625 :: 		
0x04AC	0xEA      	MOV A, R2
;__Lib_MathDouble.c,626 :: 		
0x04AD	0x92E7    	MOV 231.B0, C
;__Lib_MathDouble.c,627 :: 		
0x04AF	0xFA      	MOV R2, A
;__Lib_MathDouble.c,628 :: 		
0x04B0	0x22      	RET
;__Lib_MathDouble.c,630 :: 		
__Mul_32x32_FP_l4:
;__Lib_MathDouble.c,631 :: 		
0x04B1	0x74FF    	MOV A, 255
;__Lib_MathDouble.c,633 :: 		
__Mul_32x32_FP_l25:
;__Lib_MathDouble.c,634 :: 		
0x04B3	0xFB      	MOV R3, A
;__Lib_MathDouble.c,635 :: 		
0x04B4	0xFA      	MOV R2, A
;__Lib_MathDouble.c,637 :: 		
__Mul_32x32_FP_l26:
;__Lib_MathDouble.c,638 :: 		
0x04B5	0xF9      	MOV R1, A
;__Lib_MathDouble.c,639 :: 		
0x04B6	0xF8      	MOV R0, A
;__Lib_MathDouble.c,640 :: 		
0x04B7	0x22      	RET
;__Lib_MathDouble.c,642 :: 		
__Mul_32x32_FP_l10:
;__Lib_MathDouble.c,643 :: 		
0x04B8	0xE4      	CLR A
;__Lib_MathDouble.c,644 :: 		
0x04B9	0x80F8    	SJMP __Mul_32x32_FP_l25
;__Lib_MathDouble.c,646 :: 		
__Mul_32x32_FP_l9:
;__Lib_MathDouble.c,647 :: 		
0x04BB	0xA2D5    	MOV C, F0_bit
;__Lib_MathDouble.c,648 :: 		
0x04BD	0x74FF    	MOV A, 255
;__Lib_MathDouble.c,649 :: 		
0x04BF	0x13      	RRC A
;__Lib_MathDouble.c,650 :: 		
0x04C0	0xFB      	MOV R3, A
;__Lib_MathDouble.c,651 :: 		
0x04C1	0x7A80    	MOV R2, 128
;__Lib_MathDouble.c,652 :: 		
0x04C3	0xE4      	CLR A
;__Lib_MathDouble.c,653 :: 		
0x04C4	0x80EF    	SJMP __Mul_32x32_FP_l26
;__Lib_MathDouble.c,655 :: 		
0x04C6	0x22      	RET
; end of _Mul_32x32_FP
_main:
0x04C7	0x758180  	MOV SP, #128
0x04CA	0x1205E6  	LCALL 1510
;adc_timer_interrupt.c,101 :: 		void main(void)
;adc_timer_interrupt.c,103 :: 		float t = 0;
;adc_timer_interrupt.c,105 :: 		Init_Device();
0x04CD	0x3143    	ACALL _Init_Device
;adc_timer_interrupt.c,107 :: 		while(1)
L_main7:
;adc_timer_interrupt.c,109 :: 		t = (adc_avg(0) * VDD_mv);
0x04CF	0x750800  	MOV FARG_adc_avg_channel, #0
0x04D2	0x512E    	ACALL _adc_avg
0x04D4	0x5185    	ACALL _Word2Double
0x04D6	0x7C00    	MOV R4, #0
0x04D8	0x7D40    	MOV R5, #64
0x04DA	0x7E4E    	MOV R6, #78
0x04DC	0x750745  	MOV R7, #69
0x04DF	0x7178    	ACALL _Mul_32x32_FP
;adc_timer_interrupt.c,110 :: 		t /= ADC_res;
0x04E1	0x7C00    	MOV R4, #0
0x04E3	0x7DC0    	MOV R5, #192
0x04E5	0x7E7F    	MOV R6, #127
0x04E7	0x750744  	MOV R7, #68
0x04EA	0x518C    	ACALL _Div_32x32_FP
;adc_timer_interrupt.c,111 :: 		value = (t / 0.3);
0x04EC	0x7C9A    	MOV R4, #154
0x04EE	0x7D99    	MOV R5, #153
0x04F0	0x7E99    	MOV R6, #153
0x04F2	0x75073E  	MOV R7, #62
0x04F5	0x518C    	ACALL _Div_32x32_FP
0x04F7	0x31EC    	ACALL _Double2Ints
0x04F9	0x850030  	MOV _value, 0
0x04FC	0x850131  	MOV _value+1, 1
;adc_timer_interrupt.c,112 :: 		delay_ms(100);
0x04FF	0x7D07    	MOV R5, 7
0x0501	0x7E37    	MOV R6, 55
0x0503	0x7FE2    	MOV R7, 226
0x0505	0xDFFE    	DJNZ R7, PC-2
0x0507	0xDEFC    	DJNZ R6, PC-4
0x0509	0xDDFA    	DJNZ R5, PC-6
0x050B	0x00      	NOP
;adc_timer_interrupt.c,113 :: 		};
0x050C	0x80C1    	SJMP L_main7
;adc_timer_interrupt.c,114 :: 		}
0x050E	0x80FE    	SJMP #254
; end of _main
_Timer_ISR:
0x0510	0xC000    	PUSH R0
0x0512	0xC001    	PUSH R1
0x0514	0xC002    	PUSH R2
0x0516	0xC004    	PUSH R4
0x0518	0xC005    	PUSH R5
0x051A	0xC007    	PUSH R7
0x051C	0xC0D0    	PUSH PSW
0x051E	0xC0E0    	PUSH ACC
0x0520	0xC0F0    	PUSH B
0x0522	0xC082    	PUSH DPL
0x0524	0xC083    	PUSH DPH
;adc_timer_interrupt.c,58 :: 		ics ICS_AUTO
;adc_timer_interrupt.c,60 :: 		switch(i)
0x0526	0xA188    	AJMP L_Timer_ISR0
;adc_timer_interrupt.c,62 :: 		case 0:
L_Timer_ISR2:
;adc_timer_interrupt.c,64 :: 		val = (value / 1000);
0x0528	0x7CE8    	MOV R4, #232
0x052A	0x7D03    	MOV R5, #3
0x052C	0xA830    	MOV R0, _value
0x052E	0xA931    	MOV R1, _value+1
0x0530	0x3197    	ACALL _Div_16x16_U
0x0532	0x850033  	MOV val, 0
;adc_timer_interrupt.c,65 :: 		pt = 0;
0x0535	0x753200  	MOV _pt, #0
;adc_timer_interrupt.c,66 :: 		break;
0x0538	0xA1A0    	AJMP L_Timer_ISR1
;adc_timer_interrupt.c,68 :: 		case 1:
L_Timer_ISR3:
;adc_timer_interrupt.c,70 :: 		val = ((value % 1000) / 100);
0x053A	0x7CE8    	MOV R4, #232
0x053C	0x7D03    	MOV R5, #3
0x053E	0xA830    	MOV R0, _value
0x0540	0xA931    	MOV R1, _value+1
0x0542	0x3197    	ACALL _Div_16x16_U
0x0544	0xA804    	MOV R0, R4
0x0546	0xA905    	MOV R1, R5
0x0548	0x7C64    	MOV R4, #100
0x054A	0x7D00    	MOV R5, #0
0x054C	0x3197    	ACALL _Div_16x16_U
0x054E	0x850033  	MOV val, 0
;adc_timer_interrupt.c,71 :: 		pt = 1;
0x0551	0x753201  	MOV _pt, #1
;adc_timer_interrupt.c,72 :: 		break;
0x0554	0x804A    	SJMP L_Timer_ISR1
;adc_timer_interrupt.c,74 :: 		case 2:
L_Timer_ISR4:
;adc_timer_interrupt.c,76 :: 		val = ((value % 100) / 10);
0x0556	0x7C64    	MOV R4, #100
0x0558	0x7D00    	MOV R5, #0
0x055A	0xA830    	MOV R0, _value
0x055C	0xA931    	MOV R1, _value+1
0x055E	0x3197    	ACALL _Div_16x16_U
0x0560	0xA804    	MOV R0, R4
0x0562	0xA905    	MOV R1, R5
0x0564	0x7C0A    	MOV R4, #10
0x0566	0x7D00    	MOV R5, #0
0x0568	0x3197    	ACALL _Div_16x16_U
0x056A	0x850033  	MOV val, 0
;adc_timer_interrupt.c,77 :: 		pt = 0;
0x056D	0x753200  	MOV _pt, #0
;adc_timer_interrupt.c,78 :: 		break;
0x0570	0x802E    	SJMP L_Timer_ISR1
;adc_timer_interrupt.c,80 :: 		case 3:
L_Timer_ISR5:
;adc_timer_interrupt.c,82 :: 		val = (value % 10);
0x0572	0x7C0A    	MOV R4, #10
0x0574	0x7D00    	MOV R5, #0
0x0576	0xA830    	MOV R0, _value
0x0578	0xA931    	MOV R1, _value+1
0x057A	0x3197    	ACALL _Div_16x16_U
0x057C	0xA804    	MOV R0, R4
0x057E	0xA905    	MOV R1, R5
0x0580	0x850033  	MOV val, 0
;adc_timer_interrupt.c,83 :: 		pt = 0;
0x0583	0x753200  	MOV _pt, #0
;adc_timer_interrupt.c,84 :: 		break;
0x0586	0x8018    	SJMP L_Timer_ISR1
;adc_timer_interrupt.c,86 :: 		}
L_Timer_ISR0:
0x0588	0xE534    	MOV A, _i
0x058A	0x7002    	JNZ #2
0x058C	0xA128    	AJMP L_Timer_ISR2
0x058E	0xE534    	MOV A, _i
0x0590	0x6401    	XRL A, #1
0x0592	0x60A6    	JZ L_Timer_ISR3
0x0594	0xE534    	MOV A, _i
0x0596	0x6402    	XRL A, #2
0x0598	0x60BC    	JZ L_Timer_ISR4
0x059A	0xE534    	MOV A, _i
0x059C	0x6403    	XRL A, #3
0x059E	0x60D2    	JZ L_Timer_ISR5
L_Timer_ISR1:
;adc_timer_interrupt.c,88 :: 		segment_write(val, i, pt);
0x05A0	0x85330E  	MOV FARG_segment_write_disp, val+0
0x05A3	0x85340F  	MOV FARG_segment_write_pos, _i+0
0x05A6	0x853210  	MOV FARG_segment_write_point, _pt+0
0x05A9	0x315A    	ACALL _segment_write
;adc_timer_interrupt.c,90 :: 		i++;
0x05AB	0x0534    	INC _i
;adc_timer_interrupt.c,92 :: 		if(i > 3)
0x05AD	0xD3      	SETB C
0x05AE	0xE534    	MOV A, _i
0x05B0	0x9403    	SUBB A, #3
0x05B2	0x4003    	JC L_Timer_ISR6
;adc_timer_interrupt.c,94 :: 		i = 0;
0x05B4	0x753400  	MOV _i, #0
;adc_timer_interrupt.c,95 :: 		}
L_Timer_ISR6:
;adc_timer_interrupt.c,97 :: 		TMR3CN &= 0x7F;
0x05B7	0x53917F  	ANL TMR3CN, #127
;adc_timer_interrupt.c,98 :: 		}
0x05BA	0xD083    	POP DPH
0x05BC	0xD082    	POP DPL
0x05BE	0xD0F0    	POP B
0x05C0	0xD0E0    	POP ACC
0x05C2	0xD0D0    	POP PSW
0x05C4	0xD007    	POP R7
0x05C6	0xD005    	POP R5
0x05C8	0xD004    	POP R4
0x05CA	0xD002    	POP R2
0x05CC	0xD001    	POP R1
0x05CE	0xD000    	POP R0
0x05D0	0x32      	RETI
; end of _Timer_ISR
0x05E6	0x7830    	MOV R0, 48
0x05E8	0x7905    	MOV R1, 5
0x05EA	0x7582DD  	MOV DPL, 221
0x05ED	0x758305  	MOV DPH, 5
0x05F0	0x120152  	LCALL 338
0x05F3	0x22      	RET
;adc_timer_interrupt.c,15 :: _segment_code
0x05D1	0xC0F9A4 ;_segment_code+0
0x05D4	0xB09992 ;_segment_code+3
0x05D7	0x82F880 ;_segment_code+6
0x05DA	0x907FBF ;_segment_code+9
; end of _segment_code
;adc_timer_interrupt.c,0 :: ?ICS_value
0x05DD	0x0000 ;?ICS_value+0
; end of ?ICS_value
;adc_timer_interrupt.c,0 :: ?ICS_pt
0x05DF	0x00 ;?ICS_pt+0
; end of ?ICS_pt
;adc_timer_interrupt.c,0 :: ?ICSval
0x05E0	0x00 ;?ICSval+0
; end of ?ICSval
;adc_timer_interrupt.c,0 :: ?ICS_i
0x05E1	0x00 ;?ICS_i+0
; end of ?ICS_i
;adc_timer_interrupt.c,32 :: _display_pos
0x05E2	0xF7FBFD ;_display_pos+0
0x05E5	0xFE ;_display_pos+3
; end of _display_pos
Symbol List:
//** Routines locations **
//ADDRESS    SIZE    PROCEDURE
//----------------------------------------------
0x0076      [13]    _ADC_Init
0x0083       [7]    _PCA_Init
0x008A       [4]    _Oscillator_Init
0x008E       [7]    _Interrupts_Init
0x0095      [57]    _level2Double
0x00CE      [16]    _Port_IO_Init
0x00DE      [51]    _write_74HC595
0x0111      [36]    _adc_read
0x0135      [10]    _Timer_Init
0x013F       [4]    _Voltage_Reference_Init
0x0143      [15]    _Init_Device
0x0152       [8]    ___CC2D
0x015A      [61]    _segment_write
0x0197      [85]    _Div_16x16_U
0x01EC      [66]    _Double2Ints
0x022E      [87]    _adc_avg
0x0285       [7]    _Word2Double
0x028C     [236]    _Div_32x32_FP
0x0378     [335]    _Mul_32x32_FP
0x04C7      [73]    _main
0x0510     [193]    _Timer_ISR
//** Variables locations ** 
//ADDRESS    SIZE    VARIABLE
//----------------------------------------------
0x0000       [1]    R0
0x0001       [1]    R1
0x0002       [1]    R2
0x0003       [1]    R3
0x0004       [1]    R4
0x0005       [1]    R5
0x0006       [1]    R6
0x0007       [1]    R7
0x0008       [1]    FARG_adc_avg_channel
0x0009       [2]    adc_avg_avg_value_L0
0x000B       [1]    adc_avg_samples_L0
0x000C       [2]    adc_read_ad_value_L0
0x000E       [1]    FARG_segment_write_disp
0x000F       [1]    FARG_segment_write_pos
0x0010       [1]    FARG_segment_write_point
0x0011       [1]    segment_write_write_value_L0
0x0012       [1]    FARG_write_74HC595_send_data
0x0013       [1]    write_74HC595_clks_L0
0x0030       [2]    _value
0x0032       [1]    _pt
0x0033       [1]    val
0x0034       [1]    _i
0x0081       [1]    SP
0x0082       [1]    DPL
0x0083       [1]    DPH
0x0090       [0]    P1_6_bit
0x0090       [0]    P1_7_bit
0x0090       [0]    P1_5_bit
0x0091       [1]    TMR3CN
0x0092       [1]    TMR3RLL
0x0093       [1]    TMR3RLH
0x00A5       [1]    P1MDOUT
0x00A8       [1]    IE
0x00BA       [1]    AMX0N
0x00BB       [1]    AMX0P
0x00BC       [1]    ADC0CF
0x00BD       [1]    ADC0L
0x00BE       [1]    ADC0H
0x00D0       [0]    OV_bit
0x00D0       [0]    F0_bit
0x00D0       [1]    PSW
0x00D1       [1]    REF0CN
0x00D4       [1]    P0SKIP
0x00D5       [1]    P1SKIP
0x00D9       [1]    PCA0MD
0x00E0       [1]    ACC
0x00E2       [1]    XBR1
0x00E3       [1]    OSCLCN
0x00E6       [1]    EIE1
0x00E8       [1]    ADC0CN
0x00E8       [0]    AD0INT_bit
0x00E8       [0]    AD0BUSY_bit
0x00F0       [1]    B
0x00F1       [1]    P0MDIN
//** Constants locations ** 
//ADDRESS    SIZE    CONSTANT
//----------------------------------------------
0x05D1      [12]    _segment_code
0x05DD       [2]    ?ICS_value
0x05DF       [1]    ?ICS_pt
0x05E0       [1]    ?ICSval
0x05E1       [1]    ?ICS_i
0x05E2       [4]    _display_pos
//** Label List: ** 
//----------------------------------------------
  L_Timer_ISR0
  L_Timer_ISR1
  L_Timer_ISR2
  L_Timer_ISR3
  L_Timer_ISR4
  L_Timer_ISR5
  L_Timer_ISR6
  L_main7
  L_main8
  L_write_74HC5959
  L_write_74HC59510
  L_write_74HC59511
  L_write_74HC59512
  L_segment_write13
  L_adc_avg14
  L_adc_avg15
  L_adc_avg16
  L_adc_avg17
  _Timer_ISR
  _main
  _PCA_Init
  _Timer_Init
  _Port_IO_Init
  _Oscillator_Init
  _Interrupts_Init
  _ADC_Init
  _Voltage_Reference_Init
  _Init_Device
  _write_74HC595
  L__write_74HC59518
  L__write_74HC59519
  _segment_write
  _adc_read
  _adc_avg
  L__adc_avg20
  L__adc_avg21
  __Add_32x32_FP_start
  __Add_32x32_FP_ripi_dugo
  __Add_32x32_FP_res_beskonacno
  __Add_32x32_FP_mant0
  __Add_32x32_FP_mant_ne_0
  __Add_32x32_FP_l1
  __Add_32x32_FP_l2
  __Add_32x32_FP_l3
  __Add_32x32_FP_l5
  __Add_32x32_FP_l4
  __Add_32x32_FP_l6
  __Add_32x32_FP_l7
  __Add_32x32_FP_l8
  __Add_32x32_FP_l9
  __Add_32x32_FP_l10
  __Add_32x32_FP_l11
  __Add_32x32_FP_l12
  __Add_32x32_FP_l13
  __Add_32x32_FP_l14
  __Add_32x32_FP_l15
  __Add_32x32_FP_l18
  __Add_32x32_FP_l16
  __Add_32x32_FP_l17
  __Add_32x32_FP_l19
  __Add_32x32_FP_l20
  __Add_32x32_FP_l21
  __Add_32x32_FP_l22
  __Add_32x32_FP_l23
  __Add_32x32_FP_l24
  __Mul_32x32_FP_l1
  __Mul_32x32_FP_l2
  __Mul_32x32_FP_l3
  __Mul_32x32_FP_ret
  __Mul_32x32_FP_l4
  __Mul_32x32_FP_l5
  __Mul_32x32_FP_l6
  __Mul_32x32_FP_l7
  __Mul_32x32_FP_l8
  __Mul_32x32_FP_l9
  __Mul_32x32_FP_l10
  __Mul_32x32_FP_l11
  __Mul_32x32_FP_l12
  __Mul_32x32_FP_l16
  __Mul_32x32_FP_l13
  __Mul_32x32_FP_l14
  __Mul_32x32_FP_l15
  __Mul_32x32_FP_l20
  __Mul_32x32_FP_l17
  __Mul_32x32_FP_l19
  __Mul_32x32_FP_l18
  __Mul_32x32_FP_l21
  __Mul_32x32_FP_l22
  __Mul_32x32_FP_l23
  __Mul_32x32_FP_l24
  __Mul_32x32_FP_l25
  __Mul_32x32_FP_l26
  __Div_32x32_FP_teska_prevara
  __Div_32x32_FP_l6
  __Div_32x32_FP_l7
  __Div_32x32_FP_l1
  __Div_32x32_FP_l2
  __Div_32x32_FP_l3
  __Div_32x32_FP_l4
  __Div_32x32_FP_l5
  __Div_32x32_FP_l8
  __Div_32x32_FP_l9
  __Div_32x32_FP_l10
  __Div_32x32_FP_l11
  __Div_32x32_FP_l12
  __Div_32x32_FP_l13
  __Div_32x32_FP_l20
  __Div_32x32_FP_l14
  __Div_32x32_FP_l19
  __Div_32x32_FP_l15
  __Div_32x32_FP_l16
  __Div_32x32_FP_l17
  __Div_32x32_FP_l18
  __Div_32x32_FP_l21
  __Div_32x32_FP_l22
  __Div_32x32_FP_l23
  __Double2Longword_l1
  __Double2Longword_l3
  __Double2Longword_l5
  __Double2Longword_l2
  __Double2Longword_l4
  __Byte2Double_long
  __Byte2Double_l1
  __Byte2Double_l2
  __Byte2Double_l3
  lab_cd_nnn090A
  lab_cd_090A
  lab_cd_08F4
  lab_cd_0924
  lab_cd_0923
  _Add_32x32_FP
  _Sub_32x32_FP
  _Mul_32x32_FP
  _Div_32x32_FP
  _Double2Ints
  _level2Double
  _Byte2Double
  _Int2Double
  _Word2Double
  _Long2Double
  _LongWord2Double
  _Compare_Double
  _CC2D_Loop1
  _CC2PD_Loop1
  _CC2XD_Loop1
  ___DoIFC
  ___CC2D
  ___CC2PD
  ___CC2XD
  L_Timer_ISR0
  L_Timer_ISR1
  L_Timer_ISR2
  L_Timer_ISR3
  L_Timer_ISR4
  L_Timer_ISR5
  L_Timer_ISR6
  L_main7
  L_main8
  L_write_74HC5959
  L_write_74HC59510
  L_write_74HC59511
  L_write_74HC59512
  L_segment_write13
  L_adc_avg14
  L_adc_avg15
  L_adc_avg16
  L_adc_avg17
  _Timer_ISR
  _main
  _PCA_Init
  _Timer_Init
  _Port_IO_Init
  _Oscillator_Init
  _Interrupts_Init
  _ADC_Init
  _Voltage_Reference_Init
  _Init_Device
  _write_74HC595
  L__write_74HC59518
  L__write_74HC59519
  _segment_write
  _adc_read
  _adc_avg
  L__adc_avg20
  L__adc_avg21
  lab_end
  loop_lab
  lab_end1
  lab_loop1
  lab_end2
  lab_loop3
  __Div_8x8_S_Bpositive
  __Div_8x8_S_Apositive
  __Div_8x8_S_Skip_Div
  __Div_8x8_S_div_ret
  __op2hi_not_zero
  __op1hi_not_zero
  __Div_16x16_U_Loop1
  __Div_16x16_U_Lab1
  __Div_16x16_U_div_ret
  __Div_16x16_U_Loop2
  __Div_16x16_U_Lab2
  __Div_16x16_U_Lab3
  __Div_16x16_S_op2hipositive
  __Div_16x16_S_op1hipositive
  __Div_16x16_S_Skip_Udiv
  __Div_16x16_S_div_ret
  __Div_32x32_U_start
  __Div_32x32_U_aux
  __Div_32x32_U_l2
  __Div_32x32_U_l1
  lw_1
  lw_2
  __Div_32x32_U_l3
  lw_3
  __Div_32x32_U_l4
  __Div_32x32_U_IR_l0
  __Div_32x32_U_l5
  __Div_32x32_U_l6
  __Div_32x32_U_l8
  __Div_32x32_U_l7
  __Div_32x32_U_IR_l1
  __Div_32x32_U_l10
  __Div_32x32_U_l9
  __Div_32x32_U_IR_l2
  __Div_32x32_S_l1
  __Div_32x32_S_call_uns
  __Div_32x32_S_l2
  __Div_32x32_S_l3
  __Div_32x32_S_div_ret
  __shl_long
  __shr_longint
  __shr_longword
  _Mul_16x16
  _Mul_32x32
  _Div_8x8_S
  _Div_16x16_U
  _Div_16x16_S
  _Div_32x32_U
  _Div_32x32_S
