;  LST file generated by mikroListExporter - v.2.0 
; Date/Time: 16-Jul-22 02:20:54 PM
;----------------------------------------------

;Address Opcode 	ASM
0x0000	0x020972  	LJMP 2418
0x0003	0x02091C  	LJMP 2332
0x0006	0x00      	NOP
0x0007	0x00      	NOP
0x0008	0x00      	NOP
0x0009	0x00      	NOP
0x000A	0x00      	NOP
0x000B	0x020000  	LJMP 0
0x000E	0x00      	NOP
0x000F	0x00      	NOP
0x0010	0x00      	NOP
0x0011	0x00      	NOP
0x0012	0x00      	NOP
0x0013	0x020000  	LJMP 0
0x0016	0x00      	NOP
0x0017	0x00      	NOP
0x0018	0x00      	NOP
0x0019	0x00      	NOP
0x001A	0x00      	NOP
0x001B	0x020000  	LJMP 0
0x001E	0x00      	NOP
0x001F	0x00      	NOP
0x0020	0x00      	NOP
0x0021	0x00      	NOP
0x0022	0x00      	NOP
0x0023	0x020000  	LJMP 0
0x0026	0x00      	NOP
0x0027	0x00      	NOP
0x0028	0x00      	NOP
0x0029	0x00      	NOP
0x002A	0x00      	NOP
0x002B	0x020000  	LJMP 0
0x002E	0x00      	NOP
0x002F	0x00      	NOP
0x0030	0x00      	NOP
0x0031	0x00      	NOP
0x0032	0x00      	NOP
0x0033	0x020000  	LJMP 0
0x0036	0x00      	NOP
0x0037	0x00      	NOP
0x0038	0x00      	NOP
0x0039	0x00      	NOP
0x003A	0x00      	NOP
0x003B	0x020000  	LJMP 0
0x003E	0x00      	NOP
0x003F	0x00      	NOP
0x0040	0x00      	NOP
0x0041	0x00      	NOP
0x0042	0x00      	NOP
0x0043	0x020000  	LJMP 0
0x0046	0x00      	NOP
0x0047	0x00      	NOP
0x0048	0x00      	NOP
0x0049	0x00      	NOP
0x004A	0x00      	NOP
0x004B	0x020000  	LJMP 0
0x004E	0x00      	NOP
0x004F	0x00      	NOP
0x0050	0x00      	NOP
0x0051	0x00      	NOP
0x0052	0x00      	NOP
0x0053	0x020000  	LJMP 0
0x0056	0x00      	NOP
0x0057	0x00      	NOP
0x0058	0x00      	NOP
0x0059	0x00      	NOP
0x005A	0x00      	NOP
0x005B	0x020000  	LJMP 0
0x005E	0x00      	NOP
0x005F	0x00      	NOP
0x0060	0x00      	NOP
0x0061	0x00      	NOP
0x0062	0x00      	NOP
0x0063	0x020000  	LJMP 0
0x0066	0x00      	NOP
0x0067	0x00      	NOP
0x0068	0x00      	NOP
0x0069	0x00      	NOP
0x006A	0x00      	NOP
0x006B	0x020000  	LJMP 0
0x006E	0x00      	NOP
0x006F	0x00      	NOP
0x0070	0x00      	NOP
0x0071	0x00      	NOP
0x0072	0x00      	NOP
0x0073	0x020000  	LJMP 0
_SW_I2C_ACK_NACK:
;sw_i2c.c,112 :: 		void SW_I2C_ACK_NACK(unsigned char mode)
;sw_i2c.c,114 :: 		SCL_LOW();
0x0076	0x53907F  	ANL P1, #127
;sw_i2c.c,115 :: 		SDA_DIR_OUT();
0x0079	0x43A540  	ORL P1MDOUT, #64
0x007C	0x43D440  	ORL P0SKIP, #64
;sw_i2c.c,117 :: 		switch(mode)
0x007F	0x800A    	SJMP L_SW_I2C_ACK_NACK32
;sw_i2c.c,119 :: 		case I2C_ACK:
L_SW_I2C_ACK_NACK34:
;sw_i2c.c,121 :: 		SDA_LOW();
0x0081	0x5390BF  	ANL P1, #191
;sw_i2c.c,122 :: 		break;
0x0084	0x800D    	SJMP L_SW_I2C_ACK_NACK33
;sw_i2c.c,124 :: 		default:
L_SW_I2C_ACK_NACK35:
;sw_i2c.c,126 :: 		SDA_HIGH();
0x0086	0x439040  	ORL P1, #64
;sw_i2c.c,127 :: 		break;
0x0089	0x8008    	SJMP L_SW_I2C_ACK_NACK33
;sw_i2c.c,129 :: 		}
L_SW_I2C_ACK_NACK32:
0x008B	0xE522    	MOV A, FARG_SW_I2C_ACK_NACK_mode
0x008D	0x64FF    	XRL A, #255
0x008F	0x60F0    	JZ L_SW_I2C_ACK_NACK34
0x0091	0x80F3    	SJMP L_SW_I2C_ACK_NACK35
L_SW_I2C_ACK_NACK33:
;sw_i2c.c,131 :: 		delay_us(20);
0x0093	0x7F51    	MOV R7, 81
0x0095	0xDFFE    	DJNZ R7, PC-2
0x0097	0x00      	NOP
;sw_i2c.c,132 :: 		SCL_HIGH();
0x0098	0x439080  	ORL P1, #128
;sw_i2c.c,133 :: 		delay_us(20);
0x009B	0x7F51    	MOV R7, 81
0x009D	0xDFFE    	DJNZ R7, PC-2
0x009F	0x00      	NOP
;sw_i2c.c,134 :: 		SCL_LOW();
0x00A0	0x53907F  	ANL P1, #127
;sw_i2c.c,135 :: 		}
0x00A3	0x22      	RET
; end of _SW_I2C_ACK_NACK
_SW_I2C_write:
;sw_i2c.c,81 :: 		void SW_I2C_write(unsigned char value)
;sw_i2c.c,83 :: 		unsigned char i = 8;
0x00A4	0x752308  	MOV SW_I2C_write_i_L0, #8
;sw_i2c.c,85 :: 		SDA_DIR_OUT();
0x00A7	0x43A540  	ORL P1MDOUT, #64
0x00AA	0x43D440  	ORL P0SKIP, #64
;sw_i2c.c,86 :: 		SCL_LOW();
0x00AD	0x53907F  	ANL P1, #127
;sw_i2c.c,88 :: 		while(i > 0)
L_SW_I2C_write25:
0x00B0	0xD3      	SETB C
0x00B1	0xE523    	MOV A, SW_I2C_write_i_L0
0x00B3	0x9400    	SUBB A, #0
0x00B5	0x4040    	JC L_SW_I2C_write26
;sw_i2c.c,91 :: 		if(((value & 0x80) >> 7) != 0x00)
0x00B7	0xE522    	MOV A, FARG_SW_I2C_write_value
0x00B9	0x5480    	ANL A, #128
0x00BB	0xFA      	MOV R2, A
0x00BC	0x7807    	MOV R0, #7
0x00BE	0xEA      	MOV A, R2
0x00BF	0x08      	INC R0
0x00C0	0x8002    	SJMP L__SW_I2C_write149
L__SW_I2C_write150:
0x00C2	0xC3      	CLR C
0x00C3	0x13      	RRC A
L__SW_I2C_write149:
0x00C4	0xD8FC    	DJNZ R0, L__SW_I2C_write150
0x00C6	0xF9      	MOV R1, A
0x00C7	0x6005    	JZ L_SW_I2C_write27
;sw_i2c.c,93 :: 		SDA_HIGH();
0x00C9	0x439040  	ORL P1, #64
;sw_i2c.c,94 :: 		}
0x00CC	0x8003    	SJMP L_SW_I2C_write28
L_SW_I2C_write27:
;sw_i2c.c,97 :: 		SDA_LOW();
0x00CE	0x5390BF  	ANL P1, #191
;sw_i2c.c,98 :: 		}
L_SW_I2C_write28:
;sw_i2c.c,101 :: 		value <<= 1;
0x00D1	0x7801    	MOV R0, #1
0x00D3	0xE522    	MOV A, FARG_SW_I2C_write_value
0x00D5	0x08      	INC R0
0x00D6	0x8002    	SJMP L__SW_I2C_write151
L__SW_I2C_write152:
0x00D8	0xC3      	CLR C
0x00D9	0x33      	RLC A
L__SW_I2C_write151:
0x00DA	0xD8FC    	DJNZ R0, L__SW_I2C_write152
0x00DC	0xF522    	MOV FARG_SW_I2C_write_value, A
;sw_i2c.c,102 :: 		delay_us(20);
0x00DE	0x7F51    	MOV R7, 81
0x00E0	0xDFFE    	DJNZ R7, PC-2
0x00E2	0x00      	NOP
;sw_i2c.c,103 :: 		SCL_HIGH();
0x00E3	0x439080  	ORL P1, #128
;sw_i2c.c,104 :: 		delay_us(20);
0x00E6	0x7F51    	MOV R7, 81
0x00E8	0xDFFE    	DJNZ R7, PC-2
0x00EA	0x00      	NOP
;sw_i2c.c,105 :: 		SCL_LOW();
0x00EB	0x53907F  	ANL P1, #127
;sw_i2c.c,106 :: 		delay_us(20);
0x00EE	0x7F51    	MOV R7, 81
0x00F0	0xDFFE    	DJNZ R7, PC-2
0x00F2	0x00      	NOP
;sw_i2c.c,107 :: 		i--;
0x00F3	0x1523    	DEC SW_I2C_write_i_L0
;sw_i2c.c,108 :: 		};
0x00F5	0x80B9    	SJMP L_SW_I2C_write25
L_SW_I2C_write26:
;sw_i2c.c,109 :: 		}
0x00F7	0x22      	RET
; end of _SW_I2C_write
_SW_I2C_start:
;sw_i2c.c,15 :: 		void SW_I2C_start(void)
;sw_i2c.c,17 :: 		SDA_DIR_OUT();
0x00F8	0x43A540  	ORL P1MDOUT, #64
0x00FB	0x43D440  	ORL P0SKIP, #64
;sw_i2c.c,18 :: 		SDA_HIGH();
0x00FE	0x439040  	ORL P1, #64
;sw_i2c.c,19 :: 		SCL_HIGH();
0x0101	0x439080  	ORL P1, #128
;sw_i2c.c,20 :: 		delay_us(40);
0x0104	0x7FA3    	MOV R7, 163
0x0106	0xDFFE    	DJNZ R7, PC-2
;sw_i2c.c,21 :: 		SDA_LOW();
0x0108	0x5390BF  	ANL P1, #191
;sw_i2c.c,22 :: 		delay_us(40);
0x010B	0x7FA3    	MOV R7, 163
0x010D	0xDFFE    	DJNZ R7, PC-2
;sw_i2c.c,23 :: 		SCL_LOW();
0x010F	0x53907F  	ANL P1, #127
;sw_i2c.c,24 :: 		}
0x0112	0x22      	RET
; end of _SW_I2C_start
_SW_I2C_stop:
;sw_i2c.c,27 :: 		void SW_I2C_stop(void)
;sw_i2c.c,29 :: 		SDA_DIR_OUT();
0x0113	0x43A540  	ORL P1MDOUT, #64
0x0116	0x43D440  	ORL P0SKIP, #64
;sw_i2c.c,30 :: 		SDA_LOW();
0x0119	0x5390BF  	ANL P1, #191
;sw_i2c.c,31 :: 		SCL_LOW();
0x011C	0x53907F  	ANL P1, #127
;sw_i2c.c,32 :: 		delay_us(40);
0x011F	0x7FA3    	MOV R7, 163
0x0121	0xDFFE    	DJNZ R7, PC-2
;sw_i2c.c,33 :: 		SDA_HIGH();
0x0123	0x439040  	ORL P1, #64
;sw_i2c.c,34 :: 		SCL_HIGH();
0x0126	0x439080  	ORL P1, #128
;sw_i2c.c,35 :: 		delay_us(40);
0x0129	0x7FA3    	MOV R7, 163
0x012B	0xDFFE    	DJNZ R7, PC-2
;sw_i2c.c,36 :: 		}
0x012D	0x22      	RET
; end of _SW_I2C_stop
_PCF8574_write:
;pcf8574.c,24 :: 		void PCF8574_write(unsigned char data_byte)
;pcf8574.c,26 :: 		SW_I2C_start();
0x012E	0x11F8    	ACALL _SW_I2C_start
;pcf8574.c,27 :: 		SW_I2C_write(PCF8574_write_cmd);
0x0130	0x75224E  	MOV FARG_SW_I2C_write_value, #78
0x0133	0x11A4    	ACALL _SW_I2C_write
;pcf8574.c,28 :: 		SW_I2C_ACK_NACK(I2C_ACK);
0x0135	0x7522FF  	MOV FARG_SW_I2C_ACK_NACK_mode, #255
0x0138	0x1176    	ACALL _SW_I2C_ACK_NACK
;pcf8574.c,29 :: 		SW_I2C_write(data_byte);
0x013A	0x852122  	MOV FARG_SW_I2C_write_value, FARG_PCF8574_write_data_byte+0
0x013D	0x11A4    	ACALL _SW_I2C_write
;pcf8574.c,30 :: 		SW_I2C_ACK_NACK(I2C_ACK);
0x013F	0x7522FF  	MOV FARG_SW_I2C_ACK_NACK_mode, #255
0x0142	0x1176    	ACALL _SW_I2C_ACK_NACK
;pcf8574.c,31 :: 		SW_I2C_stop();
0x0144	0x3113    	ACALL _SW_I2C_stop
;pcf8574.c,32 :: 		}
0x0146	0x22      	RET
; end of _PCF8574_write
_LCD_toggle_EN:
;lcd_2_wire.c,29 :: 		void LCD_toggle_EN(void)
;lcd_2_wire.c,31 :: 		data_value |= 0x04;
0x0147	0xE508    	MOV A, ir_rcv_data_value
0x0149	0x4404    	ORL A, #4
0x014B	0xF8      	MOV R0, A
0x014C	0x850008  	MOV ir_rcv_data_value, 0
;lcd_2_wire.c,32 :: 		PCF8574_write(data_value);
0x014F	0x850021  	MOV FARG_PCF8574_write_data_byte, 0
0x0152	0x312E    	ACALL _PCF8574_write
;lcd_2_wire.c,33 :: 		delay_ms(1);
0x0154	0x7E10    	MOV R6, 16
0x0156	0x7FE7    	MOV R7, 231
0x0158	0xDFFE    	DJNZ R7, PC-2
0x015A	0xDEFC    	DJNZ R6, PC-4
0x015C	0x00      	NOP
0x015D	0x00      	NOP
;lcd_2_wire.c,34 :: 		data_value &= 0xF9;
0x015E	0xE508    	MOV A, ir_rcv_data_value
0x0160	0x54F9    	ANL A, #249
0x0162	0xF8      	MOV R0, A
0x0163	0x850008  	MOV ir_rcv_data_value, 0
;lcd_2_wire.c,35 :: 		PCF8574_write(data_value);
0x0166	0x850021  	MOV FARG_PCF8574_write_data_byte, 0
0x0169	0x312E    	ACALL _PCF8574_write
;lcd_2_wire.c,36 :: 		delay_ms(1);
0x016B	0x7E10    	MOV R6, 16
0x016D	0x7FE7    	MOV R7, 231
0x016F	0xDFFE    	DJNZ R7, PC-2
0x0171	0xDEFC    	DJNZ R6, PC-4
0x0173	0x00      	NOP
0x0174	0x00      	NOP
;lcd_2_wire.c,37 :: 		}
0x0175	0x22      	RET
; end of _LCD_toggle_EN
_LCD_4bit_send:
;lcd_2_wire.c,76 :: 		void LCD_4bit_send(unsigned char lcd_data)
;lcd_2_wire.c,78 :: 		unsigned char temp = 0x00;
;lcd_2_wire.c,80 :: 		temp = (lcd_data & 0xF0);
0x0176	0xE520    	MOV A, FARG_LCD_4bit_send_lcd_data
0x0178	0x54F0    	ANL A, #240
0x017A	0xF9      	MOV R1, A
;lcd_2_wire.c,81 :: 		data_value &= 0x0F;
0x017B	0xE508    	MOV A, ir_rcv_data_value
0x017D	0x540F    	ANL A, #15
0x017F	0xF8      	MOV R0, A
0x0180	0x850008  	MOV ir_rcv_data_value, 0
;lcd_2_wire.c,82 :: 		data_value |= temp;
0x0183	0xE9      	MOV A, R1
0x0184	0x4200    	ORL R0, A
0x0186	0x850008  	MOV ir_rcv_data_value, 0
;lcd_2_wire.c,83 :: 		PCF8574_write(data_value);
0x0189	0x850021  	MOV FARG_PCF8574_write_data_byte, 0
0x018C	0x312E    	ACALL _PCF8574_write
;lcd_2_wire.c,84 :: 		LCD_toggle_EN();
0x018E	0x3147    	ACALL _LCD_toggle_EN
;lcd_2_wire.c,86 :: 		temp = (lcd_data & 0x0F);
0x0190	0xE520    	MOV A, FARG_LCD_4bit_send_lcd_data
0x0192	0x540F    	ANL A, #15
0x0194	0xFA      	MOV R2, A
;lcd_2_wire.c,87 :: 		temp <<= 0x04;
0x0195	0x7804    	MOV R0, #4
0x0197	0xEA      	MOV A, R2
0x0198	0x08      	INC R0
0x0199	0x8002    	SJMP L__LCD_4bit_send153
L__LCD_4bit_send154:
0x019B	0xC3      	CLR C
0x019C	0x33      	RLC A
L__LCD_4bit_send153:
0x019D	0xD8FC    	DJNZ R0, L__LCD_4bit_send154
0x019F	0xF9      	MOV R1, A
;lcd_2_wire.c,88 :: 		data_value &= 0x0F;
0x01A0	0xE508    	MOV A, ir_rcv_data_value
0x01A2	0x540F    	ANL A, #15
0x01A4	0xF8      	MOV R0, A
0x01A5	0x850008  	MOV ir_rcv_data_value, 0
;lcd_2_wire.c,89 :: 		data_value |= temp;
0x01A8	0xE9      	MOV A, R1
0x01A9	0x4200    	ORL R0, A
0x01AB	0x850008  	MOV ir_rcv_data_value, 0
;lcd_2_wire.c,90 :: 		PCF8574_write(data_value);
0x01AE	0x850021  	MOV FARG_PCF8574_write_data_byte, 0
0x01B1	0x312E    	ACALL _PCF8574_write
;lcd_2_wire.c,91 :: 		LCD_toggle_EN();
0x01B3	0x3147    	ACALL _LCD_toggle_EN
;lcd_2_wire.c,92 :: 		}
0x01B5	0x22      	RET
; end of _LCD_4bit_send
_LCD_send:
;lcd_2_wire.c,40 :: 		void LCD_send(unsigned char value, unsigned char mode)
;lcd_2_wire.c,42 :: 		switch(mode)
0x01B6	0x800A    	SJMP L_LCD_send42
;lcd_2_wire.c,44 :: 		case CMD:
L_LCD_send44:
;lcd_2_wire.c,46 :: 		data_value &= 0xF4;
0x01B8	0x5308F4  	ANL ir_rcv_data_value, #244
;lcd_2_wire.c,47 :: 		break;
0x01BB	0x800F    	SJMP L_LCD_send43
;lcd_2_wire.c,49 :: 		case DAT:
L_LCD_send45:
;lcd_2_wire.c,51 :: 		data_value |= 0x01;
0x01BD	0x430801  	ORL ir_rcv_data_value, #1
;lcd_2_wire.c,52 :: 		break;
0x01C0	0x800A    	SJMP L_LCD_send43
;lcd_2_wire.c,54 :: 		}
L_LCD_send42:
0x01C2	0xE51F    	MOV A, FARG_LCD_send_mode
0x01C4	0x60F2    	JZ L_LCD_send44
0x01C6	0xE51F    	MOV A, FARG_LCD_send_mode
0x01C8	0x6401    	XRL A, #1
0x01CA	0x60F1    	JZ L_LCD_send45
L_LCD_send43:
;lcd_2_wire.c,56 :: 		switch(bl_state)
0x01CC	0x800A    	SJMP L_LCD_send46
;lcd_2_wire.c,58 :: 		case BL_ON:
L_LCD_send48:
;lcd_2_wire.c,60 :: 		data_value |= 0x08;
0x01CE	0x430808  	ORL ir_rcv_data_value, #8
;lcd_2_wire.c,61 :: 		break;
0x01D1	0x800F    	SJMP L_LCD_send47
;lcd_2_wire.c,63 :: 		case BL_OFF:
L_LCD_send49:
;lcd_2_wire.c,65 :: 		data_value &= 0xF7;
0x01D3	0x5308F7  	ANL ir_rcv_data_value, #247
;lcd_2_wire.c,66 :: 		break;
0x01D6	0x800A    	SJMP L_LCD_send47
;lcd_2_wire.c,68 :: 		}
L_LCD_send46:
0x01D8	0xE509    	MOV A, ir_rcv_bl_state
0x01DA	0x6401    	XRL A, #1
0x01DC	0x60F0    	JZ L_LCD_send48
0x01DE	0xE509    	MOV A, ir_rcv_bl_state
0x01E0	0x60F1    	JZ L_LCD_send49
L_LCD_send47:
;lcd_2_wire.c,70 :: 		PCF8574_write(data_value);
0x01E2	0x850821  	MOV FARG_PCF8574_write_data_byte, ir_rcv_data_value+0
0x01E5	0x312E    	ACALL _PCF8574_write
;lcd_2_wire.c,71 :: 		LCD_4bit_send(value);
0x01E7	0x851E20  	MOV FARG_LCD_4bit_send_lcd_data, FARG_LCD_send_value+0
0x01EA	0x3176    	ACALL _LCD_4bit_send
;lcd_2_wire.c,72 :: 		delay_ms(1);
0x01EC	0x7E10    	MOV R6, 16
0x01EE	0x7FE7    	MOV R7, 231
0x01F0	0xDFFE    	DJNZ R7, PC-2
0x01F2	0xDEFC    	DJNZ R6, PC-4
0x01F4	0x00      	NOP
0x01F5	0x00      	NOP
;lcd_2_wire.c,73 :: 		}
0x01F6	0x22      	RET
; end of _LCD_send
_Div_32x32_U:
;__Lib_Math.c,437 :: 		
;__Lib_Math.c,440 :: 		
0x01F7	0x803C    	SJMP __Div_32x32_U_start
;__Lib_Math.c,442 :: 		
__Div_32x32_U_aux:
;__Lib_Math.c,443 :: 		
0x01F9	0x75F008  	MOV B, 8
;__Lib_Math.c,444 :: 		
0x01FC	0x758200  	MOV DPL, 0
;__Lib_Math.c,446 :: 		
__Div_32x32_U_l2:
;__Lib_Math.c,447 :: 		
0x01FF	0xE8      	MOV A, R0
;__Lib_Math.c,448 :: 		
0x0200	0x28      	ADD A, R0
;__Lib_Math.c,449 :: 		
0x0201	0xF8      	MOV R0, A
;__Lib_Math.c,450 :: 		
0x0202	0xE9      	MOV A, R1
;__Lib_Math.c,451 :: 		
0x0203	0x33      	RLC A
;__Lib_Math.c,452 :: 		
0x0204	0xF9      	MOV R1, A
;__Lib_Math.c,453 :: 		
0x0205	0xCA      	XCH A, R2
;__Lib_Math.c,454 :: 		
0x0206	0x33      	RLC A
;__Lib_Math.c,455 :: 		
0x0207	0xCA      	XCH A, R2
;__Lib_Math.c,456 :: 		
0x0208	0xCB      	XCH A, R3
;__Lib_Math.c,457 :: 		
0x0209	0x33      	RLC A
;__Lib_Math.c,458 :: 		
0x020A	0xCB      	XCH A, R3
;__Lib_Math.c,459 :: 		
0x020B	0xC582    	XCH A, DPL
;__Lib_Math.c,460 :: 		
0x020D	0x33      	RLC A
;__Lib_Math.c,461 :: 		
0x020E	0xC582    	XCH A, DPL
;__Lib_Math.c,462 :: 		
0x0210	0x9C      	SUBB A, R4
;__Lib_Math.c,463 :: 		
0x0211	0xEA      	MOV A, R2
;__Lib_Math.c,464 :: 		
0x0212	0x9D      	SUBB A, R5
;__Lib_Math.c,465 :: 		
0x0213	0xEB      	MOV A, R3
;__Lib_Math.c,466 :: 		
0x0214	0x9E      	SUBB A, R6
;__Lib_Math.c,467 :: 		
0x0215	0xE582    	MOV A, DPL
;__Lib_Math.c,468 :: 		
0x0217	0x9F      	SUBB A, R7
;__Lib_Math.c,469 :: 		
0x0218	0x400C    	JC __Div_32x32_U_l1
;__Lib_Math.c,470 :: 		
0x021A	0xF582    	MOV DPL, A
;__Lib_Math.c,471 :: 		
0x021C	0xE9      	MOV A, R1
;__Lib_Math.c,472 :: 		
0x021D	0x9C      	SUBB A, R4
;__Lib_Math.c,473 :: 		
0x021E	0xF9      	MOV R1, A
;__Lib_Math.c,474 :: 		
0x021F	0xEA      	MOV A, R2
;__Lib_Math.c,475 :: 		
0x0220	0x9D      	SUBB A, R5
;__Lib_Math.c,476 :: 		
0x0221	0xFA      	MOV R2, A
;__Lib_Math.c,477 :: 		
0x0222	0xEB      	MOV A, R3
;__Lib_Math.c,478 :: 		
0x0223	0x9E      	SUBB A, R6
;__Lib_Math.c,479 :: 		
0x0224	0xFB      	MOV R3, A
;__Lib_Math.c,480 :: 		
0x0225	0x08      	INC R0
;__Lib_Math.c,482 :: 		
__Div_32x32_U_l1:
;__Lib_Math.c,483 :: 		
0x0226	0xD5F0D6  	DJNZ B, __Div_32x32_U_l2
;__Lib_Math.c,484 :: 		
0x0229	0xE4      	CLR A
;__Lib_Math.c,485 :: 		
0x022A	0xC9      	XCH A, R1
;__Lib_Math.c,486 :: 		
0x022B	0xFC      	MOV R4, A
;__Lib_Math.c,487 :: 		
0x022C	0xE4      	CLR A
;__Lib_Math.c,488 :: 		
0x022D	0xCA      	XCH A, R2
;__Lib_Math.c,489 :: 		
0x022E	0xFD      	MOV R5, A
;__Lib_Math.c,490 :: 		
0x022F	0xE4      	CLR A
;__Lib_Math.c,491 :: 		
0x0230	0xCB      	XCH A, R3
;__Lib_Math.c,492 :: 		
0x0231	0xFE      	MOV R6, A
;__Lib_Math.c,493 :: 		
0x0232	0xAF82    	MOV R7, DPL
;__Lib_Math.c,494 :: 		
0x0234	0x22      	RET
;__Lib_Math.c,498 :: 		
__Div_32x32_U_start:
;__Lib_Math.c,500 :: 		
0x0235	0xEF      	MOV A, R7
;__Lib_Math.c,501 :: 		
0x0236	0x6002    	JZ lw_1
;__Lib_Math.c,502 :: 		
0x0238	0x80BF    	SJMP __Div_32x32_U_aux
;__Lib_Math.c,503 :: 		
lw_1:
;__Lib_Math.c,505 :: 		
0x023A	0xEE      	MOV A, R6
;__Lib_Math.c,506 :: 		
0x023B	0x6002    	JZ lw_2
;__Lib_Math.c,507 :: 		
0x023D	0x805B    	SJMP __Div_32x32_U_l3
;__Lib_Math.c,508 :: 		
lw_2:
;__Lib_Math.c,510 :: 		
0x023F	0xED      	MOV A, R5
;__Lib_Math.c,511 :: 		
0x0240	0x6002    	JZ lw_3
;__Lib_Math.c,512 :: 		
0x0242	0x802D    	SJMP __Div_32x32_U_l4
;__Lib_Math.c,513 :: 		
lw_3:
;__Lib_Math.c,514 :: 		
0x0244	0xEB      	MOV A, R3
;__Lib_Math.c,515 :: 		
0x0245	0x8CF0    	MOV B, R4
;__Lib_Math.c,516 :: 		
0x0247	0x84      	DIV AB
;__Lib_Math.c,517 :: 		
0x0248	0xC8      	XCH A, R0
;__Lib_Math.c,518 :: 		
0x0249	0xC9      	XCH A, R1
;__Lib_Math.c,519 :: 		
0x024A	0xCA      	XCH A, R2
;__Lib_Math.c,520 :: 		
0x024B	0xFB      	MOV R3, A
;__Lib_Math.c,521 :: 		
0x024C	0xE5F0    	MOV A, B
;__Lib_Math.c,522 :: 		
0x024E	0xCC      	XCH A, R4
;__Lib_Math.c,523 :: 		
0x024F	0xFE      	MOV R6, A
;__Lib_Math.c,524 :: 		
0x0250	0x7F18    	MOV R7, 24
;__Lib_Math.c,525 :: 		
__Div_32x32_U_IR_l0:
;__Lib_Math.c,526 :: 		
0x0252	0xE8      	MOV A, R0
;__Lib_Math.c,527 :: 		
0x0253	0x28      	ADD A, R0
;__Lib_Math.c,528 :: 		
0x0254	0xF8      	MOV R0, A
;__Lib_Math.c,529 :: 		
0x0255	0xE9      	MOV A, R1
;__Lib_Math.c,530 :: 		
0x0256	0x33      	RLC A
;__Lib_Math.c,531 :: 		
0x0257	0xF9      	MOV R1, A
;__Lib_Math.c,532 :: 		
0x0258	0xEA      	MOV A, R2
;__Lib_Math.c,533 :: 		
0x0259	0x33      	RLC A
;__Lib_Math.c,534 :: 		
0x025A	0xFA      	MOV R2, A
;__Lib_Math.c,535 :: 		
0x025B	0xEB      	MOV A, R3
;__Lib_Math.c,536 :: 		
0x025C	0x33      	RLC A
;__Lib_Math.c,537 :: 		
0x025D	0xFB      	MOV R3, A
;__Lib_Math.c,538 :: 		
0x025E	0xEC      	MOV A, R4
;__Lib_Math.c,539 :: 		
0x025F	0x33      	RLC A
;__Lib_Math.c,540 :: 		
0x0260	0xFC      	MOV R4, A
;__Lib_Math.c,541 :: 		
0x0261	0x10D703  	JBC CY_bit, __Div_32x32_U_l5
;__Lib_Math.c,542 :: 		
0x0264	0x9E      	SUBB A, R6
;__Lib_Math.c,543 :: 		
0x0265	0x4004    	JC __Div_32x32_U_l6
;__Lib_Math.c,545 :: 		
__Div_32x32_U_l5:
;__Lib_Math.c,546 :: 		
0x0267	0xEC      	MOV A, R4
;__Lib_Math.c,547 :: 		
0x0268	0x9E      	SUBB A, R6
;__Lib_Math.c,548 :: 		
0x0269	0xFC      	MOV R4, A
;__Lib_Math.c,549 :: 		
0x026A	0x08      	INC R0
;__Lib_Math.c,551 :: 		
__Div_32x32_U_l6:
;__Lib_Math.c,552 :: 		
0x026B	0xDFE5    	DJNZ R7, __Div_32x32_U_IR_l0
;__Lib_Math.c,553 :: 		
0x026D	0xE4      	CLR A
;__Lib_Math.c,554 :: 		
0x026E	0xFE      	MOV R6, A
;__Lib_Math.c,555 :: 		
0x026F	0xFD      	MOV R5, A
;__Lib_Math.c,556 :: 		
0x0270	0x22      	RET
;__Lib_Math.c,558 :: 		
__Div_32x32_U_l4:
;__Lib_Math.c,559 :: 		
0x0271	0x7F18    	MOV R7, 24
;__Lib_Math.c,561 :: 		
__Div_32x32_U_l8:
;__Lib_Math.c,562 :: 		
0x0273	0xE8      	MOV A, R0
;__Lib_Math.c,563 :: 		
0x0274	0x28      	ADD A, R0
;__Lib_Math.c,564 :: 		
0x0275	0xF8      	MOV R0, A
;__Lib_Math.c,565 :: 		
0x0276	0xE9      	MOV A, R1
;__Lib_Math.c,566 :: 		
0x0277	0x33      	RLC A
;__Lib_Math.c,567 :: 		
0x0278	0xF9      	MOV R1, A
;__Lib_Math.c,568 :: 		
0x0279	0xEA      	MOV A, R2
;__Lib_Math.c,569 :: 		
0x027A	0x33      	RLC A
;__Lib_Math.c,570 :: 		
0x027B	0xFA      	MOV R2, A
;__Lib_Math.c,571 :: 		
0x027C	0xEB      	MOV A, R3
;__Lib_Math.c,572 :: 		
0x027D	0x33      	RLC A
;__Lib_Math.c,573 :: 		
0x027E	0xFB      	MOV R3, A
;__Lib_Math.c,574 :: 		
0x027F	0xCE      	XCH A, R6
;__Lib_Math.c,575 :: 		
0x0280	0x33      	RLC A
;__Lib_Math.c,576 :: 		
0x0281	0xCE      	XCH A, R6
;__Lib_Math.c,577 :: 		
0x0282	0x10D705  	JBC CY_bit, __Div_32x32_U_l7
;__Lib_Math.c,578 :: 		
0x0285	0x9C      	SUBB A, R4
;__Lib_Math.c,579 :: 		
0x0286	0xEE      	MOV A, R6
;__Lib_Math.c,580 :: 		
0x0287	0x9D      	SUBB A, R5
;__Lib_Math.c,581 :: 		
0x0288	0x4007    	JC __Div_32x32_U_IR_l1
;__Lib_Math.c,583 :: 		
__Div_32x32_U_l7:
;__Lib_Math.c,584 :: 		
0x028A	0xEB      	MOV A, R3
;__Lib_Math.c,585 :: 		
0x028B	0x9C      	SUBB A, R4
;__Lib_Math.c,586 :: 		
0x028C	0xFB      	MOV R3, A
;__Lib_Math.c,587 :: 		
0x028D	0xEE      	MOV A, R6
;__Lib_Math.c,588 :: 		
0x028E	0x9D      	SUBB A, R5
;__Lib_Math.c,589 :: 		
0x028F	0xFE      	MOV R6, A
;__Lib_Math.c,590 :: 		
0x0290	0x08      	INC R0
;__Lib_Math.c,591 :: 		
__Div_32x32_U_IR_l1:
;__Lib_Math.c,592 :: 		
0x0291	0xDFE0    	DJNZ R7, __Div_32x32_U_l8
;__Lib_Math.c,593 :: 		
0x0293	0xE4      	CLR A
;__Lib_Math.c,594 :: 		
0x0294	0xCE      	XCH A, R6
;__Lib_Math.c,595 :: 		
0x0295	0xFD      	MOV R5, A
;__Lib_Math.c,596 :: 		
0x0296	0xE4      	CLR A
;__Lib_Math.c,597 :: 		
0x0297	0xCB      	XCH A, R3
;__Lib_Math.c,598 :: 		
0x0298	0xFC      	MOV R4, A
;__Lib_Math.c,599 :: 		
0x0299	0x22      	RET
;__Lib_Math.c,601 :: 		
__Div_32x32_U_l3:
;__Lib_Math.c,602 :: 		
0x029A	0x75F010  	MOV B, 16
;__Lib_Math.c,604 :: 		
__Div_32x32_U_l10:
;__Lib_Math.c,605 :: 		
0x029D	0xE8      	MOV A, R0
;__Lib_Math.c,606 :: 		
0x029E	0x28      	ADD A, R0
;__Lib_Math.c,607 :: 		
0x029F	0xF8      	MOV R0, A
;__Lib_Math.c,608 :: 		
0x02A0	0xE9      	MOV A, R1
;__Lib_Math.c,609 :: 		
0x02A1	0x33      	RLC A
;__Lib_Math.c,610 :: 		
0x02A2	0xF9      	MOV R1, A
;__Lib_Math.c,611 :: 		
0x02A3	0xEA      	MOV A, R2
;__Lib_Math.c,612 :: 		
0x02A4	0x33      	RLC A
;__Lib_Math.c,613 :: 		
0x02A5	0xFA      	MOV R2, A
;__Lib_Math.c,614 :: 		
0x02A6	0xCB      	XCH A, R3
;__Lib_Math.c,615 :: 		
0x02A7	0x33      	RLC A
;__Lib_Math.c,616 :: 		
0x02A8	0xCB      	XCH A, R3
;__Lib_Math.c,617 :: 		
0x02A9	0xCF      	XCH A, R7
;__Lib_Math.c,618 :: 		
0x02AA	0x33      	RLC A
;__Lib_Math.c,619 :: 		
0x02AB	0xCF      	XCH A, R7
;__Lib_Math.c,620 :: 		
0x02AC	0x10D707  	JBC CY_bit, __Div_32x32_U_l9
;__Lib_Math.c,621 :: 		
0x02AF	0x9C      	SUBB A, R4
;__Lib_Math.c,622 :: 		
0x02B0	0xEB      	MOV A, R3
;__Lib_Math.c,623 :: 		
0x02B1	0x9D      	SUBB A, R5
;__Lib_Math.c,624 :: 		
0x02B2	0xEF      	MOV A, R7
;__Lib_Math.c,625 :: 		
0x02B3	0x9E      	SUBB A, R6
;__Lib_Math.c,626 :: 		
0x02B4	0x400A    	JC __Div_32x32_U_IR_l2
;__Lib_Math.c,628 :: 		
__Div_32x32_U_l9:
;__Lib_Math.c,629 :: 		
0x02B6	0xEA      	MOV A, R2
;__Lib_Math.c,630 :: 		
0x02B7	0x9C      	SUBB A, R4
;__Lib_Math.c,631 :: 		
0x02B8	0xFA      	MOV R2, A
;__Lib_Math.c,632 :: 		
0x02B9	0xEB      	MOV A, R3
;__Lib_Math.c,633 :: 		
0x02BA	0x9D      	SUBB A, R5
;__Lib_Math.c,634 :: 		
0x02BB	0xFB      	MOV R3, A
;__Lib_Math.c,635 :: 		
0x02BC	0xEF      	MOV A, R7
;__Lib_Math.c,636 :: 		
0x02BD	0x9E      	SUBB A, R6
;__Lib_Math.c,637 :: 		
0x02BE	0xFF      	MOV R7, A
;__Lib_Math.c,638 :: 		
0x02BF	0x08      	INC R0
;__Lib_Math.c,639 :: 		
__Div_32x32_U_IR_l2:
;__Lib_Math.c,640 :: 		
0x02C0	0xD5F0DA  	DJNZ B, __Div_32x32_U_l10
;__Lib_Math.c,641 :: 		
0x02C3	0xE4      	CLR A
;__Lib_Math.c,642 :: 		
0x02C4	0xCA      	XCH A, R2
;__Lib_Math.c,643 :: 		
0x02C5	0xFC      	MOV R4, A
;__Lib_Math.c,644 :: 		
0x02C6	0xE4      	CLR A
;__Lib_Math.c,645 :: 		
0x02C7	0xCB      	XCH A, R3
;__Lib_Math.c,646 :: 		
0x02C8	0xFD      	MOV R5, A
;__Lib_Math.c,647 :: 		
0x02C9	0xE4      	CLR A
;__Lib_Math.c,648 :: 		
0x02CA	0xCF      	XCH A, R7
;__Lib_Math.c,649 :: 		
0x02CB	0xFE      	MOV R6, A
;__Lib_Math.c,651 :: 		
0x02CC	0x22      	RET
; end of _Div_32x32_U
_SW_I2C_init:
;sw_i2c.c,4 :: 		void SW_I2C_init(void)
;sw_i2c.c,6 :: 		XBR1 = 0x40;
0x02CD	0x75E240  	MOV XBR1, #64
;sw_i2c.c,7 :: 		SDA_DIR_OUT();
0x02D0	0x43A540  	ORL P1MDOUT, #64
0x02D3	0x43D440  	ORL P0SKIP, #64
;sw_i2c.c,8 :: 		SCL_DIR_OUT();
0x02D6	0x43A580  	ORL P1MDOUT, #128
0x02D9	0x43D480  	ORL P0SKIP, #128
;sw_i2c.c,9 :: 		delay_us(100);
0x02DC	0x7E02    	MOV R6, 2
0x02DE	0x7F96    	MOV R7, 150
0x02E0	0xDFFE    	DJNZ R7, PC-2
0x02E2	0xDEFC    	DJNZ R6, PC-4
;sw_i2c.c,10 :: 		SDA_HIGH();
0x02E4	0x439040  	ORL P1, #64
;sw_i2c.c,11 :: 		SCL_HIGH();
0x02E7	0x439080  	ORL P1, #128
;sw_i2c.c,12 :: 		}
0x02EA	0x22      	RET
; end of _SW_I2C_init
_LCD_putchar:
;lcd_2_wire.c,104 :: 		void LCD_putchar(char char_data)
;lcd_2_wire.c,106 :: 		if((char_data >= 0x20) && (char_data <= 0x7F))
0x02EB	0xC3      	CLR C
0x02EC	0xE51D    	MOV A, FARG_LCD_putchar_char_data
0x02EE	0x9420    	SUBB A, #32
0x02F0	0x400F    	JC L_LCD_putchar55
0x02F2	0xD3      	SETB C
0x02F3	0xE51D    	MOV A, FARG_LCD_putchar_char_data
0x02F5	0x947F    	SUBB A, #127
0x02F7	0x5008    	JNC L_LCD_putchar55
L__LCD_putchar133:
;lcd_2_wire.c,108 :: 		LCD_send(char_data, DAT);
0x02F9	0x851D1E  	MOV FARG_LCD_send_value, FARG_LCD_putchar_char_data+0
0x02FC	0x751F01  	MOV FARG_LCD_send_mode, #1
0x02FF	0x31B6    	ACALL _LCD_send
;lcd_2_wire.c,109 :: 		}
L_LCD_putchar55:
;lcd_2_wire.c,110 :: 		}
0x0301	0x22      	RET
; end of _LCD_putchar
_LCD_putstr:
;lcd_2_wire.c,95 :: 		void LCD_putstr(char *lcd_string)
;lcd_2_wire.c,97 :: 		do
L_LCD_putstr50:
;lcd_2_wire.c,99 :: 		LCD_putchar(*lcd_string++);
0x0302	0xA81A    	MOV R0, FARG_LCD_putstr_lcd_string
0x0304	0x861D    	MOV FARG_LCD_putchar_char_data, @R0
0x0306	0x51EB    	ACALL _LCD_putchar
0x0308	0x051A    	INC FARG_LCD_putstr_lcd_string
;lcd_2_wire.c,100 :: 		}while(*lcd_string != '\0') ;
0x030A	0xA81A    	MOV R0, FARG_LCD_putstr_lcd_string
0x030C	0x8601    	MOV R1, @R0
0x030E	0xE9      	MOV A, R1
0x030F	0x70F1    	JNZ L_LCD_putstr50
;lcd_2_wire.c,101 :: 		}
0x0311	0x22      	RET
; end of _LCD_putstr
_Div_32x32_S:
;__Lib_Math.c,669 :: 		
;__Lib_Math.c,671 :: 		
0x0312	0xC2D5    	CLR F0_bit
;__Lib_Math.c,672 :: 		
0x0314	0xEF      	MOV A, R7
;__Lib_Math.c,673 :: 		
0x0315	0x30E70F  	JNB 231, __Div_32x32_S_l1
;__Lib_Math.c,674 :: 		
0x0318	0xB2D5    	CPL F0_bit
;__Lib_Math.c,675 :: 		
0x031A	0xE4      	CLR A
;__Lib_Math.c,676 :: 		
0x031B	0xC3      	CLR C
;__Lib_Math.c,677 :: 		
0x031C	0x9C      	SUBB A, R4
;__Lib_Math.c,678 :: 		
0x031D	0xFC      	MOV R4, A
;__Lib_Math.c,679 :: 		
0x031E	0xE4      	CLR A
;__Lib_Math.c,680 :: 		
0x031F	0x9D      	SUBB A, R5
;__Lib_Math.c,681 :: 		
0x0320	0xFD      	MOV R5, A
;__Lib_Math.c,682 :: 		
0x0321	0xE4      	CLR A
;__Lib_Math.c,683 :: 		
0x0322	0x9E      	SUBB A, R6
;__Lib_Math.c,684 :: 		
0x0323	0xFE      	MOV R6, A
;__Lib_Math.c,685 :: 		
0x0324	0xE4      	CLR A
;__Lib_Math.c,686 :: 		
0x0325	0x9F      	SUBB A, R7
;__Lib_Math.c,687 :: 		
0x0326	0xFF      	MOV R7, A
;__Lib_Math.c,688 :: 		
__Div_32x32_S_l1:
;__Lib_Math.c,689 :: 		
0x0327	0xEB      	MOV A, R3
;__Lib_Math.c,690 :: 		
0x0328	0x30E717  	JNB 231, __Div_32x32_S_call_uns
;__Lib_Math.c,691 :: 		
0x032B	0xB2D5    	CPL F0_bit
;__Lib_Math.c,692 :: 		
0x032D	0x120348  	LCALL __Div_32x32_S_l2
;__Lib_Math.c,693 :: 		
0x0330	0x1201F7  	LCALL _Div_32x32_U
;__Lib_Math.c,694 :: 		
0x0333	0xE4      	CLR A
;__Lib_Math.c,695 :: 		
0x0334	0xC3      	CLR C
;__Lib_Math.c,696 :: 		
0x0335	0x9C      	SUBB A, R4
;__Lib_Math.c,697 :: 		
0x0336	0xFC      	MOV R4, A
;__Lib_Math.c,698 :: 		
0x0337	0xE4      	CLR A
;__Lib_Math.c,699 :: 		
0x0338	0x9D      	SUBB A, R5
;__Lib_Math.c,700 :: 		
0x0339	0xFD      	MOV R5, A
;__Lib_Math.c,701 :: 		
0x033A	0xE4      	CLR A
;__Lib_Math.c,702 :: 		
0x033B	0x9E      	SUBB A, R6
;__Lib_Math.c,703 :: 		
0x033C	0xFE      	MOV R6, A
;__Lib_Math.c,704 :: 		
0x033D	0xE4      	CLR A
;__Lib_Math.c,705 :: 		
0x033E	0x9F      	SUBB A, R7
;__Lib_Math.c,706 :: 		
0x033F	0xFF      	MOV R7, A
;__Lib_Math.c,707 :: 		
0x0340	0x8003    	SJMP __Div_32x32_S_l3
;__Lib_Math.c,709 :: 		
__Div_32x32_S_call_uns:
;__Lib_Math.c,710 :: 		
0x0342	0x1201F7  	LCALL _Div_32x32_U
;__Lib_Math.c,712 :: 		
__Div_32x32_S_l3:
;__Lib_Math.c,713 :: 		
0x0345	0x30D50D  	JNB F0_bit, __Div_32x32_S_div_ret
;__Lib_Math.c,715 :: 		
__Div_32x32_S_l2:
;__Lib_Math.c,716 :: 		
0x0348	0xE4      	CLR A
;__Lib_Math.c,717 :: 		
0x0349	0xC3      	CLR C
;__Lib_Math.c,718 :: 		
0x034A	0x98      	SUBB A, R0
;__Lib_Math.c,719 :: 		
0x034B	0xF8      	MOV R0, A
;__Lib_Math.c,720 :: 		
0x034C	0xE4      	CLR A
;__Lib_Math.c,721 :: 		
0x034D	0x99      	SUBB A, R1
;__Lib_Math.c,722 :: 		
0x034E	0xF9      	MOV R1, A
;__Lib_Math.c,723 :: 		
0x034F	0xE4      	CLR A
;__Lib_Math.c,724 :: 		
0x0350	0x9A      	SUBB A, R2
;__Lib_Math.c,725 :: 		
0x0351	0xFA      	MOV R2, A
;__Lib_Math.c,726 :: 		
0x0352	0xE4      	CLR A
;__Lib_Math.c,727 :: 		
0x0353	0x9B      	SUBB A, R3
;__Lib_Math.c,728 :: 		
0x0354	0xFB      	MOV R3, A
;__Lib_Math.c,730 :: 		
__Div_32x32_S_div_ret:
;__Lib_Math.c,731 :: 		
0x0355	0x22      	RET
;__Lib_Math.c,733 :: 		
0x0356	0x22      	RET
; end of _Div_32x32_S
_LCD_goto:
;lcd_2_wire.c,120 :: 		void LCD_goto(unsigned char x_pos,unsigned char y_pos)
;lcd_2_wire.c,122 :: 		if(y_pos == 0)
0x0357	0xE51B    	MOV A, FARG_LCD_goto_y_pos
0x0359	0x700D    	JNZ L_LCD_goto56
;lcd_2_wire.c,124 :: 		LCD_send((0x80 | x_pos), CMD);
0x035B	0x7480    	MOV A, #128
0x035D	0x451A    	ORL A, FARG_LCD_goto_x_pos
0x035F	0xF51E    	MOV FARG_LCD_send_value, A
0x0361	0x751F00  	MOV FARG_LCD_send_mode, #0
0x0364	0x31B6    	ACALL _LCD_send
;lcd_2_wire.c,125 :: 		}
0x0366	0x800B    	SJMP L_LCD_goto57
L_LCD_goto56:
;lcd_2_wire.c,128 :: 		LCD_send((0x80 | 0x40 | x_pos), CMD);
0x0368	0x74C0    	MOV A, #192
0x036A	0x451A    	ORL A, FARG_LCD_goto_x_pos
0x036C	0xF51E    	MOV FARG_LCD_send_value, A
0x036E	0x751F00  	MOV FARG_LCD_send_mode, #0
0x0371	0x31B6    	ACALL _LCD_send
;lcd_2_wire.c,129 :: 		}
L_LCD_goto57:
;lcd_2_wire.c,130 :: 		}
0x0373	0x22      	RET
; end of _LCD_goto
_decode:
;ir_rcv.c,176 :: 		unsigned char decode(unsigned char start_pos, unsigned char end_pos)
;ir_rcv.c,178 :: 		unsigned char value = 0;
0x0374	0x751C00  	MOV decode_value_L0, #0
;ir_rcv.c,180 :: 		for(bits = start_pos; bits <= end_pos; bits++)
0x0377	0x851A35  	MOV _bits, FARG_decode_start_pos+0
L_decode119:
0x037A	0xD3      	SETB C
0x037B	0xE535    	MOV A, _bits
0x037D	0x951B    	SUBB A, FARG_decode_end_pos
0x037F	0x4002    	JC #2
0x0381	0x8152    	AJMP L_decode120
;ir_rcv.c,182 :: 		value <<= 1;
0x0383	0x7801    	MOV R0, #1
0x0385	0xE51C    	MOV A, decode_value_L0
0x0387	0x08      	INC R0
0x0388	0x8002    	SJMP L__decode179
L__decode180:
0x038A	0xC3      	CLR C
0x038B	0x33      	RLC A
L__decode179:
0x038C	0xD8FC    	DJNZ R0, L__decode180
0x038E	0xF51C    	MOV decode_value_L0, A
;ir_rcv.c,183 :: 		if((frames[bits] >= one_low) && (frames[bits] <= one_high))
0x0390	0x7901    	MOV R1, #1
0x0392	0xE535    	MOV A, _bits
0x0394	0x09      	INC R1
0x0395	0x8002    	SJMP L__decode181
L__decode182:
0x0397	0xC3      	CLR C
0x0398	0x33      	RLC A
L__decode181:
0x0399	0xD9FC    	DJNZ R1, L__decode182
0x039B	0xF8      	MOV R0, A
0x039C	0x743B    	MOV A, lo_addr(_frames)
0x039E	0x28      	ADD A, R0
0x039F	0xF8      	MOV R0, A
0x03A0	0x8601    	MOV R1, @R0
0x03A2	0x08      	INC R0
0x03A3	0x8602    	MOV R2, @R0
0x03A5	0xC3      	CLR C
0x03A6	0xE9      	MOV A, R1
0x03A7	0x9408    	SUBB A, #8
0x03A9	0xEA      	MOV A, R2
0x03AA	0x9407    	SUBB A, #7
0x03AC	0x4023    	JC L_decode124
0x03AE	0x7901    	MOV R1, #1
0x03B0	0xE535    	MOV A, _bits
0x03B2	0x09      	INC R1
0x03B3	0x8002    	SJMP L__decode183
L__decode184:
0x03B5	0xC3      	CLR C
0x03B6	0x33      	RLC A
L__decode183:
0x03B7	0xD9FC    	DJNZ R1, L__decode184
0x03B9	0xF8      	MOV R0, A
0x03BA	0x743B    	MOV A, lo_addr(_frames)
0x03BC	0x28      	ADD A, R0
0x03BD	0xF8      	MOV R0, A
0x03BE	0x8601    	MOV R1, @R0
0x03C0	0x08      	INC R0
0x03C1	0x8602    	MOV R2, @R0
0x03C3	0xD3      	SETB C
0x03C4	0xE9      	MOV A, R1
0x03C5	0x948C    	SUBB A, #140
0x03C7	0xEA      	MOV A, R2
0x03C8	0x940A    	SUBB A, #10
0x03CA	0x5005    	JNC L_decode124
L__decode146:
;ir_rcv.c,185 :: 		value |= 1;
0x03CC	0x431C01  	ORL decode_value_L0, #1
;ir_rcv.c,186 :: 		}
0x03CF	0x814E    	AJMP L_decode125
L_decode124:
;ir_rcv.c,187 :: 		else if((frames[bits] >= zero_low) && (frames[bits] <= zero_high))
0x03D1	0x7901    	MOV R1, #1
0x03D3	0xE535    	MOV A, _bits
0x03D5	0x09      	INC R1
0x03D6	0x8002    	SJMP L__decode185
L__decode186:
0x03D8	0xC3      	CLR C
0x03D9	0x33      	RLC A
L__decode185:
0x03DA	0xD9FC    	DJNZ R1, L__decode186
0x03DC	0xF8      	MOV R0, A
0x03DD	0x743B    	MOV A, lo_addr(_frames)
0x03DF	0x28      	ADD A, R0
0x03E0	0xF8      	MOV R0, A
0x03E1	0x8601    	MOV R1, @R0
0x03E3	0x08      	INC R0
0x03E4	0x8602    	MOV R2, @R0
0x03E6	0xC3      	CLR C
0x03E7	0xE9      	MOV A, R1
0x03E8	0x9484    	SUBB A, #132
0x03EA	0xEA      	MOV A, R2
0x03EB	0x9403    	SUBB A, #3
0x03ED	0x4020    	JC L_decode128
0x03EF	0x7901    	MOV R1, #1
0x03F1	0xE535    	MOV A, _bits
0x03F3	0x09      	INC R1
0x03F4	0x8002    	SJMP L__decode187
L__decode188:
0x03F6	0xC3      	CLR C
0x03F7	0x33      	RLC A
L__decode187:
0x03F8	0xD9FC    	DJNZ R1, L__decode188
0x03FA	0xF8      	MOV R0, A
0x03FB	0x743B    	MOV A, lo_addr(_frames)
0x03FD	0x28      	ADD A, R0
0x03FE	0xF8      	MOV R0, A
0x03FF	0x8601    	MOV R1, @R0
0x0401	0x08      	INC R0
0x0402	0x8602    	MOV R2, @R0
0x0404	0xD3      	SETB C
0x0405	0xE9      	MOV A, R1
0x0406	0x9478    	SUBB A, #120
0x0408	0xEA      	MOV A, R2
0x0409	0x9405    	SUBB A, #5
0x040B	0x5002    	JNC L_decode128
L__decode145:
;ir_rcv.c,189 :: 		value |= 0;
;ir_rcv.c,190 :: 		}
0x040D	0x803F    	SJMP L_decode129
L_decode128:
;ir_rcv.c,191 :: 		else if((frames[bits] >= sync_low) && (frames[bits] <= sync_high))
0x040F	0x7901    	MOV R1, #1
0x0411	0xE535    	MOV A, _bits
0x0413	0x09      	INC R1
0x0414	0x8002    	SJMP L__decode189
L__decode190:
0x0416	0xC3      	CLR C
0x0417	0x33      	RLC A
L__decode189:
0x0418	0xD9FC    	DJNZ R1, L__decode190
0x041A	0xF8      	MOV R0, A
0x041B	0x743B    	MOV A, lo_addr(_frames)
0x041D	0x28      	ADD A, R0
0x041E	0xF8      	MOV R0, A
0x041F	0x8601    	MOV R1, @R0
0x0421	0x08      	INC R0
0x0422	0x8602    	MOV R2, @R0
0x0424	0xC3      	CLR C
0x0425	0xE9      	MOV A, R1
0x0426	0x9430    	SUBB A, #48
0x0428	0xEA      	MOV A, R2
0x0429	0x942A    	SUBB A, #42
0x042B	0x4021    	JC L_decode132
0x042D	0x7901    	MOV R1, #1
0x042F	0xE535    	MOV A, _bits
0x0431	0x09      	INC R1
0x0432	0x8002    	SJMP L__decode191
L__decode192:
0x0434	0xC3      	CLR C
0x0435	0x33      	RLC A
L__decode191:
0x0436	0xD9FC    	DJNZ R1, L__decode192
0x0438	0xF8      	MOV R0, A
0x0439	0x743B    	MOV A, lo_addr(_frames)
0x043B	0x28      	ADD A, R0
0x043C	0xF8      	MOV R0, A
0x043D	0x8601    	MOV R1, @R0
0x043F	0x08      	INC R0
0x0440	0x8602    	MOV R2, @R0
0x0442	0xD3      	SETB C
0x0443	0xE9      	MOV A, R1
0x0444	0x9480    	SUBB A, #128
0x0446	0xEA      	MOV A, R2
0x0447	0x943E    	SUBB A, #62
0x0449	0x5003    	JNC L_decode132
L__decode144:
;ir_rcv.c,193 :: 		return 0xFF;
0x044B	0x78FF    	MOV R0, #255
0x044D	0x22      	RET
;ir_rcv.c,194 :: 		}
L_decode132:
L_decode129:
L_decode125:
;ir_rcv.c,180 :: 		for(bits = start_pos; bits <= end_pos; bits++)
0x044E	0x0535    	INC _bits
;ir_rcv.c,195 :: 		}
0x0450	0x617A    	AJMP L_decode119
L_decode120:
;ir_rcv.c,197 :: 		return value;
0x0452	0xA81C    	MOV R0, decode_value_L0
;ir_rcv.c,198 :: 		}
0x0454	0x22      	RET
; end of _decode
_Oscillator_Init:
;ir_rcv.c,119 :: 		void Oscillator_Init(void)
;ir_rcv.c,121 :: 		OSCICN = 0x82;
0x0455	0x75B282  	MOV OSCICN, #130
;ir_rcv.c,122 :: 		}
0x0458	0x22      	RET
; end of _Oscillator_Init
_PCF8574_init:
;pcf8574.c,4 :: 		void PCF8574_init(void)
;pcf8574.c,6 :: 		SW_I2C_init();
0x0459	0x51CD    	ACALL _SW_I2C_init
;pcf8574.c,7 :: 		delay_ms(20);
0x045B	0x7D02    	MOV R5, 2
0x045D	0x7E3F    	MOV R6, 63
0x045F	0x7F2B    	MOV R7, 43
0x0461	0xDFFE    	DJNZ R7, PC-2
0x0463	0xDEFC    	DJNZ R6, PC-4
0x0465	0xDDFA    	DJNZ R5, PC-6
;pcf8574.c,8 :: 		}
0x0467	0x22      	RET
; end of _PCF8574_init
_Interrupts_Init:
;ir_rcv.c,125 :: 		void Interrupts_Init(void)
;ir_rcv.c,127 :: 		IE = 0x81;
0x0468	0x75A881  	MOV IE, #129
;ir_rcv.c,128 :: 		IT01CF = 0x00;
0x046B	0x75E400  	MOV IT01CF, #0
;ir_rcv.c,129 :: 		}
0x046E	0x22      	RET
; end of _Interrupts_Init
_PCA_Init:
;ir_rcv.c,78 :: 		void PCA_Init(void)
;ir_rcv.c,80 :: 		PCA0MD &= ~0x40;
0x046F	0x53D9BF  	ANL PCA0MD, #191
;ir_rcv.c,81 :: 		PCA0MD = 0x00;
0x0472	0x75D900  	MOV PCA0MD, #0
;ir_rcv.c,82 :: 		}
0x0475	0x22      	RET
; end of _PCA_Init
_Port_IO_Init:
;ir_rcv.c,92 :: 		void Port_IO_Init(void)
;ir_rcv.c,112 :: 		P1MDOUT = 0xC0;
0x0476	0x75A5C0  	MOV P1MDOUT, #192
;ir_rcv.c,113 :: 		P0SKIP = 0x01;
0x0479	0x75D401  	MOV P0SKIP, #1
;ir_rcv.c,114 :: 		P1SKIP = 0xC0;
0x047C	0x75D5C0  	MOV P1SKIP, #192
;ir_rcv.c,115 :: 		XBR1 = 0x40;
0x047F	0x75E240  	MOV XBR1, #64
;ir_rcv.c,116 :: 		}
0x0482	0x22      	RET
; end of _Port_IO_Init
_Timer_Init:
;ir_rcv.c,85 :: 		void Timer_Init(void)
;ir_rcv.c,87 :: 		TCON = 0x01;
0x0483	0x758801  	MOV TCON, #1
;ir_rcv.c,88 :: 		TMOD = 0x01;
0x0486	0x758901  	MOV TMOD, #1
;ir_rcv.c,89 :: 		}
0x0489	0x22      	RET
; end of _Timer_Init
_erase_frames:
;ir_rcv.c,142 :: 		void erase_frames(void)
;ir_rcv.c,144 :: 		delay_ms(90);
0x048A	0x7D06    	MOV R5, 6
0x048C	0x7E98    	MOV R6, 152
0x048E	0x7FCB    	MOV R7, 203
0x0490	0xDFFE    	DJNZ R7, PC-2
0x0492	0xDEFC    	DJNZ R6, PC-4
0x0494	0xDDFA    	DJNZ R5, PC-6
0x0496	0x00      	NOP
0x0497	0x00      	NOP
;ir_rcv.c,146 :: 		for(bits = 0; bits < 33; bits++)
0x0498	0x753500  	MOV _bits, #0
L_erase_frames116:
0x049B	0xC3      	CLR C
0x049C	0xE535    	MOV A, _bits
0x049E	0x9421    	SUBB A, #33
0x04A0	0x5019    	JNC L_erase_frames117
;ir_rcv.c,148 :: 		frames[bits] = 0x0000;
0x04A2	0x7901    	MOV R1, #1
0x04A4	0xE535    	MOV A, _bits
0x04A6	0x09      	INC R1
0x04A7	0x8002    	SJMP L__erase_frames177
L__erase_frames178:
0x04A9	0xC3      	CLR C
0x04AA	0x33      	RLC A
L__erase_frames177:
0x04AB	0xD9FC    	DJNZ R1, L__erase_frames178
0x04AD	0xF8      	MOV R0, A
0x04AE	0x743B    	MOV A, lo_addr(_frames)
0x04B0	0x28      	ADD A, R0
0x04B1	0xF8      	MOV R0, A
0x04B2	0x7600    	MOV @R0, #0
0x04B4	0x08      	INC R0
0x04B5	0x7600    	MOV @R0, #0
;ir_rcv.c,146 :: 		for(bits = 0; bits < 33; bits++)
0x04B7	0x0535    	INC _bits
;ir_rcv.c,149 :: 		}
0x04B9	0x80E0    	SJMP L_erase_frames116
L_erase_frames117:
;ir_rcv.c,151 :: 		set_timer();
0x04BB	0x120887  	LCALL _set_timer
;ir_rcv.c,152 :: 		received = 0;
0x04BE	0xC3      	CLR C
0x04BF	0xE50A    	MOV A, _received
0x04C1	0x92E0    	MOV #224.B0, C
0x04C3	0xF50A    	MOV _received, A
;ir_rcv.c,153 :: 		bits = 0;
0x04C5	0x753500  	MOV _bits, #0
;ir_rcv.c,154 :: 		}
0x04C8	0x22      	RET
; end of _erase_frames
___CC2D:
;__Lib_System.c,13 :: 		
;__Lib_System.c,15 :: 		
_CC2D_Loop1:
;__Lib_System.c,16 :: 		
0x04C9	0xE4      	CLR A
;__Lib_System.c,17 :: 		
0x04CA	0x93      	MOVC A, @A+DPTR
;__Lib_System.c,18 :: 		
0x04CB	0xF6      	MOV @R0, A
;__Lib_System.c,19 :: 		
0x04CC	0x08      	INC R0
;__Lib_System.c,20 :: 		
0x04CD	0xA3      	INC DPTR
;__Lib_System.c,21 :: 		
0x04CE	0xD9F9    	DJNZ R1, _CC2D_Loop1
;__Lib_System.c,23 :: 		
0x04D0	0x22      	RET
; end of ___CC2D
_get_timer:
;ir_rcv.c,157 :: 		unsigned int get_timer(void)
;ir_rcv.c,159 :: 		unsigned int time = 0;
0x04D1	0x752700  	MOV get_timer_time_L0, #0
0x04D4	0x752800  	MOV get_timer_time_L0+1, #0
;ir_rcv.c,161 :: 		time = TH0;
0x04D7	0x858C27  	MOV get_timer_time_L0, TH0+0
0x04DA	0xE4      	CLR A
0x04DB	0xF528    	MOV get_timer_time_L0+1, A
;ir_rcv.c,162 :: 		time <<= 8;
0x04DD	0xA927    	MOV R1, get_timer_time_L0
0x04DF	0x7800    	MOV R0, #0
0x04E1	0x850027  	MOV get_timer_time_L0, 0
0x04E4	0x850128  	MOV get_timer_time_L0+1, 1
;ir_rcv.c,163 :: 		time |= TL0;
0x04E7	0xE58A    	MOV A, TL0
0x04E9	0x4200    	ORL R0, A
0x04EB	0xE4      	CLR A
0x04EC	0x4201    	ORL R1, A
0x04EE	0x850027  	MOV get_timer_time_L0, 0
0x04F1	0x850128  	MOV get_timer_time_L0+1, 1
;ir_rcv.c,165 :: 		return time;
;ir_rcv.c,166 :: 		}
0x04F4	0x22      	RET
; end of _get_timer
_print_I:
;lcd_print.c,69 :: 		void print_I(unsigned char x_pos, unsigned char y_pos, signed long value)
;lcd_print.c,71 :: 		char ch[7] = {0x20, 0x20, 0x20, 0x20, 0x20, 0x20, '\0'};
0x04F5	0x751320  	MOV print_I_ch_L0, #32
0x04F8	0x751420  	MOV print_I_ch_L0+1, #32
0x04FB	0x751520  	MOV print_I_ch_L0+2, #32
0x04FE	0x751620  	MOV print_I_ch_L0+3, #32
0x0501	0x751720  	MOV print_I_ch_L0+4, #32
0x0504	0x751820  	MOV print_I_ch_L0+5, #32
0x0507	0x751900  	MOV print_I_ch_L0+6, #0
;lcd_print.c,73 :: 		if(value < 0)
0x050A	0xC3      	CLR C
0x050B	0xE50F    	MOV A, FARG_print_I_value
0x050D	0x9400    	SUBB A, #0
0x050F	0xE510    	MOV A, FARG_print_I_value+1
0x0511	0x9400    	SUBB A, #0
0x0513	0xE511    	MOV A, FARG_print_I_value+2
0x0515	0x9400    	SUBB A, #0
0x0517	0x7400    	MOV A, #0
0x0519	0x6480    	XRL A, #128
0x051B	0xF8      	MOV R0, A
0x051C	0xE512    	MOV A, FARG_print_I_value+3
0x051E	0x6480    	XRL A, #128
0x0520	0x98      	SUBB A, R0
0x0521	0x501E    	JNC L_print_I74
;lcd_print.c,75 :: 		ch[0] = 0x2D;
0x0523	0x75132D  	MOV print_I_ch_L0, #45
;lcd_print.c,76 :: 		value = -value;
0x0526	0xC3      	CLR C
0x0527	0x7400    	MOV A, #0
0x0529	0x950F    	SUBB A, FARG_print_I_value
0x052B	0xF50F    	MOV FARG_print_I_value, A
0x052D	0x7400    	MOV A, #0
0x052F	0x9510    	SUBB A, FARG_print_I_value+1
0x0531	0xF510    	MOV FARG_print_I_value+1, A
0x0533	0x7400    	MOV A, #0
0x0535	0x9511    	SUBB A, FARG_print_I_value+2
0x0537	0xF511    	MOV FARG_print_I_value+2, A
0x0539	0x7400    	MOV A, #0
0x053B	0x9512    	SUBB A, FARG_print_I_value+3
0x053D	0xF512    	MOV FARG_print_I_value+3, A
;lcd_print.c,77 :: 		}
0x053F	0x8003    	SJMP L_print_I75
L_print_I74:
;lcd_print.c,80 :: 		ch[0] = 0x20;
0x0541	0x751320  	MOV print_I_ch_L0, #32
;lcd_print.c,81 :: 		}
L_print_I75:
;lcd_print.c,83 :: 		if(value > 9999)
0x0544	0xD3      	SETB C
0x0545	0xE50F    	MOV A, FARG_print_I_value
0x0547	0x940F    	SUBB A, #15
0x0549	0xE510    	MOV A, FARG_print_I_value+1
0x054B	0x9427    	SUBB A, #39
0x054D	0xE511    	MOV A, FARG_print_I_value+2
0x054F	0x9400    	SUBB A, #0
0x0551	0x7400    	MOV A, #0
0x0553	0x6480    	XRL A, #128
0x0555	0xF8      	MOV R0, A
0x0556	0xE512    	MOV A, FARG_print_I_value+3
0x0558	0x6480    	XRL A, #128
0x055A	0x98      	SUBB A, R0
0x055B	0x5002    	JNC #2
0x055D	0xC11B    	AJMP L_print_I76
;lcd_print.c,85 :: 		ch[1] = ((value / 10000) + 0x30);
0x055F	0x7C10    	MOV R4, #16
0x0561	0x7D27    	MOV R5, #39
0x0563	0x7E00    	MOV R6, #0
0x0565	0x750700  	MOV R7, #0
0x0568	0xA80F    	MOV R0, FARG_print_I_value
0x056A	0xA910    	MOV R1, FARG_print_I_value+1
0x056C	0xAA11    	MOV R2, FARG_print_I_value+2
0x056E	0xAB12    	MOV R3, FARG_print_I_value+3
0x0570	0x7112    	ACALL _Div_32x32_S
0x0572	0x7430    	MOV A, #48
0x0574	0x28      	ADD A, R0
0x0575	0xF514    	MOV print_I_ch_L0+1, A
;lcd_print.c,86 :: 		ch[2] = (((value % 10000)/ 1000) + 0x30);
0x0577	0x7C10    	MOV R4, #16
0x0579	0x7D27    	MOV R5, #39
0x057B	0x7E00    	MOV R6, #0
0x057D	0x750700  	MOV R7, #0
0x0580	0xA80F    	MOV R0, FARG_print_I_value
0x0582	0xA910    	MOV R1, FARG_print_I_value+1
0x0584	0xAA11    	MOV R2, FARG_print_I_value+2
0x0586	0xAB12    	MOV R3, FARG_print_I_value+3
0x0588	0x7112    	ACALL _Div_32x32_S
0x058A	0xA804    	MOV R0, R4
0x058C	0xA905    	MOV R1, R5
0x058E	0xAA06    	MOV R2, R6
0x0590	0xAB07    	MOV R3, R7
0x0592	0x7CE8    	MOV R4, #232
0x0594	0x7D03    	MOV R5, #3
0x0596	0x7E00    	MOV R6, #0
0x0598	0x750700  	MOV R7, #0
0x059B	0x7112    	ACALL _Div_32x32_S
0x059D	0x7430    	MOV A, #48
0x059F	0x28      	ADD A, R0
0x05A0	0xF515    	MOV print_I_ch_L0+2, A
;lcd_print.c,87 :: 		ch[3] = (((value % 1000) / 100) + 0x30);
0x05A2	0x7CE8    	MOV R4, #232
0x05A4	0x7D03    	MOV R5, #3
0x05A6	0x7E00    	MOV R6, #0
0x05A8	0x750700  	MOV R7, #0
0x05AB	0xA80F    	MOV R0, FARG_print_I_value
0x05AD	0xA910    	MOV R1, FARG_print_I_value+1
0x05AF	0xAA11    	MOV R2, FARG_print_I_value+2
0x05B1	0xAB12    	MOV R3, FARG_print_I_value+3
0x05B3	0x7112    	ACALL _Div_32x32_S
0x05B5	0xA804    	MOV R0, R4
0x05B7	0xA905    	MOV R1, R5
0x05B9	0xAA06    	MOV R2, R6
0x05BB	0xAB07    	MOV R3, R7
0x05BD	0x7C64    	MOV R4, #100
0x05BF	0x7D00    	MOV R5, #0
0x05C1	0x7E00    	MOV R6, #0
0x05C3	0x750700  	MOV R7, #0
0x05C6	0x7112    	ACALL _Div_32x32_S
0x05C8	0x7430    	MOV A, #48
0x05CA	0x28      	ADD A, R0
0x05CB	0xF516    	MOV print_I_ch_L0+3, A
;lcd_print.c,88 :: 		ch[4] = (((value % 100) / 10) + 0x30);
0x05CD	0x7C64    	MOV R4, #100
0x05CF	0x7D00    	MOV R5, #0
0x05D1	0x7E00    	MOV R6, #0
0x05D3	0x750700  	MOV R7, #0
0x05D6	0xA80F    	MOV R0, FARG_print_I_value
0x05D8	0xA910    	MOV R1, FARG_print_I_value+1
0x05DA	0xAA11    	MOV R2, FARG_print_I_value+2
0x05DC	0xAB12    	MOV R3, FARG_print_I_value+3
0x05DE	0x7112    	ACALL _Div_32x32_S
0x05E0	0xA804    	MOV R0, R4
0x05E2	0xA905    	MOV R1, R5
0x05E4	0xAA06    	MOV R2, R6
0x05E6	0xAB07    	MOV R3, R7
0x05E8	0x7C0A    	MOV R4, #10
0x05EA	0x7D00    	MOV R5, #0
0x05EC	0x7E00    	MOV R6, #0
0x05EE	0x750700  	MOV R7, #0
0x05F1	0x7112    	ACALL _Div_32x32_S
0x05F3	0x7430    	MOV A, #48
0x05F5	0x28      	ADD A, R0
0x05F6	0xF517    	MOV print_I_ch_L0+4, A
;lcd_print.c,89 :: 		ch[5] = ((value % 10) + 0x30);
0x05F8	0x7C0A    	MOV R4, #10
0x05FA	0x7D00    	MOV R5, #0
0x05FC	0x7E00    	MOV R6, #0
0x05FE	0x750700  	MOV R7, #0
0x0601	0xA80F    	MOV R0, FARG_print_I_value
0x0603	0xA910    	MOV R1, FARG_print_I_value+1
0x0605	0xAA11    	MOV R2, FARG_print_I_value+2
0x0607	0xAB12    	MOV R3, FARG_print_I_value+3
0x0609	0x7112    	ACALL _Div_32x32_S
0x060B	0xA804    	MOV R0, R4
0x060D	0xA905    	MOV R1, R5
0x060F	0xAA06    	MOV R2, R6
0x0611	0xAB07    	MOV R3, R7
0x0613	0x7430    	MOV A, #48
0x0615	0x28      	ADD A, R0
0x0616	0xF518    	MOV print_I_ch_L0+5, A
;lcd_print.c,90 :: 		}
0x0618	0x020867  	LJMP L_print_I77
L_print_I76:
;lcd_print.c,92 :: 		else if((value > 999) && (value <= 9999))
0x061B	0xD3      	SETB C
0x061C	0xE50F    	MOV A, FARG_print_I_value
0x061E	0x94E7    	SUBB A, #231
0x0620	0xE510    	MOV A, FARG_print_I_value+1
0x0622	0x9403    	SUBB A, #3
0x0624	0xE511    	MOV A, FARG_print_I_value+2
0x0626	0x9400    	SUBB A, #0
0x0628	0x7400    	MOV A, #0
0x062A	0x6480    	XRL A, #128
0x062C	0xF8      	MOV R0, A
0x062D	0xE512    	MOV A, FARG_print_I_value+3
0x062F	0x6480    	XRL A, #128
0x0631	0x98      	SUBB A, R0
0x0632	0x5002    	JNC #2
0x0634	0xC1F8    	AJMP L_print_I80
0x0636	0xD3      	SETB C
0x0637	0xE50F    	MOV A, FARG_print_I_value
0x0639	0x940F    	SUBB A, #15
0x063B	0xE510    	MOV A, FARG_print_I_value+1
0x063D	0x9427    	SUBB A, #39
0x063F	0xE511    	MOV A, FARG_print_I_value+2
0x0641	0x9400    	SUBB A, #0
0x0643	0x7400    	MOV A, #0
0x0645	0x6480    	XRL A, #128
0x0647	0xF8      	MOV R0, A
0x0648	0xE512    	MOV A, FARG_print_I_value+3
0x064A	0x6480    	XRL A, #128
0x064C	0x98      	SUBB A, R0
0x064D	0x4002    	JC #2
0x064F	0xC1F8    	AJMP L_print_I80
L__print_I139:
;lcd_print.c,94 :: 		ch[1] = (((value % 10000)/ 1000) + 0x30);
0x0651	0x7C10    	MOV R4, #16
0x0653	0x7D27    	MOV R5, #39
0x0655	0x7E00    	MOV R6, #0
0x0657	0x750700  	MOV R7, #0
0x065A	0xA80F    	MOV R0, FARG_print_I_value
0x065C	0xA910    	MOV R1, FARG_print_I_value+1
0x065E	0xAA11    	MOV R2, FARG_print_I_value+2
0x0660	0xAB12    	MOV R3, FARG_print_I_value+3
0x0662	0x7112    	ACALL _Div_32x32_S
0x0664	0xA804    	MOV R0, R4
0x0666	0xA905    	MOV R1, R5
0x0668	0xAA06    	MOV R2, R6
0x066A	0xAB07    	MOV R3, R7
0x066C	0x7CE8    	MOV R4, #232
0x066E	0x7D03    	MOV R5, #3
0x0670	0x7E00    	MOV R6, #0
0x0672	0x750700  	MOV R7, #0
0x0675	0x7112    	ACALL _Div_32x32_S
0x0677	0x7430    	MOV A, #48
0x0679	0x28      	ADD A, R0
0x067A	0xF514    	MOV print_I_ch_L0+1, A
;lcd_print.c,95 :: 		ch[2] = (((value % 1000) / 100) + 0x30);
0x067C	0x7CE8    	MOV R4, #232
0x067E	0x7D03    	MOV R5, #3
0x0680	0x7E00    	MOV R6, #0
0x0682	0x750700  	MOV R7, #0
0x0685	0xA80F    	MOV R0, FARG_print_I_value
0x0687	0xA910    	MOV R1, FARG_print_I_value+1
0x0689	0xAA11    	MOV R2, FARG_print_I_value+2
0x068B	0xAB12    	MOV R3, FARG_print_I_value+3
0x068D	0x7112    	ACALL _Div_32x32_S
0x068F	0xA804    	MOV R0, R4
0x0691	0xA905    	MOV R1, R5
0x0693	0xAA06    	MOV R2, R6
0x0695	0xAB07    	MOV R3, R7
0x0697	0x7C64    	MOV R4, #100
0x0699	0x7D00    	MOV R5, #0
0x069B	0x7E00    	MOV R6, #0
0x069D	0x750700  	MOV R7, #0
0x06A0	0x7112    	ACALL _Div_32x32_S
0x06A2	0x7430    	MOV A, #48
0x06A4	0x28      	ADD A, R0
0x06A5	0xF515    	MOV print_I_ch_L0+2, A
;lcd_print.c,96 :: 		ch[3] = (((value % 100) / 10) + 0x30);
0x06A7	0x7C64    	MOV R4, #100
0x06A9	0x7D00    	MOV R5, #0
0x06AB	0x7E00    	MOV R6, #0
0x06AD	0x750700  	MOV R7, #0
0x06B0	0xA80F    	MOV R0, FARG_print_I_value
0x06B2	0xA910    	MOV R1, FARG_print_I_value+1
0x06B4	0xAA11    	MOV R2, FARG_print_I_value+2
0x06B6	0xAB12    	MOV R3, FARG_print_I_value+3
0x06B8	0x7112    	ACALL _Div_32x32_S
0x06BA	0xA804    	MOV R0, R4
0x06BC	0xA905    	MOV R1, R5
0x06BE	0xAA06    	MOV R2, R6
0x06C0	0xAB07    	MOV R3, R7
0x06C2	0x7C0A    	MOV R4, #10
0x06C4	0x7D00    	MOV R5, #0
0x06C6	0x7E00    	MOV R6, #0
0x06C8	0x750700  	MOV R7, #0
0x06CB	0x7112    	ACALL _Div_32x32_S
0x06CD	0x7430    	MOV A, #48
0x06CF	0x28      	ADD A, R0
0x06D0	0xF516    	MOV print_I_ch_L0+3, A
;lcd_print.c,97 :: 		ch[4] = ((value % 10) + 0x30);
0x06D2	0x7C0A    	MOV R4, #10
0x06D4	0x7D00    	MOV R5, #0
0x06D6	0x7E00    	MOV R6, #0
0x06D8	0x750700  	MOV R7, #0
0x06DB	0xA80F    	MOV R0, FARG_print_I_value
0x06DD	0xA910    	MOV R1, FARG_print_I_value+1
0x06DF	0xAA11    	MOV R2, FARG_print_I_value+2
0x06E1	0xAB12    	MOV R3, FARG_print_I_value+3
0x06E3	0x7112    	ACALL _Div_32x32_S
0x06E5	0xA804    	MOV R0, R4
0x06E7	0xA905    	MOV R1, R5
0x06E9	0xAA06    	MOV R2, R6
0x06EB	0xAB07    	MOV R3, R7
0x06ED	0x7430    	MOV A, #48
0x06EF	0x28      	ADD A, R0
0x06F0	0xF517    	MOV print_I_ch_L0+4, A
;lcd_print.c,98 :: 		ch[5] = 0x20;
0x06F2	0x751820  	MOV print_I_ch_L0+5, #32
;lcd_print.c,99 :: 		}
0x06F5	0x020867  	LJMP L_print_I81
L_print_I80:
;lcd_print.c,100 :: 		else if((value > 99) && (value <= 999))
0x06F8	0xD3      	SETB C
0x06F9	0xE50F    	MOV A, FARG_print_I_value
0x06FB	0x9463    	SUBB A, #99
0x06FD	0xE510    	MOV A, FARG_print_I_value+1
0x06FF	0x9400    	SUBB A, #0
0x0701	0xE511    	MOV A, FARG_print_I_value+2
0x0703	0x9400    	SUBB A, #0
0x0705	0x7400    	MOV A, #0
0x0707	0x6480    	XRL A, #128
0x0709	0xF8      	MOV R0, A
0x070A	0xE512    	MOV A, FARG_print_I_value+3
0x070C	0x6480    	XRL A, #128
0x070E	0x98      	SUBB A, R0
0x070F	0x5002    	JNC #2
0x0711	0xE1AD    	AJMP L_print_I84
0x0713	0xD3      	SETB C
0x0714	0xE50F    	MOV A, FARG_print_I_value
0x0716	0x94E7    	SUBB A, #231
0x0718	0xE510    	MOV A, FARG_print_I_value+1
0x071A	0x9403    	SUBB A, #3
0x071C	0xE511    	MOV A, FARG_print_I_value+2
0x071E	0x9400    	SUBB A, #0
0x0720	0x7400    	MOV A, #0
0x0722	0x6480    	XRL A, #128
0x0724	0xF8      	MOV R0, A
0x0725	0xE512    	MOV A, FARG_print_I_value+3
0x0727	0x6480    	XRL A, #128
0x0729	0x98      	SUBB A, R0
0x072A	0x4002    	JC #2
0x072C	0xE1AD    	AJMP L_print_I84
L__print_I138:
;lcd_print.c,102 :: 		ch[1] = (((value % 1000) / 100) + 0x30);
0x072E	0x7CE8    	MOV R4, #232
0x0730	0x7D03    	MOV R5, #3
0x0732	0x7E00    	MOV R6, #0
0x0734	0x750700  	MOV R7, #0
0x0737	0xA80F    	MOV R0, FARG_print_I_value
0x0739	0xA910    	MOV R1, FARG_print_I_value+1
0x073B	0xAA11    	MOV R2, FARG_print_I_value+2
0x073D	0xAB12    	MOV R3, FARG_print_I_value+3
0x073F	0x7112    	ACALL _Div_32x32_S
0x0741	0xA804    	MOV R0, R4
0x0743	0xA905    	MOV R1, R5
0x0745	0xAA06    	MOV R2, R6
0x0747	0xAB07    	MOV R3, R7
0x0749	0x7C64    	MOV R4, #100
0x074B	0x7D00    	MOV R5, #0
0x074D	0x7E00    	MOV R6, #0
0x074F	0x750700  	MOV R7, #0
0x0752	0x7112    	ACALL _Div_32x32_S
0x0754	0x7430    	MOV A, #48
0x0756	0x28      	ADD A, R0
0x0757	0xF514    	MOV print_I_ch_L0+1, A
;lcd_print.c,103 :: 		ch[2] = (((value % 100) / 10) + 0x30);
0x0759	0x7C64    	MOV R4, #100
0x075B	0x7D00    	MOV R5, #0
0x075D	0x7E00    	MOV R6, #0
0x075F	0x750700  	MOV R7, #0
0x0762	0xA80F    	MOV R0, FARG_print_I_value
0x0764	0xA910    	MOV R1, FARG_print_I_value+1
0x0766	0xAA11    	MOV R2, FARG_print_I_value+2
0x0768	0xAB12    	MOV R3, FARG_print_I_value+3
0x076A	0x7112    	ACALL _Div_32x32_S
0x076C	0xA804    	MOV R0, R4
0x076E	0xA905    	MOV R1, R5
0x0770	0xAA06    	MOV R2, R6
0x0772	0xAB07    	MOV R3, R7
0x0774	0x7C0A    	MOV R4, #10
0x0776	0x7D00    	MOV R5, #0
0x0778	0x7E00    	MOV R6, #0
0x077A	0x750700  	MOV R7, #0
0x077D	0x7112    	ACALL _Div_32x32_S
0x077F	0x7430    	MOV A, #48
0x0781	0x28      	ADD A, R0
0x0782	0xF515    	MOV print_I_ch_L0+2, A
;lcd_print.c,104 :: 		ch[3] = ((value % 10) + 0x30);
0x0784	0x7C0A    	MOV R4, #10
0x0786	0x7D00    	MOV R5, #0
0x0788	0x7E00    	MOV R6, #0
0x078A	0x750700  	MOV R7, #0
0x078D	0xA80F    	MOV R0, FARG_print_I_value
0x078F	0xA910    	MOV R1, FARG_print_I_value+1
0x0791	0xAA11    	MOV R2, FARG_print_I_value+2
0x0793	0xAB12    	MOV R3, FARG_print_I_value+3
0x0795	0x7112    	ACALL _Div_32x32_S
0x0797	0xA804    	MOV R0, R4
0x0799	0xA905    	MOV R1, R5
0x079B	0xAA06    	MOV R2, R6
0x079D	0xAB07    	MOV R3, R7
0x079F	0x7430    	MOV A, #48
0x07A1	0x28      	ADD A, R0
0x07A2	0xF516    	MOV print_I_ch_L0+3, A
;lcd_print.c,105 :: 		ch[4] = 0x20;
0x07A4	0x751720  	MOV print_I_ch_L0+4, #32
;lcd_print.c,106 :: 		ch[5] = 0x20;
0x07A7	0x751820  	MOV print_I_ch_L0+5, #32
;lcd_print.c,107 :: 		}
0x07AA	0x020867  	LJMP L_print_I85
L_print_I84:
;lcd_print.c,108 :: 		else if((value > 9) && (value <= 99))
0x07AD	0xD3      	SETB C
0x07AE	0xE50F    	MOV A, FARG_print_I_value
0x07B0	0x9409    	SUBB A, #9
0x07B2	0xE510    	MOV A, FARG_print_I_value+1
0x07B4	0x9400    	SUBB A, #0
0x07B6	0xE511    	MOV A, FARG_print_I_value+2
0x07B8	0x9400    	SUBB A, #0
0x07BA	0x7400    	MOV A, #0
0x07BC	0x6480    	XRL A, #128
0x07BE	0xF8      	MOV R0, A
0x07BF	0xE512    	MOV A, FARG_print_I_value+3
0x07C1	0x6480    	XRL A, #128
0x07C3	0x98      	SUBB A, R0
0x07C4	0x5003    	JNC #3
0x07C6	0x02083A  	LJMP L_print_I88
0x07C9	0xD3      	SETB C
0x07CA	0xE50F    	MOV A, FARG_print_I_value
0x07CC	0x9463    	SUBB A, #99
0x07CE	0xE510    	MOV A, FARG_print_I_value+1
0x07D0	0x9400    	SUBB A, #0
0x07D2	0xE511    	MOV A, FARG_print_I_value+2
0x07D4	0x9400    	SUBB A, #0
0x07D6	0x7400    	MOV A, #0
0x07D8	0x6480    	XRL A, #128
0x07DA	0xF8      	MOV R0, A
0x07DB	0xE512    	MOV A, FARG_print_I_value+3
0x07DD	0x6480    	XRL A, #128
0x07DF	0x98      	SUBB A, R0
0x07E0	0x5058    	JNC L_print_I88
L__print_I137:
;lcd_print.c,110 :: 		ch[1] = (((value % 100) / 10) + 0x30);
0x07E2	0x7C64    	MOV R4, #100
0x07E4	0x7D00    	MOV R5, #0
0x07E6	0x7E00    	MOV R6, #0
0x07E8	0x750700  	MOV R7, #0
0x07EB	0xA80F    	MOV R0, FARG_print_I_value
0x07ED	0xA910    	MOV R1, FARG_print_I_value+1
0x07EF	0xAA11    	MOV R2, FARG_print_I_value+2
0x07F1	0xAB12    	MOV R3, FARG_print_I_value+3
0x07F3	0x7112    	ACALL _Div_32x32_S
0x07F5	0xA804    	MOV R0, R4
0x07F7	0xA905    	MOV R1, R5
0x07F9	0xAA06    	MOV R2, R6
0x07FB	0xAB07    	MOV R3, R7
0x07FD	0x7C0A    	MOV R4, #10
0x07FF	0x7D00    	MOV R5, #0
0x0801	0x7E00    	MOV R6, #0
0x0803	0x750700  	MOV R7, #0
0x0806	0x120312  	LCALL _Div_32x32_S
0x0809	0x7430    	MOV A, #48
0x080B	0x28      	ADD A, R0
0x080C	0xF514    	MOV print_I_ch_L0+1, A
;lcd_print.c,111 :: 		ch[2] = ((value % 10) + 0x30);
0x080E	0x7C0A    	MOV R4, #10
0x0810	0x7D00    	MOV R5, #0
0x0812	0x7E00    	MOV R6, #0
0x0814	0x750700  	MOV R7, #0
0x0817	0xA80F    	MOV R0, FARG_print_I_value
0x0819	0xA910    	MOV R1, FARG_print_I_value+1
0x081B	0xAA11    	MOV R2, FARG_print_I_value+2
0x081D	0xAB12    	MOV R3, FARG_print_I_value+3
0x081F	0x120312  	LCALL _Div_32x32_S
0x0822	0xA804    	MOV R0, R4
0x0824	0xA905    	MOV R1, R5
0x0826	0xAA06    	MOV R2, R6
0x0828	0xAB07    	MOV R3, R7
0x082A	0x7430    	MOV A, #48
0x082C	0x28      	ADD A, R0
0x082D	0xF515    	MOV print_I_ch_L0+2, A
;lcd_print.c,112 :: 		ch[3] = 0x20;
0x082F	0x751620  	MOV print_I_ch_L0+3, #32
;lcd_print.c,113 :: 		ch[4] = 0x20;
0x0832	0x751720  	MOV print_I_ch_L0+4, #32
;lcd_print.c,114 :: 		ch[5] = 0x20;
0x0835	0x751820  	MOV print_I_ch_L0+5, #32
;lcd_print.c,115 :: 		}
0x0838	0x802D    	SJMP L_print_I89
L_print_I88:
;lcd_print.c,118 :: 		ch[1] = ((value % 10) + 0x30);
0x083A	0x7C0A    	MOV R4, #10
0x083C	0x7D00    	MOV R5, #0
0x083E	0x7E00    	MOV R6, #0
0x0840	0x750700  	MOV R7, #0
0x0843	0xA80F    	MOV R0, FARG_print_I_value
0x0845	0xA910    	MOV R1, FARG_print_I_value+1
0x0847	0xAA11    	MOV R2, FARG_print_I_value+2
0x0849	0xAB12    	MOV R3, FARG_print_I_value+3
0x084B	0x120312  	LCALL _Div_32x32_S
0x084E	0xA804    	MOV R0, R4
0x0850	0xA905    	MOV R1, R5
0x0852	0xAA06    	MOV R2, R6
0x0854	0xAB07    	MOV R3, R7
0x0856	0x7430    	MOV A, #48
0x0858	0x28      	ADD A, R0
0x0859	0xF514    	MOV print_I_ch_L0+1, A
;lcd_print.c,119 :: 		ch[2] = 0x20;
0x085B	0x751520  	MOV print_I_ch_L0+2, #32
;lcd_print.c,120 :: 		ch[3] = 0x20;
0x085E	0x751620  	MOV print_I_ch_L0+3, #32
;lcd_print.c,121 :: 		ch[4] = 0x20;
0x0861	0x751720  	MOV print_I_ch_L0+4, #32
;lcd_print.c,122 :: 		ch[5] = 0x20;
0x0864	0x751820  	MOV print_I_ch_L0+5, #32
;lcd_print.c,123 :: 		}
L_print_I89:
L_print_I85:
L_print_I81:
L_print_I77:
;lcd_print.c,125 :: 		LCD_goto(x_pos, y_pos);
0x0867	0x850D1A  	MOV FARG_LCD_goto_x_pos, FARG_print_I_x_pos+0
0x086A	0x850E1B  	MOV FARG_LCD_goto_y_pos, FARG_print_I_y_pos+0
0x086D	0x120357  	LCALL _LCD_goto
;lcd_print.c,126 :: 		LCD_putstr(ch);
0x0870	0x751A13  	MOV FARG_LCD_putstr_lcd_string, lo_addr(print_I_ch_L0)
0x0873	0x120302  	LCALL _LCD_putstr
;lcd_print.c,127 :: 		}
0x0876	0x22      	RET
; end of _print_I
_Init_Device:
;ir_rcv.c,132 :: 		void Init_Device(void)
;ir_rcv.c,134 :: 		PCA_Init();
0x0877	0x12046F  	LCALL _PCA_Init
;ir_rcv.c,135 :: 		Timer_Init();
0x087A	0x120483  	LCALL _Timer_Init
;ir_rcv.c,136 :: 		Port_IO_Init();
0x087D	0x120476  	LCALL _Port_IO_Init
;ir_rcv.c,137 :: 		Oscillator_Init();
0x0880	0x120455  	LCALL _Oscillator_Init
;ir_rcv.c,138 :: 		Interrupts_Init();
0x0883	0x120468  	LCALL _Interrupts_Init
;ir_rcv.c,139 :: 		}
0x0886	0x22      	RET
; end of _Init_Device
_set_timer:
;ir_rcv.c,169 :: 		void set_timer(void)
;ir_rcv.c,171 :: 		TH0 = 0;
0x0887	0x758C00  	MOV TH0, #0
;ir_rcv.c,172 :: 		TL0 = 0;
0x088A	0x758A00  	MOV TL0, #0
;ir_rcv.c,173 :: 		}
0x088D	0x22      	RET
; end of _set_timer
_LCD_init:
;lcd_2_wire.c,8 :: 		void LCD_init(void)
;lcd_2_wire.c,10 :: 		PCF8574_init();
0x088E	0x120459  	LCALL _PCF8574_init
;lcd_2_wire.c,11 :: 		delay_ms(10);
0x0891	0x7EA0    	MOV R6, 160
0x0893	0x7F15    	MOV R7, 21
0x0895	0xDFFE    	DJNZ R7, PC-2
0x0897	0xDEFC    	DJNZ R6, PC-4
0x0899	0x00      	NOP
0x089A	0x00      	NOP
;lcd_2_wire.c,13 :: 		bl_state = BL_ON;
0x089B	0x750901  	MOV ir_rcv_bl_state, #1
;lcd_2_wire.c,14 :: 		data_value = 0x04;
0x089E	0x750804  	MOV ir_rcv_data_value, #4
;lcd_2_wire.c,15 :: 		PCF8574_write(data_value);
0x08A1	0x752104  	MOV FARG_PCF8574_write_data_byte, #4
0x08A4	0x12012E  	LCALL _PCF8574_write
;lcd_2_wire.c,17 :: 		delay_ms(10);
0x08A7	0x7EA0    	MOV R6, 160
0x08A9	0x7F15    	MOV R7, 21
0x08AB	0xDFFE    	DJNZ R7, PC-2
0x08AD	0xDEFC    	DJNZ R6, PC-4
0x08AF	0x00      	NOP
0x08B0	0x00      	NOP
;lcd_2_wire.c,19 :: 		LCD_send(0x33, CMD);
0x08B1	0x751E33  	MOV FARG_LCD_send_value, #51
0x08B4	0x751F00  	MOV FARG_LCD_send_mode, #0
0x08B7	0x1201B6  	LCALL _LCD_send
;lcd_2_wire.c,20 :: 		LCD_send(0x32, CMD);
0x08BA	0x751E32  	MOV FARG_LCD_send_value, #50
0x08BD	0x751F00  	MOV FARG_LCD_send_mode, #0
0x08C0	0x1201B6  	LCALL _LCD_send
;lcd_2_wire.c,22 :: 		LCD_send((_4_pin_interface | _2_row_display | _5x7_dots), CMD);
0x08C3	0x751E28  	MOV FARG_LCD_send_value, #40
0x08C6	0x751F00  	MOV FARG_LCD_send_mode, #0
0x08C9	0x1201B6  	LCALL _LCD_send
;lcd_2_wire.c,23 :: 		LCD_send((display_on | cursor_off | blink_off), CMD);
0x08CC	0x751E0C  	MOV FARG_LCD_send_value, #12
0x08CF	0x751F00  	MOV FARG_LCD_send_mode, #0
0x08D2	0x1201B6  	LCALL _LCD_send
;lcd_2_wire.c,24 :: 		LCD_send((clear_display), CMD);
0x08D5	0x751E01  	MOV FARG_LCD_send_value, #1
0x08D8	0x751F00  	MOV FARG_LCD_send_mode, #0
0x08DB	0x1201B6  	LCALL _LCD_send
;lcd_2_wire.c,25 :: 		LCD_send((cursor_direction_inc | display_no_shift), CMD);
0x08DE	0x751E06  	MOV FARG_LCD_send_value, #6
0x08E1	0x751F00  	MOV FARG_LCD_send_mode, #0
0x08E4	0x1201B6  	LCALL _LCD_send
;lcd_2_wire.c,26 :: 		}
0x08E7	0x22      	RET
; end of _LCD_init
_LCD_clear_home:
;lcd_2_wire.c,113 :: 		void LCD_clear_home(void)
;lcd_2_wire.c,115 :: 		LCD_send(clear_display, CMD);
0x08E8	0x751E01  	MOV FARG_LCD_send_value, #1
0x08EB	0x751F00  	MOV FARG_LCD_send_mode, #0
0x08EE	0x1201B6  	LCALL _LCD_send
;lcd_2_wire.c,116 :: 		LCD_send(goto_home, CMD);
0x08F1	0x751E02  	MOV FARG_LCD_send_value, #2
0x08F4	0x751F00  	MOV FARG_LCD_send_mode, #0
0x08F7	0x1201B6  	LCALL _LCD_send
;lcd_2_wire.c,117 :: 		}
0x08FA	0x22      	RET
; end of _LCD_clear_home
_decode_NEC:
;ir_rcv.c,201 :: 		void decode_NEC(unsigned char *addr, unsigned char *cmd)
;ir_rcv.c,203 :: 		*addr = decode(2, 9);
0x08FB	0x751A02  	MOV FARG_decode_start_pos, #2
0x08FE	0x751B09  	MOV FARG_decode_end_pos, #9
0x0901	0x120374  	LCALL _decode
0x0904	0x85000F  	MOV FLOC__decode_NEC, 0
0x0907	0xA80D    	MOV R0, FARG_decode_NEC_addr
0x0909	0xA60F    	MOV @R0, FLOC__decode_NEC
;ir_rcv.c,204 :: 		*cmd = decode(18, 25);
0x090B	0x751A12  	MOV FARG_decode_start_pos, #18
0x090E	0x751B19  	MOV FARG_decode_end_pos, #25
0x0911	0x120374  	LCALL _decode
0x0914	0x85000F  	MOV FLOC__decode_NEC, 0
0x0917	0xA80E    	MOV R0, FARG_decode_NEC_cmd
0x0919	0xA60F    	MOV @R0, FLOC__decode_NEC
;ir_rcv.c,205 :: 		}
0x091B	0x22      	RET
; end of _decode_NEC
_IR_receive:
0x091C	0xC000    	PUSH R0
0x091E	0xC001    	PUSH R1
0x0920	0xC0D0    	PUSH PSW
0x0922	0xC0E0    	PUSH ACC
0x0924	0xC0F0    	PUSH B
0x0926	0xC082    	PUSH DPL
0x0928	0xC083    	PUSH DPH
;ir_rcv.c,34 :: 		ics ICS_AUTO
;ir_rcv.c,36 :: 		frames[bits] = get_timer();
0x092A	0x7901    	MOV R1, #1
0x092C	0xE535    	MOV A, _bits
0x092E	0x09      	INC R1
0x092F	0x8002    	SJMP L__IR_receive175
L__IR_receive176:
0x0931	0xC3      	CLR C
0x0932	0x33      	RLC A
L__IR_receive175:
0x0933	0xD9FC    	DJNZ R1, L__IR_receive176
0x0935	0xF8      	MOV R0, A
0x0936	0x743B    	MOV A, lo_addr(_frames)
0x0938	0x28      	ADD A, R0
0x0939	0xF8      	MOV R0, A
0x093A	0x850026  	MOV FLOC__IR_receive+2, 0
0x093D	0x1204D1  	LCALL _get_timer
0x0940	0x850024  	MOV FLOC__IR_receive, 0
0x0943	0x850125  	MOV FLOC__IR_receive+1, 1
0x0946	0xA826    	MOV R0, FLOC__IR_receive+2
0x0948	0xA624    	MOV @R0, FLOC__IR_receive
0x094A	0x08      	INC R0
0x094B	0xA625    	MOV @R0, FLOC__IR_receive+1
;ir_rcv.c,37 :: 		bits++;
0x094D	0x0535    	INC _bits
;ir_rcv.c,38 :: 		TR0_bit = 1;
0x094F	0xD28C    	SETB TR0_bit
;ir_rcv.c,40 :: 		if(bits >= 33)
0x0951	0xC3      	CLR C
0x0952	0xE535    	MOV A, _bits
0x0954	0x9421    	SUBB A, #33
0x0956	0x4009    	JC L_IR_receive112
;ir_rcv.c,42 :: 		received = 1;
0x0958	0xD3      	SETB C
0x0959	0xE50A    	MOV A, _received
0x095B	0x92E0    	MOV #224.B0, C
0x095D	0xF50A    	MOV _received, A
;ir_rcv.c,43 :: 		TR0_bit = 0;
0x095F	0xC28C    	CLR TR0_bit
;ir_rcv.c,44 :: 		}
L_IR_receive112:
;ir_rcv.c,45 :: 		set_timer();
0x0961	0x1187    	ACALL _set_timer
;ir_rcv.c,46 :: 		}
0x0963	0xD083    	POP DPH
0x0965	0xD082    	POP DPL
0x0967	0xD0F0    	POP B
0x0969	0xD0E0    	POP ACC
0x096B	0xD0D0    	POP PSW
0x096D	0xD001    	POP R1
0x096F	0xD000    	POP R0
0x0971	0x32      	RETI
; end of _IR_receive
_main:
0x0972	0x758180  	MOV SP, #128
0x0975	0x1209EB  	LCALL 2539
;ir_rcv.c,49 :: 		void main(void)
;ir_rcv.c,51 :: 		unsigned char i = 0;
;ir_rcv.c,53 :: 		unsigned char address = 0;
0x0978	0x750B00  	MOV main_address_L0, #0
0x097B	0x750C00  	MOV main_command_L0, #0
;ir_rcv.c,54 :: 		unsigned char command = 0;
;ir_rcv.c,56 :: 		Init_Device();
0x097E	0x1177    	ACALL _Init_Device
;ir_rcv.c,57 :: 		LCD_init();
0x0980	0x118E    	ACALL _LCD_init
;ir_rcv.c,58 :: 		LCD_clear_home();
0x0982	0x11E8    	ACALL _LCD_clear_home
;ir_rcv.c,60 :: 		LCD_goto(0, 0);
0x0984	0x751A00  	MOV FARG_LCD_goto_x_pos, #0
0x0987	0x751B00  	MOV FARG_LCD_goto_y_pos, #0
0x098A	0x120357  	LCALL _LCD_goto
;ir_rcv.c,61 :: 		LCD_putstr("ADR:");
0x098D	0x751A36  	MOV FARG_LCD_putstr_lcd_string, lo_addr(?lstr1_ir_rcv)
0x0990	0x120302  	LCALL _LCD_putstr
;ir_rcv.c,62 :: 		LCD_goto(0, 1);
0x0993	0x751A00  	MOV FARG_LCD_goto_x_pos, #0
0x0996	0x751B01  	MOV FARG_LCD_goto_y_pos, #1
0x0999	0x120357  	LCALL _LCD_goto
;ir_rcv.c,63 :: 		LCD_putstr("CMD:");
0x099C	0x751A30  	MOV FARG_LCD_putstr_lcd_string, lo_addr(?lstr2_ir_rcv)
0x099F	0x120302  	LCALL _LCD_putstr
;ir_rcv.c,65 :: 		while(1)
L_main113:
;ir_rcv.c,67 :: 		if(received)
0x09A2	0xE50A    	MOV A, _received
0x09A4	0x30E035  	JNB ACC, L_main115
;ir_rcv.c,69 :: 		decode_NEC(&address, &command);
0x09A7	0x750D0B  	MOV FARG_decode_NEC_addr, lo_addr(main_address_L0)
0x09AA	0x750E0C  	MOV FARG_decode_NEC_cmd, lo_addr(main_command_L0)
0x09AD	0x11FB    	ACALL _decode_NEC
;ir_rcv.c,70 :: 		print_I(12, 0, address);
0x09AF	0x750D0C  	MOV FARG_print_I_x_pos, #12
0x09B2	0x750E00  	MOV FARG_print_I_y_pos, #0
0x09B5	0x850B0F  	MOV FARG_print_I_value, main_address_L0+0
0x09B8	0xE4      	CLR A
0x09B9	0xF510    	MOV FARG_print_I_value+1, A
0x09BB	0xE4      	CLR A
0x09BC	0xF511    	MOV FARG_print_I_value+2, A
0x09BE	0xE4      	CLR A
0x09BF	0xF512    	MOV FARG_print_I_value+3, A
0x09C1	0x1204F5  	LCALL _print_I
;ir_rcv.c,71 :: 		print_I(12, 1, command);
0x09C4	0x750D0C  	MOV FARG_print_I_x_pos, #12
0x09C7	0x750E01  	MOV FARG_print_I_y_pos, #1
0x09CA	0x850C0F  	MOV FARG_print_I_value, main_command_L0+0
0x09CD	0xE4      	CLR A
0x09CE	0xF510    	MOV FARG_print_I_value+1, A
0x09D0	0xE4      	CLR A
0x09D1	0xF511    	MOV FARG_print_I_value+2, A
0x09D3	0xE4      	CLR A
0x09D4	0xF512    	MOV FARG_print_I_value+3, A
0x09D6	0x1204F5  	LCALL _print_I
;ir_rcv.c,72 :: 		erase_frames();
0x09D9	0x12048A  	LCALL _erase_frames
;ir_rcv.c,73 :: 		}
L_main115:
;ir_rcv.c,74 :: 		};
0x09DC	0x80C4    	SJMP L_main113
;ir_rcv.c,75 :: 		}
0x09DE	0x80FE    	SJMP #254
; end of _main
0x09EB	0x7830    	MOV R0, 48
0x09ED	0x790B    	MOV R1, 11
0x09EF	0x7582E0  	MOV DPL, 224
0x09F2	0x758309  	MOV DPH, 9
0x09F5	0x1204C9  	LCALL 1225
0x09F8	0x22      	RET
;ir_rcv.c,0 :: ?ICS?lstr2_ir_rcv
0x09E0	0x434D44 ;?ICS?lstr2_ir_rcv+0
0x09E3	0x3A00 ;?ICS?lstr2_ir_rcv+3
; end of ?ICS?lstr2_ir_rcv
;ir_rcv.c,0 :: ?ICS_bits
0x09E5	0x00 ;?ICS_bits+0
; end of ?ICS_bits
;ir_rcv.c,0 :: ?ICS?lstr1_ir_rcv
0x09E6	0x414452 ;?ICS?lstr1_ir_rcv+0
0x09E9	0x3A00 ;?ICS?lstr1_ir_rcv+3
; end of ?ICS?lstr1_ir_rcv
Symbol List:
//** Routines locations **
//ADDRESS    SIZE    PROCEDURE
//----------------------------------------------
0x0076      [46]    _SW_I2C_ACK_NACK
0x00A4      [84]    _SW_I2C_write
0x00F8      [27]    _SW_I2C_start
0x0113      [27]    _SW_I2C_stop
0x012E      [25]    _PCF8574_write
0x0147      [47]    _LCD_toggle_EN
0x0176      [64]    _LCD_4bit_send
0x01B6      [65]    _LCD_send
0x01F7     [214]    _Div_32x32_U
0x02CD      [30]    _SW_I2C_init
0x02EB      [23]    _LCD_putchar
0x0302      [16]    _LCD_putstr
0x0312      [69]    _Div_32x32_S
0x0357      [29]    _LCD_goto
0x0374     [225]    _decode
0x0455       [4]    _Oscillator_Init
0x0459      [15]    _PCF8574_init
0x0468       [7]    _Interrupts_Init
0x046F       [7]    _PCA_Init
0x0476      [13]    _Port_IO_Init
0x0483       [7]    _Timer_Init
0x048A      [63]    _erase_frames
0x04C9       [8]    ___CC2D
0x04D1      [36]    _get_timer
0x04F5     [898]    _print_I
0x0877      [16]    _Init_Device
0x0887       [7]    _set_timer
0x088E      [90]    _LCD_init
0x08E8      [19]    _LCD_clear_home
0x08FB      [33]    _decode_NEC
0x091C      [86]    _IR_receive
0x0972     [110]    _main
//** Variables locations ** 
//ADDRESS    SIZE    VARIABLE
//----------------------------------------------
0x0000       [1]    R0
0x0001       [1]    R1
0x0002       [1]    R2
0x0003       [1]    R3
0x0004       [1]    R4
0x0005       [1]    R5
0x0006       [1]    R6
0x0007       [1]    R7
0x0008       [1]    ir_rcv_data_value
0x0009       [1]    ir_rcv_bl_state
0x000A       [0]    _received
0x000B       [1]    main_address_L0
0x000C       [1]    main_command_L0
0x000D       [1]    FARG_decode_NEC_addr
0x000D       [1]    FARG_print_I_x_pos
0x000E       [1]    FARG_decode_NEC_cmd
0x000E       [1]    FARG_print_I_y_pos
0x000F       [1]    FLOC__decode_NEC
0x000F       [4]    FARG_print_I_value
0x0013       [7]    print_I_ch_L0
0x001A       [1]    FARG_LCD_goto_x_pos
0x001A       [1]    FARG_decode_start_pos
0x001A       [1]    FARG_LCD_putstr_lcd_string
0x001B       [1]    FARG_LCD_goto_y_pos
0x001B       [1]    FARG_decode_end_pos
0x001C       [1]    decode_value_L0
0x001D       [1]    FARG_LCD_putchar_char_data
0x001E       [1]    FARG_LCD_send_value
0x001F       [1]    FARG_LCD_send_mode
0x0020       [1]    FARG_LCD_4bit_send_lcd_data
0x0021       [1]    FARG_PCF8574_write_data_byte
0x0022       [1]    FARG_SW_I2C_ACK_NACK_mode
0x0022       [1]    FARG_SW_I2C_write_value
0x0023       [1]    SW_I2C_write_i_L0
0x0024       [3]    FLOC__IR_receive
0x0027       [2]    get_timer_time_L0
0x0030       [5]    ?lstr2_ir_rcv
0x0035       [1]    _bits
0x0036       [5]    ?lstr1_ir_rcv
0x003B      [66]    _frames
0x0081       [1]    SP
0x0082       [1]    DPL
0x0083       [1]    DPH
0x0088       [0]    TR0_bit
0x0088       [1]    TCON
0x0089       [1]    TMOD
0x008A       [1]    TL0
0x008C       [1]    TH0
0x0090       [1]    P1
0x00A5       [1]    P1MDOUT
0x00A8       [1]    IE
0x00B2       [1]    OSCICN
0x00D0       [1]    PSW
0x00D0       [0]    F0_bit
0x00D0       [0]    CY_bit
0x00D4       [1]    P0SKIP
0x00D5       [1]    P1SKIP
0x00D9       [1]    PCA0MD
0x00E0       [1]    ACC
0x00E2       [1]    XBR1
0x00E4       [1]    IT01CF
0x00F0       [1]    B
//** Constants locations ** 
//ADDRESS    SIZE    CONSTANT
//----------------------------------------------
0x09E0       [5]    ?ICS?lstr2_ir_rcv
0x09E5       [1]    ?ICS_bits
0x09E6       [5]    ?ICS?lstr1_ir_rcv
//** Label List: ** 
//----------------------------------------------
  L_SW_I2C_init0
  L_SW_I2C_init1
  L_SW_I2C_init2
  L_SW_I2C_init3
  L_SW_I2C_init4
  L_SW_I2C_init5
  L_SW_I2C_start6
  L_SW_I2C_start7
  L_SW_I2C_start8
  L_SW_I2C_stop9
  L_SW_I2C_stop10
  L_SW_I2C_stop11
  L_SW_I2C_read12
  L_SW_I2C_read13
  L_SW_I2C_read14
  L_SW_I2C_read15
  L_SW_I2C_read16
  L_SW_I2C_read17
  L_SW_I2C_read18
  L_SW_I2C_read19
  L_SW_I2C_read20
  L_SW_I2C_read21
  L_SW_I2C_write22
  L_SW_I2C_write23
  L_SW_I2C_write24
  L_SW_I2C_write25
  L_SW_I2C_write26
  L_SW_I2C_write27
  L_SW_I2C_write28
  L_SW_I2C_ACK_NACK29
  L_SW_I2C_ACK_NACK30
  L_SW_I2C_ACK_NACK31
  L_SW_I2C_ACK_NACK32
  L_SW_I2C_ACK_NACK33
  L_SW_I2C_ACK_NACK34
  L_SW_I2C_ACK_NACK35
  L_SW_I2C_wait_ACK36
  L_SW_I2C_wait_ACK37
  L_SW_I2C_wait_ACK38
  L_SW_I2C_wait_ACK39
  L_SW_I2C_wait_ACK40
  L_SW_I2C_wait_ACK41
  L_LCD_send42
  L_LCD_send43
  L_LCD_send44
  L_LCD_send45
  L_LCD_send46
  L_LCD_send47
  L_LCD_send48
  L_LCD_send49
  L_LCD_putstr50
  L_LCD_putstr51
  L_LCD_putstr52
  L_LCD_putchar53
  L_LCD_putchar54
  L_LCD_putchar55
  L_LCD_goto56
  L_LCD_goto57
  L_load_custom_symbol58
  L_load_custom_symbol59
  L_load_custom_symbol60
  L_print_C61
  L_print_C62
  L_print_C63
  L_print_C64
  L_print_C65
  L_print_C66
  L_print_C67
  L_print_C68
  L_print_C69
  L_print_C70
  L_print_C71
  L_print_C72
  L_print_C73
  L_print_I74
  L_print_I75
  L_print_I76
  L_print_I77
  L_print_I78
  L_print_I79
  L_print_I80
  L_print_I81
  L_print_I82
  L_print_I83
  L_print_I84
  L_print_I85
  L_print_I86
  L_print_I87
  L_print_I88
  L_print_I89
  L_print_D90
  L_print_D91
  L_print_F92
  L_print_F93
  L_print_F94
  L_print_F95
  L_print_F96
  L_print_F97
  L_print_F98
  L_print_F99
  L_print_F100
  L_print_F101
  L_print_F102
  L_print_F103
  L_print_F104
  L_print_F105
  L_print_F106
  L_print_F107
  L_print_F108
  L_print_F109
  L_print_F110
  L_print_F111
  L_IR_receive112
  L_main113
  L_main114
  L_main115
  L_erase_frames116
  L_erase_frames117
  L_erase_frames118
  L_decode119
  L_decode120
  L_decode121
  L_decode122
  L_decode123
  L_decode124
  L_decode125
  L_decode126
  L_decode127
  L_decode128
  L_decode129
  L_decode130
  L_decode131
  L_decode132
  L__LCD_putchar133
  L__print_C134
  L__print_C135
  L__print_C136
  L__print_I137
  L__print_I138
  L__print_I139
  L__print_F140
  L__print_F141
  L__print_F142
  L__print_F143
  L__decode144
  L__decode145
  L__decode146
  _SW_I2C_init
  _SW_I2C_start
  _SW_I2C_stop
  _SW_I2C_read
  L__SW_I2C_read147
  L__SW_I2C_read148
  _SW_I2C_write
  L__SW_I2C_write149
  L__SW_I2C_write150
  L__SW_I2C_write151
  L__SW_I2C_write152
  _SW_I2C_ACK_NACK
  _SW_I2C_wait_ACK
  _PCF8574_init
  _PCF8574_read
  _PCF8574_write
  _LCD_init
  _LCD_toggle_EN
  _LCD_send
  _LCD_4bit_send
  L__LCD_4bit_send153
  L__LCD_4bit_send154
  _LCD_putstr
  _LCD_putchar
  _LCD_clear_home
  _LCD_goto
  _load_custom_symbol
  _print_symbol
  _print_C
  _print_I
  _print_D
  _print_F
  L__print_F155
  L__print_F156
  L__print_F157
  L__print_F158
  L__print_F159
  L__print_F160
  L__print_F161
  L__print_F162
  L__print_F163
  L__print_F164
  L__print_F165
  L__print_F166
  L__print_F167
  L__print_F168
  L__print_F169
  L__print_F170
  L__print_F171
  L__print_F172
  L__print_F173
  L__print_F174
  _IR_receive
  L__IR_receive175
  L__IR_receive176
  _main
  _PCA_Init
  _Timer_Init
  _Port_IO_Init
  _Oscillator_Init
  _Interrupts_Init
  _Init_Device
  _erase_frames
  L__erase_frames177
  L__erase_frames178
  _get_timer
  _set_timer
  _decode
  L__decode179
  L__decode180
  L__decode181
  L__decode182
  L__decode183
  L__decode184
  L__decode185
  L__decode186
  L__decode187
  L__decode188
  L__decode189
  L__decode190
  L__decode191
  L__decode192
  _decode_NEC
  lab_end
  loop_lab
  lab_end1
  lab_loop1
  lab_end2
  lab_loop3
  __Div_8x8_S_Bpositive
  __Div_8x8_S_Apositive
  __Div_8x8_S_Skip_Div
  __Div_8x8_S_div_ret
  __op2hi_not_zero
  __op1hi_not_zero
  __Div_16x16_U_Loop1
  __Div_16x16_U_Lab1
  __Div_16x16_U_div_ret
  __Div_16x16_U_Loop2
  __Div_16x16_U_Lab2
  __Div_16x16_U_Lab3
  __Div_16x16_S_op2hipositive
  __Div_16x16_S_op1hipositive
  __Div_16x16_S_Skip_Udiv
  __Div_16x16_S_div_ret
  __Div_32x32_U_start
  __Div_32x32_U_aux
  __Div_32x32_U_l2
  __Div_32x32_U_l1
  lw_1
  lw_2
  __Div_32x32_U_l3
  lw_3
  __Div_32x32_U_l4
  __Div_32x32_U_IR_l0
  __Div_32x32_U_l5
  __Div_32x32_U_l6
  __Div_32x32_U_l8
  __Div_32x32_U_l7
  __Div_32x32_U_IR_l1
  __Div_32x32_U_l10
  __Div_32x32_U_l9
  __Div_32x32_U_IR_l2
  __Div_32x32_S_l1
  __Div_32x32_S_call_uns
  __Div_32x32_S_l2
  __Div_32x32_S_l3
  __Div_32x32_S_div_ret
  __shl_long
  __shr_longint
  __shr_longword
  _Mul_16x16
  _Mul_32x32
  _Div_8x8_S
  _Div_16x16_U
  _Div_16x16_S
  _Div_32x32_U
  _Div_32x32_S
  _CC2D_Loop1
  _CC2PD_Loop1
  _CC2XD_Loop1
  ___DoIFC
  ___CC2D
  ___CC2PD
  ___CC2XD
  L_SW_I2C_init0
  L_SW_I2C_init1
  L_SW_I2C_init2
  L_SW_I2C_init3
  L_SW_I2C_init4
  L_SW_I2C_init5
  L_SW_I2C_start6
  L_SW_I2C_start7
  L_SW_I2C_start8
  L_SW_I2C_stop9
  L_SW_I2C_stop10
  L_SW_I2C_stop11
  L_SW_I2C_read12
  L_SW_I2C_read13
  L_SW_I2C_read14
  L_SW_I2C_read15
  L_SW_I2C_read16
  L_SW_I2C_read17
  L_SW_I2C_read18
  L_SW_I2C_read19
  L_SW_I2C_read20
  L_SW_I2C_read21
  L_SW_I2C_write22
  L_SW_I2C_write23
  L_SW_I2C_write24
  L_SW_I2C_write25
  L_SW_I2C_write26
  L_SW_I2C_write27
  L_SW_I2C_write28
  L_SW_I2C_ACK_NACK29
  L_SW_I2C_ACK_NACK30
  L_SW_I2C_ACK_NACK31
  L_SW_I2C_ACK_NACK32
  L_SW_I2C_ACK_NACK33
  L_SW_I2C_ACK_NACK34
  L_SW_I2C_ACK_NACK35
  L_SW_I2C_wait_ACK36
  L_SW_I2C_wait_ACK37
  L_SW_I2C_wait_ACK38
  L_SW_I2C_wait_ACK39
  L_SW_I2C_wait_ACK40
  L_SW_I2C_wait_ACK41
  L_LCD_send42
  L_LCD_send43
  L_LCD_send44
  L_LCD_send45
  L_LCD_send46
  L_LCD_send47
  L_LCD_send48
  L_LCD_send49
  L_LCD_putstr50
  L_LCD_putstr51
  L_LCD_putstr52
  L_LCD_putchar53
  L_LCD_putchar54
  L_LCD_putchar55
  L_LCD_goto56
  L_LCD_goto57
  L_load_custom_symbol58
  L_load_custom_symbol59
  L_load_custom_symbol60
  L_print_C61
  L_print_C62
  L_print_C63
  L_print_C64
  L_print_C65
  L_print_C66
  L_print_C67
  L_print_C68
  L_print_C69
  L_print_C70
  L_print_C71
  L_print_C72
  L_print_C73
  L_print_I74
  L_print_I75
  L_print_I76
  L_print_I77
  L_print_I78
  L_print_I79
  L_print_I80
  L_print_I81
  L_print_I82
  L_print_I83
  L_print_I84
  L_print_I85
  L_print_I86
  L_print_I87
  L_print_I88
  L_print_I89
  L_print_D90
  L_print_D91
  L_print_F92
  L_print_F93
  L_print_F94
  L_print_F95
  L_print_F96
  L_print_F97
  L_print_F98
  L_print_F99
  L_print_F100
  L_print_F101
  L_print_F102
  L_print_F103
  L_print_F104
  L_print_F105
  L_print_F106
  L_print_F107
  L_print_F108
  L_print_F109
  L_print_F110
  L_print_F111
  L_IR_receive112
  L_main113
  L_main114
  L_main115
  L_erase_frames116
  L_erase_frames117
  L_erase_frames118
  L_decode119
  L_decode120
  L_decode121
  L_decode122
  L_decode123
  L_decode124
  L_decode125
  L_decode126
  L_decode127
  L_decode128
  L_decode129
  L_decode130
  L_decode131
  L_decode132
  L__LCD_putchar133
  L__print_C134
  L__print_C135
  L__print_C136
  L__print_I137
  L__print_I138
  L__print_I139
  L__print_F140
  L__print_F141
  L__print_F142
  L__print_F143
  L__decode144
  L__decode145
  L__decode146
  _SW_I2C_init
  _SW_I2C_start
  _SW_I2C_stop
  _SW_I2C_read
  L__SW_I2C_read147
  L__SW_I2C_read148
  _SW_I2C_write
  L__SW_I2C_write149
  L__SW_I2C_write150
  L__SW_I2C_write151
  L__SW_I2C_write152
  _SW_I2C_ACK_NACK
  _SW_I2C_wait_ACK
  _PCF8574_init
  _PCF8574_read
  _PCF8574_write
  _LCD_init
  _LCD_toggle_EN
  _LCD_send
  _LCD_4bit_send
  L__LCD_4bit_send153
  L__LCD_4bit_send154
  _LCD_putstr
  _LCD_putchar
  _LCD_clear_home
  _LCD_goto
  _load_custom_symbol
  _print_symbol
  _print_C
  _print_I
  _print_D
  _print_F
  L__print_F155
  L__print_F156
  L__print_F157
  L__print_F158
  L__print_F159
  L__print_F160
  L__print_F161
  L__print_F162
  L__print_F163
  L__print_F164
  L__print_F165
  L__print_F166
  L__print_F167
  L__print_F168
  L__print_F169
  L__print_F170
  L__print_F171
  L__print_F172
  L__print_F173
  L__print_F174
  _IR_receive
  L__IR_receive175
  L__IR_receive176
  _main
  _PCA_Init
  _Timer_Init
  _Port_IO_Init
  _Oscillator_Init
  _Interrupts_Init
  _Init_Device
  _erase_frames
  L__erase_frames177
  L__erase_frames178
  _get_timer
  _set_timer
  _decode
  L__decode179
  L__decode180
  L__decode181
  L__decode182
  L__decode183
  L__decode184
  L__decode185
  L__decode186
  L__decode187
  L__decode188
  L__decode189
  L__decode190
  L__decode191
  L__decode192
  _decode_NEC
