;  LST file generated by mikroListExporter - v.2.0 
; Date/Time: 16-Jul-22 02:00:11 PM
;----------------------------------------------

;Address Opcode 	ASM
0x0000	0x0201C4  	LJMP 452
0x0003	0x020000  	LJMP 0
0x0006	0x00      	NOP
0x0007	0x00      	NOP
0x0008	0x00      	NOP
0x0009	0x00      	NOP
0x000A	0x00      	NOP
0x000B	0x020000  	LJMP 0
0x000E	0x00      	NOP
0x000F	0x00      	NOP
0x0010	0x00      	NOP
0x0011	0x00      	NOP
0x0012	0x00      	NOP
0x0013	0x020000  	LJMP 0
0x0016	0x00      	NOP
0x0017	0x00      	NOP
0x0018	0x00      	NOP
0x0019	0x00      	NOP
0x001A	0x00      	NOP
0x001B	0x020000  	LJMP 0
0x001E	0x00      	NOP
0x001F	0x00      	NOP
0x0020	0x00      	NOP
0x0021	0x00      	NOP
0x0022	0x00      	NOP
0x0023	0x0202C1  	LJMP 705
0x0026	0x00      	NOP
0x0027	0x00      	NOP
0x0028	0x00      	NOP
0x0029	0x00      	NOP
0x002A	0x00      	NOP
0x002B	0x020000  	LJMP 0
0x002E	0x00      	NOP
0x002F	0x00      	NOP
0x0030	0x00      	NOP
0x0031	0x00      	NOP
0x0032	0x00      	NOP
0x0033	0x020000  	LJMP 0
0x0036	0x00      	NOP
0x0037	0x00      	NOP
0x0038	0x00      	NOP
0x0039	0x00      	NOP
0x003A	0x00      	NOP
0x003B	0x020000  	LJMP 0
0x003E	0x00      	NOP
0x003F	0x00      	NOP
0x0040	0x00      	NOP
0x0041	0x00      	NOP
0x0042	0x00      	NOP
0x0043	0x020000  	LJMP 0
0x0046	0x00      	NOP
0x0047	0x00      	NOP
0x0048	0x00      	NOP
0x0049	0x00      	NOP
0x004A	0x00      	NOP
0x004B	0x020000  	LJMP 0
0x004E	0x00      	NOP
0x004F	0x00      	NOP
0x0050	0x00      	NOP
0x0051	0x00      	NOP
0x0052	0x00      	NOP
0x0053	0x020000  	LJMP 0
0x0056	0x00      	NOP
0x0057	0x00      	NOP
0x0058	0x00      	NOP
0x0059	0x00      	NOP
0x005A	0x00      	NOP
0x005B	0x020000  	LJMP 0
0x005E	0x00      	NOP
0x005F	0x00      	NOP
0x0060	0x00      	NOP
0x0061	0x00      	NOP
0x0062	0x00      	NOP
0x0063	0x020000  	LJMP 0
0x0066	0x00      	NOP
0x0067	0x00      	NOP
0x0068	0x00      	NOP
0x0069	0x00      	NOP
0x006A	0x00      	NOP
0x006B	0x020000  	LJMP 0
0x006E	0x00      	NOP
0x006F	0x00      	NOP
0x0070	0x00      	NOP
0x0071	0x00      	NOP
0x0072	0x00      	NOP
0x0073	0x0202EF  	LJMP 751
_Timer_Init:
;uart.c,173 :: 		void Timer_Init(void)
;uart.c,175 :: 		TMR3CN = 0x04;
0x0076	0x759104  	MOV TMR3CN, #4
;uart.c,176 :: 		TMR3RLL = 0x02;
0x0079	0x759202  	MOV TMR3RLL, #2
;uart.c,177 :: 		TMR3RLH = 0xFC;
0x007C	0x7593FC  	MOV TMR3RLH, #252
;uart.c,178 :: 		}
0x007F	0x22      	RET
; end of _Timer_Init
_Interrupts_Init:
;uart.c,215 :: 		void Interrupts_Init(void)
;uart.c,217 :: 		IE = 0x90;
0x0080	0x75A890  	MOV IE, #144
;uart.c,218 :: 		EIE1 = 0x80;
0x0083	0x75E680  	MOV EIE1, #128
;uart.c,219 :: 		}
0x0086	0x22      	RET
; end of _Interrupts_Init
_PCA_Init:
;uart.c,166 :: 		void PCA_Init(void)
;uart.c,168 :: 		PCA0MD &= ~0x40;
0x0087	0x53D9BF  	ANL PCA0MD, #191
;uart.c,169 :: 		PCA0MD = 0x00;
0x008A	0x75D900  	MOV PCA0MD, #0
;uart.c,170 :: 		}
0x008D	0x22      	RET
; end of _PCA_Init
_UART1_Read:
;__Lib_UART_Timer1_XBR_Shift.c,42 :: 		
;__Lib_UART_Timer1_XBR_Shift.c,43 :: 		
0x008E	0xC298    	CLR SCON0.B0
;__Lib_UART_Timer1_XBR_Shift.c,44 :: 		
0x0090	0xA899    	MOV R0, SBUF0
;__Lib_UART_Timer1_XBR_Shift.c,45 :: 		
0x0092	0x22      	RET
; end of _UART1_Read
_write_74HC595:
;uart.c,232 :: 		void write_74HC595(unsigned char send_data)
;uart.c,234 :: 		signed char clks = 0x08;
0x0093	0x753508  	MOV write_74HC595_clks_L0, #8
;uart.c,236 :: 		while(clks > 0)
L_write_74HC59526:
0x0096	0xD3      	SETB C
0x0097	0x7400    	MOV A, #0
0x0099	0x6480    	XRL A, #128
0x009B	0xF8      	MOV R0, A
0x009C	0xE535    	MOV A, write_74HC595_clks_L0
0x009E	0x6480    	XRL A, #128
0x00A0	0x98      	SUBB A, R0
0x00A1	0x4022    	JC L_write_74HC59527
;uart.c,238 :: 		if((send_data & 0x80) == 0x00)
0x00A3	0xE52F    	MOV A, FARG_write_74HC595_send_data
0x00A5	0x5480    	ANL A, #128
0x00A7	0xF9      	MOV R1, A
0x00A8	0x7004    	JNZ L_write_74HC59528
;uart.c,240 :: 		LED_DOUT = 0;
0x00AA	0xC296    	CLR P1_6_bit
;uart.c,241 :: 		}
0x00AC	0x8002    	SJMP L_write_74HC59529
L_write_74HC59528:
;uart.c,244 :: 		LED_DOUT = 1;
0x00AE	0xD296    	SETB P1_6_bit
;uart.c,245 :: 		}
L_write_74HC59529:
;uart.c,247 :: 		LED_CLK = 0;
0x00B0	0xC295    	CLR P1_5_bit
;uart.c,248 :: 		send_data <<= 1;
0x00B2	0x7801    	MOV R0, #1
0x00B4	0xE52F    	MOV A, FARG_write_74HC595_send_data
0x00B6	0x08      	INC R0
0x00B7	0x8002    	SJMP L__write_74HC59530
L__write_74HC59531:
0x00B9	0xC3      	CLR C
0x00BA	0x33      	RLC A
L__write_74HC59530:
0x00BB	0xD8FC    	DJNZ R0, L__write_74HC59531
0x00BD	0xF52F    	MOV FARG_write_74HC595_send_data, A
;uart.c,249 :: 		clks--;
0x00BF	0x1535    	DEC write_74HC595_clks_L0
;uart.c,250 :: 		LED_CLK = 1;
0x00C1	0xD295    	SETB P1_5_bit
;uart.c,251 :: 		}
0x00C3	0x80D1    	SJMP L_write_74HC59526
L_write_74HC59527:
;uart.c,252 :: 		}
0x00C5	0x22      	RET
; end of _write_74HC595
___DoIFC:
;__Lib_System.c,3 :: 		
;__Lib_System.c,4 :: 		
0x00C6	0xC000    	PUSH R0
;__Lib_System.c,5 :: 		
0x00C8	0xC001    	PUSH R1
;__Lib_System.c,6 :: 		
0x00CA	0x22      	RET
; end of ___DoIFC
_UART1_Data_Ready:
;__Lib_UART_Timer1_XBR_Shift.c,38 :: 		
;__Lib_UART_Timer1_XBR_Shift.c,39 :: 		
0x00CB	0xA298    	MOV C, SCON0.B0
0x00CD	0xE4      	CLR A
0x00CE	0x33      	RLC A
0x00CF	0xF8      	MOV R0, A
;__Lib_UART_Timer1_XBR_Shift.c,40 :: 		
0x00D0	0x22      	RET
; end of _UART1_Data_Ready
_Port_IO_Init:
;uart.c,181 :: 		void Port_IO_Init(void)
;uart.c,201 :: 		P0MDOUT = 0x30;
0x00D1	0x75A430  	MOV P0MDOUT, #48
;uart.c,202 :: 		P1MDOUT = 0xE0;
0x00D4	0x75A5E0  	MOV P1MDOUT, #224
;uart.c,203 :: 		P1SKIP = 0xE0;
0x00D7	0x75D5E0  	MOV P1SKIP, #224
;uart.c,204 :: 		XBR0 = 0x01;
0x00DA	0x75E101  	MOV XBR0, #1
;uart.c,205 :: 		XBR1 = 0x40;
0x00DD	0x75E240  	MOV XBR1, #64
;uart.c,206 :: 		}
0x00E0	0x22      	RET
; end of _Port_IO_Init
_Oscillator_Init:
;uart.c,209 :: 		void Oscillator_Init(void)
;uart.c,211 :: 		OSCICN = 0x82;
0x00E1	0x75B282  	MOV OSCICN, #130
;uart.c,212 :: 		}
0x00E4	0x22      	RET
; end of _Oscillator_Init
_Init_Device:
;uart.c,222 :: 		void Init_Device(void)
;uart.c,224 :: 		PCA_Init();
0x00E5	0x1187    	ACALL _PCA_Init
;uart.c,225 :: 		Timer_Init();
0x00E7	0x1176    	ACALL _Timer_Init
;uart.c,226 :: 		Port_IO_Init();
0x00E9	0x11D1    	ACALL _Port_IO_Init
;uart.c,227 :: 		Oscillator_Init();
0x00EB	0x11E1    	ACALL _Oscillator_Init
;uart.c,228 :: 		Interrupts_Init();
0x00ED	0x1180    	ACALL _Interrupts_Init
;uart.c,229 :: 		}
0x00EF	0x22      	RET
; end of _Init_Device
_Div_16x16_U:
;__Lib_Math.c,273 :: 		
;__Lib_Math.c,275 :: 		
0x00F0	0xBD000B  	CJNE R5, 0, __op2hi_not_zero
;__Lib_Math.c,276 :: 		
0x00F3	0xB90029  	CJNE R1, 0, __op1hi_not_zero
;__Lib_Math.c,277 :: 		
0x00F6	0xE8      	MOV A, R0
;__Lib_Math.c,278 :: 		
0x00F7	0x8CF0    	MOV B, R4
;__Lib_Math.c,279 :: 		
0x00F9	0x84      	DIV AB
;__Lib_Math.c,280 :: 		
0x00FA	0xF8      	MOV R0, A
;__Lib_Math.c,281 :: 		
0x00FB	0xACF0    	MOV R4, B
;__Lib_Math.c,282 :: 		
0x00FD	0x22      	RET
;__Lib_Math.c,284 :: 		
__op2hi_not_zero:
;__Lib_Math.c,285 :: 		
0x00FE	0xE4      	CLR A
;__Lib_Math.c,286 :: 		
0x00FF	0xCD      	XCH A, R5
;__Lib_Math.c,287 :: 		
0x0100	0xFF      	MOV R7, A
;__Lib_Math.c,288 :: 		
0x0101	0x75F008  	MOV B, 8
;__Lib_Math.c,290 :: 		
__Div_16x16_U_Loop1:
;__Lib_Math.c,291 :: 		
0x0104	0xE8      	MOV A, R0
;__Lib_Math.c,292 :: 		
0x0105	0x28      	ADD A, R0
;__Lib_Math.c,293 :: 		
0x0106	0xF8      	MOV R0, A
;__Lib_Math.c,294 :: 		
0x0107	0xE9      	MOV A, R1
;__Lib_Math.c,295 :: 		
0x0108	0x33      	RLC A
;__Lib_Math.c,296 :: 		
0x0109	0xF9      	MOV R1, A
;__Lib_Math.c,297 :: 		
0x010A	0xED      	MOV A, R5
;__Lib_Math.c,298 :: 		
0x010B	0x33      	RLC A
;__Lib_Math.c,299 :: 		
0x010C	0xFD      	MOV R5, A
;__Lib_Math.c,300 :: 		
0x010D	0xE9      	MOV A, R1
;__Lib_Math.c,301 :: 		
0x010E	0x9C      	SUBB A, R4
;__Lib_Math.c,302 :: 		
0x010F	0xED      	MOV A, R5
;__Lib_Math.c,303 :: 		
0x0110	0x9F      	SUBB A, R7
;__Lib_Math.c,304 :: 		
0x0111	0x4005    	JC __Div_16x16_U_Lab1
;__Lib_Math.c,305 :: 		
0x0113	0xFD      	MOV R5, A
;__Lib_Math.c,306 :: 		
0x0114	0xE9      	MOV A, R1
;__Lib_Math.c,307 :: 		
0x0115	0x9C      	SUBB A, R4
;__Lib_Math.c,308 :: 		
0x0116	0xF9      	MOV R1, A
;__Lib_Math.c,309 :: 		
0x0117	0x08      	INC R0
;__Lib_Math.c,311 :: 		
__Div_16x16_U_Lab1:
;__Lib_Math.c,312 :: 		
0x0118	0xD5F0E9  	DJNZ B, __Div_16x16_U_Loop1
;__Lib_Math.c,313 :: 		
0x011B	0xE4      	CLR A
;__Lib_Math.c,314 :: 		
0x011C	0xC9      	XCH A, R1
;__Lib_Math.c,315 :: 		
0x011D	0xFC      	MOV R4, A
;__Lib_Math.c,316 :: 		
0x011E	0x22      	RET
;__Lib_Math.c,318 :: 		
__op1hi_not_zero:
;__Lib_Math.c,319 :: 		
0x011F	0xEC      	MOV A, R4
;__Lib_Math.c,320 :: 		
0x0120	0xFF      	MOV R7, A
;__Lib_Math.c,321 :: 		
0x0121	0xF5F0    	MOV B, A
;__Lib_Math.c,322 :: 		
0x0123	0xE9      	MOV A, R1
;__Lib_Math.c,323 :: 		
0x0124	0x84      	DIV AB
;__Lib_Math.c,324 :: 		
0x0125	0x20D21C  	JB OV_bit, __Div_16x16_U_div_ret
;__Lib_Math.c,325 :: 		
0x0128	0xF9      	MOV R1, A
;__Lib_Math.c,326 :: 		
0x0129	0xACF0    	MOV R4, B
;__Lib_Math.c,327 :: 		
0x012B	0x75F008  	MOV B, 8
;__Lib_Math.c,329 :: 		
__Div_16x16_U_Loop2:
;__Lib_Math.c,330 :: 		
0x012E	0xE8      	MOV A, R0
;__Lib_Math.c,331 :: 		
0x012F	0x28      	ADD A, R0
;__Lib_Math.c,332 :: 		
0x0130	0xF8      	MOV R0, A
;__Lib_Math.c,333 :: 		
0x0131	0xEC      	MOV A, R4
;__Lib_Math.c,334 :: 		
0x0132	0x33      	RLC A
;__Lib_Math.c,335 :: 		
0x0133	0xFC      	MOV R4, A
;__Lib_Math.c,336 :: 		
0x0134	0x4007    	JC __Div_16x16_U_Lab2
;__Lib_Math.c,337 :: 		
0x0136	0x9F      	SUBB A, R7
;__Lib_Math.c,338 :: 		
0x0137	0x5006    	JNC __Div_16x16_U_Lab3
;__Lib_Math.c,339 :: 		
0x0139	0xD5F0F2  	DJNZ B, __Div_16x16_U_Loop2
;__Lib_Math.c,340 :: 		
0x013C	0x22      	RET
;__Lib_Math.c,342 :: 		
__Div_16x16_U_Lab2:
;__Lib_Math.c,343 :: 		
0x013D	0xC3      	CLR C
;__Lib_Math.c,344 :: 		
0x013E	0x9F      	SUBB A, R7
;__Lib_Math.c,345 :: 		
__Div_16x16_U_Lab3:
;__Lib_Math.c,346 :: 		
0x013F	0xFC      	MOV R4, A
;__Lib_Math.c,347 :: 		
0x0140	0x08      	INC R0
;__Lib_Math.c,348 :: 		
0x0141	0xD5F0EA  	DJNZ B, __Div_16x16_U_Loop2
;__Lib_Math.c,350 :: 		
__Div_16x16_U_div_ret:
;__Lib_Math.c,352 :: 		
0x0144	0x22      	RET
; end of _Div_16x16_U
_segment_write:
;uart.c,255 :: 		void segment_write(unsigned char disp, unsigned char pos)
;uart.c,257 :: 		LED_LATCH = 0;
0x0145	0xC297    	CLR P1_7_bit
;uart.c,258 :: 		write_74HC595(segment_code[disp]);
0x0147	0xE52D    	MOV A, FARG_segment_write_disp
0x0149	0x24B0    	ADD A, lo_addr(_segment_code)
0x014B	0xF9      	MOV R1, A
0x014C	0xE4      	CLR A
0x014D	0x3403    	ADDC A, hi_addr(_segment_code)
0x014F	0xFA      	MOV R2, A
0x0150	0x850182  	MOV DPL, 1
0x0153	0x850283  	MOV DPH, 2
0x0156	0xE4      	CLR A
0x0157	0x93      	MOVC A, @A+DPTR
0x0158	0xF8      	MOV R0, A
0x0159	0x85002F  	MOV FARG_write_74HC595_send_data, 0
0x015C	0x1193    	ACALL _write_74HC595
;uart.c,259 :: 		write_74HC595(display_pos[pos]);
0x015E	0xE52E    	MOV A, FARG_segment_write_pos
0x0160	0x24C9    	ADD A, lo_addr(_display_pos)
0x0162	0xF9      	MOV R1, A
0x0163	0xE4      	CLR A
0x0164	0x3403    	ADDC A, hi_addr(_display_pos)
0x0166	0xFA      	MOV R2, A
0x0167	0x850182  	MOV DPL, 1
0x016A	0x850283  	MOV DPH, 2
0x016D	0xE4      	CLR A
0x016E	0x93      	MOVC A, @A+DPTR
0x016F	0xF8      	MOV R0, A
0x0170	0x85002F  	MOV FARG_write_74HC595_send_data, 0
0x0173	0x1193    	ACALL _write_74HC595
;uart.c,260 :: 		LED_LATCH = 1;
0x0175	0xD297    	SETB P1_7_bit
;uart.c,262 :: 		}
0x0177	0x22      	RET
; end of _segment_write
___CC2D:
;__Lib_System.c,13 :: 		
;__Lib_System.c,15 :: 		
_CC2D_Loop1:
;__Lib_System.c,16 :: 		
0x0178	0xE4      	CLR A
;__Lib_System.c,17 :: 		
0x0179	0x93      	MOVC A, @A+DPTR
;__Lib_System.c,18 :: 		
0x017A	0xF6      	MOV @R0, A
;__Lib_System.c,19 :: 		
0x017B	0x08      	INC R0
;__Lib_System.c,20 :: 		
0x017C	0xA3      	INC DPTR
;__Lib_System.c,21 :: 		
0x017D	0xD9F9    	DJNZ R1, _CC2D_Loop1
;__Lib_System.c,23 :: 		
0x017F	0x22      	RET
; end of ___CC2D
_Mul_16x16:
;__Lib_Math.c,112 :: 		
;__Lib_Math.c,114 :: 		
0x0180	0xE8      	MOV A, R0
;__Lib_Math.c,115 :: 		
0x0181	0x8CF0    	MOV B, R4
;__Lib_Math.c,116 :: 		
0x0183	0xA4      	MUL AB
;__Lib_Math.c,117 :: 		
0x0184	0xAFF0    	MOV R7, B
;__Lib_Math.c,118 :: 		
0x0186	0xC8      	XCH A, R0
;__Lib_Math.c,119 :: 		
0x0187	0x8DF0    	MOV B, R5
;__Lib_Math.c,120 :: 		
0x0189	0xA4      	MUL AB
;__Lib_Math.c,121 :: 		
0x018A	0x2F      	ADD A, R7
;__Lib_Math.c,122 :: 		
0x018B	0xC9      	XCH A, R1
;__Lib_Math.c,123 :: 		
0x018C	0x8CF0    	MOV B, R4
;__Lib_Math.c,124 :: 		
0x018E	0xA4      	MUL AB
;__Lib_Math.c,125 :: 		
0x018F	0x29      	ADD A, R1
;__Lib_Math.c,126 :: 		
0x0190	0xF9      	MOV R1, A
;__Lib_Math.c,128 :: 		
0x0191	0x22      	RET
; end of _Mul_16x16
_UART1_Init:
;__Lib_UART_Timer1_XBR_Shift.c,15 :: 		
;__Lib_UART_Timer1_XBR_Shift.c,16 :: 		
0x0192	0x7508FF  	MOV _UART_Wr_Ptr, lo_addr(_UART1_Write)
0x0195	0x7509FF  	MOV _UART_Wr_Ptr+1, hi_addr(_UART1_Write)
0x0198	0x750AFF  	MOV _UART_Wr_Ptr+2, lo_addr(FARG_UART1_Write_data_)
;__Lib_UART_Timer1_XBR_Shift.c,17 :: 		
0x019B	0x750E8E  	MOV _UART_Rd_Ptr, lo_addr(_UART1_Read)
0x019E	0x750F00  	MOV _UART_Rd_Ptr+1, hi_addr(_UART1_Read)
0x01A1	0x751000  	MOV _UART_Rd_Ptr+2, 0
;__Lib_UART_Timer1_XBR_Shift.c,18 :: 		
0x01A4	0x750BCB  	MOV _UART_Rdy_Ptr, lo_addr(_UART1_Data_Ready)
0x01A7	0x750C00  	MOV _UART_Rdy_Ptr+1, hi_addr(_UART1_Data_Ready)
0x01AA	0x750D00  	MOV _UART_Rdy_Ptr+2, 0
;__Lib_UART_Timer1_XBR_Shift.c,21 :: 		
0x01AD	0x43E101  	ORL XBR0, #1
;__Lib_UART_Timer1_XBR_Shift.c,22 :: 		
0x01B0	0x43E240  	ORL XBR1, #64
;__Lib_UART_Timer1_XBR_Shift.c,23 :: 		
0x01B3	0x758840  	MOV TCON, #64
;__Lib_UART_Timer1_XBR_Shift.c,24 :: 		
0x01B6	0x758920  	MOV TMOD, #32
;__Lib_UART_Timer1_XBR_Shift.c,25 :: 		
0x01B9	0x759810  	MOV SCON0, #16
;__Lib_UART_Timer1_XBR_Shift.c,28 :: 		
0x01BC	0x22      	RET
; end of _UART1_Init
_UART_Read:
;__Lib_UART_Timer1_XBR_Shift.c,117 :: 		
;__Lib_UART_Timer1_XBR_Shift.c,118 :: 		
0x01BD	0xA80E    	MOV R0, _UART_Rd_Ptr
0x01BF	0xA90F    	MOV R1, _UART_Rd_Ptr+1
0x01C1	0x11C6    	ACALL ___DoIFC
;__Lib_UART_Timer1_XBR_Shift.c,119 :: 		
0x01C3	0x22      	RET
; end of _UART_Read
_main:
0x01C4	0x758180  	MOV SP, #128
0x01C7	0x1203CD  	LCALL 973
;uart.c,108 :: 		void main(void)
;uart.c,110 :: 		unsigned char i = 0x00;
0x01CA	0x7582BC  	MOV DPL, lo_addr(?ICSmain_i_L0)
0x01CD	0x758303  	MOV DPH, hi_addr(?ICSmain_i_L0)
0x01D0	0x7823    	MOV R0, lo_addr(main_i_L0)
0x01D2	0x7908    	MOV R1, #8
0x01D4	0x3178    	ACALL ___CC2D
;uart.c,111 :: 		unsigned char j = 0x00;
;uart.c,112 :: 		unsigned char k = 0x00;
;uart.c,113 :: 		unsigned char l = 0x00;
;uart.c,114 :: 		unsigned int multiplier = 1;
;uart.c,115 :: 		unsigned int range = 0x0000;
;uart.c,117 :: 		Init_Device();
0x01D6	0x11E5    	ACALL _Init_Device
;uart.c,118 :: 		UART1_Init(9600);
0x01D8	0x538EFC  	ANL CKCON, #252
0x01DB	0x538EF7  	ANL CKCON, #247
0x01DE	0x438E01  	ORL CKCON, #1
0x01E1	0x758D60  	MOV TH1, #96
0x01E4	0x3192    	ACALL _UART1_Init
;uart.c,120 :: 		while(1)
L_main9:
;uart.c,122 :: 		if(cnt >= 18)
0x01E6	0xC3      	CLR C
0x01E7	0xE530    	MOV A, _cnt
0x01E9	0x9412    	SUBB A, #18
0x01EB	0x5002    	JNC #2
0x01ED	0x41B1    	AJMP L_main11
;uart.c,124 :: 		for(i = 0; i < 18; i++)
0x01EF	0x752300  	MOV main_i_L0, #0
L_main12:
0x01F2	0xC3      	CLR C
0x01F3	0xE523    	MOV A, main_i_L0
0x01F5	0x9412    	SUBB A, #18
0x01F7	0x501B    	JNC L_main13
;uart.c,126 :: 		if(rx_buffer[i] == 'D')
0x01F9	0x7411    	MOV A, lo_addr(_rx_buffer)
0x01FB	0x2523    	ADD A, main_i_L0
0x01FD	0xF8      	MOV R0, A
0x01FE	0x8601    	MOV R1, @R0
0x0200	0xE9      	MOV A, R1
0x0201	0x6444    	XRL A, #68
0x0203	0x700B    	JNZ L_main15
;uart.c,128 :: 		j = i;
0x0205	0x852324  	MOV main_j_L0, main_i_L0+0
;uart.c,129 :: 		j += 2;
0x0208	0xE523    	MOV A, main_i_L0
0x020A	0x2402    	ADD A, #2
0x020C	0xF524    	MOV main_j_L0, A
;uart.c,130 :: 		break;
0x020E	0x8004    	SJMP L_main13
;uart.c,131 :: 		}
L_main15:
;uart.c,124 :: 		for(i = 0; i < 18; i++)
0x0210	0x0523    	INC main_i_L0
;uart.c,132 :: 		}
0x0212	0x80DE    	SJMP L_main12
L_main13:
;uart.c,134 :: 		for(i = j; i < 18; i++)
0x0214	0x852423  	MOV main_i_L0, main_j_L0+0
L_main16:
0x0217	0xC3      	CLR C
0x0218	0xE523    	MOV A, main_i_L0
0x021A	0x9412    	SUBB A, #18
0x021C	0x5015    	JNC L_main17
;uart.c,136 :: 		if(rx_buffer[i] == ' ')
0x021E	0x7411    	MOV A, lo_addr(_rx_buffer)
0x0220	0x2523    	ADD A, main_i_L0
0x0222	0xF8      	MOV R0, A
0x0223	0x8601    	MOV R1, @R0
0x0225	0xE9      	MOV A, R1
0x0226	0x6420    	XRL A, #32
0x0228	0x7005    	JNZ L_main19
;uart.c,138 :: 		k = i;
0x022A	0x852325  	MOV main_k_L0, main_i_L0+0
;uart.c,139 :: 		break;
0x022D	0x8004    	SJMP L_main17
;uart.c,140 :: 		}
L_main19:
;uart.c,134 :: 		for(i = j; i < 18; i++)
0x022F	0x0523    	INC main_i_L0
;uart.c,141 :: 		}
0x0231	0x80E4    	SJMP L_main16
L_main17:
;uart.c,143 :: 		range = 0;
0x0233	0x752900  	MOV main_range_L0, #0
0x0236	0x752A00  	MOV main_range_L0+1, #0
;uart.c,144 :: 		multiplier = 1;
0x0239	0x752701  	MOV main_multiplier_L0, #1
0x023C	0x752800  	MOV main_multiplier_L0+1, #0
;uart.c,145 :: 		l = ((k - j) - 1);
0x023F	0xC3      	CLR C
0x0240	0xE525    	MOV A, main_k_L0
0x0242	0x9524    	SUBB A, main_j_L0
0x0244	0xF526    	MOV main_l_L0, A
0x0246	0x7801    	MOV R0, #1
0x0248	0xC3      	CLR C
0x0249	0xE526    	MOV A, main_l_L0
0x024B	0x98      	SUBB A, R0
0x024C	0xF526    	MOV main_l_L0, A
;uart.c,146 :: 		for(i = 0; i < l; i++)
0x024E	0x752300  	MOV main_i_L0, #0
L_main20:
0x0251	0xC3      	CLR C
0x0252	0xE523    	MOV A, main_i_L0
0x0254	0x9526    	SUBB A, main_l_L0
0x0256	0x5014    	JNC L_main21
;uart.c,148 :: 		multiplier *= 10;
0x0258	0xA827    	MOV R0, main_multiplier_L0
0x025A	0xA928    	MOV R1, main_multiplier_L0+1
0x025C	0x7C0A    	MOV R4, #10
0x025E	0x7D00    	MOV R5, #0
0x0260	0x3180    	ACALL _Mul_16x16
0x0262	0x850027  	MOV main_multiplier_L0, 0
0x0265	0x850128  	MOV main_multiplier_L0+1, 1
;uart.c,146 :: 		for(i = 0; i < l; i++)
0x0268	0x0523    	INC main_i_L0
;uart.c,149 :: 		}
0x026A	0x80E5    	SJMP L_main20
L_main21:
;uart.c,151 :: 		for(i = j; i < k; i++)
0x026C	0x852423  	MOV main_i_L0, main_j_L0+0
L_main23:
0x026F	0xC3      	CLR C
0x0270	0xE523    	MOV A, main_i_L0
0x0272	0x9525    	SUBB A, main_k_L0
0x0274	0x5032    	JNC L_main24
;uart.c,153 :: 		range += ((rx_buffer[i] - 0x30) * multiplier);
0x0276	0x7411    	MOV A, lo_addr(_rx_buffer)
0x0278	0x2523    	ADD A, main_i_L0
0x027A	0xF8      	MOV R0, A
0x027B	0xC3      	CLR C
0x027C	0xE6      	MOV A, @R0
0x027D	0x9430    	SUBB A, #48
0x027F	0xF8      	MOV R0, A
0x0280	0xE4      	CLR A
0x0281	0x9400    	SUBB A, #0
0x0283	0xF9      	MOV R1, A
0x0284	0xAC27    	MOV R4, main_multiplier_L0
0x0286	0xAD28    	MOV R5, main_multiplier_L0+1
0x0288	0x3180    	ACALL _Mul_16x16
0x028A	0xE529    	MOV A, main_range_L0
0x028C	0x28      	ADD A, R0
0x028D	0xF529    	MOV main_range_L0, A
0x028F	0xE52A    	MOV A, main_range_L0+1
0x0291	0x39      	ADDC A, R1
0x0292	0xF52A    	MOV main_range_L0+1, A
;uart.c,154 :: 		multiplier /= 10;
0x0294	0x7C0A    	MOV R4, #10
0x0296	0x7D00    	MOV R5, #0
0x0298	0xA827    	MOV R0, main_multiplier_L0
0x029A	0xA928    	MOV R1, main_multiplier_L0+1
0x029C	0x11F0    	ACALL _Div_16x16_U
0x029E	0x850027  	MOV main_multiplier_L0, 0
0x02A1	0x850128  	MOV main_multiplier_L0+1, 1
;uart.c,151 :: 		for(i = j; i < k; i++)
0x02A4	0x0523    	INC main_i_L0
;uart.c,155 :: 		}
0x02A6	0x80C7    	SJMP L_main23
L_main24:
;uart.c,157 :: 		d = range;
0x02A8	0x852932  	MOV _d, main_range_L0+0
0x02AB	0x852A33  	MOV _d+1, main_range_L0+1
;uart.c,158 :: 		cnt = 0x00;
0x02AE	0x753000  	MOV _cnt, #0
;uart.c,159 :: 		}
L_main11:
;uart.c,161 :: 		delay_ms(40);
0x02B1	0x7D03    	MOV R5, 3
0x02B3	0x7E7D    	MOV R6, 125
0x02B5	0x7F59    	MOV R7, 89
0x02B7	0xDFFE    	DJNZ R7, PC-2
0x02B9	0xDEFC    	DJNZ R6, PC-4
0x02BB	0xDDFA    	DJNZ R5, PC-6
;uart.c,162 :: 		};
0x02BD	0x21E6    	AJMP L_main9
;uart.c,163 :: 		}
0x02BF	0x80FE    	SJMP #254
; end of _main
_UART0_ISR:
0x02C1	0xC000    	PUSH R0
0x02C3	0xC0D0    	PUSH PSW
0x02C5	0xC0E0    	PUSH ACC
0x02C7	0xC0F0    	PUSH B
0x02C9	0xC082    	PUSH DPL
0x02CB	0xC083    	PUSH DPH
;uart.c,52 :: 		ics ICS_AUTO
;uart.c,54 :: 		rx_buffer[cnt++] = UART_Read();
0x02CD	0x7411    	MOV A, lo_addr(_rx_buffer)
0x02CF	0x2530    	ADD A, _cnt
0x02D1	0xF8      	MOV R0, A
0x02D2	0x85002C  	MOV FLOC__UART0_ISR+1, 0
0x02D5	0x31BD    	ACALL _UART_Read
0x02D7	0x85002B  	MOV FLOC__UART0_ISR, 0
0x02DA	0xA82C    	MOV R0, FLOC__UART0_ISR+1
0x02DC	0xA62B    	MOV @R0, FLOC__UART0_ISR
0x02DE	0x0530    	INC _cnt
;uart.c,55 :: 		RI0_bit = 0;
0x02E0	0xC298    	CLR RI0_bit
;uart.c,56 :: 		}
0x02E2	0xD083    	POP DPH
0x02E4	0xD082    	POP DPL
0x02E6	0xD0F0    	POP B
0x02E8	0xD0E0    	POP ACC
0x02EA	0xD0D0    	POP PSW
0x02EC	0xD000    	POP R0
0x02EE	0x32      	RETI
; end of _UART0_ISR
_Timer_ISR:
0x02EF	0xC000    	PUSH R0
0x02F1	0xC001    	PUSH R1
0x02F3	0xC004    	PUSH R4
0x02F5	0xC005    	PUSH R5
0x02F7	0xC007    	PUSH R7
0x02F9	0xC0D0    	PUSH PSW
0x02FB	0xC0E0    	PUSH ACC
0x02FD	0xC0F0    	PUSH B
0x02FF	0xC082    	PUSH DPL
0x0301	0xC083    	PUSH DPH
;uart.c,62 :: 		ics ICS_AUTO
;uart.c,64 :: 		switch(i)
0x0303	0x8054    	SJMP L_Timer_ISR0
;uart.c,66 :: 		case 0:
L_Timer_ISR2:
;uart.c,68 :: 		value = (d / 1000);
0x0305	0x7CE8    	MOV R4, #232
0x0307	0x7D03    	MOV R5, #3
0x0309	0xA832    	MOV R0, _d
0x030B	0xA933    	MOV R1, _d+1
0x030D	0x11F0    	ACALL _Div_16x16_U
0x030F	0x850031  	MOV _value, 0
;uart.c,69 :: 		break;
0x0312	0x616F    	AJMP L_Timer_ISR1
;uart.c,71 :: 		case 1:
L_Timer_ISR3:
;uart.c,73 :: 		value = ((d % 1000) / 100);
0x0314	0x7CE8    	MOV R4, #232
0x0316	0x7D03    	MOV R5, #3
0x0318	0xA832    	MOV R0, _d
0x031A	0xA933    	MOV R1, _d+1
0x031C	0x11F0    	ACALL _Div_16x16_U
0x031E	0xA804    	MOV R0, R4
0x0320	0xA905    	MOV R1, R5
0x0322	0x7C64    	MOV R4, #100
0x0324	0x7D00    	MOV R5, #0
0x0326	0x11F0    	ACALL _Div_16x16_U
0x0328	0x850031  	MOV _value, 0
;uart.c,74 :: 		break;
0x032B	0x8042    	SJMP L_Timer_ISR1
;uart.c,76 :: 		case 2:
L_Timer_ISR4:
;uart.c,78 :: 		value = ((d % 100) / 10);
0x032D	0x7C64    	MOV R4, #100
0x032F	0x7D00    	MOV R5, #0
0x0331	0xA832    	MOV R0, _d
0x0333	0xA933    	MOV R1, _d+1
0x0335	0x11F0    	ACALL _Div_16x16_U
0x0337	0xA804    	MOV R0, R4
0x0339	0xA905    	MOV R1, R5
0x033B	0x7C0A    	MOV R4, #10
0x033D	0x7D00    	MOV R5, #0
0x033F	0x11F0    	ACALL _Div_16x16_U
0x0341	0x850031  	MOV _value, 0
;uart.c,79 :: 		break;
0x0344	0x8029    	SJMP L_Timer_ISR1
;uart.c,81 :: 		case 3:
L_Timer_ISR5:
;uart.c,83 :: 		value = (d % 10);
0x0346	0x7C0A    	MOV R4, #10
0x0348	0x7D00    	MOV R5, #0
0x034A	0xA832    	MOV R0, _d
0x034C	0xA933    	MOV R1, _d+1
0x034E	0x11F0    	ACALL _Div_16x16_U
0x0350	0xA804    	MOV R0, R4
0x0352	0xA905    	MOV R1, R5
0x0354	0x850031  	MOV _value, 0
;uart.c,84 :: 		break;
0x0357	0x8016    	SJMP L_Timer_ISR1
;uart.c,86 :: 		}
L_Timer_ISR0:
0x0359	0xE534    	MOV A, _i
0x035B	0x60A8    	JZ L_Timer_ISR2
0x035D	0xE534    	MOV A, _i
0x035F	0x6401    	XRL A, #1
0x0361	0x60B1    	JZ L_Timer_ISR3
0x0363	0xE534    	MOV A, _i
0x0365	0x6402    	XRL A, #2
0x0367	0x60C4    	JZ L_Timer_ISR4
0x0369	0xE534    	MOV A, _i
0x036B	0x6403    	XRL A, #3
0x036D	0x60D7    	JZ L_Timer_ISR5
L_Timer_ISR1:
;uart.c,88 :: 		if(d >= 40000)
0x036F	0xC3      	CLR C
0x0370	0xE532    	MOV A, _d
0x0372	0x9440    	SUBB A, #64
0x0374	0xE533    	MOV A, _d+1
0x0376	0x949C    	SUBB A, #156
0x0378	0x400A    	JC L_Timer_ISR6
;uart.c,90 :: 		segment_write(11, i);
0x037A	0x752D0B  	MOV FARG_segment_write_disp, #11
0x037D	0x85342E  	MOV FARG_segment_write_pos, _i+0
0x0380	0x3145    	ACALL _segment_write
;uart.c,91 :: 		}
0x0382	0x8008    	SJMP L_Timer_ISR7
L_Timer_ISR6:
;uart.c,94 :: 		segment_write(value, i);
0x0384	0x85312D  	MOV FARG_segment_write_disp, _value+0
0x0387	0x85342E  	MOV FARG_segment_write_pos, _i+0
0x038A	0x3145    	ACALL _segment_write
;uart.c,95 :: 		}
L_Timer_ISR7:
;uart.c,97 :: 		i++;
0x038C	0x0534    	INC _i
;uart.c,99 :: 		if(i > 3)
0x038E	0xD3      	SETB C
0x038F	0xE534    	MOV A, _i
0x0391	0x9403    	SUBB A, #3
0x0393	0x4003    	JC L_Timer_ISR8
;uart.c,101 :: 		i = 0;
0x0395	0x753400  	MOV _i, #0
;uart.c,102 :: 		}
L_Timer_ISR8:
;uart.c,104 :: 		TMR3CN &= 0x7F;
0x0398	0x53917F  	ANL TMR3CN, #127
;uart.c,105 :: 		}
0x039B	0xD083    	POP DPH
0x039D	0xD082    	POP DPL
0x039F	0xD0F0    	POP B
0x03A1	0xD0E0    	POP ACC
0x03A3	0xD0D0    	POP PSW
0x03A5	0xD007    	POP R7
0x03A7	0xD005    	POP R5
0x03A9	0xD004    	POP R4
0x03AB	0xD001    	POP R1
0x03AD	0xD000    	POP R0
0x03AF	0x32      	RETI
; end of _Timer_ISR
0x03CD	0x7830    	MOV R0, 48
0x03CF	0x7905    	MOV R1, 5
0x03D1	0x7582C4  	MOV DPL, 196
0x03D4	0x758303  	MOV DPH, 3
0x03D7	0x120178  	LCALL 376
0x03DA	0x22      	RET
;uart.c,13 :: _segment_code
0x03B0	0xC0F9A4 ;_segment_code+0
0x03B3	0xB09992 ;_segment_code+3
0x03B6	0x82F880 ;_segment_code+6
0x03B9	0x907FBF ;_segment_code+9
; end of _segment_code
;uart.c,0 :: ?ICSmain_i_L0
0x03BC	0x00 ;?ICSmain_i_L0+0
; end of ?ICSmain_i_L0
;uart.c,0 :: ?ICSmain_j_L0
0x03BD	0x00 ;?ICSmain_j_L0+0
; end of ?ICSmain_j_L0
;uart.c,0 :: ?ICSmain_k_L0
0x03BE	0x00 ;?ICSmain_k_L0+0
; end of ?ICSmain_k_L0
;uart.c,0 :: ?ICSmain_l_L0
0x03BF	0x00 ;?ICSmain_l_L0+0
; end of ?ICSmain_l_L0
;uart.c,0 :: ?ICSmain_multiplier_L0
0x03C0	0x0100 ;?ICSmain_multiplier_L0+0
; end of ?ICSmain_multiplier_L0
;uart.c,0 :: ?ICSmain_range_L0
0x03C2	0x0000 ;?ICSmain_range_L0+0
; end of ?ICSmain_range_L0
;uart.c,0 :: ?ICS_cnt
0x03C4	0x00 ;?ICS_cnt+0
; end of ?ICS_cnt
;uart.c,0 :: ?ICS_value
0x03C5	0x00 ;?ICS_value+0
; end of ?ICS_value
;uart.c,0 :: ?ICS_d
0x03C6	0x0000 ;?ICS_d+0
; end of ?ICS_d
;uart.c,0 :: ?ICS_i
0x03C8	0x00 ;?ICS_i+0
; end of ?ICS_i
;uart.c,30 :: _display_pos
0x03C9	0xF7FBFD ;_display_pos+0
0x03CC	0xFE ;_display_pos+3
; end of _display_pos
Symbol List:
//** Routines locations **
//ADDRESS    SIZE    PROCEDURE
//----------------------------------------------
0x0076      [10]    _Timer_Init
0x0080       [7]    _Interrupts_Init
0x0087       [7]    _PCA_Init
0x008E       [5]    _UART1_Read
0x0093      [51]    _write_74HC595
0x00C6       [5]    ___DoIFC
0x00CB       [6]    _UART1_Data_Ready
0x00D1      [16]    _Port_IO_Init
0x00E1       [4]    _Oscillator_Init
0x00E5      [11]    _Init_Device
0x00F0      [85]    _Div_16x16_U
0x0145      [51]    _segment_write
0x0178       [8]    ___CC2D
0x0180      [18]    _Mul_16x16
0x0192      [43]    _UART1_Init
0x01BD       [7]    _UART_Read
0x01C4     [253]    _main
0x02C1      [46]    _UART0_ISR
0x02EF     [193]    _Timer_ISR
//** Variables locations ** 
//ADDRESS    SIZE    VARIABLE
//----------------------------------------------
0x0000       [1]    R0
0x0001       [1]    R1
0x0002       [1]    R2
0x0003       [1]    R3
0x0004       [1]    R4
0x0005       [1]    R5
0x0006       [1]    R6
0x0007       [1]    R7
0x0008       [3]    _UART_Wr_Ptr
0x000B       [3]    _UART_Rdy_Ptr
0x000E       [3]    _UART_Rd_Ptr
0x0011      [18]    _rx_buffer
0x0023       [1]    main_i_L0
0x0024       [1]    main_j_L0
0x0025       [1]    main_k_L0
0x0026       [1]    main_l_L0
0x0027       [2]    main_multiplier_L0
0x0029       [2]    main_range_L0
0x002B       [2]    FLOC__UART0_ISR
0x002D       [1]    FARG_segment_write_disp
0x002E       [1]    FARG_segment_write_pos
0x002F       [1]    FARG_write_74HC595_send_data
0x0030       [1]    _cnt
0x0031       [1]    _value
0x0032       [2]    _d
0x0034       [1]    _i
0x0035       [1]    write_74HC595_clks_L0
0x0081       [1]    SP
0x0082       [1]    DPL
0x0083       [1]    DPH
0x0088       [1]    TCON
0x0089       [1]    TMOD
0x008D       [1]    TH1
0x008E       [1]    CKCON
0x0090       [0]    P1_5_bit
0x0090       [0]    P1_6_bit
0x0090       [0]    P1_7_bit
0x0091       [1]    TMR3CN
0x0092       [1]    TMR3RLL
0x0093       [1]    TMR3RLH
0x0098       [1]    SCON0
0x0098       [0]    RI0_bit
0x0099       [1]    SBUF0
0x00A4       [1]    P0MDOUT
0x00A5       [1]    P1MDOUT
0x00A8       [1]    IE
0x00B2       [1]    OSCICN
0x00D0       [1]    PSW
0x00D0       [0]    OV_bit
0x00D5       [1]    P1SKIP
0x00D9       [1]    PCA0MD
0x00E0       [1]    ACC
0x00E1       [1]    XBR0
0x00E2       [1]    XBR1
0x00E6       [1]    EIE1
0x00F0       [1]    B
//** Constants locations ** 
//ADDRESS    SIZE    CONSTANT
//----------------------------------------------
0x03B0      [12]    _segment_code
0x03BC       [1]    ?ICSmain_i_L0
0x03BD       [1]    ?ICSmain_j_L0
0x03BE       [1]    ?ICSmain_k_L0
0x03BF       [1]    ?ICSmain_l_L0
0x03C0       [2]    ?ICSmain_multiplier_L0
0x03C2       [2]    ?ICSmain_range_L0
0x03C4       [1]    ?ICS_cnt
0x03C5       [1]    ?ICS_value
0x03C6       [2]    ?ICS_d
0x03C8       [1]    ?ICS_i
0x03C9       [4]    _display_pos
//** Label List: ** 
//----------------------------------------------
  L_Timer_ISR0
  L_Timer_ISR1
  L_Timer_ISR2
  L_Timer_ISR3
  L_Timer_ISR4
  L_Timer_ISR5
  L_Timer_ISR6
  L_Timer_ISR7
  L_Timer_ISR8
  L_main9
  L_main10
  L_main11
  L_main12
  L_main13
  L_main14
  L_main15
  L_main16
  L_main17
  L_main18
  L_main19
  L_main20
  L_main21
  L_main22
  L_main23
  L_main24
  L_main25
  L_write_74HC59526
  L_write_74HC59527
  L_write_74HC59528
  L_write_74HC59529
  _UART0_ISR
  _Timer_ISR
  _main
  _PCA_Init
  _Timer_Init
  _Port_IO_Init
  _Oscillator_Init
  _Interrupts_Init
  _Init_Device
  _write_74HC595
  L__write_74HC59530
  L__write_74HC59531
  _segment_write
  lab_end
  loop_lab
  lab_end1
  lab_loop1
  lab_end2
  lab_loop3
  __Div_8x8_S_Bpositive
  __Div_8x8_S_Apositive
  __Div_8x8_S_Skip_Div
  __Div_8x8_S_div_ret
  __op2hi_not_zero
  __op1hi_not_zero
  __Div_16x16_U_Loop1
  __Div_16x16_U_Lab1
  __Div_16x16_U_div_ret
  __Div_16x16_U_Loop2
  __Div_16x16_U_Lab2
  __Div_16x16_U_Lab3
  __Div_16x16_S_op2hipositive
  __Div_16x16_S_op1hipositive
  __Div_16x16_S_Skip_Udiv
  __Div_16x16_S_div_ret
  __Div_32x32_U_start
  __Div_32x32_U_aux
  __Div_32x32_U_l2
  __Div_32x32_U_l1
  lw_1
  lw_2
  __Div_32x32_U_l3
  lw_3
  __Div_32x32_U_l4
  __Div_32x32_U_IR_l0
  __Div_32x32_U_l5
  __Div_32x32_U_l6
  __Div_32x32_U_l8
  __Div_32x32_U_l7
  __Div_32x32_U_IR_l1
  __Div_32x32_U_l10
  __Div_32x32_U_l9
  __Div_32x32_U_IR_l2
  __Div_32x32_S_l1
  __Div_32x32_S_call_uns
  __Div_32x32_S_l2
  __Div_32x32_S_l3
  __Div_32x32_S_div_ret
  __shl_long
  __shr_longint
  __shr_longword
  _Mul_16x16
  _Mul_32x32
  _Div_8x8_S
  _Div_16x16_U
  _Div_16x16_S
  _Div_32x32_U
  _Div_32x32_S
  _CC2D_Loop1
  _CC2PD_Loop1
  _CC2XD_Loop1
  ___DoIFC
  ___CC2D
  ___CC2PD
  ___CC2XD
  L_UART1_Write0
  L_UART1_Write1
  L_UART1_Write_Text2
  L_UART1_Write_Text3
  L_UART1_Read_Text4
  L_UART1_Read_Text5
  L_UART1_Read_Text6
  L_UART1_Read_Text7
  L_UART1_Read_Text8
  L_UART1_Read_Text9
  L_UART1_Read_Text10
  L_UART1_Read_Text11
  L_UART1_Read_Text12
  L_UART_Write_Text13
  L_UART_Write_Text14
  L_UART_Read_Text15
  L_UART_Read_Text16
  L_UART_Read_Text17
  L_UART_Read_Text18
  L_UART_Read_Text19
  L_UART_Read_Text20
  L_UART_Read_Text21
  L_UART_Read_Text22
  L_UART_Read_Text23
  _UART1_Init
  _UART1_Write
  _UART1_Data_Ready
  _UART1_Read
  _UART1_Write_Text
  _UART1_Read_Text
  _UART_Set_Active
  _UART_Write
  _UART_Write_Text
  _UART_Read
  _UART_Data_Ready
  _UART_Read_Text
  L_Timer_ISR0
  L_Timer_ISR1
  L_Timer_ISR2
  L_Timer_ISR3
  L_Timer_ISR4
  L_Timer_ISR5
  L_Timer_ISR6
  L_Timer_ISR7
  L_Timer_ISR8
  L_main9
  L_main10
  L_main11
  L_main12
  L_main13
  L_main14
  L_main15
  L_main16
  L_main17
  L_main18
  L_main19
  L_main20
  L_main21
  L_main22
  L_main23
  L_main24
  L_main25
  L_write_74HC59526
  L_write_74HC59527
  L_write_74HC59528
  L_write_74HC59529
  _UART0_ISR
  _Timer_ISR
  _main
  _PCA_Init
  _Timer_Init
  _Port_IO_Init
  _Oscillator_Init
  _Interrupts_Init
  _Init_Device
  _write_74HC595
  L__write_74HC59530
  L__write_74HC59531
  _segment_write
  _CC2D_Loop1
  _CC2PD_Loop1
  _CC2XD_Loop1
  ___DoIFC
  ___CC2D
  ___CC2PD
  ___CC2XD
  L_UART1_Write0
  L_UART1_Write1
  L_UART1_Write_Text2
  L_UART1_Write_Text3
  L_UART1_Read_Text4
  L_UART1_Read_Text5
  L_UART1_Read_Text6
  L_UART1_Read_Text7
  L_UART1_Read_Text8
  L_UART1_Read_Text9
  L_UART1_Read_Text10
  L_UART1_Read_Text11
  L_UART1_Read_Text12
  L_UART_Write_Text13
  L_UART_Write_Text14
  L_UART_Read_Text15
  L_UART_Read_Text16
  L_UART_Read_Text17
  L_UART_Read_Text18
  L_UART_Read_Text19
  L_UART_Read_Text20
  L_UART_Read_Text21
  L_UART_Read_Text22
  L_UART_Read_Text23
  _UART1_Init
  _UART1_Write
  _UART1_Data_Ready
  _UART1_Read
  _UART1_Write_Text
  _UART1_Read_Text
  _UART_Set_Active
  _UART_Write
  _UART_Write_Text
  _UART_Read
  _UART_Data_Ready
  _UART_Read_Text
  L_Timer_ISR0
  L_Timer_ISR1
  L_Timer_ISR2
  L_Timer_ISR3
  L_Timer_ISR4
  L_Timer_ISR5
  L_Timer_ISR6
  L_Timer_ISR7
  L_Timer_ISR8
  L_main9
  L_main10
  L_main11
  L_main12
  L_main13
  L_main14
  L_main15
  L_main16
  L_main17
  L_main18
  L_main19
  L_main20
  L_main21
  L_main22
  L_main23
  L_main24
  L_main25
  L_write_74HC59526
  L_write_74HC59527
  L_write_74HC59528
  L_write_74HC59529
  _UART0_ISR
  _Timer_ISR
  _main
  _PCA_Init
  _Timer_Init
  _Port_IO_Init
  _Oscillator_Init
  _Interrupts_Init
  _Init_Device
  _write_74HC595
  L__write_74HC59530
  L__write_74HC59531
  _segment_write
