;  LST file generated by mikroListExporter - v.2.0 
; Date/Time: 16-Jul-22 02:03:24 PM
;----------------------------------------------

;Address Opcode 	ASM
0x0000	0x0206AC  	LJMP 1708
0x0003	0x020000  	LJMP 0
0x0006	0x00      	NOP
0x0007	0x00      	NOP
0x0008	0x00      	NOP
0x0009	0x00      	NOP
0x000A	0x00      	NOP
0x000B	0x020000  	LJMP 0
0x000E	0x00      	NOP
0x000F	0x00      	NOP
0x0010	0x00      	NOP
0x0011	0x00      	NOP
0x0012	0x00      	NOP
0x0013	0x020000  	LJMP 0
0x0016	0x00      	NOP
0x0017	0x00      	NOP
0x0018	0x00      	NOP
0x0019	0x00      	NOP
0x001A	0x00      	NOP
0x001B	0x020000  	LJMP 0
0x001E	0x00      	NOP
0x001F	0x00      	NOP
0x0020	0x00      	NOP
0x0021	0x00      	NOP
0x0022	0x00      	NOP
0x0023	0x020000  	LJMP 0
0x0026	0x00      	NOP
0x0027	0x00      	NOP
0x0028	0x00      	NOP
0x0029	0x00      	NOP
0x002A	0x00      	NOP
0x002B	0x020000  	LJMP 0
0x002E	0x00      	NOP
0x002F	0x00      	NOP
0x0030	0x00      	NOP
0x0031	0x00      	NOP
0x0032	0x00      	NOP
0x0033	0x020000  	LJMP 0
0x0036	0x00      	NOP
0x0037	0x00      	NOP
0x0038	0x00      	NOP
0x0039	0x00      	NOP
0x003A	0x00      	NOP
0x003B	0x020000  	LJMP 0
0x003E	0x00      	NOP
0x003F	0x00      	NOP
0x0040	0x00      	NOP
0x0041	0x00      	NOP
0x0042	0x00      	NOP
0x0043	0x020000  	LJMP 0
0x0046	0x00      	NOP
0x0047	0x00      	NOP
0x0048	0x00      	NOP
0x0049	0x00      	NOP
0x004A	0x00      	NOP
0x004B	0x020000  	LJMP 0
0x004E	0x00      	NOP
0x004F	0x00      	NOP
0x0050	0x00      	NOP
0x0051	0x00      	NOP
0x0052	0x00      	NOP
0x0053	0x020000  	LJMP 0
0x0056	0x00      	NOP
0x0057	0x00      	NOP
0x0058	0x00      	NOP
0x0059	0x00      	NOP
0x005A	0x00      	NOP
0x005B	0x020000  	LJMP 0
0x005E	0x00      	NOP
0x005F	0x00      	NOP
0x0060	0x00      	NOP
0x0061	0x00      	NOP
0x0062	0x00      	NOP
0x0063	0x020000  	LJMP 0
0x0066	0x00      	NOP
0x0067	0x00      	NOP
0x0068	0x00      	NOP
0x0069	0x00      	NOP
0x006A	0x00      	NOP
0x006B	0x020000  	LJMP 0
0x006E	0x00      	NOP
0x006F	0x00      	NOP
0x0070	0x00      	NOP
0x0071	0x00      	NOP
0x0072	0x00      	NOP
0x0073	0x0206CE  	LJMP 1742
_SPI1_Read:
;__Lib_SPI_XBR1.c,49 :: 		
;__Lib_SPI_XBR1.c,50 :: 		
0x0076	0xC2FF    	CLR SPI0CN.B7
;__Lib_SPI_XBR1.c,51 :: 		
0x0078	0x8516A3  	MOV SPI0DAT, FARG_SPI1_Read_data_out+0
;__Lib_SPI_XBR1.c,53 :: 		
L_SPI1_Read2:
0x007B	0x20FF02  	JB SPI0CN.B7, L_SPI1_Read3
;__Lib_SPI_XBR1.c,54 :: 		
0x007E	0x80FB    	SJMP L_SPI1_Read2
L_SPI1_Read3:
;__Lib_SPI_XBR1.c,56 :: 		
0x0080	0xA8A3    	MOV R0, SPI0DAT
;__Lib_SPI_XBR1.c,57 :: 		
0x0082	0x22      	RET
; end of _SPI1_Read
___DoIFC:
;__Lib_System.c,3 :: 		
;__Lib_System.c,4 :: 		
0x0083	0xC000    	PUSH R0
;__Lib_System.c,5 :: 		
0x0085	0xC001    	PUSH R1
;__Lib_System.c,6 :: 		
0x0087	0x22      	RET
; end of ___DoIFC
_SPI1_Write:
;__Lib_SPI_XBR1.c,41 :: 		
;__Lib_SPI_XBR1.c,42 :: 		
0x0088	0xC2FF    	CLR SPI0CN.B7
;__Lib_SPI_XBR1.c,43 :: 		
0x008A	0x8516A3  	MOV SPI0DAT, FARG_SPI1_Write_data_out+0
;__Lib_SPI_XBR1.c,45 :: 		
L_SPI1_Write0:
0x008D	0x20FF02  	JB SPI0CN.B7, L_SPI1_Write1
;__Lib_SPI_XBR1.c,46 :: 		
0x0090	0x80FB    	SJMP L_SPI1_Write0
L_SPI1_Write1:
;__Lib_SPI_XBR1.c,47 :: 		
0x0092	0x22      	RET
; end of _SPI1_Write
_SPI_Read:
;__Lib_SPI_XBR1.c,65 :: 		
;__Lib_SPI_XBR1.c,66 :: 		
0x0093	0xA80D    	MOV R0, _SPI_Rd_Ptr+2
0x0095	0xA615    	MOV @R0, FARG_SPI_Read_buffer
0x0097	0x08      	INC R0
0x0098	0xA80B    	MOV R0, _SPI_Rd_Ptr
0x009A	0xA90C    	MOV R1, _SPI_Rd_Ptr+1
0x009C	0x1183    	ACALL ___DoIFC
;__Lib_SPI_XBR1.c,67 :: 		
0x009E	0x22      	RET
; end of _SPI_Read
_SPI_Write:
;__Lib_SPI_XBR1.c,69 :: 		
;__Lib_SPI_XBR1.c,70 :: 		
0x009F	0xA80A    	MOV R0, _SPI_Wr_Ptr+2
0x00A1	0xA615    	MOV @R0, FARG_SPI_Write_data_out
0x00A3	0x08      	INC R0
0x00A4	0xA808    	MOV R0, _SPI_Wr_Ptr
0x00A6	0xA909    	MOV R1, _SPI_Wr_Ptr+1
0x00A8	0x1183    	ACALL ___DoIFC
;__Lib_SPI_XBR1.c,71 :: 		
0x00AA	0x22      	RET
; end of _SPI_Write
_MAX31865_read_byte:
;max31865.c,20 :: 		unsigned char MAX31865_read_byte(unsigned char address)
;max31865.c,22 :: 		unsigned char retval = 0x00;
;max31865.c,24 :: 		MAX31865_CS = 0;
0x00AB	0xC283    	CLR P0_3_bit
;max31865.c,25 :: 		SPI_Write(address & 0x7F);
0x00AD	0xE514    	MOV A, FARG_MAX31865_read_byte_address
0x00AF	0x547F    	ANL A, #127
0x00B1	0xF515    	MOV FARG_SPI_Write_data_out, A
0x00B3	0x119F    	ACALL _SPI_Write
;max31865.c,26 :: 		retval = SPI_Read(0x00);
0x00B5	0x751500  	MOV FARG_SPI_Read_buffer, #0
0x00B8	0x1193    	ACALL _SPI_Read
;max31865.c,27 :: 		MAX31865_CS = 1;
0x00BA	0xD283    	SETB P0_3_bit
;max31865.c,29 :: 		return retval;
;max31865.c,30 :: 		}
0x00BC	0x22      	RET
; end of _MAX31865_read_byte
_MAX31865_read_word:
;max31865.c,33 :: 		unsigned int MAX31865_read_word(unsigned char address)
;max31865.c,35 :: 		unsigned char lb = 0x00;
;max31865.c,36 :: 		unsigned char hb = 0x00;
0x00BD	0x751100  	MOV MAX31865_read_word_hb_L0, #0
0x00C0	0x751200  	MOV MAX31865_read_word_retval_L0, #0
0x00C3	0x751300  	MOV MAX31865_read_word_retval_L0+1, #0
;max31865.c,37 :: 		unsigned int retval = 0x0000;
;max31865.c,39 :: 		hb = MAX31865_read_byte(address);
0x00C6	0x851014  	MOV FARG_MAX31865_read_byte_address, FARG_MAX31865_read_word_address+0
0x00C9	0x11AB    	ACALL _MAX31865_read_byte
0x00CB	0x850011  	MOV MAX31865_read_word_hb_L0, 0
;max31865.c,40 :: 		lb = MAX31865_read_byte(address + 1);
0x00CE	0xE510    	MOV A, FARG_MAX31865_read_word_address
0x00D0	0x2401    	ADD A, #1
0x00D2	0xF514    	MOV FARG_MAX31865_read_byte_address, A
0x00D4	0x11AB    	ACALL _MAX31865_read_byte
;max31865.c,42 :: 		retval = hb;
0x00D6	0x851112  	MOV MAX31865_read_word_retval_L0, MAX31865_read_word_hb_L0+0
0x00D9	0xE4      	CLR A
0x00DA	0xF513    	MOV MAX31865_read_word_retval_L0+1, A
;max31865.c,43 :: 		retval <<= 0x08;
0x00DC	0xAB12    	MOV R3, MAX31865_read_word_retval_L0
0x00DE	0x7A00    	MOV R2, #0
0x00E0	0x850212  	MOV MAX31865_read_word_retval_L0, 2
0x00E3	0x850313  	MOV MAX31865_read_word_retval_L0+1, 3
;max31865.c,44 :: 		retval |= lb;
0x00E6	0xEA      	MOV A, R2
0x00E7	0x4200    	ORL R0, A
0x00E9	0xEB      	MOV A, R3
0x00EA	0x4201    	ORL R1, A
0x00EC	0x850012  	MOV MAX31865_read_word_retval_L0, 0
0x00EF	0x850113  	MOV MAX31865_read_word_retval_L0+1, 1
;max31865.c,46 :: 		return retval;
;max31865.c,47 :: 		}
0x00F2	0x22      	RET
; end of _MAX31865_read_word
_Add_32x32_FP:
;__Lib_MathDouble.c,12 :: 		
;__Lib_MathDouble.c,14 :: 		
0x00F3	0x8003    	SJMP __Add_32x32_FP_start
;__Lib_MathDouble.c,16 :: 		
__Add_32x32_FP_ripi_dugo:
;__Lib_MathDouble.c,17 :: 		
0x00F5	0x02021A  	LJMP __Add_32x32_FP_res_beskonacno
;__Lib_MathDouble.c,19 :: 		
__Add_32x32_FP_start:
;__Lib_MathDouble.c,20 :: 		
0x00F8	0xEE      	MOV A, R6
;__Lib_MathDouble.c,21 :: 		
0x00F9	0x33      	RLC A
;__Lib_MathDouble.c,22 :: 		
0x00FA	0xEF      	MOV A, R7
;__Lib_MathDouble.c,23 :: 		
0x00FB	0x33      	RLC A
;__Lib_MathDouble.c,24 :: 		
0x00FC	0x6011    	JZ __Add_32x32_FP_mant0
;__Lib_MathDouble.c,25 :: 		
0x00FE	0x04      	INC A
;__Lib_MathDouble.c,26 :: 		
0x00FF	0x60F4    	JZ __Add_32x32_FP_ripi_dugo
;__Lib_MathDouble.c,28 :: 		
0x0101	0xEA      	MOV A, R2
;__Lib_MathDouble.c,29 :: 		
0x0102	0x33      	RLC A
;__Lib_MathDouble.c,30 :: 		
0x0103	0xEB      	MOV A, R3
;__Lib_MathDouble.c,31 :: 		
0x0104	0x33      	RLC A
;__Lib_MathDouble.c,32 :: 		
0x0105	0x7009    	JNZ __Add_32x32_FP_mant_ne_0
;__Lib_MathDouble.c,34 :: 		
0x0107	0xEF      	MOV A, R7
;__Lib_MathDouble.c,35 :: 		
0x0108	0xFB      	MOV R3, A
;__Lib_MathDouble.c,36 :: 		
0x0109	0xEE      	MOV A, R6
;__Lib_MathDouble.c,37 :: 		
0x010A	0xFA      	MOV R2, A
;__Lib_MathDouble.c,38 :: 		
0x010B	0xED      	MOV A, R5
;__Lib_MathDouble.c,39 :: 		
0x010C	0xF9      	MOV R1, A
;__Lib_MathDouble.c,40 :: 		
0x010D	0xEC      	MOV A, R4
;__Lib_MathDouble.c,41 :: 		
0x010E	0xF8      	MOV R0, A
;__Lib_MathDouble.c,43 :: 		
__Add_32x32_FP_mant0:
;__Lib_MathDouble.c,44 :: 		
0x010F	0x22      	RET
;__Lib_MathDouble.c,46 :: 		
__Add_32x32_FP_mant_ne_0:
;__Lib_MathDouble.c,47 :: 		
0x0110	0x04      	INC A
;__Lib_MathDouble.c,48 :: 		
0x0111	0x60E2    	JZ __Add_32x32_FP_ripi_dugo
;__Lib_MathDouble.c,50 :: 		
0x0113	0xD3      	SETB C
;__Lib_MathDouble.c,51 :: 		
0x0114	0xEC      	MOV A, R4
;__Lib_MathDouble.c,52 :: 		
0x0115	0x98      	SUBB A, R0
;__Lib_MathDouble.c,53 :: 		
0x0116	0xED      	MOV A, R5
;__Lib_MathDouble.c,54 :: 		
0x0117	0x99      	SUBB A, R1
;__Lib_MathDouble.c,55 :: 		
0x0118	0xEE      	MOV A, R6
;__Lib_MathDouble.c,56 :: 		
0x0119	0x9A      	SUBB A, R2
;__Lib_MathDouble.c,57 :: 		
0x011A	0xEF      	MOV A, R7
;__Lib_MathDouble.c,58 :: 		
0x011B	0xC2E7    	CLR 231.B0
;__Lib_MathDouble.c,59 :: 		
0x011D	0x8BF0    	MOV B, R3
;__Lib_MathDouble.c,60 :: 		
0x011F	0xC2F7    	CLR 247.B0
;__Lib_MathDouble.c,61 :: 		
0x0121	0x95F0    	SUBB A, B
;__Lib_MathDouble.c,62 :: 		
0x0123	0x400C    	JC __Add_32x32_FP_l1
;__Lib_MathDouble.c,63 :: 		
0x0125	0xEF      	MOV A, R7
;__Lib_MathDouble.c,64 :: 		
0x0126	0xCB      	XCH A, R3
;__Lib_MathDouble.c,65 :: 		
0x0127	0xFF      	MOV R7, A
;__Lib_MathDouble.c,66 :: 		
0x0128	0xEE      	MOV A, R6
;__Lib_MathDouble.c,67 :: 		
0x0129	0xCA      	XCH A, R2
;__Lib_MathDouble.c,68 :: 		
0x012A	0xFE      	MOV R6, A
;__Lib_MathDouble.c,69 :: 		
0x012B	0xED      	MOV A, R5
;__Lib_MathDouble.c,70 :: 		
0x012C	0xC9      	XCH A, R1
;__Lib_MathDouble.c,71 :: 		
0x012D	0xFD      	MOV R5, A
;__Lib_MathDouble.c,72 :: 		
0x012E	0xEC      	MOV A, R4
;__Lib_MathDouble.c,73 :: 		
0x012F	0xC8      	XCH A, R0
;__Lib_MathDouble.c,74 :: 		
0x0130	0xFC      	MOV R4, A
;__Lib_MathDouble.c,76 :: 		
__Add_32x32_FP_l1:
;__Lib_MathDouble.c,77 :: 		
0x0131	0x1201E5  	LCALL __Add_32x32_FP_l2
;__Lib_MathDouble.c,80 :: 		
0x0134	0x85D0F0  	MOV B, PSW+0
;__Lib_MathDouble.c,81 :: 		
0x0137	0x5F      	ANL A, R7
;__Lib_MathDouble.c,82 :: 		
0x0138	0x04      	INC A
;__Lib_MathDouble.c,83 :: 		
0x0139	0x7003    	JNZ __Add_32x32_FP_l3
;__Lib_MathDouble.c,84 :: 		
0x013B	0x20D5B7  	JB F0_bit, __Add_32x32_FP_ripi_dugo
;__Lib_MathDouble.c,86 :: 		
__Add_32x32_FP_l3:
;__Lib_MathDouble.c,87 :: 		
0x013E	0xEF      	MOV A, R7
;__Lib_MathDouble.c,88 :: 		
0x013F	0x04      	INC A
;__Lib_MathDouble.c,89 :: 		
0x0140	0x7007    	JNZ __Add_32x32_FP_l5
;__Lib_MathDouble.c,90 :: 		
0x0142	0x5002    	JNC __Add_32x32_FP_l4
;__Lib_MathDouble.c,91 :: 		
0x0144	0xB2D5    	CPL F0_bit
;__Lib_MathDouble.c,93 :: 		
__Add_32x32_FP_l4:
;__Lib_MathDouble.c,94 :: 		
0x0146	0x020224  	LJMP __Add_32x32_FP_l6
;__Lib_MathDouble.c,96 :: 		
__Add_32x32_FP_l5:
;__Lib_MathDouble.c,97 :: 		
0x0149	0x92D5    	MOV F0_bit, C
;__Lib_MathDouble.c,98 :: 		
0x014B	0xEB      	MOV A, R3
;__Lib_MathDouble.c,99 :: 		
0x014C	0x04      	INC A
;__Lib_MathDouble.c,100 :: 		
0x014D	0x60F7    	JZ __Add_32x32_FP_l4
;__Lib_MathDouble.c,101 :: 		
0x014F	0xE4      	CLR A
;__Lib_MathDouble.c,102 :: 		
0x0150	0xCB      	XCH A, R3
;__Lib_MathDouble.c,103 :: 		
0x0151	0xC0E0    	PUSH ACC
;__Lib_MathDouble.c,104 :: 		
0x0153	0xC3      	CLR C
;__Lib_MathDouble.c,105 :: 		
0x0154	0x9F      	SUBB A, R7
;__Lib_MathDouble.c,106 :: 		
0x0155	0xFF      	MOV R7, A
;__Lib_MathDouble.c,107 :: 		
0x0156	0x603B    	JZ __Add_32x32_FP_l7
;__Lib_MathDouble.c,108 :: 		
0x0158	0x9418    	SUBB A, 24
;__Lib_MathDouble.c,109 :: 		
0x015A	0x6008    	JZ __Add_32x32_FP_l8
;__Lib_MathDouble.c,110 :: 		
0x015C	0x400D    	JC __Add_32x32_FP_l9
;__Lib_MathDouble.c,111 :: 		
0x015E	0xD0E0    	POP ACC
;__Lib_MathDouble.c,112 :: 		
0x0160	0xFC      	MOV R4, A
;__Lib_MathDouble.c,113 :: 		
0x0161	0x0201FC  	LJMP __Add_32x32_FP_l10
;__Lib_MathDouble.c,115 :: 		
__Add_32x32_FP_l8:
;__Lib_MathDouble.c,116 :: 		
0x0164	0xE4      	CLR A
;__Lib_MathDouble.c,117 :: 		
0x0165	0xFC      	MOV R4, A
;__Lib_MathDouble.c,118 :: 		
0x0166	0xFD      	MOV R5, A
;__Lib_MathDouble.c,119 :: 		
0x0167	0xCE      	XCH A, R6
;__Lib_MathDouble.c,120 :: 		
0x0168	0xFB      	MOV R3, A
;__Lib_MathDouble.c,121 :: 		
0x0169	0x8028    	SJMP __Add_32x32_FP_l7
;__Lib_MathDouble.c,123 :: 		
__Add_32x32_FP_l9:
;__Lib_MathDouble.c,124 :: 		
0x016B	0xEF      	MOV A, R7
;__Lib_MathDouble.c,125 :: 		
0x016C	0x30E406  	JNB IT01CF, __Add_32x32_FP_l11
;__Lib_MathDouble.c,126 :: 		
0x016F	0xE4      	CLR A
;__Lib_MathDouble.c,127 :: 		
0x0170	0xCE      	XCH A, R6
;__Lib_MathDouble.c,128 :: 		
0x0171	0xFC      	MOV R4, A
;__Lib_MathDouble.c,129 :: 		
0x0172	0xE4      	CLR A
;__Lib_MathDouble.c,130 :: 		
0x0173	0xCD      	XCH A, R5
;__Lib_MathDouble.c,131 :: 		
0x0174	0xFB      	MOV R3, A
;__Lib_MathDouble.c,133 :: 		
__Add_32x32_FP_l11:
;__Lib_MathDouble.c,134 :: 		
0x0175	0xEF      	MOV A, R7
;__Lib_MathDouble.c,135 :: 		
0x0176	0x30E305  	JNB OSCLCN, __Add_32x32_FP_l12
;__Lib_MathDouble.c,136 :: 		
0x0179	0xE4      	CLR A
;__Lib_MathDouble.c,137 :: 		
0x017A	0xCE      	XCH A, R6
;__Lib_MathDouble.c,138 :: 		
0x017B	0xCD      	XCH A, R5
;__Lib_MathDouble.c,139 :: 		
0x017C	0xCC      	XCH A, R4
;__Lib_MathDouble.c,140 :: 		
0x017D	0xFB      	MOV R3, A
;__Lib_MathDouble.c,142 :: 		
__Add_32x32_FP_l12:
;__Lib_MathDouble.c,143 :: 		
0x017E	0xEF      	MOV A, R7
;__Lib_MathDouble.c,144 :: 		
0x017F	0x5407    	ANL A, 7
;__Lib_MathDouble.c,145 :: 		
0x0181	0x6010    	JZ __Add_32x32_FP_l7
;__Lib_MathDouble.c,146 :: 		
0x0183	0xFF      	MOV R7, A
;__Lib_MathDouble.c,148 :: 		
__Add_32x32_FP_l13:
;__Lib_MathDouble.c,149 :: 		
0x0184	0xC3      	CLR C
;__Lib_MathDouble.c,150 :: 		
0x0185	0xEE      	MOV A, R6
;__Lib_MathDouble.c,151 :: 		
0x0186	0x13      	RRC A
;__Lib_MathDouble.c,152 :: 		
0x0187	0xFE      	MOV R6, A
;__Lib_MathDouble.c,153 :: 		
0x0188	0xED      	MOV A, R5
;__Lib_MathDouble.c,154 :: 		
0x0189	0x13      	RRC A
;__Lib_MathDouble.c,155 :: 		
0x018A	0xFD      	MOV R5, A
;__Lib_MathDouble.c,156 :: 		
0x018B	0xEC      	MOV A, R4
;__Lib_MathDouble.c,157 :: 		
0x018C	0x13      	RRC A
;__Lib_MathDouble.c,158 :: 		
0x018D	0xFC      	MOV R4, A
;__Lib_MathDouble.c,159 :: 		
0x018E	0xEB      	MOV A, R3
;__Lib_MathDouble.c,160 :: 		
0x018F	0x13      	RRC A
;__Lib_MathDouble.c,161 :: 		
0x0190	0xFB      	MOV R3, A
;__Lib_MathDouble.c,162 :: 		
0x0191	0xDFF1    	DJNZ R7, __Add_32x32_FP_l13
;__Lib_MathDouble.c,164 :: 		
__Add_32x32_FP_l7:
;__Lib_MathDouble.c,165 :: 		
0x0193	0x30F52D  	JNB 245, __Add_32x32_FP_l14
;__Lib_MathDouble.c,166 :: 		
0x0196	0xC3      	CLR C
;__Lib_MathDouble.c,167 :: 		
0x0197	0xE4      	CLR A
;__Lib_MathDouble.c,168 :: 		
0x0198	0x9B      	SUBB A, R3
;__Lib_MathDouble.c,169 :: 		
0x0199	0xFB      	MOV R3, A
;__Lib_MathDouble.c,170 :: 		
0x019A	0xE8      	MOV A, R0
;__Lib_MathDouble.c,171 :: 		
0x019B	0x9C      	SUBB A, R4
;__Lib_MathDouble.c,172 :: 		
0x019C	0xF8      	MOV R0, A
;__Lib_MathDouble.c,173 :: 		
0x019D	0xE9      	MOV A, R1
;__Lib_MathDouble.c,174 :: 		
0x019E	0x9D      	SUBB A, R5
;__Lib_MathDouble.c,175 :: 		
0x019F	0xF9      	MOV R1, A
;__Lib_MathDouble.c,176 :: 		
0x01A0	0xEA      	MOV A, R2
;__Lib_MathDouble.c,177 :: 		
0x01A1	0x9E      	SUBB A, R6
;__Lib_MathDouble.c,178 :: 		
0x01A2	0xFA      	MOV R2, A
;__Lib_MathDouble.c,179 :: 		
0x01A3	0xD0E0    	POP ACC
;__Lib_MathDouble.c,180 :: 		
0x01A5	0xFC      	MOV R4, A
;__Lib_MathDouble.c,181 :: 		
0x01A6	0xE8      	MOV A, R0
;__Lib_MathDouble.c,182 :: 		
0x01A7	0x49      	ORL A, R1
;__Lib_MathDouble.c,183 :: 		
0x01A8	0x4A      	ORL A, R2
;__Lib_MathDouble.c,184 :: 		
0x01A9	0x4B      	ORL A, R3
;__Lib_MathDouble.c,185 :: 		
0x01AA	0x7011    	JNZ __Add_32x32_FP_l15
;__Lib_MathDouble.c,186 :: 		
0x01AC	0x22      	RET
;__Lib_MathDouble.c,188 :: 		
__Add_32x32_FP_l18:
;__Lib_MathDouble.c,189 :: 		
0x01AD	0xDC02    	DJNZ R4, __Add_32x32_FP_l16
;__Lib_MathDouble.c,190 :: 		
0x01AF	0x8070    	SJMP __Add_32x32_FP_l17
;__Lib_MathDouble.c,192 :: 		
__Add_32x32_FP_l16:
;__Lib_MathDouble.c,193 :: 		
0x01B1	0xEB      	MOV A, R3
;__Lib_MathDouble.c,194 :: 		
0x01B2	0x2B      	ADD A, R3
;__Lib_MathDouble.c,195 :: 		
0x01B3	0xFB      	MOV R3, A
;__Lib_MathDouble.c,196 :: 		
0x01B4	0xE8      	MOV A, R0
;__Lib_MathDouble.c,197 :: 		
0x01B5	0x33      	RLC A
;__Lib_MathDouble.c,198 :: 		
0x01B6	0xF8      	MOV R0, A
;__Lib_MathDouble.c,199 :: 		
0x01B7	0xE9      	MOV A, R1
;__Lib_MathDouble.c,200 :: 		
0x01B8	0x33      	RLC A
;__Lib_MathDouble.c,201 :: 		
0x01B9	0xF9      	MOV R1, A
;__Lib_MathDouble.c,202 :: 		
0x01BA	0xEA      	MOV A, R2
;__Lib_MathDouble.c,203 :: 		
0x01BB	0x33      	RLC A
;__Lib_MathDouble.c,204 :: 		
0x01BC	0xFA      	MOV R2, A
;__Lib_MathDouble.c,206 :: 		
__Add_32x32_FP_l15:
;__Lib_MathDouble.c,207 :: 		
0x01BD	0xEA      	MOV A, R2
;__Lib_MathDouble.c,208 :: 		
0x01BE	0x30E7EC  	JNB 231, __Add_32x32_FP_l18
;__Lib_MathDouble.c,209 :: 		
0x01C1	0x8039    	SJMP __Add_32x32_FP_l10
;__Lib_MathDouble.c,211 :: 		
__Add_32x32_FP_l14:
;__Lib_MathDouble.c,212 :: 		
0x01C3	0xE8      	MOV A, R0
;__Lib_MathDouble.c,213 :: 		
0x01C4	0x2C      	ADD A, R4
;__Lib_MathDouble.c,214 :: 		
0x01C5	0xF8      	MOV R0, A
;__Lib_MathDouble.c,215 :: 		
0x01C6	0xE9      	MOV A, R1
;__Lib_MathDouble.c,216 :: 		
0x01C7	0x3D      	ADDC A, R5
;__Lib_MathDouble.c,217 :: 		
0x01C8	0xF9      	MOV R1, A
;__Lib_MathDouble.c,218 :: 		
0x01C9	0xEA      	MOV A, R2
;__Lib_MathDouble.c,219 :: 		
0x01CA	0x3E      	ADDC A, R6
;__Lib_MathDouble.c,220 :: 		
0x01CB	0xFA      	MOV R2, A
;__Lib_MathDouble.c,221 :: 		
0x01CC	0xD0E0    	POP ACC
;__Lib_MathDouble.c,222 :: 		
0x01CE	0xFC      	MOV R4, A
;__Lib_MathDouble.c,223 :: 		
0x01CF	0x5012    	JNC __Add_32x32_FP_l19
;__Lib_MathDouble.c,224 :: 		
0x01D1	0x0C      	INC R4
;__Lib_MathDouble.c,225 :: 		
0x01D2	0xBC0002  	CJNE R4, 0, __Add_32x32_FP_l20
;__Lib_MathDouble.c,226 :: 		
0x01D5	0x804D    	SJMP __Add_32x32_FP_l6
;__Lib_MathDouble.c,228 :: 		
__Add_32x32_FP_l20:
;__Lib_MathDouble.c,229 :: 		
0x01D7	0xEA      	MOV A, R2
;__Lib_MathDouble.c,230 :: 		
0x01D8	0x13      	RRC A
;__Lib_MathDouble.c,231 :: 		
0x01D9	0xFA      	MOV R2, A
;__Lib_MathDouble.c,232 :: 		
0x01DA	0xE9      	MOV A, R1
;__Lib_MathDouble.c,233 :: 		
0x01DB	0x13      	RRC A
;__Lib_MathDouble.c,234 :: 		
0x01DC	0xF9      	MOV R1, A
;__Lib_MathDouble.c,235 :: 		
0x01DD	0xE8      	MOV A, R0
;__Lib_MathDouble.c,236 :: 		
0x01DE	0x13      	RRC A
;__Lib_MathDouble.c,237 :: 		
0x01DF	0xF8      	MOV R0, A
;__Lib_MathDouble.c,238 :: 		
0x01E0	0xEB      	MOV A, R3
;__Lib_MathDouble.c,239 :: 		
0x01E1	0x13      	RRC A
;__Lib_MathDouble.c,240 :: 		
0x01E2	0xFB      	MOV R3, A
;__Lib_MathDouble.c,242 :: 		
__Add_32x32_FP_l19:
;__Lib_MathDouble.c,243 :: 		
0x01E3	0x8017    	SJMP __Add_32x32_FP_l10
;__Lib_MathDouble.c,245 :: 		
__Add_32x32_FP_l2:
;__Lib_MathDouble.c,246 :: 		
0x01E5	0xEE      	MOV A, R6
;__Lib_MathDouble.c,247 :: 		
0x01E6	0xD2E7    	SETB 231.B0
;__Lib_MathDouble.c,248 :: 		
0x01E8	0xCE      	XCH A, R6
;__Lib_MathDouble.c,249 :: 		
0x01E9	0x33      	RLC A
;__Lib_MathDouble.c,250 :: 		
0x01EA	0xEF      	MOV A, R7
;__Lib_MathDouble.c,251 :: 		
0x01EB	0x33      	RLC A
;__Lib_MathDouble.c,252 :: 		
0x01EC	0xFF      	MOV R7, A
;__Lib_MathDouble.c,253 :: 		
0x01ED	0x92D5    	MOV F0_bit, C
;__Lib_MathDouble.c,254 :: 		
0x01EF	0xEA      	MOV A, R2
;__Lib_MathDouble.c,255 :: 		
0x01F0	0xD2E7    	SETB 231.B0
;__Lib_MathDouble.c,256 :: 		
0x01F2	0xCA      	XCH A, R2
;__Lib_MathDouble.c,257 :: 		
0x01F3	0x33      	RLC A
;__Lib_MathDouble.c,258 :: 		
0x01F4	0xEB      	MOV A, R3
;__Lib_MathDouble.c,259 :: 		
0x01F5	0x33      	RLC A
;__Lib_MathDouble.c,260 :: 		
0x01F6	0xFB      	MOV R3, A
;__Lib_MathDouble.c,261 :: 		
0x01F7	0x5002    	JNC __Add_32x32_FP_l21
;__Lib_MathDouble.c,262 :: 		
0x01F9	0xB2D5    	CPL F0_bit
;__Lib_MathDouble.c,264 :: 		
__Add_32x32_FP_l21:
;__Lib_MathDouble.c,265 :: 		
0x01FB	0x22      	RET
;__Lib_MathDouble.c,267 :: 		
__Add_32x32_FP_l10:
;__Lib_MathDouble.c,268 :: 		
0x01FC	0xEB      	MOV A, R3
;__Lib_MathDouble.c,269 :: 		
0x01FD	0x30E710  	JNB 231, __Add_32x32_FP_l22
;__Lib_MathDouble.c,270 :: 		
0x0200	0x08      	INC R0
;__Lib_MathDouble.c,271 :: 		
0x0201	0xB8000C  	CJNE R0, 0, __Add_32x32_FP_l22
;__Lib_MathDouble.c,272 :: 		
0x0204	0x09      	INC R1
;__Lib_MathDouble.c,273 :: 		
0x0205	0xB90008  	CJNE R1, 0, __Add_32x32_FP_l22
;__Lib_MathDouble.c,274 :: 		
0x0208	0x0A      	INC R2
;__Lib_MathDouble.c,275 :: 		
0x0209	0xBA0004  	CJNE R2, 0, __Add_32x32_FP_l22
;__Lib_MathDouble.c,276 :: 		
0x020C	0x0C      	INC R4
;__Lib_MathDouble.c,277 :: 		
0x020D	0xEC      	MOV A, R4
;__Lib_MathDouble.c,278 :: 		
0x020E	0x6014    	JZ __Add_32x32_FP_l6
;__Lib_MathDouble.c,280 :: 		
__Add_32x32_FP_l22:
;__Lib_MathDouble.c,281 :: 		
0x0210	0xA2D5    	MOV C, F0_bit
;__Lib_MathDouble.c,282 :: 		
0x0212	0xEC      	MOV A, R4
;__Lib_MathDouble.c,283 :: 		
0x0213	0x13      	RRC A
;__Lib_MathDouble.c,284 :: 		
0x0214	0xFB      	MOV R3, A
;__Lib_MathDouble.c,285 :: 		
0x0215	0xEA      	MOV A, R2
;__Lib_MathDouble.c,286 :: 		
0x0216	0x92E7    	MOV 231.B0, C
;__Lib_MathDouble.c,287 :: 		
0x0218	0xFA      	MOV R2, A
;__Lib_MathDouble.c,288 :: 		
0x0219	0x22      	RET
;__Lib_MathDouble.c,290 :: 		
__Add_32x32_FP_res_beskonacno:
;__Lib_MathDouble.c,291 :: 		
0x021A	0x74FF    	MOV A, 255
;__Lib_MathDouble.c,293 :: 		
__Add_32x32_FP_l23:
;__Lib_MathDouble.c,294 :: 		
0x021C	0xFB      	MOV R3, A
;__Lib_MathDouble.c,295 :: 		
0x021D	0xFA      	MOV R2, A
;__Lib_MathDouble.c,297 :: 		
__Add_32x32_FP_l24:
;__Lib_MathDouble.c,298 :: 		
0x021E	0xF9      	MOV R1, A
;__Lib_MathDouble.c,299 :: 		
0x021F	0xF8      	MOV R0, A
;__Lib_MathDouble.c,300 :: 		
0x0220	0x22      	RET
;__Lib_MathDouble.c,302 :: 		
__Add_32x32_FP_l17:
;__Lib_MathDouble.c,303 :: 		
0x0221	0xE4      	CLR A
;__Lib_MathDouble.c,304 :: 		
0x0222	0x80F8    	SJMP __Add_32x32_FP_l23
;__Lib_MathDouble.c,306 :: 		
__Add_32x32_FP_l6:
;__Lib_MathDouble.c,307 :: 		
0x0224	0xA2D5    	MOV C, F0_bit
;__Lib_MathDouble.c,308 :: 		
0x0226	0x74FF    	MOV A, 255
;__Lib_MathDouble.c,309 :: 		
0x0228	0x13      	RRC A
;__Lib_MathDouble.c,310 :: 		
0x0229	0xFB      	MOV R3, A
;__Lib_MathDouble.c,311 :: 		
0x022A	0x7A80    	MOV R2, 128
;__Lib_MathDouble.c,312 :: 		
0x022C	0xE4      	CLR A
;__Lib_MathDouble.c,313 :: 		
0x022D	0x80EF    	SJMP __Add_32x32_FP_l24
;__Lib_MathDouble.c,315 :: 		
0x022F	0x22      	RET
; end of _Add_32x32_FP
_level2Double:
;__Lib_MathDouble.c,978 :: 		
;__Lib_MathDouble.c,981 :: 		
0x0230	0x33      	RLC A
;__Lib_MathDouble.c,982 :: 		
0x0231	0x92D5    	MOV F0_bit, C
;__Lib_MathDouble.c,983 :: 		
0x0233	0x30D503  	JNB F0_bit, __Byte2Double_l1
;__Lib_MathDouble.c,984 :: 		
0x0236	0x12025B  	LCALL __Byte2Double_l2
;__Lib_MathDouble.c,986 :: 		
__Byte2Double_l1:
;__Lib_MathDouble.c,987 :: 		
0x0239	0xEB      	MOV A, R3
;__Lib_MathDouble.c,988 :: 		
0x023A	0x33      	RLC A
;__Lib_MathDouble.c,989 :: 		
0x023B	0x4010    	JC __Byte2Double_l3
;__Lib_MathDouble.c,990 :: 		
0x023D	0xE8      	MOV A, R0
;__Lib_MathDouble.c,991 :: 		
0x023E	0x33      	RLC A
;__Lib_MathDouble.c,992 :: 		
0x023F	0xF8      	MOV R0, A
;__Lib_MathDouble.c,993 :: 		
0x0240	0xE9      	MOV A, R1
;__Lib_MathDouble.c,994 :: 		
0x0241	0x33      	RLC A
;__Lib_MathDouble.c,995 :: 		
0x0242	0xF9      	MOV R1, A
;__Lib_MathDouble.c,996 :: 		
0x0243	0xEA      	MOV A, R2
;__Lib_MathDouble.c,997 :: 		
0x0244	0x33      	RLC A
;__Lib_MathDouble.c,998 :: 		
0x0245	0xFA      	MOV R2, A
;__Lib_MathDouble.c,999 :: 		
0x0246	0xEB      	MOV A, R3
;__Lib_MathDouble.c,1000 :: 		
0x0247	0x33      	RLC A
;__Lib_MathDouble.c,1001 :: 		
0x0248	0xFB      	MOV R3, A
;__Lib_MathDouble.c,1002 :: 		
0x0249	0xD5F0ED  	DJNZ B, __Byte2Double_l1
;__Lib_MathDouble.c,1003 :: 		
0x024C	0x22      	RET
;__Lib_MathDouble.c,1005 :: 		
__Byte2Double_l3:
;__Lib_MathDouble.c,1006 :: 		
0x024D	0xE5F0    	MOV A, B
;__Lib_MathDouble.c,1007 :: 		
0x024F	0x247E    	ADD A, 126
;__Lib_MathDouble.c,1008 :: 		
0x0251	0xA2D5    	MOV C, F0_bit
;__Lib_MathDouble.c,1009 :: 		
0x0253	0x13      	RRC A
;__Lib_MathDouble.c,1010 :: 		
0x0254	0xCB      	XCH A, R3
;__Lib_MathDouble.c,1011 :: 		
0x0255	0x92E7    	MOV 231.B0, C
;__Lib_MathDouble.c,1012 :: 		
0x0257	0xCA      	XCH A, R2
;__Lib_MathDouble.c,1013 :: 		
0x0258	0xC9      	XCH A, R1
;__Lib_MathDouble.c,1014 :: 		
0x0259	0xF8      	MOV R0, A
;__Lib_MathDouble.c,1015 :: 		
0x025A	0x22      	RET
;__Lib_MathDouble.c,1017 :: 		
__Byte2Double_l2:
;__Lib_MathDouble.c,1018 :: 		
0x025B	0xC3      	CLR C
;__Lib_MathDouble.c,1019 :: 		
0x025C	0xE4      	CLR A
;__Lib_MathDouble.c,1020 :: 		
0x025D	0x98      	SUBB A, R0
;__Lib_MathDouble.c,1021 :: 		
0x025E	0xF8      	MOV R0, A
;__Lib_MathDouble.c,1022 :: 		
0x025F	0xE4      	CLR A
;__Lib_MathDouble.c,1023 :: 		
0x0260	0x99      	SUBB A, R1
;__Lib_MathDouble.c,1024 :: 		
0x0261	0xF9      	MOV R1, A
;__Lib_MathDouble.c,1025 :: 		
0x0262	0xE4      	CLR A
;__Lib_MathDouble.c,1026 :: 		
0x0263	0x9A      	SUBB A, R2
;__Lib_MathDouble.c,1027 :: 		
0x0264	0xFA      	MOV R2, A
;__Lib_MathDouble.c,1028 :: 		
0x0265	0xE4      	CLR A
;__Lib_MathDouble.c,1029 :: 		
0x0266	0x9B      	SUBB A, R3
;__Lib_MathDouble.c,1030 :: 		
0x0267	0xFB      	MOV R3, A
;__Lib_MathDouble.c,1032 :: 		
0x0268	0x22      	RET
; end of _level2Double
_MAX31865_write_byte:
;max31865.c,50 :: 		void MAX31865_write_byte(unsigned char address, unsigned char value)
;max31865.c,52 :: 		MAX31865_CS = 0;
0x0269	0xC283    	CLR P0_3_bit
;max31865.c,53 :: 		SPI_Write(address | 0x80);
0x026B	0xE50E    	MOV A, FARG_MAX31865_write_byte_address
0x026D	0x4480    	ORL A, #128
0x026F	0xF515    	MOV FARG_SPI_Write_data_out, A
0x0271	0x119F    	ACALL _SPI_Write
;max31865.c,54 :: 		SPI_Write(value);
0x0273	0x850F15  	MOV FARG_SPI_Write_data_out, FARG_MAX31865_write_byte_value+0
0x0276	0x119F    	ACALL _SPI_Write
;max31865.c,55 :: 		MAX31865_CS = 1;
0x0278	0xD283    	SETB P0_3_bit
;max31865.c,56 :: 		}
0x027A	0x22      	RET
; end of _MAX31865_write_byte
_Double2Ints:
;__Lib_MathDouble.c,896 :: 		
;__Lib_MathDouble.c,898 :: 		
0x027B	0xEA      	MOV A, R2
;__Lib_MathDouble.c,899 :: 		
0x027C	0xD2E7    	SETB 231.B0
;__Lib_MathDouble.c,900 :: 		
0x027E	0xCA      	XCH A, R2
;__Lib_MathDouble.c,901 :: 		
0x027F	0x33      	RLC A
;__Lib_MathDouble.c,902 :: 		
0x0280	0xEB      	MOV A, R3
;__Lib_MathDouble.c,903 :: 		
0x0281	0x33      	RLC A
;__Lib_MathDouble.c,904 :: 		
0x0282	0x92D5    	MOV F0_bit, C
;__Lib_MathDouble.c,905 :: 		
0x0284	0x2481    	ADD A, 129
;__Lib_MathDouble.c,906 :: 		
0x0286	0x4006    	JC __Double2Longword_l1
;__Lib_MathDouble.c,907 :: 		
0x0288	0xE4      	CLR A
;__Lib_MathDouble.c,908 :: 		
__Double2Longword_l3:
;__Lib_MathDouble.c,909 :: 		
0x0289	0xF8      	MOV R0, A
;__Lib_MathDouble.c,910 :: 		
0x028A	0xF9      	MOV R1, A
;__Lib_MathDouble.c,911 :: 		
0x028B	0xFA      	MOV R2, A
;__Lib_MathDouble.c,912 :: 		
0x028C	0xFB      	MOV R3, A
;__Lib_MathDouble.c,913 :: 		
__Double2Longword_l5:
;__Lib_MathDouble.c,914 :: 		
0x028D	0x22      	RET
;__Lib_MathDouble.c,916 :: 		
__Double2Longword_l1:
;__Lib_MathDouble.c,917 :: 		
0x028E	0xFB      	MOV R3, A
;__Lib_MathDouble.c,918 :: 		
0x028F	0xE4      	CLR A
;__Lib_MathDouble.c,919 :: 		
0x0290	0xC8      	XCH A, R0
;__Lib_MathDouble.c,920 :: 		
0x0291	0xC9      	XCH A, R1
;__Lib_MathDouble.c,921 :: 		
0x0292	0xCA      	XCH A, R2
;__Lib_MathDouble.c,922 :: 		
0x0293	0xCB      	XCH A, R3
;__Lib_MathDouble.c,923 :: 		
0x0294	0x24E0    	ADD A, 224
;__Lib_MathDouble.c,924 :: 		
0x0296	0x5011    	JNC __Double2Longword_l2
;__Lib_MathDouble.c,925 :: 		
0x0298	0x74FF    	MOV A, 255
;__Lib_MathDouble.c,926 :: 		
0x029A	0x80ED    	SJMP __Double2Longword_l3
;__Lib_MathDouble.c,928 :: 		
__Double2Longword_l4:
;__Lib_MathDouble.c,929 :: 		
0x029C	0xC3      	CLR C
;__Lib_MathDouble.c,930 :: 		
0x029D	0xCB      	XCH A, R3
;__Lib_MathDouble.c,931 :: 		
0x029E	0x13      	RRC A
;__Lib_MathDouble.c,932 :: 		
0x029F	0xCB      	XCH A, R3
;__Lib_MathDouble.c,933 :: 		
0x02A0	0xCA      	XCH A, R2
;__Lib_MathDouble.c,934 :: 		
0x02A1	0x13      	RRC A
;__Lib_MathDouble.c,935 :: 		
0x02A2	0xCA      	XCH A, R2
;__Lib_MathDouble.c,936 :: 		
0x02A3	0xC9      	XCH A, R1
;__Lib_MathDouble.c,937 :: 		
0x02A4	0x13      	RRC A
;__Lib_MathDouble.c,938 :: 		
0x02A5	0xC9      	XCH A, R1
;__Lib_MathDouble.c,939 :: 		
0x02A6	0xC8      	XCH A, R0
;__Lib_MathDouble.c,940 :: 		
0x02A7	0x13      	RRC A
;__Lib_MathDouble.c,941 :: 		
0x02A8	0xC8      	XCH A, R0
;__Lib_MathDouble.c,943 :: 		
__Double2Longword_l2:
;__Lib_MathDouble.c,944 :: 		
0x02A9	0x04      	INC A
;__Lib_MathDouble.c,945 :: 		
0x02AA	0x70F0    	JNZ __Double2Longword_l4
;__Lib_MathDouble.c,946 :: 		
0x02AC	0x30D5DE  	JNB F0_bit, __Double2Longword_l5
;__Lib_MathDouble.c,947 :: 		
0x02AF	0xC3      	CLR C
;__Lib_MathDouble.c,948 :: 		
0x02B0	0xE4      	CLR A
;__Lib_MathDouble.c,949 :: 		
0x02B1	0x98      	SUBB A, R0
;__Lib_MathDouble.c,950 :: 		
0x02B2	0xF8      	MOV R0, A
;__Lib_MathDouble.c,951 :: 		
0x02B3	0xE4      	CLR A
;__Lib_MathDouble.c,952 :: 		
0x02B4	0x99      	SUBB A, R1
;__Lib_MathDouble.c,953 :: 		
0x02B5	0xF9      	MOV R1, A
;__Lib_MathDouble.c,954 :: 		
0x02B6	0xE4      	CLR A
;__Lib_MathDouble.c,955 :: 		
0x02B7	0x9A      	SUBB A, R2
;__Lib_MathDouble.c,956 :: 		
0x02B8	0xFA      	MOV R2, A
;__Lib_MathDouble.c,957 :: 		
0x02B9	0xE4      	CLR A
;__Lib_MathDouble.c,958 :: 		
0x02BA	0x9B      	SUBB A, R3
;__Lib_MathDouble.c,959 :: 		
0x02BB	0xFB      	MOV R3, A
;__Lib_MathDouble.c,961 :: 		
0x02BC	0x22      	RET
; end of _Double2Ints
_Div_32x32_FP:
;__Lib_MathDouble.c,670 :: 		
;__Lib_MathDouble.c,673 :: 		
0x02BD	0x8003    	SJMP __Div_32x32_FP_teska_prevara
;__Lib_MathDouble.c,675 :: 		
__Div_32x32_FP_l6:
;__Lib_MathDouble.c,676 :: 		
0x02BF	0x02039D  	LJMP __Div_32x32_FP_l7
;__Lib_MathDouble.c,678 :: 		
__Div_32x32_FP_teska_prevara:
;__Lib_MathDouble.c,679 :: 		
0x02C2	0xEB      	MOV A, R3
;__Lib_MathDouble.c,680 :: 		
0x02C3	0x5A      	ANL A, R2
;__Lib_MathDouble.c,681 :: 		
0x02C4	0x04      	INC A
;__Lib_MathDouble.c,682 :: 		
0x02C5	0x6005    	JZ __Div_32x32_FP_l1
;__Lib_MathDouble.c,683 :: 		
0x02C7	0xEF      	MOV A, R7
;__Lib_MathDouble.c,684 :: 		
0x02C8	0x5E      	ANL A, R6
;__Lib_MathDouble.c,685 :: 		
0x02C9	0x04      	INC A
;__Lib_MathDouble.c,686 :: 		
0x02CA	0x7003    	JNZ __Div_32x32_FP_l2
;__Lib_MathDouble.c,688 :: 		
__Div_32x32_FP_l1:
;__Lib_MathDouble.c,689 :: 		
0x02CC	0x020393  	LJMP __Div_32x32_FP_l3
;__Lib_MathDouble.c,691 :: 		
__Div_32x32_FP_l2:
;__Lib_MathDouble.c,692 :: 		
0x02CF	0x12035E  	LCALL __Div_32x32_FP_l4
;__Lib_MathDouble.c,693 :: 		
0x02D2	0x5F      	ANL A, R7
;__Lib_MathDouble.c,694 :: 		
0x02D3	0x04      	INC A
;__Lib_MathDouble.c,695 :: 		
0x02D4	0x60F6    	JZ __Div_32x32_FP_l1
;__Lib_MathDouble.c,696 :: 		
0x02D6	0xEB      	MOV A, R3
;__Lib_MathDouble.c,697 :: 		
0x02D7	0x4F      	ORL A, R7
;__Lib_MathDouble.c,698 :: 		
0x02D8	0x60F2    	JZ __Div_32x32_FP_l1
;__Lib_MathDouble.c,699 :: 		
0x02DA	0xEB      	MOV A, R3
;__Lib_MathDouble.c,700 :: 		
0x02DB	0x7004    	JNZ __Div_32x32_FP_l5
;__Lib_MathDouble.c,701 :: 		
0x02DD	0xFA      	MOV R2, A
;__Lib_MathDouble.c,702 :: 		
0x02DE	0xF9      	MOV R1, A
;__Lib_MathDouble.c,703 :: 		
0x02DF	0xF8      	MOV R0, A
;__Lib_MathDouble.c,704 :: 		
0x02E0	0x22      	RET
;__Lib_MathDouble.c,706 :: 		
__Div_32x32_FP_l5:
;__Lib_MathDouble.c,707 :: 		
0x02E1	0xCF      	XCH A, R7
;__Lib_MathDouble.c,708 :: 		
0x02E2	0x60DB    	JZ __Div_32x32_FP_l6
;__Lib_MathDouble.c,709 :: 		
0x02E4	0x2481    	ADD A, 129
;__Lib_MathDouble.c,710 :: 		
0x02E6	0xCF      	XCH A, R7
;__Lib_MathDouble.c,711 :: 		
0x02E7	0x5009    	JNC __Div_32x32_FP_l8
;__Lib_MathDouble.c,712 :: 		
0x02E9	0xC3      	CLR C
;__Lib_MathDouble.c,713 :: 		
0x02EA	0x9F      	SUBB A, R7
;__Lib_MathDouble.c,714 :: 		
0x02EB	0x6002    	JZ __Div_32x32_FP_l9
;__Lib_MathDouble.c,715 :: 		
0x02ED	0x5006    	JNC __Div_32x32_FP_l10
;__Lib_MathDouble.c,716 :: 		
__Div_32x32_FP_l9:
;__Lib_MathDouble.c,717 :: 		
0x02EF	0x02039A  	LJMP __Div_32x32_FP_l11
;__Lib_MathDouble.c,719 :: 		
__Div_32x32_FP_l8:
;__Lib_MathDouble.c,720 :: 		
0x02F2	0x9F      	SUBB A, R7
;__Lib_MathDouble.c,721 :: 		
0x02F3	0x50CA    	JNC __Div_32x32_FP_l6
;__Lib_MathDouble.c,723 :: 		
__Div_32x32_FP_l10:
;__Lib_MathDouble.c,724 :: 		
0x02F5	0xF582    	MOV DPL, A
;__Lib_MathDouble.c,725 :: 		
0x02F7	0xEE      	MOV A, R6
;__Lib_MathDouble.c,726 :: 		
0x02F8	0x2E      	ADD A, R6
;__Lib_MathDouble.c,727 :: 		
0x02F9	0x4C      	ORL A, R4
;__Lib_MathDouble.c,728 :: 		
0x02FA	0x4D      	ORL A, R5
;__Lib_MathDouble.c,729 :: 		
0x02FB	0x7005    	JNZ __Div_32x32_FP_l12
;__Lib_MathDouble.c,730 :: 		
0x02FD	0xAC82    	MOV R4, DPL
;__Lib_MathDouble.c,731 :: 		
0x02FF	0x020389  	LJMP __Div_32x32_FP_l13
;__Lib_MathDouble.c,733 :: 		
__Div_32x32_FP_l12:
;__Lib_MathDouble.c,734 :: 		
0x0302	0x75F000  	MOV B, 0
;__Lib_MathDouble.c,735 :: 		
0x0305	0x7B1A    	MOV R3, 26
;__Lib_MathDouble.c,736 :: 		
0x0307	0x7F80    	MOV R7, 128
;__Lib_MathDouble.c,738 :: 		
__Div_32x32_FP_l20:
;__Lib_MathDouble.c,739 :: 		
0x0309	0xC3      	CLR C
;__Lib_MathDouble.c,740 :: 		
0x030A	0xE8      	MOV A, R0
;__Lib_MathDouble.c,741 :: 		
0x030B	0x9C      	SUBB A, R4
;__Lib_MathDouble.c,742 :: 		
0x030C	0xE9      	MOV A, R1
;__Lib_MathDouble.c,743 :: 		
0x030D	0x9D      	SUBB A, R5
;__Lib_MathDouble.c,744 :: 		
0x030E	0xEA      	MOV A, R2
;__Lib_MathDouble.c,745 :: 		
0x030F	0x9E      	SUBB A, R6
;__Lib_MathDouble.c,746 :: 		
0x0310	0x400D    	JC __Div_32x32_FP_l14
;__Lib_MathDouble.c,748 :: 		
__Div_32x32_FP_l19:
;__Lib_MathDouble.c,749 :: 		
0x0312	0xC3      	CLR C
;__Lib_MathDouble.c,750 :: 		
0x0313	0xE8      	MOV A, R0
;__Lib_MathDouble.c,751 :: 		
0x0314	0x9C      	SUBB A, R4
;__Lib_MathDouble.c,752 :: 		
0x0315	0xF8      	MOV R0, A
;__Lib_MathDouble.c,753 :: 		
0x0316	0xE9      	MOV A, R1
;__Lib_MathDouble.c,754 :: 		
0x0317	0x9D      	SUBB A, R5
;__Lib_MathDouble.c,755 :: 		
0x0318	0xF9      	MOV R1, A
;__Lib_MathDouble.c,756 :: 		
0x0319	0xEA      	MOV A, R2
;__Lib_MathDouble.c,757 :: 		
0x031A	0x9E      	SUBB A, R6
;__Lib_MathDouble.c,758 :: 		
0x031B	0xFA      	MOV R2, A
;__Lib_MathDouble.c,759 :: 		
0x031C	0xEF      	MOV A, R7
;__Lib_MathDouble.c,760 :: 		
0x031D	0x42F0    	ORL B, A
;__Lib_MathDouble.c,762 :: 		
__Div_32x32_FP_l14:
;__Lib_MathDouble.c,763 :: 		
0x031F	0xDB22    	DJNZ R3, __Div_32x32_FP_l15
;__Lib_MathDouble.c,764 :: 		
0x0321	0xABF0    	MOV R3, B
;__Lib_MathDouble.c,765 :: 		
0x0323	0xD0E0    	POP ACC
;__Lib_MathDouble.c,766 :: 		
0x0325	0xF8      	MOV R0, A
;__Lib_MathDouble.c,767 :: 		
0x0326	0xD0E0    	POP ACC
;__Lib_MathDouble.c,768 :: 		
0x0328	0xF9      	MOV R1, A
;__Lib_MathDouble.c,769 :: 		
0x0329	0xD0E0    	POP ACC
;__Lib_MathDouble.c,770 :: 		
0x032B	0xFA      	MOV R2, A
;__Lib_MathDouble.c,771 :: 		
0x032C	0xAC82    	MOV R4, DPL
;__Lib_MathDouble.c,772 :: 		
0x032E	0x20E710  	JB 231, __Div_32x32_FP_l16
;__Lib_MathDouble.c,773 :: 		
0x0331	0x1C      	DEC R4
;__Lib_MathDouble.c,774 :: 		
0x0332	0xEC      	MOV A, R4
;__Lib_MathDouble.c,775 :: 		
0x0333	0x60BA    	JZ __Div_32x32_FP_l9
;__Lib_MathDouble.c,776 :: 		
0x0335	0xEB      	MOV A, R3
;__Lib_MathDouble.c,777 :: 		
0x0336	0x2B      	ADD A, R3
;__Lib_MathDouble.c,778 :: 		
0x0337	0xFB      	MOV R3, A
;__Lib_MathDouble.c,779 :: 		
0x0338	0xE8      	MOV A, R0
;__Lib_MathDouble.c,780 :: 		
0x0339	0x33      	RLC A
;__Lib_MathDouble.c,781 :: 		
0x033A	0xF8      	MOV R0, A
;__Lib_MathDouble.c,782 :: 		
0x033B	0xE9      	MOV A, R1
;__Lib_MathDouble.c,783 :: 		
0x033C	0x33      	RLC A
;__Lib_MathDouble.c,784 :: 		
0x033D	0xF9      	MOV R1, A
;__Lib_MathDouble.c,785 :: 		
0x033E	0xEA      	MOV A, R2
;__Lib_MathDouble.c,786 :: 		
0x033F	0x33      	RLC A
;__Lib_MathDouble.c,787 :: 		
0x0340	0xFA      	MOV R2, A
;__Lib_MathDouble.c,789 :: 		
__Div_32x32_FP_l16:
;__Lib_MathDouble.c,790 :: 		
0x0341	0x8032    	SJMP __Div_32x32_FP_l17
;__Lib_MathDouble.c,792 :: 		
__Div_32x32_FP_l15:
;__Lib_MathDouble.c,793 :: 		
0x0343	0xEF      	MOV A, R7
;__Lib_MathDouble.c,794 :: 		
0x0344	0x03      	RR A
;__Lib_MathDouble.c,795 :: 		
0x0345	0xFF      	MOV R7, A
;__Lib_MathDouble.c,796 :: 		
0x0346	0x30E705  	JNB 231, __Div_32x32_FP_l18
;__Lib_MathDouble.c,797 :: 		
0x0349	0xC0F0    	PUSH B
;__Lib_MathDouble.c,798 :: 		
0x034B	0x75F000  	MOV B, 0
;__Lib_MathDouble.c,800 :: 		
__Div_32x32_FP_l18:
;__Lib_MathDouble.c,801 :: 		
0x034E	0xE8      	MOV A, R0
;__Lib_MathDouble.c,802 :: 		
0x034F	0x28      	ADD A, R0
;__Lib_MathDouble.c,803 :: 		
0x0350	0xF8      	MOV R0, A
;__Lib_MathDouble.c,804 :: 		
0x0351	0xE9      	MOV A, R1
;__Lib_MathDouble.c,805 :: 		
0x0352	0x33      	RLC A
;__Lib_MathDouble.c,806 :: 		
0x0353	0xF9      	MOV R1, A
;__Lib_MathDouble.c,807 :: 		
0x0354	0xEA      	MOV A, R2
;__Lib_MathDouble.c,808 :: 		
0x0355	0x33      	RLC A
;__Lib_MathDouble.c,809 :: 		
0x0356	0xFA      	MOV R2, A
;__Lib_MathDouble.c,810 :: 		
0x0357	0x40B9    	JC __Div_32x32_FP_l19
;__Lib_MathDouble.c,811 :: 		
0x0359	0x30E7C3  	JNB 231, __Div_32x32_FP_l14
;__Lib_MathDouble.c,812 :: 		
0x035C	0x80AB    	SJMP __Div_32x32_FP_l20
;__Lib_MathDouble.c,814 :: 		
__Div_32x32_FP_l4:
;__Lib_MathDouble.c,815 :: 		
0x035E	0xEE      	MOV A, R6
;__Lib_MathDouble.c,816 :: 		
0x035F	0xD2E7    	SETB 231.B0
;__Lib_MathDouble.c,817 :: 		
0x0361	0xCE      	XCH A, R6
;__Lib_MathDouble.c,818 :: 		
0x0362	0x33      	RLC A
;__Lib_MathDouble.c,819 :: 		
0x0363	0xEF      	MOV A, R7
;__Lib_MathDouble.c,820 :: 		
0x0364	0x33      	RLC A
;__Lib_MathDouble.c,821 :: 		
0x0365	0xFF      	MOV R7, A
;__Lib_MathDouble.c,822 :: 		
0x0366	0x92D5    	MOV F0_bit, C
;__Lib_MathDouble.c,823 :: 		
0x0368	0xEA      	MOV A, R2
;__Lib_MathDouble.c,824 :: 		
0x0369	0xD2E7    	SETB 231.B0
;__Lib_MathDouble.c,825 :: 		
0x036B	0xCA      	XCH A, R2
;__Lib_MathDouble.c,826 :: 		
0x036C	0x33      	RLC A
;__Lib_MathDouble.c,827 :: 		
0x036D	0xEB      	MOV A, R3
;__Lib_MathDouble.c,828 :: 		
0x036E	0x33      	RLC A
;__Lib_MathDouble.c,829 :: 		
0x036F	0xFB      	MOV R3, A
;__Lib_MathDouble.c,830 :: 		
0x0370	0x5002    	JNC __Div_32x32_FP_l21
;__Lib_MathDouble.c,831 :: 		
0x0372	0xB2D5    	CPL F0_bit
;__Lib_MathDouble.c,832 :: 		
__Div_32x32_FP_l21:
;__Lib_MathDouble.c,833 :: 		
0x0374	0x22      	RET
;__Lib_MathDouble.c,835 :: 		
__Div_32x32_FP_l17:
;__Lib_MathDouble.c,836 :: 		
0x0375	0xEB      	MOV A, R3
;__Lib_MathDouble.c,837 :: 		
0x0376	0x30E710  	JNB 231, __Div_32x32_FP_l13
;__Lib_MathDouble.c,838 :: 		
0x0379	0x08      	INC R0
;__Lib_MathDouble.c,839 :: 		
0x037A	0xB8000C  	CJNE R0, 0, __Div_32x32_FP_l13
;__Lib_MathDouble.c,840 :: 		
0x037D	0x09      	INC R1
;__Lib_MathDouble.c,841 :: 		
0x037E	0xB90008  	CJNE R1, 0, __Div_32x32_FP_l13
;__Lib_MathDouble.c,842 :: 		
0x0381	0x0A      	INC R2
;__Lib_MathDouble.c,843 :: 		
0x0382	0xBA0004  	CJNE R2, 0, __Div_32x32_FP_l13
;__Lib_MathDouble.c,844 :: 		
0x0385	0x0C      	INC R4
;__Lib_MathDouble.c,845 :: 		
0x0386	0xEC      	MOV A, R4
;__Lib_MathDouble.c,846 :: 		
0x0387	0x60EC    	JZ __Div_32x32_FP_l17
;__Lib_MathDouble.c,848 :: 		
__Div_32x32_FP_l13:
;__Lib_MathDouble.c,849 :: 		
0x0389	0xA2D5    	MOV C, F0_bit
;__Lib_MathDouble.c,850 :: 		
0x038B	0xEC      	MOV A, R4
;__Lib_MathDouble.c,851 :: 		
0x038C	0x13      	RRC A
;__Lib_MathDouble.c,852 :: 		
0x038D	0xFB      	MOV R3, A
;__Lib_MathDouble.c,853 :: 		
0x038E	0xEA      	MOV A, R2
;__Lib_MathDouble.c,854 :: 		
0x038F	0x92E7    	MOV 231.B0, C
;__Lib_MathDouble.c,855 :: 		
0x0391	0xFA      	MOV R2, A
;__Lib_MathDouble.c,856 :: 		
0x0392	0x22      	RET
;__Lib_MathDouble.c,858 :: 		
__Div_32x32_FP_l3:
;__Lib_MathDouble.c,859 :: 		
0x0393	0x74FF    	MOV A, 255
;__Lib_MathDouble.c,861 :: 		
__Div_32x32_FP_l22:
;__Lib_MathDouble.c,862 :: 		
0x0395	0xFB      	MOV R3, A
;__Lib_MathDouble.c,863 :: 		
0x0396	0xFA      	MOV R2, A
;__Lib_MathDouble.c,865 :: 		
__Div_32x32_FP_l23:
;__Lib_MathDouble.c,866 :: 		
0x0397	0xF9      	MOV R1, A
;__Lib_MathDouble.c,867 :: 		
0x0398	0xF8      	MOV R0, A
;__Lib_MathDouble.c,868 :: 		
0x0399	0x22      	RET
;__Lib_MathDouble.c,870 :: 		
__Div_32x32_FP_l11:
;__Lib_MathDouble.c,871 :: 		
0x039A	0xE4      	CLR A
;__Lib_MathDouble.c,872 :: 		
0x039B	0x80F8    	SJMP __Div_32x32_FP_l22
;__Lib_MathDouble.c,874 :: 		
__Div_32x32_FP_l7:
;__Lib_MathDouble.c,875 :: 		
0x039D	0xA2D5    	MOV C, F0_bit
;__Lib_MathDouble.c,876 :: 		
0x039F	0x74FF    	MOV A, 255
;__Lib_MathDouble.c,877 :: 		
0x03A1	0x13      	RRC A
;__Lib_MathDouble.c,878 :: 		
0x03A2	0xFB      	MOV R3, A
;__Lib_MathDouble.c,879 :: 		
0x03A3	0x7A80    	MOV R2, 128
;__Lib_MathDouble.c,880 :: 		
0x03A5	0xE4      	CLR A
;__Lib_MathDouble.c,881 :: 		
0x03A6	0x80EF    	SJMP __Div_32x32_FP_l23
;__Lib_MathDouble.c,883 :: 		
0x03A8	0x22      	RET
; end of _Div_32x32_FP
_write_74HC595:
;thermo.c,181 :: 		void write_74HC595(unsigned char send_data)
;thermo.c,183 :: 		signed char clks = 8;
0x03A9	0x751A08  	MOV write_74HC595_clks_L0, #8
;thermo.c,185 :: 		while(clks > 0)
L_write_74HC5959:
0x03AC	0xD3      	SETB C
0x03AD	0x7400    	MOV A, #0
0x03AF	0x6480    	XRL A, #128
0x03B1	0xF8      	MOV R0, A
0x03B2	0xE51A    	MOV A, write_74HC595_clks_L0
0x03B4	0x6480    	XRL A, #128
0x03B6	0x98      	SUBB A, R0
0x03B7	0x4022    	JC L_write_74HC59510
;thermo.c,187 :: 		if((send_data & 0x80) == 0x00)
0x03B9	0xE519    	MOV A, FARG_write_74HC595_send_data
0x03BB	0x5480    	ANL A, #128
0x03BD	0xF9      	MOV R1, A
0x03BE	0x7004    	JNZ L_write_74HC59511
;thermo.c,189 :: 		LED_DOUT = 0;
0x03C0	0xC296    	CLR P1_6_bit
;thermo.c,190 :: 		}
0x03C2	0x8002    	SJMP L_write_74HC59512
L_write_74HC59511:
;thermo.c,193 :: 		LED_DOUT = 1;
0x03C4	0xD296    	SETB P1_6_bit
;thermo.c,194 :: 		}
L_write_74HC59512:
;thermo.c,196 :: 		LED_CLK = 0;
0x03C6	0xC295    	CLR P1_5_bit
;thermo.c,197 :: 		send_data <<= 1;
0x03C8	0x7801    	MOV R0, #1
0x03CA	0xE519    	MOV A, FARG_write_74HC595_send_data
0x03CC	0x08      	INC R0
0x03CD	0x8002    	SJMP L__write_74HC59515
L__write_74HC59516:
0x03CF	0xC3      	CLR C
0x03D0	0x33      	RLC A
L__write_74HC59515:
0x03D1	0xD8FC    	DJNZ R0, L__write_74HC59516
0x03D3	0xF519    	MOV FARG_write_74HC595_send_data, A
;thermo.c,198 :: 		clks--;
0x03D5	0x151A    	DEC write_74HC595_clks_L0
;thermo.c,199 :: 		LED_CLK = 1;
0x03D7	0xD295    	SETB P1_5_bit
;thermo.c,200 :: 		}
0x03D9	0x80D1    	SJMP L_write_74HC5959
L_write_74HC59510:
;thermo.c,201 :: 		}
0x03DB	0x22      	RET
; end of _write_74HC595
_Mul_32x32_FP:
;__Lib_MathDouble.c,355 :: 		
;__Lib_MathDouble.c,357 :: 		
0x03DC	0xEB      	MOV A, R3
;__Lib_MathDouble.c,358 :: 		
0x03DD	0x4A      	ORL A, R2
;__Lib_MathDouble.c,359 :: 		
0x03DE	0x6011    	JZ __Mul_32x32_FP_l1
;__Lib_MathDouble.c,360 :: 		
0x03E0	0xEF      	MOV A, R7
;__Lib_MathDouble.c,361 :: 		
0x03E1	0x4E      	ORL A, R6
;__Lib_MathDouble.c,362 :: 		
0x03E2	0x7017    	JNZ __Mul_32x32_FP_l2
;__Lib_MathDouble.c,363 :: 		
0x03E4	0xEA      	MOV A, R2
;__Lib_MathDouble.c,364 :: 		
0x03E5	0x33      	RLC A
;__Lib_MathDouble.c,365 :: 		
0x03E6	0xEB      	MOV A, R3
;__Lib_MathDouble.c,366 :: 		
0x03E7	0x33      	RLC A
;__Lib_MathDouble.c,367 :: 		
0x03E8	0x04      	INC A
;__Lib_MathDouble.c,368 :: 		
0x03E9	0x600D    	JZ __Mul_32x32_FP_l3
;__Lib_MathDouble.c,369 :: 		
0x03EB	0xE4      	CLR A
;__Lib_MathDouble.c,370 :: 		
0x03EC	0xFB      	MOV R3, A
;__Lib_MathDouble.c,371 :: 		
0x03ED	0xF8      	MOV R0, A
;__Lib_MathDouble.c,372 :: 		
0x03EE	0xF9      	MOV R1, A
;__Lib_MathDouble.c,373 :: 		
0x03EF	0xFA      	MOV R2, A
;__Lib_MathDouble.c,375 :: 		
__Mul_32x32_FP_ret:
;__Lib_MathDouble.c,376 :: 		
0x03F0	0x22      	RET
;__Lib_MathDouble.c,378 :: 		
__Mul_32x32_FP_l1:
;__Lib_MathDouble.c,379 :: 		
0x03F1	0xEE      	MOV A, R6
;__Lib_MathDouble.c,380 :: 		
0x03F2	0x33      	RLC A
;__Lib_MathDouble.c,381 :: 		
0x03F3	0xEF      	MOV A, R7
;__Lib_MathDouble.c,382 :: 		
0x03F4	0x33      	RLC A
;__Lib_MathDouble.c,383 :: 		
0x03F5	0x04      	INC A
;__Lib_MathDouble.c,384 :: 		
0x03F6	0x70F8    	JNZ __Mul_32x32_FP_ret
;__Lib_MathDouble.c,386 :: 		
__Mul_32x32_FP_l3:
;__Lib_MathDouble.c,387 :: 		
0x03F8	0x020515  	LJMP __Mul_32x32_FP_l4
;__Lib_MathDouble.c,389 :: 		
__Mul_32x32_FP_l2:
;__Lib_MathDouble.c,390 :: 		
0x03FB	0x1204E0  	LCALL __Mul_32x32_FP_l5
;__Lib_MathDouble.c,391 :: 		
0x03FE	0x5F      	ANL A, R7
;__Lib_MathDouble.c,392 :: 		
0x03FF	0x04      	INC A
;__Lib_MathDouble.c,393 :: 		
0x0400	0x6009    	JZ __Mul_32x32_FP_l6
;__Lib_MathDouble.c,394 :: 		
0x0402	0xE4      	CLR A
;__Lib_MathDouble.c,395 :: 		
0x0403	0xCB      	XCH A, R3
;__Lib_MathDouble.c,396 :: 		
0x0404	0x2481    	ADD A, 129
;__Lib_MathDouble.c,397 :: 		
0x0406	0x5006    	JNC __Mul_32x32_FP_l7
;__Lib_MathDouble.c,398 :: 		
0x0408	0x2F      	ADD A, R7
;__Lib_MathDouble.c,399 :: 		
0x0409	0x5009    	JNC __Mul_32x32_FP_l8
;__Lib_MathDouble.c,401 :: 		
__Mul_32x32_FP_l6:
;__Lib_MathDouble.c,402 :: 		
0x040B	0x02051F  	LJMP __Mul_32x32_FP_l9
;__Lib_MathDouble.c,404 :: 		
__Mul_32x32_FP_l7:
;__Lib_MathDouble.c,405 :: 		
0x040E	0x2F      	ADD A, R7
;__Lib_MathDouble.c,406 :: 		
0x040F	0x4003    	JC __Mul_32x32_FP_l8
;__Lib_MathDouble.c,407 :: 		
0x0411	0x02051C  	LJMP __Mul_32x32_FP_l10
;__Lib_MathDouble.c,409 :: 		
__Mul_32x32_FP_l8:
;__Lib_MathDouble.c,410 :: 		
0x0414	0xC0E0    	PUSH ACC
;__Lib_MathDouble.c,411 :: 		
0x0416	0xEC      	MOV A, R4
;__Lib_MathDouble.c,412 :: 		
0x0417	0x4D      	ORL A, R5
;__Lib_MathDouble.c,413 :: 		
0x0418	0x7044    	JNZ __Mul_32x32_FP_l11
;__Lib_MathDouble.c,414 :: 		
0x041A	0xBE8006  	CJNE R6, 128, __Mul_32x32_FP_l12
;__Lib_MathDouble.c,416 :: 		
__Mul_32x32_FP_l16:
;__Lib_MathDouble.c,417 :: 		
0x041D	0xD0E0    	POP ACC
;__Lib_MathDouble.c,418 :: 		
0x041F	0xFC      	MOV R4, A
;__Lib_MathDouble.c,419 :: 		
0x0420	0x02050B  	LJMP __Mul_32x32_FP_l13
;__Lib_MathDouble.c,421 :: 		
__Mul_32x32_FP_l12:
;__Lib_MathDouble.c,422 :: 		
0x0423	0xE8      	MOV A, R0
;__Lib_MathDouble.c,423 :: 		
0x0424	0x49      	ORL A, R1
;__Lib_MathDouble.c,424 :: 		
0x0425	0x701C    	JNZ __Mul_32x32_FP_l14
;__Lib_MathDouble.c,425 :: 		
0x0427	0xBA8008  	CJNE R2, 128, __Mul_32x32_FP_l15
;__Lib_MathDouble.c,427 :: 		
__Mul_32x32_FP_l20:
;__Lib_MathDouble.c,428 :: 		
0x042A	0xEC      	MOV A, R4
;__Lib_MathDouble.c,429 :: 		
0x042B	0xF8      	MOV R0, A
;__Lib_MathDouble.c,430 :: 		
0x042C	0xED      	MOV A, R5
;__Lib_MathDouble.c,431 :: 		
0x042D	0xF9      	MOV R1, A
;__Lib_MathDouble.c,432 :: 		
0x042E	0xEE      	MOV A, R6
;__Lib_MathDouble.c,433 :: 		
0x042F	0xFA      	MOV R2, A
;__Lib_MathDouble.c,434 :: 		
0x0430	0x80EB    	SJMP __Mul_32x32_FP_l16
;__Lib_MathDouble.c,436 :: 		
__Mul_32x32_FP_l15:
;__Lib_MathDouble.c,437 :: 		
0x0432	0xEE      	MOV A, R6
;__Lib_MathDouble.c,438 :: 		
0x0433	0x8AF0    	MOV B, R2
;__Lib_MathDouble.c,439 :: 		
0x0435	0xA4      	MUL AB
;__Lib_MathDouble.c,440 :: 		
0x0436	0xF9      	MOV R1, A
;__Lib_MathDouble.c,441 :: 		
0x0437	0xE5F0    	MOV A, B
;__Lib_MathDouble.c,442 :: 		
0x0439	0x0204C5  	LJMP __Mul_32x32_FP_l17
;__Lib_MathDouble.c,444 :: 		
__Mul_32x32_FP_l19:
;__Lib_MathDouble.c,445 :: 		
0x043C	0xEE      	MOV A, R6
;__Lib_MathDouble.c,446 :: 		
0x043D	0xCA      	XCH A, R2
;__Lib_MathDouble.c,447 :: 		
0x043E	0xFE      	MOV R6, A
;__Lib_MathDouble.c,448 :: 		
0x043F	0xED      	MOV A, R5
;__Lib_MathDouble.c,449 :: 		
0x0440	0xF9      	MOV R1, A
;__Lib_MathDouble.c,450 :: 		
0x0441	0xEC      	MOV A, R4
;__Lib_MathDouble.c,451 :: 		
0x0442	0xF8      	MOV R0, A
;__Lib_MathDouble.c,453 :: 		
__Mul_32x32_FP_l14:
;__Lib_MathDouble.c,454 :: 		
0x0443	0xE8      	MOV A, R0
;__Lib_MathDouble.c,455 :: 		
0x0444	0x8EF0    	MOV B, R6
;__Lib_MathDouble.c,456 :: 		
0x0446	0xA4      	MUL AB
;__Lib_MathDouble.c,457 :: 		
0x0447	0xFB      	MOV R3, A
;__Lib_MathDouble.c,458 :: 		
0x0448	0xE5F0    	MOV A, B
;__Lib_MathDouble.c,459 :: 		
0x044A	0xC9      	XCH A, R1
;__Lib_MathDouble.c,460 :: 		
0x044B	0x8EF0    	MOV B, R6
;__Lib_MathDouble.c,461 :: 		
0x044D	0xA4      	MUL AB
;__Lib_MathDouble.c,462 :: 		
0x044E	0x29      	ADD A, R1
;__Lib_MathDouble.c,463 :: 		
0x044F	0xF8      	MOV R0, A
;__Lib_MathDouble.c,464 :: 		
0x0450	0xE4      	CLR A
;__Lib_MathDouble.c,465 :: 		
0x0451	0x35F0    	ADDC A, B
;__Lib_MathDouble.c,466 :: 		
0x0453	0xCA      	XCH A, R2
;__Lib_MathDouble.c,467 :: 		
0x0454	0x8EF0    	MOV B, R6
;__Lib_MathDouble.c,468 :: 		
0x0456	0xA4      	MUL AB
;__Lib_MathDouble.c,469 :: 		
0x0457	0x2A      	ADD A, R2
;__Lib_MathDouble.c,470 :: 		
0x0458	0xF9      	MOV R1, A
;__Lib_MathDouble.c,471 :: 		
0x0459	0xE4      	CLR A
;__Lib_MathDouble.c,472 :: 		
0x045A	0x35F0    	ADDC A, B
;__Lib_MathDouble.c,473 :: 		
0x045C	0x8067    	SJMP __Mul_32x32_FP_l17
;__Lib_MathDouble.c,475 :: 		
__Mul_32x32_FP_l11:
;__Lib_MathDouble.c,476 :: 		
0x045E	0xE8      	MOV A, R0
;__Lib_MathDouble.c,477 :: 		
0x045F	0x49      	ORL A, R1
;__Lib_MathDouble.c,478 :: 		
0x0460	0x7005    	JNZ __Mul_32x32_FP_l18
;__Lib_MathDouble.c,479 :: 		
0x0462	0xBA80D7  	CJNE R2, 128, __Mul_32x32_FP_l19
;__Lib_MathDouble.c,480 :: 		
0x0465	0x80C3    	SJMP __Mul_32x32_FP_l20
;__Lib_MathDouble.c,482 :: 		
__Mul_32x32_FP_l18:
;__Lib_MathDouble.c,483 :: 		
0x0467	0xE8      	MOV A, R0
;__Lib_MathDouble.c,484 :: 		
0x0468	0x8CF0    	MOV B, R4
;__Lib_MathDouble.c,485 :: 		
0x046A	0xA4      	MUL AB
;__Lib_MathDouble.c,486 :: 		
0x046B	0xABF0    	MOV R3, B
;__Lib_MathDouble.c,487 :: 		
0x046D	0xE9      	MOV A, R1
;__Lib_MathDouble.c,488 :: 		
0x046E	0x8CF0    	MOV B, R4
;__Lib_MathDouble.c,489 :: 		
0x0470	0xA4      	MUL AB
;__Lib_MathDouble.c,490 :: 		
0x0471	0x2B      	ADD A, R3
;__Lib_MathDouble.c,491 :: 		
0x0472	0xFB      	MOV R3, A
;__Lib_MathDouble.c,492 :: 		
0x0473	0xE4      	CLR A
;__Lib_MathDouble.c,493 :: 		
0x0474	0x35F0    	ADDC A, B
;__Lib_MathDouble.c,494 :: 		
0x0476	0xFF      	MOV R7, A
;__Lib_MathDouble.c,495 :: 		
0x0477	0xE8      	MOV A, R0
;__Lib_MathDouble.c,496 :: 		
0x0478	0x8DF0    	MOV B, R5
;__Lib_MathDouble.c,497 :: 		
0x047A	0xA4      	MUL AB
;__Lib_MathDouble.c,498 :: 		
0x047B	0x2B      	ADD A, R3
;__Lib_MathDouble.c,499 :: 		
0x047C	0xE5F0    	MOV A, B
;__Lib_MathDouble.c,500 :: 		
0x047E	0x3F      	ADDC A, R7
;__Lib_MathDouble.c,501 :: 		
0x047F	0xFB      	MOV R3, A
;__Lib_MathDouble.c,502 :: 		
0x0480	0xE4      	CLR A
;__Lib_MathDouble.c,503 :: 		
0x0481	0x33      	RLC A
;__Lib_MathDouble.c,504 :: 		
0x0482	0xCC      	XCH A, R4
;__Lib_MathDouble.c,505 :: 		
0x0483	0x8AF0    	MOV B, R2
;__Lib_MathDouble.c,506 :: 		
0x0485	0xA4      	MUL AB
;__Lib_MathDouble.c,507 :: 		
0x0486	0x2B      	ADD A, R3
;__Lib_MathDouble.c,508 :: 		
0x0487	0xFB      	MOV R3, A
;__Lib_MathDouble.c,509 :: 		
0x0488	0xE5F0    	MOV A, B
;__Lib_MathDouble.c,510 :: 		
0x048A	0x3C      	ADDC A, R4
;__Lib_MathDouble.c,511 :: 		
0x048B	0xFF      	MOV R7, A
;__Lib_MathDouble.c,512 :: 		
0x048C	0xE9      	MOV A, R1
;__Lib_MathDouble.c,513 :: 		
0x048D	0x8DF0    	MOV B, R5
;__Lib_MathDouble.c,514 :: 		
0x048F	0xA4      	MUL AB
;__Lib_MathDouble.c,515 :: 		
0x0490	0x2B      	ADD A, R3
;__Lib_MathDouble.c,516 :: 		
0x0491	0xFB      	MOV R3, A
;__Lib_MathDouble.c,517 :: 		
0x0492	0xE5F0    	MOV A, B
;__Lib_MathDouble.c,518 :: 		
0x0494	0x3F      	ADDC A, R7
;__Lib_MathDouble.c,519 :: 		
0x0495	0xFF      	MOV R7, A
;__Lib_MathDouble.c,520 :: 		
0x0496	0xE4      	CLR A
;__Lib_MathDouble.c,521 :: 		
0x0497	0x33      	RLC A
;__Lib_MathDouble.c,522 :: 		
0x0498	0xC8      	XCH A, R0
;__Lib_MathDouble.c,523 :: 		
0x0499	0x8EF0    	MOV B, R6
;__Lib_MathDouble.c,524 :: 		
0x049B	0xA4      	MUL AB
;__Lib_MathDouble.c,525 :: 		
0x049C	0x2B      	ADD A, R3
;__Lib_MathDouble.c,526 :: 		
0x049D	0xFB      	MOV R3, A
;__Lib_MathDouble.c,527 :: 		
0x049E	0xE5F0    	MOV A, B
;__Lib_MathDouble.c,528 :: 		
0x04A0	0x3F      	ADDC A, R7
;__Lib_MathDouble.c,529 :: 		
0x04A1	0xC8      	XCH A, R0
;__Lib_MathDouble.c,530 :: 		
0x04A2	0x3400    	ADDC A, 0
;__Lib_MathDouble.c,531 :: 		
0x04A4	0xC9      	XCH A, R1
;__Lib_MathDouble.c,532 :: 		
0x04A5	0x8EF0    	MOV B, R6
;__Lib_MathDouble.c,533 :: 		
0x04A7	0xA4      	MUL AB
;__Lib_MathDouble.c,534 :: 		
0x04A8	0x28      	ADD A, R0
;__Lib_MathDouble.c,535 :: 		
0x04A9	0xF8      	MOV R0, A
;__Lib_MathDouble.c,536 :: 		
0x04AA	0xE5F0    	MOV A, B
;__Lib_MathDouble.c,537 :: 		
0x04AC	0x39      	ADDC A, R1
;__Lib_MathDouble.c,538 :: 		
0x04AD	0xF9      	MOV R1, A
;__Lib_MathDouble.c,539 :: 		
0x04AE	0xE4      	CLR A
;__Lib_MathDouble.c,540 :: 		
0x04AF	0x33      	RLC A
;__Lib_MathDouble.c,541 :: 		
0x04B0	0xCE      	XCH A, R6
;__Lib_MathDouble.c,542 :: 		
0x04B1	0x8AF0    	MOV B, R2
;__Lib_MathDouble.c,543 :: 		
0x04B3	0xA4      	MUL AB
;__Lib_MathDouble.c,544 :: 		
0x04B4	0x29      	ADD A, R1
;__Lib_MathDouble.c,545 :: 		
0x04B5	0xF9      	MOV R1, A
;__Lib_MathDouble.c,546 :: 		
0x04B6	0xE5F0    	MOV A, B
;__Lib_MathDouble.c,547 :: 		
0x04B8	0x3E      	ADDC A, R6
;__Lib_MathDouble.c,548 :: 		
0x04B9	0xCA      	XCH A, R2
;__Lib_MathDouble.c,549 :: 		
0x04BA	0x8DF0    	MOV B, R5
;__Lib_MathDouble.c,550 :: 		
0x04BC	0xA4      	MUL AB
;__Lib_MathDouble.c,551 :: 		
0x04BD	0x28      	ADD A, R0
;__Lib_MathDouble.c,552 :: 		
0x04BE	0xF8      	MOV R0, A
;__Lib_MathDouble.c,553 :: 		
0x04BF	0xE5F0    	MOV A, B
;__Lib_MathDouble.c,554 :: 		
0x04C1	0x39      	ADDC A, R1
;__Lib_MathDouble.c,555 :: 		
0x04C2	0xF9      	MOV R1, A
;__Lib_MathDouble.c,556 :: 		
0x04C3	0xE4      	CLR A
;__Lib_MathDouble.c,557 :: 		
0x04C4	0x3A      	ADDC A, R2
;__Lib_MathDouble.c,559 :: 		
__Mul_32x32_FP_l17:
;__Lib_MathDouble.c,560 :: 		
0x04C5	0xFA      	MOV R2, A
;__Lib_MathDouble.c,561 :: 		
0x04C6	0x33      	RLC A
;__Lib_MathDouble.c,562 :: 		
0x04C7	0xD0E0    	POP ACC
;__Lib_MathDouble.c,563 :: 		
0x04C9	0xFC      	MOV R4, A
;__Lib_MathDouble.c,564 :: 		
0x04CA	0x5006    	JNC __Mul_32x32_FP_l21
;__Lib_MathDouble.c,565 :: 		
0x04CC	0x0C      	INC R4
;__Lib_MathDouble.c,566 :: 		
0x04CD	0xBC000E  	CJNE R4, 0, __Mul_32x32_FP_l22
;__Lib_MathDouble.c,567 :: 		
0x04D0	0x804D    	SJMP __Mul_32x32_FP_l9
;__Lib_MathDouble.c,569 :: 		
__Mul_32x32_FP_l21:
;__Lib_MathDouble.c,570 :: 		
0x04D2	0xEB      	MOV A, R3
;__Lib_MathDouble.c,571 :: 		
0x04D3	0x2B      	ADD A, R3
;__Lib_MathDouble.c,572 :: 		
0x04D4	0xFB      	MOV R3, A
;__Lib_MathDouble.c,573 :: 		
0x04D5	0xE8      	MOV A, R0
;__Lib_MathDouble.c,574 :: 		
0x04D6	0x33      	RLC A
;__Lib_MathDouble.c,575 :: 		
0x04D7	0xF8      	MOV R0, A
;__Lib_MathDouble.c,576 :: 		
0x04D8	0xE9      	MOV A, R1
;__Lib_MathDouble.c,577 :: 		
0x04D9	0x33      	RLC A
;__Lib_MathDouble.c,578 :: 		
0x04DA	0xF9      	MOV R1, A
;__Lib_MathDouble.c,579 :: 		
0x04DB	0xEA      	MOV A, R2
;__Lib_MathDouble.c,580 :: 		
0x04DC	0x33      	RLC A
;__Lib_MathDouble.c,581 :: 		
0x04DD	0xFA      	MOV R2, A
;__Lib_MathDouble.c,583 :: 		
__Mul_32x32_FP_l22:
;__Lib_MathDouble.c,584 :: 		
0x04DE	0x8017    	SJMP __Mul_32x32_FP_l23
;__Lib_MathDouble.c,586 :: 		
__Mul_32x32_FP_l5:
;__Lib_MathDouble.c,587 :: 		
0x04E0	0xEE      	MOV A, R6
;__Lib_MathDouble.c,588 :: 		
0x04E1	0xD2E7    	SETB 231.B0
;__Lib_MathDouble.c,589 :: 		
0x04E3	0xCE      	XCH A, R6
;__Lib_MathDouble.c,590 :: 		
0x04E4	0x33      	RLC A
;__Lib_MathDouble.c,591 :: 		
0x04E5	0xEF      	MOV A, R7
;__Lib_MathDouble.c,592 :: 		
0x04E6	0x33      	RLC A
;__Lib_MathDouble.c,593 :: 		
0x04E7	0xFF      	MOV R7, A
;__Lib_MathDouble.c,594 :: 		
0x04E8	0x92D5    	MOV F0_bit, C
;__Lib_MathDouble.c,595 :: 		
0x04EA	0xEA      	MOV A, R2
;__Lib_MathDouble.c,596 :: 		
0x04EB	0xD2E7    	SETB 231.B0
;__Lib_MathDouble.c,597 :: 		
0x04ED	0xCA      	XCH A, R2
;__Lib_MathDouble.c,598 :: 		
0x04EE	0x33      	RLC A
;__Lib_MathDouble.c,599 :: 		
0x04EF	0xEB      	MOV A, R3
;__Lib_MathDouble.c,600 :: 		
0x04F0	0x33      	RLC A
;__Lib_MathDouble.c,601 :: 		
0x04F1	0xFB      	MOV R3, A
;__Lib_MathDouble.c,602 :: 		
0x04F2	0x5002    	JNC __Mul_32x32_FP_l24
;__Lib_MathDouble.c,603 :: 		
0x04F4	0xB2D5    	CPL F0_bit
;__Lib_MathDouble.c,604 :: 		
__Mul_32x32_FP_l24:
;__Lib_MathDouble.c,605 :: 		
0x04F6	0x22      	RET
;__Lib_MathDouble.c,607 :: 		
__Mul_32x32_FP_l23:
;__Lib_MathDouble.c,608 :: 		
0x04F7	0xEB      	MOV A, R3
;__Lib_MathDouble.c,609 :: 		
0x04F8	0x30E710  	JNB 231, __Mul_32x32_FP_l13
;__Lib_MathDouble.c,610 :: 		
0x04FB	0x08      	INC R0
;__Lib_MathDouble.c,611 :: 		
0x04FC	0xB8000C  	CJNE R0, 0, __Mul_32x32_FP_l13
;__Lib_MathDouble.c,612 :: 		
0x04FF	0x09      	INC R1
;__Lib_MathDouble.c,613 :: 		
0x0500	0xB90008  	CJNE R1, 0, __Mul_32x32_FP_l13
;__Lib_MathDouble.c,614 :: 		
0x0503	0x0A      	INC R2
;__Lib_MathDouble.c,615 :: 		
0x0504	0xBA0004  	CJNE R2, 0, __Mul_32x32_FP_l13
;__Lib_MathDouble.c,616 :: 		
0x0507	0x0C      	INC R4
;__Lib_MathDouble.c,617 :: 		
0x0508	0xEC      	MOV A, R4
;__Lib_MathDouble.c,618 :: 		
0x0509	0x6014    	JZ __Mul_32x32_FP_l9
;__Lib_MathDouble.c,620 :: 		
__Mul_32x32_FP_l13:
;__Lib_MathDouble.c,621 :: 		
0x050B	0xA2D5    	MOV C, F0_bit
;__Lib_MathDouble.c,622 :: 		
0x050D	0xEC      	MOV A, R4
;__Lib_MathDouble.c,623 :: 		
0x050E	0x13      	RRC A
;__Lib_MathDouble.c,624 :: 		
0x050F	0xFB      	MOV R3, A
;__Lib_MathDouble.c,625 :: 		
0x0510	0xEA      	MOV A, R2
;__Lib_MathDouble.c,626 :: 		
0x0511	0x92E7    	MOV 231.B0, C
;__Lib_MathDouble.c,627 :: 		
0x0513	0xFA      	MOV R2, A
;__Lib_MathDouble.c,628 :: 		
0x0514	0x22      	RET
;__Lib_MathDouble.c,630 :: 		
__Mul_32x32_FP_l4:
;__Lib_MathDouble.c,631 :: 		
0x0515	0x74FF    	MOV A, 255
;__Lib_MathDouble.c,633 :: 		
__Mul_32x32_FP_l25:
;__Lib_MathDouble.c,634 :: 		
0x0517	0xFB      	MOV R3, A
;__Lib_MathDouble.c,635 :: 		
0x0518	0xFA      	MOV R2, A
;__Lib_MathDouble.c,637 :: 		
__Mul_32x32_FP_l26:
;__Lib_MathDouble.c,638 :: 		
0x0519	0xF9      	MOV R1, A
;__Lib_MathDouble.c,639 :: 		
0x051A	0xF8      	MOV R0, A
;__Lib_MathDouble.c,640 :: 		
0x051B	0x22      	RET
;__Lib_MathDouble.c,642 :: 		
__Mul_32x32_FP_l10:
;__Lib_MathDouble.c,643 :: 		
0x051C	0xE4      	CLR A
;__Lib_MathDouble.c,644 :: 		
0x051D	0x80F8    	SJMP __Mul_32x32_FP_l25
;__Lib_MathDouble.c,646 :: 		
__Mul_32x32_FP_l9:
;__Lib_MathDouble.c,647 :: 		
0x051F	0xA2D5    	MOV C, F0_bit
;__Lib_MathDouble.c,648 :: 		
0x0521	0x74FF    	MOV A, 255
;__Lib_MathDouble.c,649 :: 		
0x0523	0x13      	RRC A
;__Lib_MathDouble.c,650 :: 		
0x0524	0xFB      	MOV R3, A
;__Lib_MathDouble.c,651 :: 		
0x0525	0x7A80    	MOV R2, 128
;__Lib_MathDouble.c,652 :: 		
0x0527	0xE4      	CLR A
;__Lib_MathDouble.c,653 :: 		
0x0528	0x80EF    	SJMP __Mul_32x32_FP_l26
;__Lib_MathDouble.c,655 :: 		
0x052A	0x22      	RET
; end of _Mul_32x32_FP
_Int2Double:
;__Lib_MathDouble.c,1065 :: 		
;__Lib_MathDouble.c,1067 :: 		
0x052B	0xAB01    	MOV R3, R1
;__Lib_MathDouble.c,1068 :: 		
0x052D	0xAA00    	MOV R2, R0
;__Lib_MathDouble.c,1069 :: 		
0x052F	0x7900    	MOV R1, 0
;__Lib_MathDouble.c,1070 :: 		
0x0531	0x7800    	MOV R0, 0
;__Lib_MathDouble.c,1071 :: 		
0x0533	0x75F010  	MOV B, 16
;__Lib_MathDouble.c,1072 :: 		
0x0536	0xEB      	MOV A, R3
;__Lib_MathDouble.c,1074 :: 		
0x0537	0x5130    	ACALL _level2Double
;__Lib_MathDouble.c,1075 :: 		
0x0539	0x22      	RET
; end of _Int2Double
_Port_IO_Init:
;thermo.c,128 :: 		void Port_IO_Init(void)
;thermo.c,148 :: 		P0MDOUT = 0x0D;
0x053A	0x75A40D  	MOV P0MDOUT, #13
;thermo.c,149 :: 		P1MDOUT = 0xE0;
0x053D	0x75A5E0  	MOV P1MDOUT, #224
;thermo.c,150 :: 		P0SKIP = 0x08;
0x0540	0x75D408  	MOV P0SKIP, #8
;thermo.c,151 :: 		P1SKIP = 0xE0;
0x0543	0x75D5E0  	MOV P1SKIP, #224
;thermo.c,152 :: 		XBR0 = 0x02;
0x0546	0x75E102  	MOV XBR0, #2
;thermo.c,153 :: 		XBR1 = 0x40;
0x0549	0x75E240  	MOV XBR1, #64
;thermo.c,154 :: 		}
0x054C	0x22      	RET
; end of _Port_IO_Init
_Timer_Init:
;thermo.c,112 :: 		void Timer_Init(void)
;thermo.c,114 :: 		TMR3CN = 0x04;
0x054D	0x759104  	MOV TMR3CN, #4
;thermo.c,115 :: 		TMR3RLL = 0x02;
0x0550	0x759202  	MOV TMR3RLL, #2
;thermo.c,116 :: 		TMR3RLH = 0xFC;
0x0553	0x7593FC  	MOV TMR3RLH, #252
;thermo.c,117 :: 		}
0x0556	0x22      	RET
; end of _Timer_Init
_SPI_Init:
;thermo.c,120 :: 		void SPI_Init(void)
;thermo.c,122 :: 		SPI0CFG = 0x40;
0x0557	0x75A140  	MOV SPI0CFG, #64
;thermo.c,123 :: 		SPI0CN = 0x01;
0x055A	0x75F801  	MOV SPI0CN, #1
;thermo.c,124 :: 		SPI0CKR = 0x05;
0x055D	0x75A205  	MOV SPI0CKR, #5
;thermo.c,125 :: 		}
0x0560	0x22      	RET
; end of _SPI_Init
_PCA_Init:
;thermo.c,105 :: 		void PCA_Init(void)
;thermo.c,107 :: 		PCA0MD &= ~0x40;
0x0561	0x53D9BF  	ANL PCA0MD, #191
;thermo.c,108 :: 		PCA0MD = 0x00;
0x0564	0x75D900  	MOV PCA0MD, #0
;thermo.c,109 :: 		}
0x0567	0x22      	RET
; end of _PCA_Init
_Oscillator_Init:
;thermo.c,157 :: 		void Oscillator_Init(void)
;thermo.c,159 :: 		OSCICN = 0x82;
0x0568	0x75B282  	MOV OSCICN, #130
;thermo.c,160 :: 		}
0x056B	0x22      	RET
; end of _Oscillator_Init
_Sub_32x32_FP:
;__Lib_MathDouble.c,333 :: 		
;__Lib_MathDouble.c,335 :: 		
0x056C	0xEF      	MOV A, R7
;__Lib_MathDouble.c,336 :: 		
0x056D	0x6480    	XRL A, 128
;__Lib_MathDouble.c,337 :: 		
0x056F	0xFF      	MOV R7, A
;__Lib_MathDouble.c,338 :: 		
0x0570	0x1200F3  	LCALL _Add_32x32_FP
;__Lib_MathDouble.c,340 :: 		
0x0573	0x22      	RET
; end of _Sub_32x32_FP
_MAX31865_get_RTD:
;max31865.c,66 :: 		unsigned int MAX31865_get_RTD(void)
;max31865.c,68 :: 		unsigned int rtd_value = 0x00;
;max31865.c,70 :: 		rtd_value = MAX31865_read_word(MAX31865_RTD_MSB_REG);
0x0574	0x751001  	MOV FARG_MAX31865_read_word_address, #1
0x0577	0x11BD    	ACALL _MAX31865_read_word
;max31865.c,71 :: 		rtd_value >>= 1;
0x0579	0x7C01    	MOV R4, #1
0x057B	0xE9      	MOV A, R1
0x057C	0xAA00    	MOV R2, R0
0x057E	0x0C      	INC R4
0x057F	0x8005    	SJMP L__MAX31865_get_RTD13
L__MAX31865_get_RTD14:
0x0581	0xC3      	CLR C
0x0582	0x13      	RRC A
0x0583	0xCA      	XCH A, R2
0x0584	0x13      	RRC A
0x0585	0xCA      	XCH A, R2
L__MAX31865_get_RTD13:
0x0586	0xDCF9    	DJNZ R4, L__MAX31865_get_RTD14
0x0588	0xFB      	MOV R3, A
;max31865.c,73 :: 		return rtd_value;
0x0589	0xA802    	MOV R0, R2
0x058B	0xA903    	MOV R1, R3
;max31865.c,74 :: 		}
0x058D	0x22      	RET
; end of _MAX31865_get_RTD
_SPI1_Init_Advanced:
;__Lib_SPI_XBR1.c,30 :: 		
;__Lib_SPI_XBR1.c,31 :: 		
0x058E	0x750B76  	MOV _SPI_Rd_Ptr, lo_addr(_SPI1_Read)
0x0591	0x750C00  	MOV _SPI_Rd_Ptr+1, hi_addr(_SPI1_Read)
0x0594	0x750D16  	MOV _SPI_Rd_Ptr+2, lo_addr(FARG_SPI1_Read_data_out)
;__Lib_SPI_XBR1.c,32 :: 		
0x0597	0x750888  	MOV _SPI_Wr_Ptr, lo_addr(_SPI1_Write)
0x059A	0x750900  	MOV _SPI_Wr_Ptr+1, hi_addr(_SPI1_Write)
0x059D	0x750A16  	MOV _SPI_Wr_Ptr+2, lo_addr(FARG_SPI1_Write_data_out)
;__Lib_SPI_XBR1.c,34 :: 		
0x05A0	0x43E102  	ORL XBR0, #2
;__Lib_SPI_XBR1.c,35 :: 		
0x05A3	0x43E240  	ORL XBR1, #64
;__Lib_SPI_XBR1.c,37 :: 		
0x05A6	0x850EA1  	MOV SPI0CFG, FARG_SPI1_Init_Advanced_adv_setting+0
;__Lib_SPI_XBR1.c,38 :: 		
0x05A9	0x75F803  	MOV SPI0CN, #3
;__Lib_SPI_XBR1.c,39 :: 		
0x05AC	0x22      	RET
; end of _SPI1_Init_Advanced
_Interrupts_Init:
;thermo.c,163 :: 		void Interrupts_Init(void)
;thermo.c,165 :: 		IE = 0x80;
0x05AD	0x75A880  	MOV IE, #128
;thermo.c,166 :: 		EIE1 = 0x80;
0x05B0	0x75E680  	MOV EIE1, #128
;thermo.c,167 :: 		}
0x05B3	0x22      	RET
; end of _Interrupts_Init
___CC2D:
;__Lib_System.c,13 :: 		
;__Lib_System.c,15 :: 		
_CC2D_Loop1:
;__Lib_System.c,16 :: 		
0x05B4	0xE4      	CLR A
;__Lib_System.c,17 :: 		
0x05B5	0x93      	MOVC A, @A+DPTR
;__Lib_System.c,18 :: 		
0x05B6	0xF6      	MOV @R0, A
;__Lib_System.c,19 :: 		
0x05B7	0x08      	INC R0
;__Lib_System.c,20 :: 		
0x05B8	0xA3      	INC DPTR
;__Lib_System.c,21 :: 		
0x05B9	0xD9F9    	DJNZ R1, _CC2D_Loop1
;__Lib_System.c,23 :: 		
0x05BB	0x22      	RET
; end of ___CC2D
_Div_16x16_U:
;__Lib_Math.c,273 :: 		
;__Lib_Math.c,275 :: 		
0x05BC	0xBD000B  	CJNE R5, 0, __op2hi_not_zero
;__Lib_Math.c,276 :: 		
0x05BF	0xB90029  	CJNE R1, 0, __op1hi_not_zero
;__Lib_Math.c,277 :: 		
0x05C2	0xE8      	MOV A, R0
;__Lib_Math.c,278 :: 		
0x05C3	0x8CF0    	MOV B, R4
;__Lib_Math.c,279 :: 		
0x05C5	0x84      	DIV AB
;__Lib_Math.c,280 :: 		
0x05C6	0xF8      	MOV R0, A
;__Lib_Math.c,281 :: 		
0x05C7	0xACF0    	MOV R4, B
;__Lib_Math.c,282 :: 		
0x05C9	0x22      	RET
;__Lib_Math.c,284 :: 		
__op2hi_not_zero:
;__Lib_Math.c,285 :: 		
0x05CA	0xE4      	CLR A
;__Lib_Math.c,286 :: 		
0x05CB	0xCD      	XCH A, R5
;__Lib_Math.c,287 :: 		
0x05CC	0xFF      	MOV R7, A
;__Lib_Math.c,288 :: 		
0x05CD	0x75F008  	MOV B, 8
;__Lib_Math.c,290 :: 		
__Div_16x16_U_Loop1:
;__Lib_Math.c,291 :: 		
0x05D0	0xE8      	MOV A, R0
;__Lib_Math.c,292 :: 		
0x05D1	0x28      	ADD A, R0
;__Lib_Math.c,293 :: 		
0x05D2	0xF8      	MOV R0, A
;__Lib_Math.c,294 :: 		
0x05D3	0xE9      	MOV A, R1
;__Lib_Math.c,295 :: 		
0x05D4	0x33      	RLC A
;__Lib_Math.c,296 :: 		
0x05D5	0xF9      	MOV R1, A
;__Lib_Math.c,297 :: 		
0x05D6	0xED      	MOV A, R5
;__Lib_Math.c,298 :: 		
0x05D7	0x33      	RLC A
;__Lib_Math.c,299 :: 		
0x05D8	0xFD      	MOV R5, A
;__Lib_Math.c,300 :: 		
0x05D9	0xE9      	MOV A, R1
;__Lib_Math.c,301 :: 		
0x05DA	0x9C      	SUBB A, R4
;__Lib_Math.c,302 :: 		
0x05DB	0xED      	MOV A, R5
;__Lib_Math.c,303 :: 		
0x05DC	0x9F      	SUBB A, R7
;__Lib_Math.c,304 :: 		
0x05DD	0x4005    	JC __Div_16x16_U_Lab1
;__Lib_Math.c,305 :: 		
0x05DF	0xFD      	MOV R5, A
;__Lib_Math.c,306 :: 		
0x05E0	0xE9      	MOV A, R1
;__Lib_Math.c,307 :: 		
0x05E1	0x9C      	SUBB A, R4
;__Lib_Math.c,308 :: 		
0x05E2	0xF9      	MOV R1, A
;__Lib_Math.c,309 :: 		
0x05E3	0x08      	INC R0
;__Lib_Math.c,311 :: 		
__Div_16x16_U_Lab1:
;__Lib_Math.c,312 :: 		
0x05E4	0xD5F0E9  	DJNZ B, __Div_16x16_U_Loop1
;__Lib_Math.c,313 :: 		
0x05E7	0xE4      	CLR A
;__Lib_Math.c,314 :: 		
0x05E8	0xC9      	XCH A, R1
;__Lib_Math.c,315 :: 		
0x05E9	0xFC      	MOV R4, A
;__Lib_Math.c,316 :: 		
0x05EA	0x22      	RET
;__Lib_Math.c,318 :: 		
__op1hi_not_zero:
;__Lib_Math.c,319 :: 		
0x05EB	0xEC      	MOV A, R4
;__Lib_Math.c,320 :: 		
0x05EC	0xFF      	MOV R7, A
;__Lib_Math.c,321 :: 		
0x05ED	0xF5F0    	MOV B, A
;__Lib_Math.c,322 :: 		
0x05EF	0xE9      	MOV A, R1
;__Lib_Math.c,323 :: 		
0x05F0	0x84      	DIV AB
;__Lib_Math.c,324 :: 		
0x05F1	0x20D21C  	JB OV_bit, __Div_16x16_U_div_ret
;__Lib_Math.c,325 :: 		
0x05F4	0xF9      	MOV R1, A
;__Lib_Math.c,326 :: 		
0x05F5	0xACF0    	MOV R4, B
;__Lib_Math.c,327 :: 		
0x05F7	0x75F008  	MOV B, 8
;__Lib_Math.c,329 :: 		
__Div_16x16_U_Loop2:
;__Lib_Math.c,330 :: 		
0x05FA	0xE8      	MOV A, R0
;__Lib_Math.c,331 :: 		
0x05FB	0x28      	ADD A, R0
;__Lib_Math.c,332 :: 		
0x05FC	0xF8      	MOV R0, A
;__Lib_Math.c,333 :: 		
0x05FD	0xEC      	MOV A, R4
;__Lib_Math.c,334 :: 		
0x05FE	0x33      	RLC A
;__Lib_Math.c,335 :: 		
0x05FF	0xFC      	MOV R4, A
;__Lib_Math.c,336 :: 		
0x0600	0x4007    	JC __Div_16x16_U_Lab2
;__Lib_Math.c,337 :: 		
0x0602	0x9F      	SUBB A, R7
;__Lib_Math.c,338 :: 		
0x0603	0x5006    	JNC __Div_16x16_U_Lab3
;__Lib_Math.c,339 :: 		
0x0605	0xD5F0F2  	DJNZ B, __Div_16x16_U_Loop2
;__Lib_Math.c,340 :: 		
0x0608	0x22      	RET
;__Lib_Math.c,342 :: 		
__Div_16x16_U_Lab2:
;__Lib_Math.c,343 :: 		
0x0609	0xC3      	CLR C
;__Lib_Math.c,344 :: 		
0x060A	0x9F      	SUBB A, R7
;__Lib_Math.c,345 :: 		
__Div_16x16_U_Lab3:
;__Lib_Math.c,346 :: 		
0x060B	0xFC      	MOV R4, A
;__Lib_Math.c,347 :: 		
0x060C	0x08      	INC R0
;__Lib_Math.c,348 :: 		
0x060D	0xD5F0EA  	DJNZ B, __Div_16x16_U_Loop2
;__Lib_Math.c,350 :: 		
__Div_16x16_U_div_ret:
;__Lib_Math.c,352 :: 		
0x0610	0x22      	RET
; end of _Div_16x16_U
_segment_write:
;thermo.c,204 :: 		void segment_write(unsigned char disp, unsigned char pos)
;thermo.c,206 :: 		LED_LATCH = 0;
0x0611	0xC297    	CLR P1_7_bit
;thermo.c,207 :: 		write_74HC595(segment_code[disp]);
0x0613	0xE517    	MOV A, FARG_segment_write_disp
0x0615	0x2456    	ADD A, lo_addr(_segment_code)
0x0617	0xF9      	MOV R1, A
0x0618	0xE4      	CLR A
0x0619	0x3407    	ADDC A, hi_addr(_segment_code)
0x061B	0xFA      	MOV R2, A
0x061C	0x850182  	MOV DPL, 1
0x061F	0x850283  	MOV DPH, 2
0x0622	0xE4      	CLR A
0x0623	0x93      	MOVC A, @A+DPTR
0x0624	0xF8      	MOV R0, A
0x0625	0x850019  	MOV FARG_write_74HC595_send_data, 0
0x0628	0x71A9    	ACALL _write_74HC595
;thermo.c,208 :: 		write_74HC595(display_pos[pos]);
0x062A	0xE518    	MOV A, FARG_segment_write_pos
0x062C	0x2466    	ADD A, lo_addr(_display_pos)
0x062E	0xF9      	MOV R1, A
0x062F	0xE4      	CLR A
0x0630	0x3407    	ADDC A, hi_addr(_display_pos)
0x0632	0xFA      	MOV R2, A
0x0633	0x850182  	MOV DPL, 1
0x0636	0x850283  	MOV DPH, 2
0x0639	0xE4      	CLR A
0x063A	0x93      	MOVC A, @A+DPTR
0x063B	0xF8      	MOV R0, A
0x063C	0x850019  	MOV FARG_write_74HC595_send_data, 0
0x063F	0x71A9    	ACALL _write_74HC595
;thermo.c,209 :: 		LED_LATCH = 1;
0x0641	0xD297    	SETB P1_7_bit
;thermo.c,210 :: 		}
0x0643	0x22      	RET
; end of _segment_write
_MAX31865_get_temperature:
;max31865.c,77 :: 		signed int MAX31865_get_temperature(void)
;max31865.c,79 :: 		float rt = 0.0;
;max31865.c,80 :: 		signed int t_value = 0;
;max31865.c,82 :: 		t_value = MAX31865_get_RTD();
0x0644	0xB174    	ACALL _MAX31865_get_RTD
;max31865.c,83 :: 		rt = (MAX31865_Reference_Resistance * t_value);
0x0646	0xB12B    	ACALL _Int2Double
0x0648	0x7C00    	MOV R4, #0
0x064A	0x7D00    	MOV R5, #0
0x064C	0x7ED7    	MOV R6, #215
0x064E	0x750743  	MOV R7, #67
0x0651	0x71DC    	ACALL _Mul_32x32_FP
;max31865.c,84 :: 		rt /= 32768.0;
0x0653	0x7C00    	MOV R4, #0
0x0655	0x7D00    	MOV R5, #0
0x0657	0x7E00    	MOV R6, #0
0x0659	0x750747  	MOV R7, #71
0x065C	0x51BD    	ACALL _Div_32x32_FP
;max31865.c,86 :: 		rt /= MAX31865_RTD_Nominal_Value;
0x065E	0x7C00    	MOV R4, #0
0x0660	0x7D00    	MOV R5, #0
0x0662	0x7EC8    	MOV R6, #200
0x0664	0x750742  	MOV R7, #66
0x0667	0x51BD    	ACALL _Div_32x32_FP
;max31865.c,87 :: 		rt = (rt - 1.0);
0x0669	0x7C00    	MOV R4, #0
0x066B	0x7D00    	MOV R5, #0
0x066D	0x7E80    	MOV R6, #128
0x066F	0x75073F  	MOV R7, #63
0x0672	0xB16C    	ACALL _Sub_32x32_FP
;max31865.c,88 :: 		t_value = (rt / MAX31865_RTD_A);
0x0674	0x7CEF    	MOV R4, #239
0x0676	0x7D0E    	MOV R5, #14
0x0678	0x7E80    	MOV R6, #128
0x067A	0x75073B  	MOV R7, #59
0x067D	0x51BD    	ACALL _Div_32x32_FP
0x067F	0x517B    	ACALL _Double2Ints
;max31865.c,90 :: 		return t_value;
;max31865.c,91 :: 		}
0x0681	0x22      	RET
; end of _MAX31865_get_temperature
_MAX31865_init:
;max31865.c,4 :: 		void MAX31865_init(void)
;max31865.c,6 :: 		SPI1_Init_Advanced(1000000, _SPI_CLK_IDLE_LO | _SPI_CLK_ACTIVE_2_IDLE | _SPI_MASTER);
0x0682	0x75A205  	MOV SPI0CKR, #5
0x0685	0x750E60  	MOV FARG_SPI1_Init_Advanced_adv_setting, #96
0x0688	0xB18E    	ACALL _SPI1_Init_Advanced
;max31865.c,7 :: 		delay_ms(10);
0x068A	0x7EA0    	MOV R6, 160
0x068C	0x7F15    	MOV R7, 21
0x068E	0xDFFE    	DJNZ R7, PC-2
0x0690	0xDEFC    	DJNZ R6, PC-4
0x0692	0x00      	NOP
0x0693	0x00      	NOP
;max31865.c,9 :: 		MAX31865_CS = 1;
0x0694	0xD283    	SETB P0_3_bit
;max31865.c,16 :: 		MAX31865_CONFIG_FILTER_50Hz);
0x0696	0x750E00  	MOV FARG_MAX31865_write_byte_address, #0
0x0699	0x750FD3  	MOV FARG_MAX31865_write_byte_value, #211
0x069C	0x5169    	ACALL _MAX31865_write_byte
;max31865.c,17 :: 		}
0x069E	0x22      	RET
; end of _MAX31865_init
_Init_Device:
;thermo.c,170 :: 		void Init_Device(void)
;thermo.c,172 :: 		PCA_Init();
0x069F	0xB161    	ACALL _PCA_Init
;thermo.c,173 :: 		Timer_Init();
0x06A1	0xB14D    	ACALL _Timer_Init
;thermo.c,174 :: 		SPI_Init();
0x06A3	0xB157    	ACALL _SPI_Init
;thermo.c,175 :: 		Port_IO_Init();
0x06A5	0xB13A    	ACALL _Port_IO_Init
;thermo.c,176 :: 		Oscillator_Init();
0x06A7	0xB168    	ACALL _Oscillator_Init
;thermo.c,177 :: 		Interrupts_Init();
0x06A9	0xB1AD    	ACALL _Interrupts_Init
;thermo.c,178 :: 		}
0x06AB	0x22      	RET
; end of _Init_Device
_main:
0x06AC	0x758180  	MOV SP, #128
0x06AF	0x12076A  	LCALL 1898
;thermo.c,92 :: 		void main(void)
;thermo.c,94 :: 		Init_Device();
0x06B2	0xD19F    	ACALL _Init_Device
;thermo.c,95 :: 		MAX31865_init();
0x06B4	0xD182    	ACALL _MAX31865_init
;thermo.c,97 :: 		while(1)
L_main7:
;thermo.c,99 :: 		value = MAX31865_get_temperature();
0x06B6	0xD144    	ACALL _MAX31865_get_temperature
0x06B8	0x850032  	MOV _value, 0
0x06BB	0x850133  	MOV _value+1, 1
;thermo.c,100 :: 		delay_ms(600);
0x06BE	0x7D26    	MOV R5, 38
0x06C0	0x7E4A    	MOV R6, 74
0x06C2	0x7F59    	MOV R7, 89
0x06C4	0xDFFE    	DJNZ R7, PC-2
0x06C6	0xDEFC    	DJNZ R6, PC-4
0x06C8	0xDDFA    	DJNZ R5, PC-6
;thermo.c,101 :: 		};
0x06CA	0x80EA    	SJMP L_main7
;thermo.c,102 :: 		}
0x06CC	0x80FE    	SJMP #254
; end of _main
_Timer_ISR:
0x06CE	0xC000    	PUSH R0
0x06D0	0xC001    	PUSH R1
0x06D2	0xC002    	PUSH R2
0x06D4	0xC004    	PUSH R4
0x06D6	0xC005    	PUSH R5
0x06D8	0xC007    	PUSH R7
0x06DA	0xC0D0    	PUSH PSW
0x06DC	0xC0E0    	PUSH ACC
0x06DE	0xC0F0    	PUSH B
0x06E0	0xC082    	PUSH DPL
0x06E2	0xC083    	PUSH DPH
;thermo.c,53 :: 		ics ICS_AUTO
;thermo.c,55 :: 		switch(i)
0x06E4	0x802C    	SJMP L_Timer_ISR0
;thermo.c,57 :: 		case 0:
L_Timer_ISR2:
;thermo.c,59 :: 		val = (value / 10);
0x06E6	0x7C0A    	MOV R4, #10
0x06E8	0x7D00    	MOV R5, #0
0x06EA	0xA832    	MOV R0, _value
0x06EC	0xA933    	MOV R1, _value+1
0x06EE	0xB1BC    	ACALL _Div_16x16_U
0x06F0	0x850031  	MOV val, 0
;thermo.c,60 :: 		break;
0x06F3	0x8033    	SJMP L_Timer_ISR1
;thermo.c,62 :: 		case 1:
L_Timer_ISR3:
;thermo.c,64 :: 		val = (value % 10);
0x06F5	0x7C0A    	MOV R4, #10
0x06F7	0x7D00    	MOV R5, #0
0x06F9	0xA832    	MOV R0, _value
0x06FB	0xA933    	MOV R1, _value+1
0x06FD	0xB1BC    	ACALL _Div_16x16_U
0x06FF	0xA804    	MOV R0, R4
0x0701	0xA905    	MOV R1, R5
0x0703	0x850031  	MOV val, 0
;thermo.c,65 :: 		break;
0x0706	0x8020    	SJMP L_Timer_ISR1
;thermo.c,67 :: 		case 2:
L_Timer_ISR4:
;thermo.c,69 :: 		val = 10;
0x0708	0x75310A  	MOV val, #10
;thermo.c,70 :: 		break;
0x070B	0x801B    	SJMP L_Timer_ISR1
;thermo.c,72 :: 		case 3:
L_Timer_ISR5:
;thermo.c,74 :: 		val = 11;
0x070D	0x75310B  	MOV val, #11
;thermo.c,75 :: 		break;
0x0710	0x8016    	SJMP L_Timer_ISR1
;thermo.c,77 :: 		}
L_Timer_ISR0:
0x0712	0xE530    	MOV A, _i
0x0714	0x60D0    	JZ L_Timer_ISR2
0x0716	0xE530    	MOV A, _i
0x0718	0x6401    	XRL A, #1
0x071A	0x60D9    	JZ L_Timer_ISR3
0x071C	0xE530    	MOV A, _i
0x071E	0x6402    	XRL A, #2
0x0720	0x60E6    	JZ L_Timer_ISR4
0x0722	0xE530    	MOV A, _i
0x0724	0x6403    	XRL A, #3
0x0726	0x60E5    	JZ L_Timer_ISR5
L_Timer_ISR1:
;thermo.c,79 :: 		segment_write(val, i);
0x0728	0x853117  	MOV FARG_segment_write_disp, val+0
0x072B	0x853018  	MOV FARG_segment_write_pos, _i+0
0x072E	0xD111    	ACALL _segment_write
;thermo.c,81 :: 		i++;
0x0730	0x0530    	INC _i
;thermo.c,83 :: 		if(i > 3)
0x0732	0xD3      	SETB C
0x0733	0xE530    	MOV A, _i
0x0735	0x9403    	SUBB A, #3
0x0737	0x4003    	JC L_Timer_ISR6
;thermo.c,85 :: 		i = 0;
0x0739	0x753000  	MOV _i, #0
;thermo.c,86 :: 		}
L_Timer_ISR6:
;thermo.c,88 :: 		TMR3CN &= 0x7F;
0x073C	0x53917F  	ANL TMR3CN, #127
;thermo.c,89 :: 		}
0x073F	0xD083    	POP DPH
0x0741	0xD082    	POP DPL
0x0743	0xD0F0    	POP B
0x0745	0xD0E0    	POP ACC
0x0747	0xD0D0    	POP PSW
0x0749	0xD007    	POP R7
0x074B	0xD005    	POP R5
0x074D	0xD004    	POP R4
0x074F	0xD002    	POP R2
0x0751	0xD001    	POP R1
0x0753	0xD000    	POP R0
0x0755	0x32      	RETI
; end of _Timer_ISR
0x076A	0x7830    	MOV R0, 48
0x076C	0x7904    	MOV R1, 4
0x076E	0x758262  	MOV DPL, 98
0x0771	0x758307  	MOV DPH, 7
0x0774	0x1205B4  	LCALL 1460
0x0777	0x22      	RET
;thermo.c,13 :: _segment_code
0x0756	0xC0F9A4 ;_segment_code+0
0x0759	0xB09992 ;_segment_code+3
0x075C	0x82F880 ;_segment_code+6
0x075F	0x909CC6 ;_segment_code+9
; end of _segment_code
;thermo.c,0 :: ?ICS_i
0x0762	0x00 ;?ICS_i+0
; end of ?ICS_i
;thermo.c,0 :: ?ICSval
0x0763	0x00 ;?ICSval+0
; end of ?ICSval
;thermo.c,0 :: ?ICS_value
0x0764	0x0000 ;?ICS_value+0
; end of ?ICS_value
;thermo.c,31 :: _display_pos
0x0766	0xF7FBFD ;_display_pos+0
0x0769	0xFE ;_display_pos+3
; end of _display_pos
Symbol List:
//** Routines locations **
//ADDRESS    SIZE    PROCEDURE
//----------------------------------------------
0x0076      [13]    _SPI1_Read
0x0083       [5]    ___DoIFC
0x0088      [11]    _SPI1_Write
0x0093      [12]    _SPI_Read
0x009F      [12]    _SPI_Write
0x00AB      [18]    _MAX31865_read_byte
0x00BD      [54]    _MAX31865_read_word
0x00F3     [317]    _Add_32x32_FP
0x0230      [57]    _level2Double
0x0269      [18]    _MAX31865_write_byte
0x027B      [66]    _Double2Ints
0x02BD     [236]    _Div_32x32_FP
0x03A9      [51]    _write_74HC595
0x03DC     [335]    _Mul_32x32_FP
0x052B      [15]    _Int2Double
0x053A      [19]    _Port_IO_Init
0x054D      [10]    _Timer_Init
0x0557      [10]    _SPI_Init
0x0561       [7]    _PCA_Init
0x0568       [4]    _Oscillator_Init
0x056C       [8]    _Sub_32x32_FP
0x0574      [26]    _MAX31865_get_RTD
0x058E      [31]    _SPI1_Init_Advanced
0x05AD       [7]    _Interrupts_Init
0x05B4       [8]    ___CC2D
0x05BC      [85]    _Div_16x16_U
0x0611      [51]    _segment_write
0x0644      [62]    _MAX31865_get_temperature
0x0682      [29]    _MAX31865_init
0x069F      [13]    _Init_Device
0x06AC      [34]    _main
0x06CE     [136]    _Timer_ISR
//** Variables locations ** 
//ADDRESS    SIZE    VARIABLE
//----------------------------------------------
0x0000       [1]    R0
0x0001       [1]    R1
0x0002       [1]    R2
0x0003       [1]    R3
0x0004       [1]    R4
0x0005       [1]    R5
0x0006       [1]    R6
0x0007       [1]    R7
0x0008       [3]    _SPI_Wr_Ptr
0x000B       [3]    _SPI_Rd_Ptr
0x000E       [1]    FARG_SPI1_Init_Advanced_adv_setting
0x000E       [1]    FARG_MAX31865_write_byte_address
0x000F       [1]    FARG_MAX31865_write_byte_value
0x0010       [1]    FARG_MAX31865_read_word_address
0x0011       [1]    MAX31865_read_word_hb_L0
0x0012       [2]    MAX31865_read_word_retval_L0
0x0014       [1]    FARG_MAX31865_read_byte_address
0x0015       [1]    FARG_SPI_Write_data_out
0x0015       [1]    FARG_SPI_Read_buffer
0x0016       [1]    FARG_SPI1_Write_data_out
0x0016       [1]    FARG_SPI1_Read_data_out
0x0017       [1]    FARG_segment_write_disp
0x0018       [1]    FARG_segment_write_pos
0x0019       [1]    FARG_write_74HC595_send_data
0x001A       [1]    write_74HC595_clks_L0
0x0030       [1]    _i
0x0031       [1]    val
0x0032       [2]    _value
0x0080       [0]    P0_3_bit
0x0081       [1]    SP
0x0082       [1]    DPL
0x0083       [1]    DPH
0x0090       [0]    P1_6_bit
0x0090       [0]    P1_7_bit
0x0090       [0]    P1_5_bit
0x0091       [1]    TMR3CN
0x0092       [1]    TMR3RLL
0x0093       [1]    TMR3RLH
0x00A1       [1]    SPI0CFG
0x00A2       [1]    SPI0CKR
0x00A3       [1]    SPI0DAT
0x00A4       [1]    P0MDOUT
0x00A5       [1]    P1MDOUT
0x00A8       [1]    IE
0x00B2       [1]    OSCICN
0x00D0       [0]    OV_bit
0x00D0       [0]    F0_bit
0x00D0       [1]    PSW
0x00D4       [1]    P0SKIP
0x00D5       [1]    P1SKIP
0x00D9       [1]    PCA0MD
0x00E0       [1]    ACC
0x00E1       [1]    XBR0
0x00E2       [1]    XBR1
0x00E6       [1]    EIE1
0x00F0       [1]    B
0x00F8       [1]    SPI0CN
//** Constants locations ** 
//ADDRESS    SIZE    CONSTANT
//----------------------------------------------
0x0756      [12]    _segment_code
0x0762       [1]    ?ICS_i
0x0763       [1]    ?ICSval
0x0764       [2]    ?ICS_value
0x0766       [4]    _display_pos
//** Label List: ** 
//----------------------------------------------
  L_Timer_ISR0
  L_Timer_ISR1
  L_Timer_ISR2
  L_Timer_ISR3
  L_Timer_ISR4
  L_Timer_ISR5
  L_Timer_ISR6
  L_main7
  L_main8
  L_write_74HC5959
  L_write_74HC59510
  L_write_74HC59511
  L_write_74HC59512
  _MAX31865_init
  _MAX31865_read_byte
  _MAX31865_read_word
  _MAX31865_write_byte
  _MAX31865_write_word
  _MAX31865_get_RTD
  L__MAX31865_get_RTD13
  L__MAX31865_get_RTD14
  _MAX31865_get_temperature
  _Timer_ISR
  _main
  _PCA_Init
  _Timer_Init
  _SPI_Init
  _Port_IO_Init
  _Oscillator_Init
  _Interrupts_Init
  _Init_Device
  _write_74HC595
  L__write_74HC59515
  L__write_74HC59516
  _segment_write
  __Add_32x32_FP_start
  __Add_32x32_FP_ripi_dugo
  __Add_32x32_FP_res_beskonacno
  __Add_32x32_FP_mant0
  __Add_32x32_FP_mant_ne_0
  __Add_32x32_FP_l1
  __Add_32x32_FP_l2
  __Add_32x32_FP_l3
  __Add_32x32_FP_l5
  __Add_32x32_FP_l4
  __Add_32x32_FP_l6
  __Add_32x32_FP_l7
  __Add_32x32_FP_l8
  __Add_32x32_FP_l9
  __Add_32x32_FP_l10
  __Add_32x32_FP_l11
  __Add_32x32_FP_l12
  __Add_32x32_FP_l13
  __Add_32x32_FP_l14
  __Add_32x32_FP_l15
  __Add_32x32_FP_l18
  __Add_32x32_FP_l16
  __Add_32x32_FP_l17
  __Add_32x32_FP_l19
  __Add_32x32_FP_l20
  __Add_32x32_FP_l21
  __Add_32x32_FP_l22
  __Add_32x32_FP_l23
  __Add_32x32_FP_l24
  __Mul_32x32_FP_l1
  __Mul_32x32_FP_l2
  __Mul_32x32_FP_l3
  __Mul_32x32_FP_ret
  __Mul_32x32_FP_l4
  __Mul_32x32_FP_l5
  __Mul_32x32_FP_l6
  __Mul_32x32_FP_l7
  __Mul_32x32_FP_l8
  __Mul_32x32_FP_l9
  __Mul_32x32_FP_l10
  __Mul_32x32_FP_l11
  __Mul_32x32_FP_l12
  __Mul_32x32_FP_l16
  __Mul_32x32_FP_l13
  __Mul_32x32_FP_l14
  __Mul_32x32_FP_l15
  __Mul_32x32_FP_l20
  __Mul_32x32_FP_l17
  __Mul_32x32_FP_l19
  __Mul_32x32_FP_l18
  __Mul_32x32_FP_l21
  __Mul_32x32_FP_l22
  __Mul_32x32_FP_l23
  __Mul_32x32_FP_l24
  __Mul_32x32_FP_l25
  __Mul_32x32_FP_l26
  __Div_32x32_FP_teska_prevara
  __Div_32x32_FP_l6
  __Div_32x32_FP_l7
  __Div_32x32_FP_l1
  __Div_32x32_FP_l2
  __Div_32x32_FP_l3
  __Div_32x32_FP_l4
  __Div_32x32_FP_l5
  __Div_32x32_FP_l8
  __Div_32x32_FP_l9
  __Div_32x32_FP_l10
  __Div_32x32_FP_l11
  __Div_32x32_FP_l12
  __Div_32x32_FP_l13
  __Div_32x32_FP_l20
  __Div_32x32_FP_l14
  __Div_32x32_FP_l19
  __Div_32x32_FP_l15
  __Div_32x32_FP_l16
  __Div_32x32_FP_l17
  __Div_32x32_FP_l18
  __Div_32x32_FP_l21
  __Div_32x32_FP_l22
  __Div_32x32_FP_l23
  __Double2Longword_l1
  __Double2Longword_l3
  __Double2Longword_l5
  __Double2Longword_l2
  __Double2Longword_l4
  __Byte2Double_long
  __Byte2Double_l1
  __Byte2Double_l2
  __Byte2Double_l3
  lab_cd_nnn090A
  lab_cd_090A
  lab_cd_08F4
  lab_cd_0924
  lab_cd_0923
  _Add_32x32_FP
  _Sub_32x32_FP
  _Mul_32x32_FP
  _Div_32x32_FP
  _Double2Ints
  _level2Double
  _Byte2Double
  _Int2Double
  _Word2Double
  _Long2Double
  _LongWord2Double
  _Compare_Double
  L_SPI1_Write0
  L_SPI1_Write1
  L_SPI1_Read2
  L_SPI1_Read3
  _SPI1_Init
  _SPI1_Init_Advanced
  _SPI1_Write
  _SPI1_Read
  _SPI_Set_Active
  _SPI_Read
  _SPI_Write
  _CC2D_Loop1
  _CC2PD_Loop1
  _CC2XD_Loop1
  ___DoIFC
  ___CC2D
  ___CC2PD
  ___CC2XD
  L_Timer_ISR0
  L_Timer_ISR1
  L_Timer_ISR2
  L_Timer_ISR3
  L_Timer_ISR4
  L_Timer_ISR5
  L_Timer_ISR6
  L_main7
  L_main8
  L_write_74HC5959
  L_write_74HC59510
  L_write_74HC59511
  L_write_74HC59512
  _MAX31865_init
  _MAX31865_read_byte
  _MAX31865_read_word
  _MAX31865_write_byte
  _MAX31865_write_word
  _MAX31865_get_RTD
  L__MAX31865_get_RTD13
  L__MAX31865_get_RTD14
  _MAX31865_get_temperature
  _Timer_ISR
  _main
  _PCA_Init
  _Timer_Init
  _SPI_Init
  _Port_IO_Init
  _Oscillator_Init
  _Interrupts_Init
  _Init_Device
  _write_74HC595
  L__write_74HC59515
  L__write_74HC59516
  _segment_write
  lab_end
  loop_lab
  lab_end1
  lab_loop1
  lab_end2
  lab_loop3
  __Div_8x8_S_Bpositive
  __Div_8x8_S_Apositive
  __Div_8x8_S_Skip_Div
  __Div_8x8_S_div_ret
  __op2hi_not_zero
  __op1hi_not_zero
  __Div_16x16_U_Loop1
  __Div_16x16_U_Lab1
  __Div_16x16_U_div_ret
  __Div_16x16_U_Loop2
  __Div_16x16_U_Lab2
  __Div_16x16_U_Lab3
  __Div_16x16_S_op2hipositive
  __Div_16x16_S_op1hipositive
  __Div_16x16_S_Skip_Udiv
  __Div_16x16_S_div_ret
  __Div_32x32_U_start
  __Div_32x32_U_aux
  __Div_32x32_U_l2
  __Div_32x32_U_l1
  lw_1
  lw_2
  __Div_32x32_U_l3
  lw_3
  __Div_32x32_U_l4
  __Div_32x32_U_IR_l0
  __Div_32x32_U_l5
  __Div_32x32_U_l6
  __Div_32x32_U_l8
  __Div_32x32_U_l7
  __Div_32x32_U_IR_l1
  __Div_32x32_U_l10
  __Div_32x32_U_l9
  __Div_32x32_U_IR_l2
  __Div_32x32_S_l1
  __Div_32x32_S_call_uns
  __Div_32x32_S_l2
  __Div_32x32_S_l3
  __Div_32x32_S_div_ret
  __shl_long
  __shr_longint
  __shr_longword
  _Mul_16x16
  _Mul_32x32
  _Div_8x8_S
  _Div_16x16_U
  _Div_16x16_S
  _Div_32x32_U
  _Div_32x32_S
